[0.042s] Invoking command in '/home/erum/ros2_workspace/src/build/my_robot_description': CMAKE_PREFIX_PATH=${CMAKE_PREFIX_PATH}:/home/erum/install/my_first_pkg:/opt/ros/jazzy DEBUGINFOD_URLS=https://debuginfod.ubuntu.com /usr/bin/cmake /home/erum/ros2_workspace/src/my_robot_description -DCMAKE_INSTALL_PREFIX=/home/erum/ros2_workspace/src/install/my_robot_description
[0.533s] -- The C compiler identification is GNU 13.3.0
[0.850s] -- The CXX compiler identification is GNU 13.3.0
[0.891s] -- Detecting C compiler ABI info
[1.224s] -- Detecting C compiler ABI info - done
[1.247s] -- Check for working C compiler: /usr/bin/cc - skipped
[1.247s] -- Detecting C compile features
[1.249s] -- Detecting C compile features - done
[1.273s] -- Detecting CXX compiler ABI info
[1.547s] -- Detecting CXX compiler ABI info - done
[1.556s] -- Check for working CXX compiler: /usr/bin/c++ - skipped
[1.556s] -- Detecting CXX compile features
[1.557s] -- Detecting CXX compile features - done
[1.629s] -- Found ament_cmake: 2.5.4 (/opt/ros/jazzy/share/ament_cmake/cmake)
[1.892s] -- Found Python3: /usr/bin/python3 (found version "3.12.3") found components: Interpreter 
[2.322s] -- Configuring done (2.2s)
[2.339s] -- Generating done (0.0s)
[2.349s] -- Build files have been written to: /home/erum/ros2_workspace/src/build/my_robot_description
[2.371s] Invoked command in '/home/erum/ros2_workspace/src/build/my_robot_description' returned '0': CMAKE_PREFIX_PATH=${CMAKE_PREFIX_PATH}:/home/erum/install/my_first_pkg:/opt/ros/jazzy DEBUGINFOD_URLS=https://debuginfod.ubuntu.com /usr/bin/cmake /home/erum/ros2_workspace/src/my_robot_description -DCMAKE_INSTALL_PREFIX=/home/erum/ros2_workspace/src/install/my_robot_description
[2.372s] Invoking command in '/home/erum/ros2_workspace/src/build/my_robot_description': CMAKE_PREFIX_PATH=${CMAKE_PREFIX_PATH}:/home/erum/install/my_first_pkg:/opt/ros/jazzy DEBUGINFOD_URLS=https://debuginfod.ubuntu.com /usr/bin/cmake --build /home/erum/ros2_workspace/src/build/my_robot_description -- -j2 -l2
[2.453s] Invoked command in '/home/erum/ros2_workspace/src/build/my_robot_description' returned '0': CMAKE_PREFIX_PATH=${CMAKE_PREFIX_PATH}:/home/erum/install/my_first_pkg:/opt/ros/jazzy DEBUGINFOD_URLS=https://debuginfod.ubuntu.com /usr/bin/cmake --build /home/erum/ros2_workspace/src/build/my_robot_description -- -j2 -l2
[2.481s] Invoking command in '/home/erum/ros2_workspace/src/build/my_robot_description': CMAKE_PREFIX_PATH=${CMAKE_PREFIX_PATH}:/home/erum/install/my_first_pkg:/opt/ros/jazzy DEBUGINFOD_URLS=https://debuginfod.ubuntu.com /usr/bin/cmake --install /home/erum/ros2_workspace/src/build/my_robot_description
[2.520s] -- Install configuration: ""
[2.520s] -- Installing: /home/erum/ros2_workspace/src/install/my_robot_description/share/my_robot_description//urdf
[2.520s] -- Installing: /home/erum/ros2_workspace/src/install/my_robot_description/share/my_robot_description//urdf/mobile_base.ros2_controller.xacro
[2.522s] -- Installing: /home/erum/ros2_workspace/src/install/my_robot_description/share/my_robot_description//urdf/my_robot.urdf.xacro
[2.523s] -- Installing: /home/erum/ros2_workspace/src/install/my_robot_description/share/my_robot_description//urdf/common_properties.xacro
[2.526s] -- Installing: /home/erum/ros2_workspace/src/install/my_robot_description/share/my_robot_description//urdf/mobile_base.xacro
[2.528s] -- Installing: /home/erum/ros2_workspace/src/install/my_robot_description/share/my_robot_description//launch
[2.531s] -- Installing: /home/erum/ros2_workspace/src/install/my_robot_description/share/my_robot_description//launch/gazebo.launch.py
[2.531s] -- Installing: /home/erum/ros2_workspace/src/install/my_robot_description/share/my_robot_description//launch/display.launch.xml
[2.531s] -- Installing: /home/erum/ros2_workspace/src/install/my_robot_description/share/my_robot_description//launch/display.launch.py
[2.531s] -- Installing: /home/erum/ros2_workspace/src/install/my_robot_description/share/my_robot_description//rviz
[2.535s] -- Installing: /home/erum/ros2_workspace/src/install/my_robot_description/share/my_robot_description//rviz/urdf_config.rviz
[2.539s] -- Installing: /home/erum/ros2_workspace/src/install/my_robot_description/share/ament_index/resource_index/package_run_dependencies/my_robot_description
[2.540s] -- Installing: /home/erum/ros2_workspace/src/install/my_robot_description/share/ament_index/resource_index/parent_prefix_path/my_robot_description
[2.540s] -- Installing: /home/erum/ros2_workspace/src/install/my_robot_description/share/my_robot_description/environment/ament_prefix_path.sh
[2.540s] -- Installing: /home/erum/ros2_workspace/src/install/my_robot_description/share/my_robot_description/environment/ament_prefix_path.dsv
[2.540s] -- Installing: /home/erum/ros2_workspace/src/install/my_robot_description/share/my_robot_description/environment/path.sh
[2.540s] -- Installing: /home/erum/ros2_workspace/src/install/my_robot_description/share/my_robot_description/environment/path.dsv
[2.542s] -- Installing: /home/erum/ros2_workspace/src/install/my_robot_description/share/my_robot_description/local_setup.bash
[2.542s] -- Installing: /home/erum/ros2_workspace/src/install/my_robot_description/share/my_robot_description/local_setup.sh
[2.542s] -- Installing: /home/erum/ros2_workspace/src/install/my_robot_description/share/my_robot_description/local_setup.zsh
[2.545s] -- Installing: /home/erum/ros2_workspace/src/install/my_robot_description/share/my_robot_description/local_setup.dsv
[2.546s] -- Installing: /home/erum/ros2_workspace/src/install/my_robot_description/share/my_robot_description/package.dsv
[2.546s] -- Installing: /home/erum/ros2_workspace/src/install/my_robot_description/share/ament_index/resource_index/packages/my_robot_description
[2.546s] -- Installing: /home/erum/ros2_workspace/src/install/my_robot_description/share/my_robot_description/cmake/my_robot_descriptionConfig.cmake
[2.546s] -- Installing: /home/erum/ros2_workspace/src/install/my_robot_description/share/my_robot_description/cmake/my_robot_descriptionConfig-version.cmake
[2.546s] -- Installing: /home/erum/ros2_workspace/src/install/my_robot_description/share/my_robot_description/package.xml
[2.547s] Invoked command in '/home/erum/ros2_workspace/src/build/my_robot_description' returned '0': CMAKE_PREFIX_PATH=${CMAKE_PREFIX_PATH}:/home/erum/install/my_first_pkg:/opt/ros/jazzy DEBUGINFOD_URLS=https://debuginfod.ubuntu.com /usr/bin/cmake --install /home/erum/ros2_workspace/src/build/my_robot_description
