[0.171s] DEBUG:colcon:Command line arguments: ['/usr/bin/colcon', 'build']
[0.171s] DEBUG:colcon:Parsed command line arguments: Namespace(log_base=None, log_level=None, verb_name='build', build_base='build', install_base='install', merge_install=False, symlink_install=False, test_result_base=None, continue_on_error=False, executor='parallel', parallel_workers=2, event_handlers=None, ignore_user_meta=False, metas=['./colcon.meta'], base_paths=['.'], packages_ignore=None, packages_ignore_regex=None, paths=None, packages_up_to=None, packages_up_to_regex=None, packages_above=None, packages_above_and_dependencies=None, packages_above_depth=None, packages_select_by_dep=None, packages_skip_by_dep=None, packages_skip_up_to=None, packages_select_build_failed=False, packages_skip_build_finished=False, packages_select_test_failures=False, packages_skip_test_passed=False, packages_select=None, packages_skip=None, packages_select_regex=None, packages_skip_regex=None, packages_start=None, packages_end=None, allow_overriding=[], cmake_args=None, cmake_target=None, cmake_target_skip_unavailable=False, cmake_clean_cache=False, cmake_clean_first=False, cmake_force_configure=False, ament_cmake_args=None, catkin_cmake_args=None, catkin_skip_building_tests=False, mixin_files=None, mixin=None, verb_parser=<colcon_mixin.mixin.mixin_argument.MixinArgumentDecorator object at 0x74f56da777d0>, verb_extension=<colcon_core.verb.build.BuildVerb object at 0x74f56dba3d70>, main=<bound method BuildVerb.main of <colcon_core.verb.build.BuildVerb object at 0x74f56dba3d70>>, mixin_verb=('build',))
[0.255s] Level 1:colcon.colcon_core.package_discovery:discover_packages(colcon_meta) check parameters
[0.255s] Level 1:colcon.colcon_core.package_discovery:discover_packages(recursive) check parameters
[0.255s] Level 1:colcon.colcon_core.package_discovery:discover_packages(ignore) check parameters
[0.255s] Level 1:colcon.colcon_core.package_discovery:discover_packages(path) check parameters
[0.255s] Level 1:colcon.colcon_core.package_discovery:discover_packages(colcon_meta) discover
[0.255s] Level 1:colcon.colcon_core.package_discovery:discover_packages(recursive) discover
[0.255s] INFO:colcon.colcon_core.package_discovery:Crawling recursively for packages in '/home/erum/ros2_workspace'
[0.255s] Level 1:colcon.colcon_core.package_identification:_identify(.) by extensions ['ignore', 'ignore_ament_install']
[0.255s] Level 1:colcon.colcon_core.package_identification:_identify(.) by extension 'ignore'
[0.255s] Level 1:colcon.colcon_core.package_identification:_identify(.) by extension 'ignore_ament_install'
[0.256s] Level 1:colcon.colcon_core.package_identification:_identify(.) by extensions ['colcon_pkg']
[0.256s] Level 1:colcon.colcon_core.package_identification:_identify(.) by extension 'colcon_pkg'
[0.256s] Level 1:colcon.colcon_core.package_identification:_identify(.) by extensions ['colcon_meta']
[0.256s] Level 1:colcon.colcon_core.package_identification:_identify(.) by extension 'colcon_meta'
[0.256s] Level 1:colcon.colcon_core.package_identification:_identify(.) by extensions ['ros']
[0.256s] Level 1:colcon.colcon_core.package_identification:_identify(.) by extension 'ros'
[0.309s] Level 1:colcon.colcon_core.package_identification:_identify(.) by extensions ['cmake', 'python']
[0.309s] Level 1:colcon.colcon_core.package_identification:_identify(.) by extension 'cmake'
[0.309s] Level 1:colcon.colcon_core.package_identification:_identify(.) by extension 'python'
[0.309s] Level 1:colcon.colcon_core.package_identification:_identify(.) by extensions ['python_setup_py']
[0.310s] Level 1:colcon.colcon_core.package_identification:_identify(.) by extension 'python_setup_py'
[0.310s] Level 1:colcon.colcon_core.package_identification:_identify(build) by extensions ['ignore', 'ignore_ament_install']
[0.310s] Level 1:colcon.colcon_core.package_identification:_identify(build) by extension 'ignore'
[0.310s] Level 1:colcon.colcon_core.package_identification:_identify(build) ignored
[0.310s] Level 1:colcon.colcon_core.package_identification:_identify(install) by extensions ['ignore', 'ignore_ament_install']
[0.310s] Level 1:colcon.colcon_core.package_identification:_identify(install) by extension 'ignore'
[0.310s] Level 1:colcon.colcon_core.package_identification:_identify(install) ignored
[0.310s] Level 1:colcon.colcon_core.package_identification:_identify(log) by extensions ['ignore', 'ignore_ament_install']
[0.310s] Level 1:colcon.colcon_core.package_identification:_identify(log) by extension 'ignore'
[0.310s] Level 1:colcon.colcon_core.package_identification:_identify(log) ignored
[0.310s] Level 1:colcon.colcon_core.package_identification:_identify(src) by extensions ['ignore', 'ignore_ament_install']
[0.310s] Level 1:colcon.colcon_core.package_identification:_identify(src) by extension 'ignore'
[0.310s] Level 1:colcon.colcon_core.package_identification:_identify(src) by extension 'ignore_ament_install'
[0.310s] Level 1:colcon.colcon_core.package_identification:_identify(src) by extensions ['colcon_pkg']
[0.310s] Level 1:colcon.colcon_core.package_identification:_identify(src) by extension 'colcon_pkg'
[0.310s] Level 1:colcon.colcon_core.package_identification:_identify(src) by extensions ['colcon_meta']
[0.310s] Level 1:colcon.colcon_core.package_identification:_identify(src) by extension 'colcon_meta'
[0.310s] Level 1:colcon.colcon_core.package_identification:_identify(src) by extensions ['ros']
[0.310s] Level 1:colcon.colcon_core.package_identification:_identify(src) by extension 'ros'
[0.311s] Level 1:colcon.colcon_core.package_identification:_identify(src) by extensions ['cmake', 'python']
[0.311s] Level 1:colcon.colcon_core.package_identification:_identify(src) by extension 'cmake'
[0.311s] Level 1:colcon.colcon_core.package_identification:_identify(src) by extension 'python'
[0.311s] Level 1:colcon.colcon_core.package_identification:_identify(src) by extensions ['python_setup_py']
[0.311s] Level 1:colcon.colcon_core.package_identification:_identify(src) by extension 'python_setup_py'
[0.311s] Level 1:colcon.colcon_core.package_identification:_identify(src/Erum_pde4430) by extensions ['ignore', 'ignore_ament_install']
[0.311s] Level 1:colcon.colcon_core.package_identification:_identify(src/Erum_pde4430) by extension 'ignore'
[0.311s] Level 1:colcon.colcon_core.package_identification:_identify(src/Erum_pde4430) by extension 'ignore_ament_install'
[0.311s] Level 1:colcon.colcon_core.package_identification:_identify(src/Erum_pde4430) by extensions ['colcon_pkg']
[0.311s] Level 1:colcon.colcon_core.package_identification:_identify(src/Erum_pde4430) by extension 'colcon_pkg'
[0.311s] Level 1:colcon.colcon_core.package_identification:_identify(src/Erum_pde4430) by extensions ['colcon_meta']
[0.311s] Level 1:colcon.colcon_core.package_identification:_identify(src/Erum_pde4430) by extension 'colcon_meta'
[0.311s] Level 1:colcon.colcon_core.package_identification:_identify(src/Erum_pde4430) by extensions ['ros']
[0.311s] Level 1:colcon.colcon_core.package_identification:_identify(src/Erum_pde4430) by extension 'ros'
[0.315s] DEBUG:colcon.colcon_core.package_identification:Package 'src/Erum_pde4430' with type 'ros.ament_python' and name 'Erum_pde4430'
[0.315s] Level 1:colcon.colcon_core.package_identification:_identify(src/add_two_ints_pkg) by extensions ['ignore', 'ignore_ament_install']
[0.315s] Level 1:colcon.colcon_core.package_identification:_identify(src/add_two_ints_pkg) by extension 'ignore'
[0.315s] Level 1:colcon.colcon_core.package_identification:_identify(src/add_two_ints_pkg) by extension 'ignore_ament_install'
[0.315s] Level 1:colcon.colcon_core.package_identification:_identify(src/add_two_ints_pkg) by extensions ['colcon_pkg']
[0.315s] Level 1:colcon.colcon_core.package_identification:_identify(src/add_two_ints_pkg) by extension 'colcon_pkg'
[0.315s] Level 1:colcon.colcon_core.package_identification:_identify(src/add_two_ints_pkg) by extensions ['colcon_meta']
[0.315s] Level 1:colcon.colcon_core.package_identification:_identify(src/add_two_ints_pkg) by extension 'colcon_meta'
[0.315s] Level 1:colcon.colcon_core.package_identification:_identify(src/add_two_ints_pkg) by extensions ['ros']
[0.315s] Level 1:colcon.colcon_core.package_identification:_identify(src/add_two_ints_pkg) by extension 'ros'
[0.315s] DEBUG:colcon.colcon_core.package_identification:Package 'src/add_two_ints_pkg' with type 'ros.ament_python' and name 'add_two_ints_pkg'
[0.316s] Level 1:colcon.colcon_core.package_identification:_identify(src/my_first_pkg) by extensions ['ignore', 'ignore_ament_install']
[0.316s] Level 1:colcon.colcon_core.package_identification:_identify(src/my_first_pkg) by extension 'ignore'
[0.316s] Level 1:colcon.colcon_core.package_identification:_identify(src/my_first_pkg) by extension 'ignore_ament_install'
[0.316s] Level 1:colcon.colcon_core.package_identification:_identify(src/my_first_pkg) by extensions ['colcon_pkg']
[0.316s] Level 1:colcon.colcon_core.package_identification:_identify(src/my_first_pkg) by extension 'colcon_pkg'
[0.316s] Level 1:colcon.colcon_core.package_identification:_identify(src/my_first_pkg) by extensions ['colcon_meta']
[0.316s] Level 1:colcon.colcon_core.package_identification:_identify(src/my_first_pkg) by extension 'colcon_meta'
[0.316s] Level 1:colcon.colcon_core.package_identification:_identify(src/my_first_pkg) by extensions ['ros']
[0.316s] Level 1:colcon.colcon_core.package_identification:_identify(src/my_first_pkg) by extension 'ros'
[0.316s] DEBUG:colcon.colcon_core.package_identification:Package 'src/my_first_pkg' with type 'ros.ament_python' and name 'my_first_pkg'
[0.316s] Level 1:colcon.colcon_core.package_identification:_identify(src/new_interfaces) by extensions ['ignore', 'ignore_ament_install']
[0.316s] Level 1:colcon.colcon_core.package_identification:_identify(src/new_interfaces) by extension 'ignore'
[0.316s] Level 1:colcon.colcon_core.package_identification:_identify(src/new_interfaces) by extension 'ignore_ament_install'
[0.316s] Level 1:colcon.colcon_core.package_identification:_identify(src/new_interfaces) by extensions ['colcon_pkg']
[0.316s] Level 1:colcon.colcon_core.package_identification:_identify(src/new_interfaces) by extension 'colcon_pkg'
[0.316s] Level 1:colcon.colcon_core.package_identification:_identify(src/new_interfaces) by extensions ['colcon_meta']
[0.316s] Level 1:colcon.colcon_core.package_identification:_identify(src/new_interfaces) by extension 'colcon_meta'
[0.316s] Level 1:colcon.colcon_core.package_identification:_identify(src/new_interfaces) by extensions ['ros']
[0.316s] Level 1:colcon.colcon_core.package_identification:_identify(src/new_interfaces) by extension 'ros'
[0.317s] DEBUG:colcon.colcon_core.package_identification:Package 'src/new_interfaces' with type 'ros.ament_cmake' and name 'new_interfaces'
[0.317s] Level 1:colcon.colcon_core.package_discovery:discover_packages(recursive) using defaults
[0.317s] Level 1:colcon.colcon_core.package_discovery:discover_packages(ignore) discover
[0.317s] Level 1:colcon.colcon_core.package_discovery:discover_packages(ignore) using defaults
[0.317s] Level 1:colcon.colcon_core.package_discovery:discover_packages(path) discover
[0.317s] Level 1:colcon.colcon_core.package_discovery:discover_packages(path) using defaults
[0.342s] Level 1:colcon.colcon_core.package_discovery:discover_packages(prefix_path) check parameters
[0.342s] Level 1:colcon.colcon_core.package_discovery:discover_packages(prefix_path) discover
[0.345s] DEBUG:colcon.colcon_installed_package_information.package_discovery:Found 285 installed packages in /opt/ros/jazzy
[0.347s] Level 1:colcon.colcon_core.package_discovery:discover_packages(prefix_path) using defaults
[0.375s] Level 5:colcon.colcon_core.verb:set package 'Erum_pde4430' build argument 'cmake_args' from command line to 'None'
[0.375s] Level 5:colcon.colcon_core.verb:set package 'Erum_pde4430' build argument 'cmake_target' from command line to 'None'
[0.375s] Level 5:colcon.colcon_core.verb:set package 'Erum_pde4430' build argument 'cmake_target_skip_unavailable' from command line to 'False'
[0.375s] Level 5:colcon.colcon_core.verb:set package 'Erum_pde4430' build argument 'cmake_clean_cache' from command line to 'False'
[0.375s] Level 5:colcon.colcon_core.verb:set package 'Erum_pde4430' build argument 'cmake_clean_first' from command line to 'False'
[0.375s] Level 5:colcon.colcon_core.verb:set package 'Erum_pde4430' build argument 'cmake_force_configure' from command line to 'False'
[0.375s] Level 5:colcon.colcon_core.verb:set package 'Erum_pde4430' build argument 'ament_cmake_args' from command line to 'None'
[0.375s] Level 5:colcon.colcon_core.verb:set package 'Erum_pde4430' build argument 'catkin_cmake_args' from command line to 'None'
[0.375s] Level 5:colcon.colcon_core.verb:set package 'Erum_pde4430' build argument 'catkin_skip_building_tests' from command line to 'False'
[0.375s] DEBUG:colcon.colcon_core.verb:Building package 'Erum_pde4430' with the following arguments: {'ament_cmake_args': None, 'build_base': '/home/erum/ros2_workspace/build/Erum_pde4430', 'catkin_cmake_args': None, 'catkin_skip_building_tests': False, 'cmake_args': None, 'cmake_clean_cache': False, 'cmake_clean_first': False, 'cmake_force_configure': False, 'cmake_target': None, 'cmake_target_skip_unavailable': False, 'install_base': '/home/erum/ros2_workspace/install/Erum_pde4430', 'merge_install': False, 'path': '/home/erum/ros2_workspace/src/Erum_pde4430', 'symlink_install': False, 'test_result_base': None}
[0.375s] Level 5:colcon.colcon_core.verb:set package 'my_first_pkg' build argument 'cmake_args' from command line to 'None'
[0.375s] Level 5:colcon.colcon_core.verb:set package 'my_first_pkg' build argument 'cmake_target' from command line to 'None'
[0.375s] Level 5:colcon.colcon_core.verb:set package 'my_first_pkg' build argument 'cmake_target_skip_unavailable' from command line to 'False'
[0.375s] Level 5:colcon.colcon_core.verb:set package 'my_first_pkg' build argument 'cmake_clean_cache' from command line to 'False'
[0.375s] Level 5:colcon.colcon_core.verb:set package 'my_first_pkg' build argument 'cmake_clean_first' from command line to 'False'
[0.375s] Level 5:colcon.colcon_core.verb:set package 'my_first_pkg' build argument 'cmake_force_configure' from command line to 'False'
[0.376s] Level 5:colcon.colcon_core.verb:set package 'my_first_pkg' build argument 'ament_cmake_args' from command line to 'None'
[0.376s] Level 5:colcon.colcon_core.verb:set package 'my_first_pkg' build argument 'catkin_cmake_args' from command line to 'None'
[0.376s] Level 5:colcon.colcon_core.verb:set package 'my_first_pkg' build argument 'catkin_skip_building_tests' from command line to 'False'
[0.376s] DEBUG:colcon.colcon_core.verb:Building package 'my_first_pkg' with the following arguments: {'ament_cmake_args': None, 'build_base': '/home/erum/ros2_workspace/build/my_first_pkg', 'catkin_cmake_args': None, 'catkin_skip_building_tests': False, 'cmake_args': None, 'cmake_clean_cache': False, 'cmake_clean_first': False, 'cmake_force_configure': False, 'cmake_target': None, 'cmake_target_skip_unavailable': False, 'install_base': '/home/erum/ros2_workspace/install/my_first_pkg', 'merge_install': False, 'path': '/home/erum/ros2_workspace/src/my_first_pkg', 'symlink_install': False, 'test_result_base': None}
[0.376s] Level 5:colcon.colcon_core.verb:set package 'new_interfaces' build argument 'cmake_args' from command line to 'None'
[0.376s] Level 5:colcon.colcon_core.verb:set package 'new_interfaces' build argument 'cmake_target' from command line to 'None'
[0.376s] Level 5:colcon.colcon_core.verb:set package 'new_interfaces' build argument 'cmake_target_skip_unavailable' from command line to 'False'
[0.376s] Level 5:colcon.colcon_core.verb:set package 'new_interfaces' build argument 'cmake_clean_cache' from command line to 'False'
[0.376s] Level 5:colcon.colcon_core.verb:set package 'new_interfaces' build argument 'cmake_clean_first' from command line to 'False'
[0.376s] Level 5:colcon.colcon_core.verb:set package 'new_interfaces' build argument 'cmake_force_configure' from command line to 'False'
[0.376s] Level 5:colcon.colcon_core.verb:set package 'new_interfaces' build argument 'ament_cmake_args' from command line to 'None'
[0.376s] Level 5:colcon.colcon_core.verb:set package 'new_interfaces' build argument 'catkin_cmake_args' from command line to 'None'
[0.376s] Level 5:colcon.colcon_core.verb:set package 'new_interfaces' build argument 'catkin_skip_building_tests' from command line to 'False'
[0.376s] DEBUG:colcon.colcon_core.verb:Building package 'new_interfaces' with the following arguments: {'ament_cmake_args': None, 'build_base': '/home/erum/ros2_workspace/build/new_interfaces', 'catkin_cmake_args': None, 'catkin_skip_building_tests': False, 'cmake_args': None, 'cmake_clean_cache': False, 'cmake_clean_first': False, 'cmake_force_configure': False, 'cmake_target': None, 'cmake_target_skip_unavailable': False, 'install_base': '/home/erum/ros2_workspace/install/new_interfaces', 'merge_install': False, 'path': '/home/erum/ros2_workspace/src/new_interfaces', 'symlink_install': False, 'test_result_base': None}
[0.376s] Level 5:colcon.colcon_core.verb:set package 'add_two_ints_pkg' build argument 'cmake_args' from command line to 'None'
[0.376s] Level 5:colcon.colcon_core.verb:set package 'add_two_ints_pkg' build argument 'cmake_target' from command line to 'None'
[0.376s] Level 5:colcon.colcon_core.verb:set package 'add_two_ints_pkg' build argument 'cmake_target_skip_unavailable' from command line to 'False'
[0.376s] Level 5:colcon.colcon_core.verb:set package 'add_two_ints_pkg' build argument 'cmake_clean_cache' from command line to 'False'
[0.376s] Level 5:colcon.colcon_core.verb:set package 'add_two_ints_pkg' build argument 'cmake_clean_first' from command line to 'False'
[0.376s] Level 5:colcon.colcon_core.verb:set package 'add_two_ints_pkg' build argument 'cmake_force_configure' from command line to 'False'
[0.376s] Level 5:colcon.colcon_core.verb:set package 'add_two_ints_pkg' build argument 'ament_cmake_args' from command line to 'None'
[0.376s] Level 5:colcon.colcon_core.verb:set package 'add_two_ints_pkg' build argument 'catkin_cmake_args' from command line to 'None'
[0.376s] Level 5:colcon.colcon_core.verb:set package 'add_two_ints_pkg' build argument 'catkin_skip_building_tests' from command line to 'False'
[0.376s] DEBUG:colcon.colcon_core.verb:Building package 'add_two_ints_pkg' with the following arguments: {'ament_cmake_args': None, 'build_base': '/home/erum/ros2_workspace/build/add_two_ints_pkg', 'catkin_cmake_args': None, 'catkin_skip_building_tests': False, 'cmake_args': None, 'cmake_clean_cache': False, 'cmake_clean_first': False, 'cmake_force_configure': False, 'cmake_target': None, 'cmake_target_skip_unavailable': False, 'install_base': '/home/erum/ros2_workspace/install/add_two_ints_pkg', 'merge_install': False, 'path': '/home/erum/ros2_workspace/src/add_two_ints_pkg', 'symlink_install': False, 'test_result_base': None}
[0.376s] INFO:colcon.colcon_core.executor:Executing jobs using 'parallel' executor
[0.378s] DEBUG:colcon.colcon_parallel_executor.executor.parallel:run_until_complete
[0.378s] INFO:colcon.colcon_ros.task.ament_cmake.build:Building ROS package in '/home/erum/ros2_workspace/src/new_interfaces' with build type 'ament_cmake'
[0.378s] INFO:colcon.colcon_cmake.task.cmake.build:Building CMake package in '/home/erum/ros2_workspace/src/new_interfaces'
[0.383s] INFO:colcon.colcon_core.plugin_system:Skipping extension 'colcon_core.shell.bat': Not used on non-Windows systems
[0.383s] INFO:colcon.colcon_core.shell:Skip shell extension 'powershell' for command environment: Not usable outside of PowerShell
[0.383s] DEBUG:colcon.colcon_core.shell:Skip shell extension 'dsv' for command environment
[0.390s] INFO:colcon.colcon_ros.task.ament_python.build:Building ROS package in '/home/erum/ros2_workspace/src/Erum_pde4430' with build type 'ament_python'
[0.390s] Level 1:colcon.colcon_core.shell:create_environment_hook('Erum_pde4430', 'ament_prefix_path')
[0.391s] INFO:colcon.colcon_core.shell:Creating environment hook '/home/erum/ros2_workspace/install/Erum_pde4430/share/Erum_pde4430/hook/ament_prefix_path.ps1'
[0.391s] INFO:colcon.colcon_core.shell:Creating environment descriptor '/home/erum/ros2_workspace/install/Erum_pde4430/share/Erum_pde4430/hook/ament_prefix_path.dsv'
[0.392s] INFO:colcon.colcon_core.shell:Creating environment hook '/home/erum/ros2_workspace/install/Erum_pde4430/share/Erum_pde4430/hook/ament_prefix_path.sh'
[0.393s] INFO:colcon.colcon_core.shell:Skip shell extension 'powershell' for command environment: Not usable outside of PowerShell
[0.393s] DEBUG:colcon.colcon_core.shell:Skip shell extension 'dsv' for command environment
[0.406s] DEBUG:colcon.colcon_core.event_handler.log_command:Invoking command in '/home/erum/ros2_workspace/build/new_interfaces': CMAKE_PREFIX_PATH=${CMAKE_PREFIX_PATH}:/opt/ros/jazzy DEBUGINFOD_URLS=https://debuginfod.ubuntu.com /usr/bin/cmake --build /home/erum/ros2_workspace/build/new_interfaces -- -j2 -l2
[0.580s] INFO:colcon.colcon_core.task.python.build:Building Python package in '/home/erum/ros2_workspace/src/Erum_pde4430'
[0.580s] INFO:colcon.colcon_core.shell:Skip shell extension 'powershell' for command environment: Not usable outside of PowerShell
[0.580s] DEBUG:colcon.colcon_core.shell:Skip shell extension 'dsv' for command environment
[1.517s] DEBUG:colcon.colcon_core.event_handler.log_command:Invoked command in '/home/erum/ros2_workspace/build/new_interfaces' returned '0': CMAKE_PREFIX_PATH=${CMAKE_PREFIX_PATH}:/opt/ros/jazzy DEBUGINFOD_URLS=https://debuginfod.ubuntu.com /usr/bin/cmake --build /home/erum/ros2_workspace/build/new_interfaces -- -j2 -l2
[1.534s] DEBUG:colcon.colcon_core.event_handler.log_command:Invoking command in '/home/erum/ros2_workspace/build/new_interfaces': CMAKE_PREFIX_PATH=${CMAKE_PREFIX_PATH}:/opt/ros/jazzy DEBUGINFOD_URLS=https://debuginfod.ubuntu.com /usr/bin/cmake --install /home/erum/ros2_workspace/build/new_interfaces
[1.642s] Level 1:colcon.colcon_core.environment:create_environment_scripts_only(new_interfaces)
[1.643s] DEBUG:colcon.colcon_core.event_handler.log_command:Invoked command in '/home/erum/ros2_workspace/build/new_interfaces' returned '0': CMAKE_PREFIX_PATH=${CMAKE_PREFIX_PATH}:/opt/ros/jazzy DEBUGINFOD_URLS=https://debuginfod.ubuntu.com /usr/bin/cmake --install /home/erum/ros2_workspace/build/new_interfaces
[1.651s] Level 1:colcon.colcon_core.environment:checking '/home/erum/ros2_workspace/install/new_interfaces' for CMake module files
[1.651s] Level 1:colcon.colcon_core.environment:checking '/home/erum/ros2_workspace/install/new_interfaces' for CMake config files
[1.652s] Level 1:colcon.colcon_core.shell:create_environment_hook('new_interfaces', 'cmake_prefix_path')
[1.652s] INFO:colcon.colcon_core.shell:Creating environment hook '/home/erum/ros2_workspace/install/new_interfaces/share/new_interfaces/hook/cmake_prefix_path.ps1'
[1.652s] INFO:colcon.colcon_core.shell:Creating environment descriptor '/home/erum/ros2_workspace/install/new_interfaces/share/new_interfaces/hook/cmake_prefix_path.dsv'
[1.653s] INFO:colcon.colcon_core.shell:Creating environment hook '/home/erum/ros2_workspace/install/new_interfaces/share/new_interfaces/hook/cmake_prefix_path.sh'
[1.653s] Level 1:colcon.colcon_core.environment:checking '/home/erum/ros2_workspace/install/new_interfaces/lib'
[1.654s] Level 1:colcon.colcon_core.shell:create_environment_hook('new_interfaces', 'ld_library_path_lib')
[1.654s] INFO:colcon.colcon_core.shell:Creating environment hook '/home/erum/ros2_workspace/install/new_interfaces/share/new_interfaces/hook/ld_library_path_lib.ps1'
[1.654s] INFO:colcon.colcon_core.shell:Creating environment descriptor '/home/erum/ros2_workspace/install/new_interfaces/share/new_interfaces/hook/ld_library_path_lib.dsv'
[1.654s] INFO:colcon.colcon_core.shell:Creating environment hook '/home/erum/ros2_workspace/install/new_interfaces/share/new_interfaces/hook/ld_library_path_lib.sh'
[1.655s] Level 1:colcon.colcon_core.environment:checking '/home/erum/ros2_workspace/install/new_interfaces/bin'
[1.655s] Level 1:colcon.colcon_core.environment:checking '/home/erum/ros2_workspace/install/new_interfaces/lib/pkgconfig/new_interfaces.pc'
[1.655s] Level 1:colcon.colcon_core.environment:checking '/home/erum/ros2_workspace/install/new_interfaces/lib/python3.12/site-packages'
[1.655s] Level 1:colcon.colcon_core.shell:create_environment_hook('new_interfaces', 'pythonpath')
[1.655s] INFO:colcon.colcon_core.shell:Creating environment hook '/home/erum/ros2_workspace/install/new_interfaces/share/new_interfaces/hook/pythonpath.ps1'
[1.655s] INFO:colcon.colcon_core.shell:Creating environment descriptor '/home/erum/ros2_workspace/install/new_interfaces/share/new_interfaces/hook/pythonpath.dsv'
[1.656s] INFO:colcon.colcon_core.shell:Creating environment hook '/home/erum/ros2_workspace/install/new_interfaces/share/new_interfaces/hook/pythonpath.sh'
[1.656s] Level 1:colcon.colcon_core.environment:checking '/home/erum/ros2_workspace/install/new_interfaces/bin'
[1.656s] INFO:colcon.colcon_core.shell:Creating package script '/home/erum/ros2_workspace/install/new_interfaces/share/new_interfaces/package.ps1'
[1.657s] INFO:colcon.colcon_core.shell:Creating package descriptor '/home/erum/ros2_workspace/install/new_interfaces/share/new_interfaces/package.dsv'
[1.658s] INFO:colcon.colcon_core.shell:Creating package script '/home/erum/ros2_workspace/install/new_interfaces/share/new_interfaces/package.sh'
[1.659s] INFO:colcon.colcon_core.shell:Creating package script '/home/erum/ros2_workspace/install/new_interfaces/share/new_interfaces/package.bash'
[1.659s] INFO:colcon.colcon_core.shell:Creating package script '/home/erum/ros2_workspace/install/new_interfaces/share/new_interfaces/package.zsh'
[1.660s] Level 1:colcon.colcon_core.environment:create_file_with_runtime_dependencies(/home/erum/ros2_workspace/install/new_interfaces/share/colcon-core/packages/new_interfaces)
[1.660s] Level 1:colcon.colcon_core.environment:create_environment_scripts_only(new_interfaces)
[1.660s] Level 1:colcon.colcon_core.environment:checking '/home/erum/ros2_workspace/install/new_interfaces' for CMake module files
[1.661s] Level 1:colcon.colcon_core.environment:checking '/home/erum/ros2_workspace/install/new_interfaces' for CMake config files
[1.661s] Level 1:colcon.colcon_core.shell:create_environment_hook('new_interfaces', 'cmake_prefix_path')
[1.661s] INFO:colcon.colcon_core.shell:Creating environment hook '/home/erum/ros2_workspace/install/new_interfaces/share/new_interfaces/hook/cmake_prefix_path.ps1'
[1.661s] INFO:colcon.colcon_core.shell:Creating environment descriptor '/home/erum/ros2_workspace/install/new_interfaces/share/new_interfaces/hook/cmake_prefix_path.dsv'
[1.662s] INFO:colcon.colcon_core.shell:Creating environment hook '/home/erum/ros2_workspace/install/new_interfaces/share/new_interfaces/hook/cmake_prefix_path.sh'
[1.662s] Level 1:colcon.colcon_core.environment:checking '/home/erum/ros2_workspace/install/new_interfaces/lib'
[1.662s] Level 1:colcon.colcon_core.shell:create_environment_hook('new_interfaces', 'ld_library_path_lib')
[1.662s] INFO:colcon.colcon_core.shell:Creating environment hook '/home/erum/ros2_workspace/install/new_interfaces/share/new_interfaces/hook/ld_library_path_lib.ps1'
[1.663s] INFO:colcon.colcon_core.shell:Creating environment descriptor '/home/erum/ros2_workspace/install/new_interfaces/share/new_interfaces/hook/ld_library_path_lib.dsv'
[1.663s] INFO:colcon.colcon_core.shell:Creating environment hook '/home/erum/ros2_workspace/install/new_interfaces/share/new_interfaces/hook/ld_library_path_lib.sh'
[1.663s] Level 1:colcon.colcon_core.environment:checking '/home/erum/ros2_workspace/install/new_interfaces/bin'
[1.663s] Level 1:colcon.colcon_core.environment:checking '/home/erum/ros2_workspace/install/new_interfaces/lib/pkgconfig/new_interfaces.pc'
[1.663s] Level 1:colcon.colcon_core.environment:checking '/home/erum/ros2_workspace/install/new_interfaces/lib/python3.12/site-packages'
[1.663s] Level 1:colcon.colcon_core.shell:create_environment_hook('new_interfaces', 'pythonpath')
[1.663s] INFO:colcon.colcon_core.shell:Creating environment hook '/home/erum/ros2_workspace/install/new_interfaces/share/new_interfaces/hook/pythonpath.ps1'
[1.664s] INFO:colcon.colcon_core.shell:Creating environment descriptor '/home/erum/ros2_workspace/install/new_interfaces/share/new_interfaces/hook/pythonpath.dsv'
[1.664s] INFO:colcon.colcon_core.shell:Creating environment hook '/home/erum/ros2_workspace/install/new_interfaces/share/new_interfaces/hook/pythonpath.sh'
[1.664s] Level 1:colcon.colcon_core.environment:checking '/home/erum/ros2_workspace/install/new_interfaces/bin'
[1.665s] INFO:colcon.colcon_core.shell:Creating package script '/home/erum/ros2_workspace/install/new_interfaces/share/new_interfaces/package.ps1'
[1.665s] INFO:colcon.colcon_core.shell:Creating package descriptor '/home/erum/ros2_workspace/install/new_interfaces/share/new_interfaces/package.dsv'
[1.665s] INFO:colcon.colcon_core.shell:Creating package script '/home/erum/ros2_workspace/install/new_interfaces/share/new_interfaces/package.sh'
[1.666s] INFO:colcon.colcon_core.shell:Creating package script '/home/erum/ros2_workspace/install/new_interfaces/share/new_interfaces/package.bash'
[1.666s] INFO:colcon.colcon_core.shell:Creating package script '/home/erum/ros2_workspace/install/new_interfaces/share/new_interfaces/package.zsh'
[1.666s] Level 1:colcon.colcon_core.environment:create_file_with_runtime_dependencies(/home/erum/ros2_workspace/install/new_interfaces/share/colcon-core/packages/new_interfaces)
[1.668s] INFO:colcon.colcon_ros.task.ament_python.build:Building ROS package in '/home/erum/ros2_workspace/src/my_first_pkg' with build type 'ament_python'
[1.668s] Level 1:colcon.colcon_core.shell:create_environment_hook('my_first_pkg', 'ament_prefix_path')
[1.668s] INFO:colcon.colcon_core.shell:Creating environment hook '/home/erum/ros2_workspace/install/my_first_pkg/share/my_first_pkg/hook/ament_prefix_path.ps1'
[1.669s] INFO:colcon.colcon_core.shell:Creating environment descriptor '/home/erum/ros2_workspace/install/my_first_pkg/share/my_first_pkg/hook/ament_prefix_path.dsv'
[1.669s] INFO:colcon.colcon_core.shell:Creating environment hook '/home/erum/ros2_workspace/install/my_first_pkg/share/my_first_pkg/hook/ament_prefix_path.sh'
[1.670s] INFO:colcon.colcon_core.shell:Skip shell extension 'powershell' for command environment: Not usable outside of PowerShell
[1.671s] DEBUG:colcon.colcon_core.shell:Skip shell extension 'dsv' for command environment
[1.848s] INFO:colcon.colcon_core.task.python.build:Building Python package in '/home/erum/ros2_workspace/src/my_first_pkg'
[1.849s] INFO:colcon.colcon_core.shell:Skip shell extension 'powershell' for command environment: Not usable outside of PowerShell
[1.849s] DEBUG:colcon.colcon_core.shell:Skip shell extension 'dsv' for command environment
[1.852s] DEBUG:colcon.colcon_core.event_handler.log_command:Invoking command in '/home/erum/ros2_workspace/src/Erum_pde4430': DEBUGINFOD_URLS=https://debuginfod.ubuntu.com PYTHONPATH=/home/erum/ros2_workspace/build/Erum_pde4430/prefix_override:/usr/lib/python3/dist-packages/colcon_core/task/python/colcon_distutils_commands:/home/erum/ros2_workspace/install/Erum_pde4430/lib/python3.12/site-packages:${PYTHONPATH} /usr/bin/python3 -W ignore:setup.py install is deprecated -W ignore:easy_install command is deprecated setup.py egg_info --egg-base ../../build/Erum_pde4430 build --build-base /home/erum/ros2_workspace/build/Erum_pde4430/build install --record /home/erum/ros2_workspace/build/Erum_pde4430/install.log --single-version-externally-managed install_data
[2.367s] Level 1:colcon.colcon_core.environment:checking '/home/erum/ros2_workspace/install/Erum_pde4430' for CMake module files
[2.367s] Level 1:colcon.colcon_core.environment:checking '/home/erum/ros2_workspace/install/Erum_pde4430' for CMake config files
[2.368s] Level 1:colcon.colcon_core.environment:checking '/home/erum/ros2_workspace/install/Erum_pde4430/lib'
[2.368s] Level 1:colcon.colcon_core.environment:checking '/home/erum/ros2_workspace/install/Erum_pde4430/bin'
[2.368s] Level 1:colcon.colcon_core.environment:checking '/home/erum/ros2_workspace/install/Erum_pde4430/lib/pkgconfig/Erum_pde4430.pc'
[2.368s] Level 1:colcon.colcon_core.environment:checking '/home/erum/ros2_workspace/install/Erum_pde4430/lib/python3.12/site-packages'
[2.368s] Level 1:colcon.colcon_core.shell:create_environment_hook('Erum_pde4430', 'pythonpath')
[2.369s] INFO:colcon.colcon_core.shell:Creating environment hook '/home/erum/ros2_workspace/install/Erum_pde4430/share/Erum_pde4430/hook/pythonpath.ps1'
[2.369s] DEBUG:colcon.colcon_core.event_handler.log_command:Invoked command in '/home/erum/ros2_workspace/src/Erum_pde4430' returned '0': DEBUGINFOD_URLS=https://debuginfod.ubuntu.com PYTHONPATH=/home/erum/ros2_workspace/build/Erum_pde4430/prefix_override:/usr/lib/python3/dist-packages/colcon_core/task/python/colcon_distutils_commands:/home/erum/ros2_workspace/install/Erum_pde4430/lib/python3.12/site-packages:${PYTHONPATH} /usr/bin/python3 -W ignore:setup.py install is deprecated -W ignore:easy_install command is deprecated setup.py egg_info --egg-base ../../build/Erum_pde4430 build --build-base /home/erum/ros2_workspace/build/Erum_pde4430/build install --record /home/erum/ros2_workspace/build/Erum_pde4430/install.log --single-version-externally-managed install_data
[2.370s] INFO:colcon.colcon_core.shell:Creating environment descriptor '/home/erum/ros2_workspace/install/Erum_pde4430/share/Erum_pde4430/hook/pythonpath.dsv'
[2.370s] INFO:colcon.colcon_core.shell:Creating environment hook '/home/erum/ros2_workspace/install/Erum_pde4430/share/Erum_pde4430/hook/pythonpath.sh'
[2.370s] Level 1:colcon.colcon_core.environment:checking '/home/erum/ros2_workspace/install/Erum_pde4430/bin'
[2.371s] Level 1:colcon.colcon_core.environment:create_environment_scripts_only(Erum_pde4430)
[2.371s] INFO:colcon.colcon_core.shell:Creating package script '/home/erum/ros2_workspace/install/Erum_pde4430/share/Erum_pde4430/package.ps1'
[2.371s] INFO:colcon.colcon_core.shell:Creating package descriptor '/home/erum/ros2_workspace/install/Erum_pde4430/share/Erum_pde4430/package.dsv'
[2.371s] INFO:colcon.colcon_core.shell:Creating package script '/home/erum/ros2_workspace/install/Erum_pde4430/share/Erum_pde4430/package.sh'
[2.372s] INFO:colcon.colcon_core.shell:Creating package script '/home/erum/ros2_workspace/install/Erum_pde4430/share/Erum_pde4430/package.bash'
[2.372s] INFO:colcon.colcon_core.shell:Creating package script '/home/erum/ros2_workspace/install/Erum_pde4430/share/Erum_pde4430/package.zsh'
[2.373s] Level 1:colcon.colcon_core.environment:create_file_with_runtime_dependencies(/home/erum/ros2_workspace/install/Erum_pde4430/share/colcon-core/packages/Erum_pde4430)
[2.374s] INFO:colcon.colcon_ros.task.ament_python.build:Building ROS package in '/home/erum/ros2_workspace/src/add_two_ints_pkg' with build type 'ament_python'
[2.374s] Level 1:colcon.colcon_core.shell:create_environment_hook('add_two_ints_pkg', 'ament_prefix_path')
[2.375s] INFO:colcon.colcon_core.shell:Creating environment hook '/home/erum/ros2_workspace/install/add_two_ints_pkg/share/add_two_ints_pkg/hook/ament_prefix_path.ps1'
[2.375s] INFO:colcon.colcon_core.shell:Creating environment descriptor '/home/erum/ros2_workspace/install/add_two_ints_pkg/share/add_two_ints_pkg/hook/ament_prefix_path.dsv'
[2.375s] INFO:colcon.colcon_core.shell:Creating environment hook '/home/erum/ros2_workspace/install/add_two_ints_pkg/share/add_two_ints_pkg/hook/ament_prefix_path.sh'
[2.376s] INFO:colcon.colcon_core.shell:Skip shell extension 'powershell' for command environment: Not usable outside of PowerShell
[2.376s] DEBUG:colcon.colcon_core.shell:Skip shell extension 'dsv' for command environment
[2.564s] INFO:colcon.colcon_core.task.python.build:Building Python package in '/home/erum/ros2_workspace/src/add_two_ints_pkg'
[2.564s] INFO:colcon.colcon_core.shell:Skip shell extension 'powershell' for command environment: Not usable outside of PowerShell
[2.564s] DEBUG:colcon.colcon_core.shell:Skip shell extension 'dsv' for command environment
[2.568s] DEBUG:colcon.colcon_core.event_handler.log_command:Invoking command in '/home/erum/ros2_workspace/src/my_first_pkg': DEBUGINFOD_URLS=https://debuginfod.ubuntu.com PYTHONPATH=/home/erum/ros2_workspace/build/my_first_pkg/prefix_override:/usr/lib/python3/dist-packages/colcon_core/task/python/colcon_distutils_commands:/home/erum/ros2_workspace/install/my_first_pkg/lib/python3.12/site-packages:${PYTHONPATH} /usr/bin/python3 -W ignore:setup.py install is deprecated -W ignore:easy_install command is deprecated setup.py egg_info --egg-base ../../build/my_first_pkg build --build-base /home/erum/ros2_workspace/build/my_first_pkg/build install --record /home/erum/ros2_workspace/build/my_first_pkg/install.log --single-version-externally-managed install_data
[3.286s] Level 1:colcon.colcon_core.environment:checking '/home/erum/ros2_workspace/install/my_first_pkg' for CMake module files
[3.286s] Level 1:colcon.colcon_core.environment:checking '/home/erum/ros2_workspace/install/my_first_pkg' for CMake config files
[3.287s] Level 1:colcon.colcon_core.environment:checking '/home/erum/ros2_workspace/install/my_first_pkg/lib'
[3.287s] Level 1:colcon.colcon_core.environment:checking '/home/erum/ros2_workspace/install/my_first_pkg/bin'
[3.287s] Level 1:colcon.colcon_core.environment:checking '/home/erum/ros2_workspace/install/my_first_pkg/lib/pkgconfig/my_first_pkg.pc'
[3.287s] Level 1:colcon.colcon_core.environment:checking '/home/erum/ros2_workspace/install/my_first_pkg/lib/python3.12/site-packages'
[3.287s] Level 1:colcon.colcon_core.shell:create_environment_hook('my_first_pkg', 'pythonpath')
[3.287s] INFO:colcon.colcon_core.shell:Creating environment hook '/home/erum/ros2_workspace/install/my_first_pkg/share/my_first_pkg/hook/pythonpath.ps1'
[3.288s] DEBUG:colcon.colcon_core.event_handler.log_command:Invoked command in '/home/erum/ros2_workspace/src/my_first_pkg' returned '0': DEBUGINFOD_URLS=https://debuginfod.ubuntu.com PYTHONPATH=/home/erum/ros2_workspace/build/my_first_pkg/prefix_override:/usr/lib/python3/dist-packages/colcon_core/task/python/colcon_distutils_commands:/home/erum/ros2_workspace/install/my_first_pkg/lib/python3.12/site-packages:${PYTHONPATH} /usr/bin/python3 -W ignore:setup.py install is deprecated -W ignore:easy_install command is deprecated setup.py egg_info --egg-base ../../build/my_first_pkg build --build-base /home/erum/ros2_workspace/build/my_first_pkg/build install --record /home/erum/ros2_workspace/build/my_first_pkg/install.log --single-version-externally-managed install_data
[3.288s] INFO:colcon.colcon_core.shell:Creating environment descriptor '/home/erum/ros2_workspace/install/my_first_pkg/share/my_first_pkg/hook/pythonpath.dsv'
[3.288s] INFO:colcon.colcon_core.shell:Creating environment hook '/home/erum/ros2_workspace/install/my_first_pkg/share/my_first_pkg/hook/pythonpath.sh'
[3.289s] Level 1:colcon.colcon_core.environment:checking '/home/erum/ros2_workspace/install/my_first_pkg/bin'
[3.289s] Level 1:colcon.colcon_core.environment:create_environment_scripts_only(my_first_pkg)
[3.289s] INFO:colcon.colcon_core.shell:Creating package script '/home/erum/ros2_workspace/install/my_first_pkg/share/my_first_pkg/package.ps1'
[3.290s] INFO:colcon.colcon_core.shell:Creating package descriptor '/home/erum/ros2_workspace/install/my_first_pkg/share/my_first_pkg/package.dsv'
[3.290s] INFO:colcon.colcon_core.shell:Creating package script '/home/erum/ros2_workspace/install/my_first_pkg/share/my_first_pkg/package.sh'
[3.292s] INFO:colcon.colcon_core.shell:Creating package script '/home/erum/ros2_workspace/install/my_first_pkg/share/my_first_pkg/package.bash'
[3.293s] INFO:colcon.colcon_core.shell:Creating package script '/home/erum/ros2_workspace/install/my_first_pkg/share/my_first_pkg/package.zsh'
[3.294s] Level 1:colcon.colcon_core.environment:create_file_with_runtime_dependencies(/home/erum/ros2_workspace/install/my_first_pkg/share/colcon-core/packages/my_first_pkg)
[3.377s] DEBUG:colcon.colcon_core.event_handler.log_command:Invoking command in '/home/erum/ros2_workspace/src/add_two_ints_pkg': AMENT_PREFIX_PATH=/home/erum/ros2_workspace/install/new_interfaces:${AMENT_PREFIX_PATH} CMAKE_PREFIX_PATH=/home/erum/ros2_workspace/install/new_interfaces:${CMAKE_PREFIX_PATH} DEBUGINFOD_URLS=https://debuginfod.ubuntu.com LD_LIBRARY_PATH=/home/erum/ros2_workspace/install/new_interfaces/lib:${LD_LIBRARY_PATH} PYTHONPATH=/home/erum/ros2_workspace/build/add_two_ints_pkg/prefix_override:/usr/lib/python3/dist-packages/colcon_core/task/python/colcon_distutils_commands:/home/erum/ros2_workspace/install/add_two_ints_pkg/lib/python3.12/site-packages:/home/erum/ros2_workspace/install/new_interfaces/lib/python3.12/site-packages:${PYTHONPATH} /usr/bin/python3 -W ignore:setup.py install is deprecated -W ignore:easy_install command is deprecated setup.py egg_info --egg-base ../../build/add_two_ints_pkg build --build-base /home/erum/ros2_workspace/build/add_two_ints_pkg/build install --record /home/erum/ros2_workspace/build/add_two_ints_pkg/install.log --single-version-externally-managed install_data
[3.755s] Level 1:colcon.colcon_core.environment:checking '/home/erum/ros2_workspace/install/add_two_ints_pkg' for CMake module files
[3.756s] DEBUG:colcon.colcon_core.event_handler.log_command:Invoked command in '/home/erum/ros2_workspace/src/add_two_ints_pkg' returned '0': AMENT_PREFIX_PATH=/home/erum/ros2_workspace/install/new_interfaces:${AMENT_PREFIX_PATH} CMAKE_PREFIX_PATH=/home/erum/ros2_workspace/install/new_interfaces:${CMAKE_PREFIX_PATH} DEBUGINFOD_URLS=https://debuginfod.ubuntu.com LD_LIBRARY_PATH=/home/erum/ros2_workspace/install/new_interfaces/lib:${LD_LIBRARY_PATH} PYTHONPATH=/home/erum/ros2_workspace/build/add_two_ints_pkg/prefix_override:/usr/lib/python3/dist-packages/colcon_core/task/python/colcon_distutils_commands:/home/erum/ros2_workspace/install/add_two_ints_pkg/lib/python3.12/site-packages:/home/erum/ros2_workspace/install/new_interfaces/lib/python3.12/site-packages:${PYTHONPATH} /usr/bin/python3 -W ignore:setup.py install is deprecated -W ignore:easy_install command is deprecated setup.py egg_info --egg-base ../../build/add_two_ints_pkg build --build-base /home/erum/ros2_workspace/build/add_two_ints_pkg/build install --record /home/erum/ros2_workspace/build/add_two_ints_pkg/install.log --single-version-externally-managed install_data
[3.756s] Level 1:colcon.colcon_core.environment:checking '/home/erum/ros2_workspace/install/add_two_ints_pkg' for CMake config files
[3.757s] Level 1:colcon.colcon_core.environment:checking '/home/erum/ros2_workspace/install/add_two_ints_pkg/lib'
[3.757s] Level 1:colcon.colcon_core.environment:checking '/home/erum/ros2_workspace/install/add_two_ints_pkg/bin'
[3.757s] Level 1:colcon.colcon_core.environment:checking '/home/erum/ros2_workspace/install/add_two_ints_pkg/lib/pkgconfig/add_two_ints_pkg.pc'
[3.757s] Level 1:colcon.colcon_core.environment:checking '/home/erum/ros2_workspace/install/add_two_ints_pkg/lib/python3.12/site-packages'
[3.757s] Level 1:colcon.colcon_core.shell:create_environment_hook('add_two_ints_pkg', 'pythonpath')
[3.757s] INFO:colcon.colcon_core.shell:Creating environment hook '/home/erum/ros2_workspace/install/add_two_ints_pkg/share/add_two_ints_pkg/hook/pythonpath.ps1'
[3.758s] INFO:colcon.colcon_core.shell:Creating environment descriptor '/home/erum/ros2_workspace/install/add_two_ints_pkg/share/add_two_ints_pkg/hook/pythonpath.dsv'
[3.758s] INFO:colcon.colcon_core.shell:Creating environment hook '/home/erum/ros2_workspace/install/add_two_ints_pkg/share/add_two_ints_pkg/hook/pythonpath.sh'
[3.759s] Level 1:colcon.colcon_core.environment:checking '/home/erum/ros2_workspace/install/add_two_ints_pkg/bin'
[3.759s] Level 1:colcon.colcon_core.environment:create_environment_scripts_only(add_two_ints_pkg)
[3.759s] INFO:colcon.colcon_core.shell:Creating package script '/home/erum/ros2_workspace/install/add_two_ints_pkg/share/add_two_ints_pkg/package.ps1'
[3.759s] INFO:colcon.colcon_core.shell:Creating package descriptor '/home/erum/ros2_workspace/install/add_two_ints_pkg/share/add_two_ints_pkg/package.dsv'
[3.760s] INFO:colcon.colcon_core.shell:Creating package script '/home/erum/ros2_workspace/install/add_two_ints_pkg/share/add_two_ints_pkg/package.sh'
[3.760s] INFO:colcon.colcon_core.shell:Creating package script '/home/erum/ros2_workspace/install/add_two_ints_pkg/share/add_two_ints_pkg/package.bash'
[3.760s] INFO:colcon.colcon_core.shell:Creating package script '/home/erum/ros2_workspace/install/add_two_ints_pkg/share/add_two_ints_pkg/package.zsh'
[3.761s] Level 1:colcon.colcon_core.environment:create_file_with_runtime_dependencies(/home/erum/ros2_workspace/install/add_two_ints_pkg/share/colcon-core/packages/add_two_ints_pkg)
[3.761s] DEBUG:colcon.colcon_parallel_executor.executor.parallel:closing loop
[3.763s] DEBUG:colcon.colcon_parallel_executor.executor.parallel:loop closed
[3.763s] DEBUG:colcon.colcon_parallel_executor.executor.parallel:run_until_complete finished with '0'
[3.763s] DEBUG:colcon.colcon_core.event_reactor:joining thread
[3.785s] INFO:colcon.colcon_core.plugin_system:Skipping extension 'colcon_notification.desktop_notification.terminal_notifier': Not used on non-Darwin systems
[3.785s] INFO:colcon.colcon_core.plugin_system:Skipping extension 'colcon_notification.desktop_notification.win32': Not used on non-Windows systems
[3.785s] INFO:colcon.colcon_notification.desktop_notification:Sending desktop notification using 'notify2'
[3.898s] DEBUG:colcon.colcon_core.event_reactor:joined thread
[3.899s] INFO:colcon.colcon_core.shell:Creating prefix script '/home/erum/ros2_workspace/install/local_setup.ps1'
[3.902s] INFO:colcon.colcon_core.shell:Creating prefix util module '/home/erum/ros2_workspace/install/_local_setup_util_ps1.py'
[3.903s] INFO:colcon.colcon_core.shell:Creating prefix chain script '/home/erum/ros2_workspace/install/setup.ps1'
[3.905s] INFO:colcon.colcon_core.shell:Creating prefix script '/home/erum/ros2_workspace/install/local_setup.sh'
[3.906s] INFO:colcon.colcon_core.shell:Creating prefix util module '/home/erum/ros2_workspace/install/_local_setup_util_sh.py'
[3.907s] INFO:colcon.colcon_core.shell:Creating prefix chain script '/home/erum/ros2_workspace/install/setup.sh'
[3.908s] INFO:colcon.colcon_core.shell:Creating prefix script '/home/erum/ros2_workspace/install/local_setup.bash'
[3.909s] INFO:colcon.colcon_core.shell:Creating prefix chain script '/home/erum/ros2_workspace/install/setup.bash'
[3.909s] INFO:colcon.colcon_core.shell:Creating prefix script '/home/erum/ros2_workspace/install/local_setup.zsh'
[3.910s] INFO:colcon.colcon_core.shell:Creating prefix chain script '/home/erum/ros2_workspace/install/setup.zsh'
