[0.031s] Invoking command in '/home/erum/ros2_workspace/src/build/mobile_robot': DEBUGINFOD_URLS=https://debuginfod.ubuntu.com /usr/bin/cmake /home/erum/ros2_workspace/src/mobile_robot -DCATKIN_INSTALL_INTO_PREFIX_ROOT=0 -DCMAKE_INSTALL_PREFIX=/home/erum/ros2_workspace/src/install/mobile_robot
[0.619s] -- The C compiler identification is GNU 13.3.0
[1.012s] -- The CXX compiler identification is GNU 13.3.0
[1.057s] -- Detecting C compiler ABI info
[1.640s] -- Detecting C compiler ABI info - done
[1.657s] -- Check for working C compiler: /usr/bin/cc - skipped
[1.657s] -- Detecting C compile features
[1.658s] -- Detecting C compile features - done
[1.690s] -- Detecting CXX compiler ABI info
[2.339s] -- Detecting CXX compiler ABI info - done
[2.357s] -- Check for working CXX compiler: /usr/bin/c++ - skipped
[2.358s] -- Detecting CXX compile features
[2.360s] -- Detecting CXX compile features - done
[2.422s] -- Found ament_cmake: 2.5.4 (/opt/ros/jazzy/share/ament_cmake/cmake)
[2.841s] -- Found Python3: /usr/bin/python3 (found version "3.12.3") found components: Interpreter 
[3.259s] -- Found rclpy: 7.1.6 (/opt/ros/jazzy/share/rclpy/cmake)
[3.263s] -- Found xacro: 2.1.1 (/opt/ros/jazzy/share/xacro/cmake)
[3.269s] -- Found robot_state_publisher: 3.3.3 (/opt/ros/jazzy/share/robot_state_publisher/cmake)
[3.586s] -- Found rosidl_generator_c: 4.6.6 (/opt/ros/jazzy/share/rosidl_generator_c/cmake)
[3.694s] -- Found rosidl_generator_cpp: 4.6.6 (/opt/ros/jazzy/share/rosidl_generator_cpp/cmake)
[3.842s] -- Using all available rosidl_typesupport_c: rosidl_typesupport_fastrtps_c;rosidl_typesupport_introspection_c
[4.003s] -- Using all available rosidl_typesupport_cpp: rosidl_typesupport_fastrtps_cpp;rosidl_typesupport_introspection_cpp
[4.729s] -- Found rmw_implementation_cmake: 7.3.2 (/opt/ros/jazzy/share/rmw_implementation_cmake/cmake)
[4.761s] -- Found rmw_cyclonedds_cpp: 2.2.3 (/opt/ros/jazzy/share/rmw_cyclonedds_cpp/cmake)
[5.020s] -- Using RMW implementation 'rmw_cyclonedds_cpp' as default
[6.822s] -- Found TinyXML2 via Config file: /usr/lib/x86_64-linux-gnu/cmake/tinyxml2
[6.876s] -- Found ros_gz_sim: 1.0.16 (/opt/ros/jazzy/share/ros_gz_sim/cmake)
[6.890s] -- Found ros_gz_bridge: 1.0.16 (/opt/ros/jazzy/share/ros_gz_bridge/cmake)
[6.977s] -- Looking for gz-msgs10 -- found version 10.3.2
[7.011s] -- Searching for dependencies of gz-msgs10
[7.275s] -- Found Protobuf: /usr/lib/x86_64-linux-gnu/libprotobuf.so (found version "3.21.12") 
[7.280s] -- Looking for gz-utils2 -- found version 2.2.1
[7.280s] -- Searching for dependencies of gz-utils2
[7.284s] -- Looking for gz-math7 -- found version 7.5.2
[7.285s] -- Searching for dependencies of gz-math7
[7.285s] -- Looking for gz-utils2 -- found version 2.2.1
[7.300s] -- Checking for module 'tinyxml2'
[7.318s] --   Found tinyxml2, version 10.0.0
[7.386s] -- Looking for gz-transport13 -- found version 13.5.0
[7.386s] -- Searching for dependencies of gz-transport13
[7.515s] -- Config-file not installed for ZeroMQ -- checking for pkg-config
[7.532s] -- Checking for module 'libzmq >= 4'
[7.580s] --   Found libzmq, version 4.3.5
[7.673s] -- Found ZeroMQ: TRUE (Required is at least version "4") 
[7.680s] -- Checking for module 'uuid'
[7.696s] --   Found uuid, version 2.39.3
[7.735s] -- Found UUID: TRUE  
[7.735s] -- Looking for gz-utils2 -- found version 2.2.1
[7.736s] -- Searching for dependencies of gz-utils2
[7.736s] -- Searching for <gz-utils2> component [cli]
[7.743s] -- Looking for gz-utils2-cli -- found version 2.2.1
[7.743s] -- Searching for dependencies of gz-utils2-cli
[7.748s] -- Looking for gz-msgs10 -- found version 10.3.2
[7.924s] -- Found controller_manager: 4.39.2 (/opt/ros/jazzy/share/controller_manager/cmake)
[8.209s] -- Found diff_drive_controller: 4.34.0 (/opt/ros/jazzy/share/diff_drive_controller/cmake)
[8.259s] -- Found eigen3_cmake_module: 0.3.0 (/opt/ros/jazzy/share/eigen3_cmake_module/cmake)
[8.260s] -- Found Eigen3: TRUE (found version "3.4.0") 
[8.260s] -- Ensuring Eigen3 include directory is part of orocos-kdl CMake target
[8.283s] -- Found position_controllers: 4.34.0 (/opt/ros/jazzy/share/position_controllers/cmake)
[8.386s] -- Configuring done (8.3s)
[8.402s] -- Generating done (0.0s)
[8.405s] [33mCMake Warning:
[8.405s]   Manually-specified variables were not used by the project:
[8.405s] 
[8.405s]     CATKIN_INSTALL_INTO_PREFIX_ROOT
[8.406s] 
[8.406s] [0m
[8.411s] -- Build files have been written to: /home/erum/ros2_workspace/src/build/mobile_robot
[8.428s] Invoked command in '/home/erum/ros2_workspace/src/build/mobile_robot' returned '0': DEBUGINFOD_URLS=https://debuginfod.ubuntu.com /usr/bin/cmake /home/erum/ros2_workspace/src/mobile_robot -DCATKIN_INSTALL_INTO_PREFIX_ROOT=0 -DCMAKE_INSTALL_PREFIX=/home/erum/ros2_workspace/src/install/mobile_robot
[8.428s] Invoking command in '/home/erum/ros2_workspace/src/build/mobile_robot': DEBUGINFOD_URLS=https://debuginfod.ubuntu.com /usr/bin/cmake --build /home/erum/ros2_workspace/src/build/mobile_robot -- -j2 -l2
[8.485s] Invoked command in '/home/erum/ros2_workspace/src/build/mobile_robot' returned '0': DEBUGINFOD_URLS=https://debuginfod.ubuntu.com /usr/bin/cmake --build /home/erum/ros2_workspace/src/build/mobile_robot -- -j2 -l2
[8.485s] Invoking command in '/home/erum/ros2_workspace/src/build/mobile_robot': DEBUGINFOD_URLS=https://debuginfod.ubuntu.com /usr/bin/cmake --install /home/erum/ros2_workspace/src/build/mobile_robot
[8.493s] -- Install configuration: ""
[8.493s] -- Installing: /home/erum/ros2_workspace/src/install/mobile_robot/share/mobile_robot//launch
[8.495s] -- Installing: /home/erum/ros2_workspace/src/install/mobile_robot/share/mobile_robot//launch/spawn_robot.launch.py
[8.496s] -- Installing: /home/erum/ros2_workspace/src/install/mobile_robot/share/mobile_robot//model
[8.497s] -- Installing: /home/erum/ros2_workspace/src/install/mobile_robot/share/mobile_robot//model/robot.gazebo
[8.498s] -- Installing: /home/erum/ros2_workspace/src/install/mobile_robot/share/mobile_robot//model/robot.xacro
[8.498s] -- Installing: /home/erum/ros2_workspace/src/install/mobile_robot/share/mobile_robot//parameters
[8.499s] -- Installing: /home/erum/ros2_workspace/src/install/mobile_robot/share/mobile_robot//parameters/flap_controllers.yaml
[8.499s] -- Installing: /home/erum/ros2_workspace/src/install/mobile_robot/share/mobile_robot//parameters/bridge_parameters.yaml
[8.499s] -- Installing: /home/erum/ros2_workspace/src/install/mobile_robot/share/mobile_robot//parameters/diffdrive_controllers.yaml
[8.501s] -- Installing: /home/erum/ros2_workspace/src/install/mobile_robot/share/ament_index/resource_index/package_run_dependencies/mobile_robot
[8.501s] -- Installing: /home/erum/ros2_workspace/src/install/mobile_robot/share/ament_index/resource_index/parent_prefix_path/mobile_robot
[8.502s] -- Installing: /home/erum/ros2_workspace/src/install/mobile_robot/share/mobile_robot/environment/ament_prefix_path.sh
[8.503s] -- Installing: /home/erum/ros2_workspace/src/install/mobile_robot/share/mobile_robot/environment/ament_prefix_path.dsv
[8.503s] -- Installing: /home/erum/ros2_workspace/src/install/mobile_robot/share/mobile_robot/environment/path.sh
[8.504s] -- Installing: /home/erum/ros2_workspace/src/install/mobile_robot/share/mobile_robot/environment/path.dsv
[8.504s] -- Installing: /home/erum/ros2_workspace/src/install/mobile_robot/share/mobile_robot/local_setup.bash
[8.504s] -- Installing: /home/erum/ros2_workspace/src/install/mobile_robot/share/mobile_robot/local_setup.sh
[8.504s] -- Installing: /home/erum/ros2_workspace/src/install/mobile_robot/share/mobile_robot/local_setup.zsh
[8.505s] -- Installing: /home/erum/ros2_workspace/src/install/mobile_robot/share/mobile_robot/local_setup.dsv
[8.505s] -- Installing: /home/erum/ros2_workspace/src/install/mobile_robot/share/mobile_robot/package.dsv
[8.506s] -- Installing: /home/erum/ros2_workspace/src/install/mobile_robot/share/ament_index/resource_index/packages/mobile_robot
[8.508s] -- Installing: /home/erum/ros2_workspace/src/install/mobile_robot/share/mobile_robot/cmake/mobile_robotConfig.cmake
[8.508s] -- Installing: /home/erum/ros2_workspace/src/install/mobile_robot/share/mobile_robot/cmake/mobile_robotConfig-version.cmake
[8.509s] -- Installing: /home/erum/ros2_workspace/src/install/mobile_robot/share/mobile_robot/package.xml
[8.512s] Invoked command in '/home/erum/ros2_workspace/src/build/mobile_robot' returned '0': DEBUGINFOD_URLS=https://debuginfod.ubuntu.com /usr/bin/cmake --install /home/erum/ros2_workspace/src/build/mobile_robot
