[1.051s] DEBUG:colcon:Command line arguments: ['/usr/bin/colcon', 'build']
[1.051s] DEBUG:colcon:Parsed command line arguments: Namespace(log_base=None, log_level=None, verb_name='build', build_base='build', install_base='install', merge_install=False, symlink_install=False, test_result_base=None, continue_on_error=False, executor='parallel', parallel_workers=2, event_handlers=None, ignore_user_meta=False, metas=['./colcon.meta'], base_paths=['.'], packages_ignore=None, packages_ignore_regex=None, paths=None, packages_up_to=None, packages_up_to_regex=None, packages_above=None, packages_above_and_dependencies=None, packages_above_depth=None, packages_select_by_dep=None, packages_skip_by_dep=None, packages_skip_up_to=None, packages_select_build_failed=False, packages_skip_build_finished=False, packages_select_test_failures=False, packages_skip_test_passed=False, packages_select=None, packages_skip=None, packages_select_regex=None, packages_skip_regex=None, packages_start=None, packages_end=None, allow_overriding=[], cmake_args=None, cmake_target=None, cmake_target_skip_unavailable=False, cmake_clean_cache=False, cmake_clean_first=False, cmake_force_configure=False, ament_cmake_args=None, catkin_cmake_args=None, catkin_skip_building_tests=False, mixin_files=None, mixin=None, verb_parser=<colcon_mixin.mixin.mixin_argument.MixinArgumentDecorator object at 0x79dacb0eec60>, verb_extension=<colcon_core.verb.build.BuildVerb object at 0x79dacb0c4590>, main=<bound method BuildVerb.main of <colcon_core.verb.build.BuildVerb object at 0x79dacb0c4590>>, mixin_verb=('build',))
[1.335s] Level 1:colcon.colcon_core.package_discovery:discover_packages(colcon_meta) check parameters
[1.336s] Level 1:colcon.colcon_core.package_discovery:discover_packages(recursive) check parameters
[1.336s] Level 1:colcon.colcon_core.package_discovery:discover_packages(ignore) check parameters
[1.336s] Level 1:colcon.colcon_core.package_discovery:discover_packages(path) check parameters
[1.336s] Level 1:colcon.colcon_core.package_discovery:discover_packages(colcon_meta) discover
[1.336s] Level 1:colcon.colcon_core.package_discovery:discover_packages(recursive) discover
[1.336s] INFO:colcon.colcon_core.package_discovery:Crawling recursively for packages in '/home/erum/ros2_workspace'
[1.336s] Level 1:colcon.colcon_core.package_identification:_identify(.) by extensions ['ignore', 'ignore_ament_install']
[1.340s] Level 1:colcon.colcon_core.package_identification:_identify(.) by extension 'ignore'
[1.340s] Level 1:colcon.colcon_core.package_identification:_identify(.) by extension 'ignore_ament_install'
[1.340s] Level 1:colcon.colcon_core.package_identification:_identify(.) by extensions ['colcon_pkg']
[1.340s] Level 1:colcon.colcon_core.package_identification:_identify(.) by extension 'colcon_pkg'
[1.340s] Level 1:colcon.colcon_core.package_identification:_identify(.) by extensions ['colcon_meta']
[1.340s] Level 1:colcon.colcon_core.package_identification:_identify(.) by extension 'colcon_meta'
[1.340s] Level 1:colcon.colcon_core.package_identification:_identify(.) by extensions ['ros']
[1.340s] Level 1:colcon.colcon_core.package_identification:_identify(.) by extension 'ros'
[1.546s] Level 1:colcon.colcon_core.package_identification:_identify(.) by extensions ['cmake', 'python']
[1.547s] Level 1:colcon.colcon_core.package_identification:_identify(.) by extension 'cmake'
[1.547s] Level 1:colcon.colcon_core.package_identification:_identify(.) by extension 'python'
[1.547s] Level 1:colcon.colcon_core.package_identification:_identify(.) by extensions ['python_setup_py']
[1.547s] Level 1:colcon.colcon_core.package_identification:_identify(.) by extension 'python_setup_py'
[1.547s] Level 1:colcon.colcon_core.package_identification:_identify(build) by extensions ['ignore', 'ignore_ament_install']
[1.548s] Level 1:colcon.colcon_core.package_identification:_identify(build) by extension 'ignore'
[1.548s] Level 1:colcon.colcon_core.package_identification:_identify(build) ignored
[1.549s] Level 1:colcon.colcon_core.package_identification:_identify(install) by extensions ['ignore', 'ignore_ament_install']
[1.549s] Level 1:colcon.colcon_core.package_identification:_identify(install) by extension 'ignore'
[1.550s] Level 1:colcon.colcon_core.package_identification:_identify(install) ignored
[1.550s] Level 1:colcon.colcon_core.package_identification:_identify(log) by extensions ['ignore', 'ignore_ament_install']
[1.550s] Level 1:colcon.colcon_core.package_identification:_identify(log) by extension 'ignore'
[1.550s] Level 1:colcon.colcon_core.package_identification:_identify(log) ignored
[1.551s] Level 1:colcon.colcon_core.package_identification:_identify(src) by extensions ['ignore', 'ignore_ament_install']
[1.551s] Level 1:colcon.colcon_core.package_identification:_identify(src) by extension 'ignore'
[1.551s] Level 1:colcon.colcon_core.package_identification:_identify(src) by extension 'ignore_ament_install'
[1.551s] Level 1:colcon.colcon_core.package_identification:_identify(src) by extensions ['colcon_pkg']
[1.551s] Level 1:colcon.colcon_core.package_identification:_identify(src) by extension 'colcon_pkg'
[1.551s] Level 1:colcon.colcon_core.package_identification:_identify(src) by extensions ['colcon_meta']
[1.551s] Level 1:colcon.colcon_core.package_identification:_identify(src) by extension 'colcon_meta'
[1.551s] Level 1:colcon.colcon_core.package_identification:_identify(src) by extensions ['ros']
[1.551s] Level 1:colcon.colcon_core.package_identification:_identify(src) by extension 'ros'
[1.552s] Level 1:colcon.colcon_core.package_identification:_identify(src) by extensions ['cmake', 'python']
[1.552s] Level 1:colcon.colcon_core.package_identification:_identify(src) by extension 'cmake'
[1.552s] Level 1:colcon.colcon_core.package_identification:_identify(src) by extension 'python'
[1.552s] Level 1:colcon.colcon_core.package_identification:_identify(src) by extensions ['python_setup_py']
[1.552s] Level 1:colcon.colcon_core.package_identification:_identify(src) by extension 'python_setup_py'
[1.552s] Level 1:colcon.colcon_core.package_identification:_identify(src/Erum_pde4430) by extensions ['ignore', 'ignore_ament_install']
[1.552s] Level 1:colcon.colcon_core.package_identification:_identify(src/Erum_pde4430) by extension 'ignore'
[1.552s] Level 1:colcon.colcon_core.package_identification:_identify(src/Erum_pde4430) by extension 'ignore_ament_install'
[1.552s] Level 1:colcon.colcon_core.package_identification:_identify(src/Erum_pde4430) by extensions ['colcon_pkg']
[1.552s] Level 1:colcon.colcon_core.package_identification:_identify(src/Erum_pde4430) by extension 'colcon_pkg'
[1.552s] Level 1:colcon.colcon_core.package_identification:_identify(src/Erum_pde4430) by extensions ['colcon_meta']
[1.552s] Level 1:colcon.colcon_core.package_identification:_identify(src/Erum_pde4430) by extension 'colcon_meta'
[1.553s] Level 1:colcon.colcon_core.package_identification:_identify(src/Erum_pde4430) by extensions ['ros']
[1.553s] Level 1:colcon.colcon_core.package_identification:_identify(src/Erum_pde4430) by extension 'ros'
[1.565s] DEBUG:colcon.colcon_core.package_identification:Package 'src/Erum_pde4430' with type 'ros.ament_python' and name 'Erum_pde4430'
[1.565s] Level 1:colcon.colcon_core.package_identification:_identify(src/add_two_ints_pkg) by extensions ['ignore', 'ignore_ament_install']
[1.566s] Level 1:colcon.colcon_core.package_identification:_identify(src/add_two_ints_pkg) by extension 'ignore'
[1.566s] Level 1:colcon.colcon_core.package_identification:_identify(src/add_two_ints_pkg) by extension 'ignore_ament_install'
[1.566s] Level 1:colcon.colcon_core.package_identification:_identify(src/add_two_ints_pkg) by extensions ['colcon_pkg']
[1.566s] Level 1:colcon.colcon_core.package_identification:_identify(src/add_two_ints_pkg) by extension 'colcon_pkg'
[1.566s] Level 1:colcon.colcon_core.package_identification:_identify(src/add_two_ints_pkg) by extensions ['colcon_meta']
[1.566s] Level 1:colcon.colcon_core.package_identification:_identify(src/add_two_ints_pkg) by extension 'colcon_meta'
[1.566s] Level 1:colcon.colcon_core.package_identification:_identify(src/add_two_ints_pkg) by extensions ['ros']
[1.566s] Level 1:colcon.colcon_core.package_identification:_identify(src/add_two_ints_pkg) by extension 'ros'
[1.567s] DEBUG:colcon.colcon_core.package_identification:Package 'src/add_two_ints_pkg' with type 'ros.ament_python' and name 'add_two_ints_pkg'
[1.567s] Level 1:colcon.colcon_core.package_identification:_identify(src/my_first_pkg) by extensions ['ignore', 'ignore_ament_install']
[1.567s] Level 1:colcon.colcon_core.package_identification:_identify(src/my_first_pkg) by extension 'ignore'
[1.568s] Level 1:colcon.colcon_core.package_identification:_identify(src/my_first_pkg) by extension 'ignore_ament_install'
[1.568s] Level 1:colcon.colcon_core.package_identification:_identify(src/my_first_pkg) by extensions ['colcon_pkg']
[1.568s] Level 1:colcon.colcon_core.package_identification:_identify(src/my_first_pkg) by extension 'colcon_pkg'
[1.568s] Level 1:colcon.colcon_core.package_identification:_identify(src/my_first_pkg) by extensions ['colcon_meta']
[1.568s] Level 1:colcon.colcon_core.package_identification:_identify(src/my_first_pkg) by extension 'colcon_meta'
[1.568s] Level 1:colcon.colcon_core.package_identification:_identify(src/my_first_pkg) by extensions ['ros']
[1.568s] Level 1:colcon.colcon_core.package_identification:_identify(src/my_first_pkg) by extension 'ros'
[1.571s] DEBUG:colcon.colcon_core.package_identification:Package 'src/my_first_pkg' with type 'ros.ament_python' and name 'my_first_pkg'
[1.571s] Level 1:colcon.colcon_core.package_identification:_identify(src/new_interfaces) by extensions ['ignore', 'ignore_ament_install']
[1.571s] Level 1:colcon.colcon_core.package_identification:_identify(src/new_interfaces) by extension 'ignore'
[1.572s] Level 1:colcon.colcon_core.package_identification:_identify(src/new_interfaces) by extension 'ignore_ament_install'
[1.572s] Level 1:colcon.colcon_core.package_identification:_identify(src/new_interfaces) by extensions ['colcon_pkg']
[1.572s] Level 1:colcon.colcon_core.package_identification:_identify(src/new_interfaces) by extension 'colcon_pkg'
[1.572s] Level 1:colcon.colcon_core.package_identification:_identify(src/new_interfaces) by extensions ['colcon_meta']
[1.572s] Level 1:colcon.colcon_core.package_identification:_identify(src/new_interfaces) by extension 'colcon_meta'
[1.572s] Level 1:colcon.colcon_core.package_identification:_identify(src/new_interfaces) by extensions ['ros']
[1.572s] Level 1:colcon.colcon_core.package_identification:_identify(src/new_interfaces) by extension 'ros'
[1.572s] DEBUG:colcon.colcon_core.package_identification:Package 'src/new_interfaces' with type 'ros.ament_cmake' and name 'new_interfaces'
[1.573s] Level 1:colcon.colcon_core.package_discovery:discover_packages(recursive) using defaults
[1.573s] Level 1:colcon.colcon_core.package_discovery:discover_packages(ignore) discover
[1.573s] Level 1:colcon.colcon_core.package_discovery:discover_packages(ignore) using defaults
[1.573s] Level 1:colcon.colcon_core.package_discovery:discover_packages(path) discover
[1.573s] Level 1:colcon.colcon_core.package_discovery:discover_packages(path) using defaults
[1.680s] Level 1:colcon.colcon_core.package_discovery:discover_packages(prefix_path) check parameters
[1.680s] Level 1:colcon.colcon_core.package_discovery:discover_packages(prefix_path) discover
[1.687s] DEBUG:colcon.colcon_installed_package_information.package_discovery:Found 4 installed packages in /home/erum/ros2_workspace/install
[1.689s] DEBUG:colcon.colcon_installed_package_information.package_discovery:Found 285 installed packages in /opt/ros/jazzy
[1.693s] Level 1:colcon.colcon_core.package_discovery:discover_packages(prefix_path) using defaults
[1.793s] Level 5:colcon.colcon_core.verb:set package 'Erum_pde4430' build argument 'cmake_args' from command line to 'None'
[1.793s] Level 5:colcon.colcon_core.verb:set package 'Erum_pde4430' build argument 'cmake_target' from command line to 'None'
[1.794s] Level 5:colcon.colcon_core.verb:set package 'Erum_pde4430' build argument 'cmake_target_skip_unavailable' from command line to 'False'
[1.794s] Level 5:colcon.colcon_core.verb:set package 'Erum_pde4430' build argument 'cmake_clean_cache' from command line to 'False'
[1.794s] Level 5:colcon.colcon_core.verb:set package 'Erum_pde4430' build argument 'cmake_clean_first' from command line to 'False'
[1.794s] Level 5:colcon.colcon_core.verb:set package 'Erum_pde4430' build argument 'cmake_force_configure' from command line to 'False'
[1.794s] Level 5:colcon.colcon_core.verb:set package 'Erum_pde4430' build argument 'ament_cmake_args' from command line to 'None'
[1.794s] Level 5:colcon.colcon_core.verb:set package 'Erum_pde4430' build argument 'catkin_cmake_args' from command line to 'None'
[1.794s] Level 5:colcon.colcon_core.verb:set package 'Erum_pde4430' build argument 'catkin_skip_building_tests' from command line to 'False'
[1.795s] DEBUG:colcon.colcon_core.verb:Building package 'Erum_pde4430' with the following arguments: {'ament_cmake_args': None, 'build_base': '/home/erum/ros2_workspace/build/Erum_pde4430', 'catkin_cmake_args': None, 'catkin_skip_building_tests': False, 'cmake_args': None, 'cmake_clean_cache': False, 'cmake_clean_first': False, 'cmake_force_configure': False, 'cmake_target': None, 'cmake_target_skip_unavailable': False, 'install_base': '/home/erum/ros2_workspace/install/Erum_pde4430', 'merge_install': False, 'path': '/home/erum/ros2_workspace/src/Erum_pde4430', 'symlink_install': False, 'test_result_base': None}
[1.795s] Level 5:colcon.colcon_core.verb:set package 'my_first_pkg' build argument 'cmake_args' from command line to 'None'
[1.795s] Level 5:colcon.colcon_core.verb:set package 'my_first_pkg' build argument 'cmake_target' from command line to 'None'
[1.795s] Level 5:colcon.colcon_core.verb:set package 'my_first_pkg' build argument 'cmake_target_skip_unavailable' from command line to 'False'
[1.795s] Level 5:colcon.colcon_core.verb:set package 'my_first_pkg' build argument 'cmake_clean_cache' from command line to 'False'
[1.795s] Level 5:colcon.colcon_core.verb:set package 'my_first_pkg' build argument 'cmake_clean_first' from command line to 'False'
[1.795s] Level 5:colcon.colcon_core.verb:set package 'my_first_pkg' build argument 'cmake_force_configure' from command line to 'False'
[1.795s] Level 5:colcon.colcon_core.verb:set package 'my_first_pkg' build argument 'ament_cmake_args' from command line to 'None'
[1.795s] Level 5:colcon.colcon_core.verb:set package 'my_first_pkg' build argument 'catkin_cmake_args' from command line to 'None'
[1.795s] Level 5:colcon.colcon_core.verb:set package 'my_first_pkg' build argument 'catkin_skip_building_tests' from command line to 'False'
[1.795s] DEBUG:colcon.colcon_core.verb:Building package 'my_first_pkg' with the following arguments: {'ament_cmake_args': None, 'build_base': '/home/erum/ros2_workspace/build/my_first_pkg', 'catkin_cmake_args': None, 'catkin_skip_building_tests': False, 'cmake_args': None, 'cmake_clean_cache': False, 'cmake_clean_first': False, 'cmake_force_configure': False, 'cmake_target': None, 'cmake_target_skip_unavailable': False, 'install_base': '/home/erum/ros2_workspace/install/my_first_pkg', 'merge_install': False, 'path': '/home/erum/ros2_workspace/src/my_first_pkg', 'symlink_install': False, 'test_result_base': None}
[1.796s] Level 5:colcon.colcon_core.verb:set package 'new_interfaces' build argument 'cmake_args' from command line to 'None'
[1.796s] Level 5:colcon.colcon_core.verb:set package 'new_interfaces' build argument 'cmake_target' from command line to 'None'
[1.796s] Level 5:colcon.colcon_core.verb:set package 'new_interfaces' build argument 'cmake_target_skip_unavailable' from command line to 'False'
[1.796s] Level 5:colcon.colcon_core.verb:set package 'new_interfaces' build argument 'cmake_clean_cache' from command line to 'False'
[1.796s] Level 5:colcon.colcon_core.verb:set package 'new_interfaces' build argument 'cmake_clean_first' from command line to 'False'
[1.796s] Level 5:colcon.colcon_core.verb:set package 'new_interfaces' build argument 'cmake_force_configure' from command line to 'False'
[1.796s] Level 5:colcon.colcon_core.verb:set package 'new_interfaces' build argument 'ament_cmake_args' from command line to 'None'
[1.796s] Level 5:colcon.colcon_core.verb:set package 'new_interfaces' build argument 'catkin_cmake_args' from command line to 'None'
[1.796s] Level 5:colcon.colcon_core.verb:set package 'new_interfaces' build argument 'catkin_skip_building_tests' from command line to 'False'
[1.796s] DEBUG:colcon.colcon_core.verb:Building package 'new_interfaces' with the following arguments: {'ament_cmake_args': None, 'build_base': '/home/erum/ros2_workspace/build/new_interfaces', 'catkin_cmake_args': None, 'catkin_skip_building_tests': False, 'cmake_args': None, 'cmake_clean_cache': False, 'cmake_clean_first': False, 'cmake_force_configure': False, 'cmake_target': None, 'cmake_target_skip_unavailable': False, 'install_base': '/home/erum/ros2_workspace/install/new_interfaces', 'merge_install': False, 'path': '/home/erum/ros2_workspace/src/new_interfaces', 'symlink_install': False, 'test_result_base': None}
[1.797s] Level 5:colcon.colcon_core.verb:set package 'add_two_ints_pkg' build argument 'cmake_args' from command line to 'None'
[1.797s] Level 5:colcon.colcon_core.verb:set package 'add_two_ints_pkg' build argument 'cmake_target' from command line to 'None'
[1.797s] Level 5:colcon.colcon_core.verb:set package 'add_two_ints_pkg' build argument 'cmake_target_skip_unavailable' from command line to 'False'
[1.797s] Level 5:colcon.colcon_core.verb:set package 'add_two_ints_pkg' build argument 'cmake_clean_cache' from command line to 'False'
[1.797s] Level 5:colcon.colcon_core.verb:set package 'add_two_ints_pkg' build argument 'cmake_clean_first' from command line to 'False'
[1.797s] Level 5:colcon.colcon_core.verb:set package 'add_two_ints_pkg' build argument 'cmake_force_configure' from command line to 'False'
[1.797s] Level 5:colcon.colcon_core.verb:set package 'add_two_ints_pkg' build argument 'ament_cmake_args' from command line to 'None'
[1.797s] Level 5:colcon.colcon_core.verb:set package 'add_two_ints_pkg' build argument 'catkin_cmake_args' from command line to 'None'
[1.797s] Level 5:colcon.colcon_core.verb:set package 'add_two_ints_pkg' build argument 'catkin_skip_building_tests' from command line to 'False'
[1.797s] DEBUG:colcon.colcon_core.verb:Building package 'add_two_ints_pkg' with the following arguments: {'ament_cmake_args': None, 'build_base': '/home/erum/ros2_workspace/build/add_two_ints_pkg', 'catkin_cmake_args': None, 'catkin_skip_building_tests': False, 'cmake_args': None, 'cmake_clean_cache': False, 'cmake_clean_first': False, 'cmake_force_configure': False, 'cmake_target': None, 'cmake_target_skip_unavailable': False, 'install_base': '/home/erum/ros2_workspace/install/add_two_ints_pkg', 'merge_install': False, 'path': '/home/erum/ros2_workspace/src/add_two_ints_pkg', 'symlink_install': False, 'test_result_base': None}
[1.797s] INFO:colcon.colcon_core.executor:Executing jobs using 'parallel' executor
[1.803s] DEBUG:colcon.colcon_parallel_executor.executor.parallel:run_until_complete
[1.804s] INFO:colcon.colcon_ros.task.ament_cmake.build:Building ROS package in '/home/erum/ros2_workspace/src/new_interfaces' with build type 'ament_cmake'
[1.805s] INFO:colcon.colcon_cmake.task.cmake.build:Building CMake package in '/home/erum/ros2_workspace/src/new_interfaces'
[1.841s] INFO:colcon.colcon_core.plugin_system:Skipping extension 'colcon_core.shell.bat': Not used on non-Windows systems
[1.843s] INFO:colcon.colcon_core.shell:Skip shell extension 'powershell' for command environment: Not usable outside of PowerShell
[1.843s] DEBUG:colcon.colcon_core.shell:Skip shell extension 'dsv' for command environment
[1.855s] INFO:colcon.colcon_ros.task.ament_python.build:Building ROS package in '/home/erum/ros2_workspace/src/Erum_pde4430' with build type 'ament_python'
[1.855s] Level 1:colcon.colcon_core.shell:create_environment_hook('Erum_pde4430', 'ament_prefix_path')
[1.855s] INFO:colcon.colcon_core.shell:Creating environment hook '/home/erum/ros2_workspace/install/Erum_pde4430/share/Erum_pde4430/hook/ament_prefix_path.ps1'
[1.859s] INFO:colcon.colcon_core.shell:Creating environment descriptor '/home/erum/ros2_workspace/install/Erum_pde4430/share/Erum_pde4430/hook/ament_prefix_path.dsv'
[1.861s] INFO:colcon.colcon_core.shell:Creating environment hook '/home/erum/ros2_workspace/install/Erum_pde4430/share/Erum_pde4430/hook/ament_prefix_path.sh'
[1.864s] INFO:colcon.colcon_core.shell:Skip shell extension 'powershell' for command environment: Not usable outside of PowerShell
[1.865s] DEBUG:colcon.colcon_core.shell:Skip shell extension 'dsv' for command environment
[1.886s] DEBUG:colcon.colcon_core.event_handler.log_command:Invoking command in '/home/erum/ros2_workspace/build/new_interfaces': CMAKE_PREFIX_PATH=${CMAKE_PREFIX_PATH}:/home/erum/ros2_workspace/install/add_two_ints_pkg:/home/erum/ros2_workspace/install/my_first_pkg:/home/erum/ros2_workspace/install/Erum_pde4430:/opt/ros/jazzy DEBUGINFOD_URLS=https://debuginfod.ubuntu.com /usr/bin/cmake --build /home/erum/ros2_workspace/build/new_interfaces -- -j2 -l2
[2.400s] INFO:colcon.colcon_core.task.python.build:Building Python package in '/home/erum/ros2_workspace/src/Erum_pde4430'
[2.401s] INFO:colcon.colcon_core.shell:Skip shell extension 'powershell' for command environment: Not usable outside of PowerShell
[2.401s] DEBUG:colcon.colcon_core.shell:Skip shell extension 'dsv' for command environment
[4.244s] DEBUG:colcon.colcon_core.event_handler.log_command:Invoked command in '/home/erum/ros2_workspace/build/new_interfaces' returned '0': CMAKE_PREFIX_PATH=${CMAKE_PREFIX_PATH}:/home/erum/ros2_workspace/install/add_two_ints_pkg:/home/erum/ros2_workspace/install/my_first_pkg:/home/erum/ros2_workspace/install/Erum_pde4430:/opt/ros/jazzy DEBUGINFOD_URLS=https://debuginfod.ubuntu.com /usr/bin/cmake --build /home/erum/ros2_workspace/build/new_interfaces -- -j2 -l2
[4.299s] DEBUG:colcon.colcon_core.event_handler.log_command:Invoking command in '/home/erum/ros2_workspace/build/new_interfaces': CMAKE_PREFIX_PATH=${CMAKE_PREFIX_PATH}:/home/erum/ros2_workspace/install/add_two_ints_pkg:/home/erum/ros2_workspace/install/my_first_pkg:/home/erum/ros2_workspace/install/Erum_pde4430:/opt/ros/jazzy DEBUGINFOD_URLS=https://debuginfod.ubuntu.com /usr/bin/cmake --install /home/erum/ros2_workspace/build/new_interfaces
[4.661s] Level 1:colcon.colcon_core.environment:create_environment_scripts_only(new_interfaces)
[4.663s] DEBUG:colcon.colcon_core.event_handler.log_command:Invoked command in '/home/erum/ros2_workspace/build/new_interfaces' returned '0': CMAKE_PREFIX_PATH=${CMAKE_PREFIX_PATH}:/home/erum/ros2_workspace/install/add_two_ints_pkg:/home/erum/ros2_workspace/install/my_first_pkg:/home/erum/ros2_workspace/install/Erum_pde4430:/opt/ros/jazzy DEBUGINFOD_URLS=https://debuginfod.ubuntu.com /usr/bin/cmake --install /home/erum/ros2_workspace/build/new_interfaces
[4.698s] Level 1:colcon.colcon_core.environment:checking '/home/erum/ros2_workspace/install/new_interfaces' for CMake module files
[4.702s] Level 1:colcon.colcon_core.environment:checking '/home/erum/ros2_workspace/install/new_interfaces' for CMake config files
[4.704s] Level 1:colcon.colcon_core.shell:create_environment_hook('new_interfaces', 'cmake_prefix_path')
[4.705s] INFO:colcon.colcon_core.shell:Creating environment hook '/home/erum/ros2_workspace/install/new_interfaces/share/new_interfaces/hook/cmake_prefix_path.ps1'
[4.709s] INFO:colcon.colcon_core.shell:Creating environment descriptor '/home/erum/ros2_workspace/install/new_interfaces/share/new_interfaces/hook/cmake_prefix_path.dsv'
[4.715s] INFO:colcon.colcon_core.shell:Creating environment hook '/home/erum/ros2_workspace/install/new_interfaces/share/new_interfaces/hook/cmake_prefix_path.sh'
[4.719s] Level 1:colcon.colcon_core.environment:checking '/home/erum/ros2_workspace/install/new_interfaces/lib'
[4.719s] Level 1:colcon.colcon_core.shell:create_environment_hook('new_interfaces', 'ld_library_path_lib')
[4.719s] INFO:colcon.colcon_core.shell:Creating environment hook '/home/erum/ros2_workspace/install/new_interfaces/share/new_interfaces/hook/ld_library_path_lib.ps1'
[4.720s] INFO:colcon.colcon_core.shell:Creating environment descriptor '/home/erum/ros2_workspace/install/new_interfaces/share/new_interfaces/hook/ld_library_path_lib.dsv'
[4.726s] INFO:colcon.colcon_core.shell:Creating environment hook '/home/erum/ros2_workspace/install/new_interfaces/share/new_interfaces/hook/ld_library_path_lib.sh'
[4.729s] Level 1:colcon.colcon_core.environment:checking '/home/erum/ros2_workspace/install/new_interfaces/bin'
[4.732s] Level 1:colcon.colcon_core.environment:checking '/home/erum/ros2_workspace/install/new_interfaces/lib/pkgconfig/new_interfaces.pc'
[4.732s] Level 1:colcon.colcon_core.environment:checking '/home/erum/ros2_workspace/install/new_interfaces/lib/python3.12/site-packages'
[4.732s] Level 1:colcon.colcon_core.shell:create_environment_hook('new_interfaces', 'pythonpath')
[4.733s] INFO:colcon.colcon_core.shell:Creating environment hook '/home/erum/ros2_workspace/install/new_interfaces/share/new_interfaces/hook/pythonpath.ps1'
[4.738s] INFO:colcon.colcon_core.shell:Creating environment descriptor '/home/erum/ros2_workspace/install/new_interfaces/share/new_interfaces/hook/pythonpath.dsv'
[4.740s] INFO:colcon.colcon_core.shell:Creating environment hook '/home/erum/ros2_workspace/install/new_interfaces/share/new_interfaces/hook/pythonpath.sh'
[4.751s] Level 1:colcon.colcon_core.environment:checking '/home/erum/ros2_workspace/install/new_interfaces/bin'
[4.751s] INFO:colcon.colcon_core.shell:Creating package script '/home/erum/ros2_workspace/install/new_interfaces/share/new_interfaces/package.ps1'
[4.757s] INFO:colcon.colcon_core.shell:Creating package descriptor '/home/erum/ros2_workspace/install/new_interfaces/share/new_interfaces/package.dsv'
[4.763s] INFO:colcon.colcon_core.shell:Creating package script '/home/erum/ros2_workspace/install/new_interfaces/share/new_interfaces/package.sh'
[4.773s] INFO:colcon.colcon_core.shell:Creating package script '/home/erum/ros2_workspace/install/new_interfaces/share/new_interfaces/package.bash'
[4.777s] INFO:colcon.colcon_core.shell:Creating package script '/home/erum/ros2_workspace/install/new_interfaces/share/new_interfaces/package.zsh'
[4.784s] Level 1:colcon.colcon_core.environment:create_file_with_runtime_dependencies(/home/erum/ros2_workspace/install/new_interfaces/share/colcon-core/packages/new_interfaces)
[4.789s] Level 1:colcon.colcon_core.environment:create_environment_scripts_only(new_interfaces)
[4.789s] Level 1:colcon.colcon_core.environment:checking '/home/erum/ros2_workspace/install/new_interfaces' for CMake module files
[4.793s] Level 1:colcon.colcon_core.environment:checking '/home/erum/ros2_workspace/install/new_interfaces' for CMake config files
[4.796s] Level 1:colcon.colcon_core.shell:create_environment_hook('new_interfaces', 'cmake_prefix_path')
[4.796s] INFO:colcon.colcon_core.shell:Creating environment hook '/home/erum/ros2_workspace/install/new_interfaces/share/new_interfaces/hook/cmake_prefix_path.ps1'
[4.802s] INFO:colcon.colcon_core.shell:Creating environment descriptor '/home/erum/ros2_workspace/install/new_interfaces/share/new_interfaces/hook/cmake_prefix_path.dsv'
[4.805s] INFO:colcon.colcon_core.shell:Creating environment hook '/home/erum/ros2_workspace/install/new_interfaces/share/new_interfaces/hook/cmake_prefix_path.sh'
[4.808s] Level 1:colcon.colcon_core.environment:checking '/home/erum/ros2_workspace/install/new_interfaces/lib'
[4.808s] Level 1:colcon.colcon_core.shell:create_environment_hook('new_interfaces', 'ld_library_path_lib')
[4.808s] INFO:colcon.colcon_core.shell:Creating environment hook '/home/erum/ros2_workspace/install/new_interfaces/share/new_interfaces/hook/ld_library_path_lib.ps1'
[4.814s] INFO:colcon.colcon_core.shell:Creating environment descriptor '/home/erum/ros2_workspace/install/new_interfaces/share/new_interfaces/hook/ld_library_path_lib.dsv'
[4.817s] INFO:colcon.colcon_core.shell:Creating environment hook '/home/erum/ros2_workspace/install/new_interfaces/share/new_interfaces/hook/ld_library_path_lib.sh'
[4.826s] Level 1:colcon.colcon_core.environment:checking '/home/erum/ros2_workspace/install/new_interfaces/bin'
[4.826s] Level 1:colcon.colcon_core.environment:checking '/home/erum/ros2_workspace/install/new_interfaces/lib/pkgconfig/new_interfaces.pc'
[4.827s] Level 1:colcon.colcon_core.environment:checking '/home/erum/ros2_workspace/install/new_interfaces/lib/python3.12/site-packages'
[4.827s] Level 1:colcon.colcon_core.shell:create_environment_hook('new_interfaces', 'pythonpath')
[4.827s] INFO:colcon.colcon_core.shell:Creating environment hook '/home/erum/ros2_workspace/install/new_interfaces/share/new_interfaces/hook/pythonpath.ps1'
[4.837s] INFO:colcon.colcon_core.shell:Creating environment descriptor '/home/erum/ros2_workspace/install/new_interfaces/share/new_interfaces/hook/pythonpath.dsv'
[4.839s] INFO:colcon.colcon_core.shell:Creating environment hook '/home/erum/ros2_workspace/install/new_interfaces/share/new_interfaces/hook/pythonpath.sh'
[4.854s] Level 1:colcon.colcon_core.environment:checking '/home/erum/ros2_workspace/install/new_interfaces/bin'
[4.855s] INFO:colcon.colcon_core.shell:Creating package script '/home/erum/ros2_workspace/install/new_interfaces/share/new_interfaces/package.ps1'
[4.862s] INFO:colcon.colcon_core.shell:Creating package descriptor '/home/erum/ros2_workspace/install/new_interfaces/share/new_interfaces/package.dsv'
[4.863s] INFO:colcon.colcon_core.shell:Creating package script '/home/erum/ros2_workspace/install/new_interfaces/share/new_interfaces/package.sh'
[4.870s] INFO:colcon.colcon_core.shell:Creating package script '/home/erum/ros2_workspace/install/new_interfaces/share/new_interfaces/package.bash'
[4.871s] INFO:colcon.colcon_core.shell:Creating package script '/home/erum/ros2_workspace/install/new_interfaces/share/new_interfaces/package.zsh'
[4.874s] Level 1:colcon.colcon_core.environment:create_file_with_runtime_dependencies(/home/erum/ros2_workspace/install/new_interfaces/share/colcon-core/packages/new_interfaces)
[4.875s] INFO:colcon.colcon_ros.task.ament_python.build:Building ROS package in '/home/erum/ros2_workspace/src/my_first_pkg' with build type 'ament_python'
[4.875s] Level 1:colcon.colcon_core.shell:create_environment_hook('my_first_pkg', 'ament_prefix_path')
[4.875s] INFO:colcon.colcon_core.shell:Creating environment hook '/home/erum/ros2_workspace/install/my_first_pkg/share/my_first_pkg/hook/ament_prefix_path.ps1'
[4.881s] INFO:colcon.colcon_core.shell:Creating environment descriptor '/home/erum/ros2_workspace/install/my_first_pkg/share/my_first_pkg/hook/ament_prefix_path.dsv'
[4.883s] INFO:colcon.colcon_core.shell:Creating environment hook '/home/erum/ros2_workspace/install/my_first_pkg/share/my_first_pkg/hook/ament_prefix_path.sh'
[4.886s] INFO:colcon.colcon_core.shell:Skip shell extension 'powershell' for command environment: Not usable outside of PowerShell
[4.886s] DEBUG:colcon.colcon_core.shell:Skip shell extension 'dsv' for command environment
[5.637s] INFO:colcon.colcon_core.task.python.build:Building Python package in '/home/erum/ros2_workspace/src/my_first_pkg'
[5.638s] INFO:colcon.colcon_core.shell:Skip shell extension 'powershell' for command environment: Not usable outside of PowerShell
[5.638s] DEBUG:colcon.colcon_core.shell:Skip shell extension 'dsv' for command environment
[5.653s] DEBUG:colcon.colcon_core.event_handler.log_command:Invoking command in '/home/erum/ros2_workspace/src/Erum_pde4430': DEBUGINFOD_URLS=https://debuginfod.ubuntu.com PYTHONPATH=/home/erum/ros2_workspace/build/Erum_pde4430/prefix_override:/usr/lib/python3/dist-packages/colcon_core/task/python/colcon_distutils_commands:/home/erum/ros2_workspace/install/Erum_pde4430/lib/python3.12/site-packages:${PYTHONPATH} /usr/bin/python3 -W ignore:setup.py install is deprecated -W ignore:easy_install command is deprecated setup.py egg_info --egg-base ../../build/Erum_pde4430 build --build-base /home/erum/ros2_workspace/build/Erum_pde4430/build install --record /home/erum/ros2_workspace/build/Erum_pde4430/install.log --single-version-externally-managed install_data
[6.769s] Level 1:colcon.colcon_core.environment:checking '/home/erum/ros2_workspace/install/Erum_pde4430' for CMake module files
[6.773s] Level 1:colcon.colcon_core.environment:checking '/home/erum/ros2_workspace/install/Erum_pde4430' for CMake config files
[6.773s] DEBUG:colcon.colcon_core.event_handler.log_command:Invoked command in '/home/erum/ros2_workspace/src/Erum_pde4430' returned '0': DEBUGINFOD_URLS=https://debuginfod.ubuntu.com PYTHONPATH=/home/erum/ros2_workspace/build/Erum_pde4430/prefix_override:/usr/lib/python3/dist-packages/colcon_core/task/python/colcon_distutils_commands:/home/erum/ros2_workspace/install/Erum_pde4430/lib/python3.12/site-packages:${PYTHONPATH} /usr/bin/python3 -W ignore:setup.py install is deprecated -W ignore:easy_install command is deprecated setup.py egg_info --egg-base ../../build/Erum_pde4430 build --build-base /home/erum/ros2_workspace/build/Erum_pde4430/build install --record /home/erum/ros2_workspace/build/Erum_pde4430/install.log --single-version-externally-managed install_data
[6.774s] Level 1:colcon.colcon_core.environment:checking '/home/erum/ros2_workspace/install/Erum_pde4430/lib'
[6.774s] Level 1:colcon.colcon_core.environment:checking '/home/erum/ros2_workspace/install/Erum_pde4430/bin'
[6.776s] Level 1:colcon.colcon_core.environment:checking '/home/erum/ros2_workspace/install/Erum_pde4430/lib/pkgconfig/Erum_pde4430.pc'
[6.776s] Level 1:colcon.colcon_core.environment:checking '/home/erum/ros2_workspace/install/Erum_pde4430/lib/python3.12/site-packages'
[6.776s] Level 1:colcon.colcon_core.shell:create_environment_hook('Erum_pde4430', 'pythonpath')
[6.777s] INFO:colcon.colcon_core.shell:Creating environment hook '/home/erum/ros2_workspace/install/Erum_pde4430/share/Erum_pde4430/hook/pythonpath.ps1'
[6.782s] INFO:colcon.colcon_core.shell:Creating environment descriptor '/home/erum/ros2_workspace/install/Erum_pde4430/share/Erum_pde4430/hook/pythonpath.dsv'
[6.783s] INFO:colcon.colcon_core.shell:Creating environment hook '/home/erum/ros2_workspace/install/Erum_pde4430/share/Erum_pde4430/hook/pythonpath.sh'
[6.785s] Level 1:colcon.colcon_core.environment:checking '/home/erum/ros2_workspace/install/Erum_pde4430/bin'
[6.786s] Level 1:colcon.colcon_core.environment:create_environment_scripts_only(Erum_pde4430)
[6.786s] INFO:colcon.colcon_core.shell:Creating package script '/home/erum/ros2_workspace/install/Erum_pde4430/share/Erum_pde4430/package.ps1'
[6.787s] INFO:colcon.colcon_core.shell:Creating package descriptor '/home/erum/ros2_workspace/install/Erum_pde4430/share/Erum_pde4430/package.dsv'
[6.789s] INFO:colcon.colcon_core.shell:Creating package script '/home/erum/ros2_workspace/install/Erum_pde4430/share/Erum_pde4430/package.sh'
[6.789s] INFO:colcon.colcon_core.shell:Creating package script '/home/erum/ros2_workspace/install/Erum_pde4430/share/Erum_pde4430/package.bash'
[6.790s] INFO:colcon.colcon_core.shell:Creating package script '/home/erum/ros2_workspace/install/Erum_pde4430/share/Erum_pde4430/package.zsh'
[6.791s] Level 1:colcon.colcon_core.environment:create_file_with_runtime_dependencies(/home/erum/ros2_workspace/install/Erum_pde4430/share/colcon-core/packages/Erum_pde4430)
[6.792s] INFO:colcon.colcon_ros.task.ament_python.build:Building ROS package in '/home/erum/ros2_workspace/src/add_two_ints_pkg' with build type 'ament_python'
[6.792s] Level 1:colcon.colcon_core.shell:create_environment_hook('add_two_ints_pkg', 'ament_prefix_path')
[6.792s] INFO:colcon.colcon_core.shell:Creating environment hook '/home/erum/ros2_workspace/install/add_two_ints_pkg/share/add_two_ints_pkg/hook/ament_prefix_path.ps1'
[6.793s] INFO:colcon.colcon_core.shell:Creating environment descriptor '/home/erum/ros2_workspace/install/add_two_ints_pkg/share/add_two_ints_pkg/hook/ament_prefix_path.dsv'
[6.793s] INFO:colcon.colcon_core.shell:Creating environment hook '/home/erum/ros2_workspace/install/add_two_ints_pkg/share/add_two_ints_pkg/hook/ament_prefix_path.sh'
[6.794s] INFO:colcon.colcon_core.shell:Skip shell extension 'powershell' for command environment: Not usable outside of PowerShell
[6.794s] DEBUG:colcon.colcon_core.shell:Skip shell extension 'dsv' for command environment
[7.218s] INFO:colcon.colcon_core.task.python.build:Building Python package in '/home/erum/ros2_workspace/src/add_two_ints_pkg'
[7.219s] INFO:colcon.colcon_core.shell:Skip shell extension 'powershell' for command environment: Not usable outside of PowerShell
[7.219s] DEBUG:colcon.colcon_core.shell:Skip shell extension 'dsv' for command environment
[7.228s] DEBUG:colcon.colcon_core.event_handler.log_command:Invoking command in '/home/erum/ros2_workspace/src/my_first_pkg': DEBUGINFOD_URLS=https://debuginfod.ubuntu.com PYTHONPATH=/home/erum/ros2_workspace/build/my_first_pkg/prefix_override:/usr/lib/python3/dist-packages/colcon_core/task/python/colcon_distutils_commands:/home/erum/ros2_workspace/install/my_first_pkg/lib/python3.12/site-packages:${PYTHONPATH} /usr/bin/python3 -W ignore:setup.py install is deprecated -W ignore:easy_install command is deprecated setup.py egg_info --egg-base ../../build/my_first_pkg build --build-base /home/erum/ros2_workspace/build/my_first_pkg/build install --record /home/erum/ros2_workspace/build/my_first_pkg/install.log --single-version-externally-managed install_data
[8.050s] DEBUG:colcon.colcon_core.event_handler.log_command:Invoking command in '/home/erum/ros2_workspace/src/add_two_ints_pkg': DEBUGINFOD_URLS=https://debuginfod.ubuntu.com PYTHONPATH=/home/erum/ros2_workspace/build/add_two_ints_pkg/prefix_override:/usr/lib/python3/dist-packages/colcon_core/task/python/colcon_distutils_commands:/home/erum/ros2_workspace/install/add_two_ints_pkg/lib/python3.12/site-packages:/home/erum/ros2_workspace/install/new_interfaces/lib/python3.12/site-packages:/home/erum/ros2_workspace/install/add_two_ints_pkg/lib/python3.12/site-packages:/home/erum/ros2_workspace/install/my_first_pkg/lib/python3.12/site-packages:/home/erum/ros2_workspace/install/Erum_pde4430/lib/python3.12/site-packages:/opt/ros/jazzy/lib/python3.12/site-packages /usr/bin/python3 -W ignore:setup.py install is deprecated -W ignore:easy_install command is deprecated setup.py egg_info --egg-base ../../build/add_two_ints_pkg build --build-base /home/erum/ros2_workspace/build/add_two_ints_pkg/build install --record /home/erum/ros2_workspace/build/add_two_ints_pkg/install.log --single-version-externally-managed install_data
[8.118s] Level 1:colcon.colcon_core.environment:checking '/home/erum/ros2_workspace/install/my_first_pkg' for CMake module files
[8.119s] DEBUG:colcon.colcon_core.event_handler.log_command:Invoked command in '/home/erum/ros2_workspace/src/my_first_pkg' returned '0': DEBUGINFOD_URLS=https://debuginfod.ubuntu.com PYTHONPATH=/home/erum/ros2_workspace/build/my_first_pkg/prefix_override:/usr/lib/python3/dist-packages/colcon_core/task/python/colcon_distutils_commands:/home/erum/ros2_workspace/install/my_first_pkg/lib/python3.12/site-packages:${PYTHONPATH} /usr/bin/python3 -W ignore:setup.py install is deprecated -W ignore:easy_install command is deprecated setup.py egg_info --egg-base ../../build/my_first_pkg build --build-base /home/erum/ros2_workspace/build/my_first_pkg/build install --record /home/erum/ros2_workspace/build/my_first_pkg/install.log --single-version-externally-managed install_data
[8.120s] Level 1:colcon.colcon_core.environment:checking '/home/erum/ros2_workspace/install/my_first_pkg' for CMake config files
[8.121s] Level 1:colcon.colcon_core.environment:checking '/home/erum/ros2_workspace/install/my_first_pkg/lib'
[8.121s] Level 1:colcon.colcon_core.environment:checking '/home/erum/ros2_workspace/install/my_first_pkg/bin'
[8.121s] Level 1:colcon.colcon_core.environment:checking '/home/erum/ros2_workspace/install/my_first_pkg/lib/pkgconfig/my_first_pkg.pc'
[8.121s] Level 1:colcon.colcon_core.environment:checking '/home/erum/ros2_workspace/install/my_first_pkg/lib/python3.12/site-packages'
[8.122s] Level 1:colcon.colcon_core.shell:create_environment_hook('my_first_pkg', 'pythonpath')
[8.122s] INFO:colcon.colcon_core.shell:Creating environment hook '/home/erum/ros2_workspace/install/my_first_pkg/share/my_first_pkg/hook/pythonpath.ps1'
[8.123s] INFO:colcon.colcon_core.shell:Creating environment descriptor '/home/erum/ros2_workspace/install/my_first_pkg/share/my_first_pkg/hook/pythonpath.dsv'
[8.124s] INFO:colcon.colcon_core.shell:Creating environment hook '/home/erum/ros2_workspace/install/my_first_pkg/share/my_first_pkg/hook/pythonpath.sh'
[8.126s] Level 1:colcon.colcon_core.environment:checking '/home/erum/ros2_workspace/install/my_first_pkg/bin'
[8.126s] Level 1:colcon.colcon_core.environment:create_environment_scripts_only(my_first_pkg)
[8.126s] INFO:colcon.colcon_core.shell:Creating package script '/home/erum/ros2_workspace/install/my_first_pkg/share/my_first_pkg/package.ps1'
[8.127s] INFO:colcon.colcon_core.shell:Creating package descriptor '/home/erum/ros2_workspace/install/my_first_pkg/share/my_first_pkg/package.dsv'
[8.128s] INFO:colcon.colcon_core.shell:Creating package script '/home/erum/ros2_workspace/install/my_first_pkg/share/my_first_pkg/package.sh'
[8.129s] INFO:colcon.colcon_core.shell:Creating package script '/home/erum/ros2_workspace/install/my_first_pkg/share/my_first_pkg/package.bash'
[8.130s] INFO:colcon.colcon_core.shell:Creating package script '/home/erum/ros2_workspace/install/my_first_pkg/share/my_first_pkg/package.zsh'
[8.131s] Level 1:colcon.colcon_core.environment:create_file_with_runtime_dependencies(/home/erum/ros2_workspace/install/my_first_pkg/share/colcon-core/packages/my_first_pkg)
[8.819s] Level 1:colcon.colcon_core.environment:checking '/home/erum/ros2_workspace/install/add_two_ints_pkg' for CMake module files
[8.820s] Level 1:colcon.colcon_core.environment:checking '/home/erum/ros2_workspace/install/add_two_ints_pkg' for CMake config files
[8.821s] Level 1:colcon.colcon_core.environment:checking '/home/erum/ros2_workspace/install/add_two_ints_pkg/lib'
[8.821s] Level 1:colcon.colcon_core.environment:checking '/home/erum/ros2_workspace/install/add_two_ints_pkg/bin'
[8.821s] Level 1:colcon.colcon_core.environment:checking '/home/erum/ros2_workspace/install/add_two_ints_pkg/lib/pkgconfig/add_two_ints_pkg.pc'
[8.821s] Level 1:colcon.colcon_core.environment:checking '/home/erum/ros2_workspace/install/add_two_ints_pkg/lib/python3.12/site-packages'
[8.821s] Level 1:colcon.colcon_core.shell:create_environment_hook('add_two_ints_pkg', 'pythonpath')
[8.822s] INFO:colcon.colcon_core.shell:Creating environment hook '/home/erum/ros2_workspace/install/add_two_ints_pkg/share/add_two_ints_pkg/hook/pythonpath.ps1'
[8.822s] DEBUG:colcon.colcon_core.event_handler.log_command:Invoked command in '/home/erum/ros2_workspace/src/add_two_ints_pkg' returned '0': DEBUGINFOD_URLS=https://debuginfod.ubuntu.com PYTHONPATH=/home/erum/ros2_workspace/build/add_two_ints_pkg/prefix_override:/usr/lib/python3/dist-packages/colcon_core/task/python/colcon_distutils_commands:/home/erum/ros2_workspace/install/add_two_ints_pkg/lib/python3.12/site-packages:/home/erum/ros2_workspace/install/new_interfaces/lib/python3.12/site-packages:/home/erum/ros2_workspace/install/add_two_ints_pkg/lib/python3.12/site-packages:/home/erum/ros2_workspace/install/my_first_pkg/lib/python3.12/site-packages:/home/erum/ros2_workspace/install/Erum_pde4430/lib/python3.12/site-packages:/opt/ros/jazzy/lib/python3.12/site-packages /usr/bin/python3 -W ignore:setup.py install is deprecated -W ignore:easy_install command is deprecated setup.py egg_info --egg-base ../../build/add_two_ints_pkg build --build-base /home/erum/ros2_workspace/build/add_two_ints_pkg/build install --record /home/erum/ros2_workspace/build/add_two_ints_pkg/install.log --single-version-externally-managed install_data
[8.823s] INFO:colcon.colcon_core.shell:Creating environment descriptor '/home/erum/ros2_workspace/install/add_two_ints_pkg/share/add_two_ints_pkg/hook/pythonpath.dsv'
[8.824s] INFO:colcon.colcon_core.shell:Creating environment hook '/home/erum/ros2_workspace/install/add_two_ints_pkg/share/add_two_ints_pkg/hook/pythonpath.sh'
[8.825s] Level 1:colcon.colcon_core.environment:checking '/home/erum/ros2_workspace/install/add_two_ints_pkg/bin'
[8.825s] Level 1:colcon.colcon_core.environment:create_environment_scripts_only(add_two_ints_pkg)
[8.825s] INFO:colcon.colcon_core.shell:Creating package script '/home/erum/ros2_workspace/install/add_two_ints_pkg/share/add_two_ints_pkg/package.ps1'
[8.826s] INFO:colcon.colcon_core.shell:Creating package descriptor '/home/erum/ros2_workspace/install/add_two_ints_pkg/share/add_two_ints_pkg/package.dsv'
[8.827s] INFO:colcon.colcon_core.shell:Creating package script '/home/erum/ros2_workspace/install/add_two_ints_pkg/share/add_two_ints_pkg/package.sh'
[8.829s] INFO:colcon.colcon_core.shell:Creating package script '/home/erum/ros2_workspace/install/add_two_ints_pkg/share/add_two_ints_pkg/package.bash'
[8.830s] INFO:colcon.colcon_core.shell:Creating package script '/home/erum/ros2_workspace/install/add_two_ints_pkg/share/add_two_ints_pkg/package.zsh'
[8.831s] Level 1:colcon.colcon_core.environment:create_file_with_runtime_dependencies(/home/erum/ros2_workspace/install/add_two_ints_pkg/share/colcon-core/packages/add_two_ints_pkg)
[8.832s] DEBUG:colcon.colcon_parallel_executor.executor.parallel:closing loop
[8.833s] DEBUG:colcon.colcon_parallel_executor.executor.parallel:loop closed
[8.833s] DEBUG:colcon.colcon_parallel_executor.executor.parallel:run_until_complete finished with '0'
[8.834s] DEBUG:colcon.colcon_core.event_reactor:joining thread
[8.889s] INFO:colcon.colcon_core.plugin_system:Skipping extension 'colcon_notification.desktop_notification.terminal_notifier': Not used on non-Darwin systems
[8.890s] INFO:colcon.colcon_core.plugin_system:Skipping extension 'colcon_notification.desktop_notification.win32': Not used on non-Windows systems
[8.890s] INFO:colcon.colcon_notification.desktop_notification:Sending desktop notification using 'notify2'
[9.160s] DEBUG:colcon.colcon_core.event_reactor:joined thread
[9.160s] INFO:colcon.colcon_core.shell:Creating prefix script '/home/erum/ros2_workspace/install/local_setup.ps1'
[9.164s] INFO:colcon.colcon_core.shell:Creating prefix util module '/home/erum/ros2_workspace/install/_local_setup_util_ps1.py'
[9.172s] INFO:colcon.colcon_core.shell:Creating prefix chain script '/home/erum/ros2_workspace/install/setup.ps1'
[9.177s] INFO:colcon.colcon_core.shell:Creating prefix script '/home/erum/ros2_workspace/install/local_setup.sh'
[9.182s] INFO:colcon.colcon_core.shell:Creating prefix util module '/home/erum/ros2_workspace/install/_local_setup_util_sh.py'
[9.185s] INFO:colcon.colcon_core.shell:Creating prefix chain script '/home/erum/ros2_workspace/install/setup.sh'
[9.189s] INFO:colcon.colcon_core.shell:Creating prefix script '/home/erum/ros2_workspace/install/local_setup.bash'
[9.193s] INFO:colcon.colcon_core.shell:Creating prefix chain script '/home/erum/ros2_workspace/install/setup.bash'
[9.197s] INFO:colcon.colcon_core.shell:Creating prefix script '/home/erum/ros2_workspace/install/local_setup.zsh'
[9.201s] INFO:colcon.colcon_core.shell:Creating prefix chain script '/home/erum/ros2_workspace/install/setup.zsh'
