[0.018s] Invoking command in '/home/erum/ros2_workspace/build/new_interfaces': CMAKE_PREFIX_PATH=${CMAKE_PREFIX_PATH}:/home/erum/ros2_workspace/install/my_first_pkg:/home/erum/ros2_workspace/install/Erum_pde4430:/opt/ros/jazzy DEBUGINFOD_URLS=https://debuginfod.ubuntu.com /usr/bin/cmake /home/erum/ros2_workspace/src/new_interfaces -DCMAKE_INSTALL_PREFIX=/home/erum/ros2_workspace/install/new_interfaces
[0.353s] -- The C compiler identification is GNU 13.3.0
[0.513s] -- The CXX compiler identification is GNU 13.3.0
[0.545s] -- Detecting C compiler ABI info
[0.699s] -- Detecting C compiler ABI info - done
[0.705s] -- Check for working C compiler: /usr/bin/cc - skipped
[0.706s] -- Detecting C compile features
[0.707s] -- Detecting C compile features - done
[0.721s] -- Detecting CXX compiler ABI info
[0.837s] -- Detecting CXX compiler ABI info - done
[0.844s] -- Check for working CXX compiler: /usr/bin/c++ - skipped
[0.845s] -- Detecting CXX compile features
[0.845s] -- Detecting CXX compile features - done
[0.864s] -- Found ament_cmake: 2.5.4 (/opt/ros/jazzy/share/ament_cmake/cmake)
[1.108s] -- Found Python3: /usr/bin/python3 (found version "3.12.3") found components: Interpreter 
[1.512s] -- Found rosidl_default_generators: 1.6.0 (/opt/ros/jazzy/share/rosidl_default_generators/cmake)
[1.542s] -- Using all available rosidl_typesupport_c: rosidl_typesupport_fastrtps_c;rosidl_typesupport_introspection_c
[1.793s] -- Using all available rosidl_typesupport_cpp: rosidl_typesupport_fastrtps_cpp;rosidl_typesupport_introspection_cpp
[1.958s] -- Found rosidl_adapter: 4.6.6 (/opt/ros/jazzy/share/rosidl_adapter/cmake)
[3.381s] -- Found ament_cmake_ros: 0.12.0 (/opt/ros/jazzy/share/ament_cmake_ros/cmake)
[4.065s] -- Using all available rosidl_typesupport_c: rosidl_typesupport_fastrtps_c;rosidl_typesupport_introspection_c
[4.552s] -- Using all available rosidl_typesupport_cpp: rosidl_typesupport_fastrtps_cpp;rosidl_typesupport_introspection_cpp
[4.559s] -- Found python_cmake_module: 0.11.1 (/opt/ros/jazzy/share/python_cmake_module/cmake)
[4.680s] -- Found PythonExtra: /usr/bin/python3  
[5.238s] -- Found Python3: /usr/bin/python3 (found version "3.12.3") found components: Interpreter Development NumPy Development.Module Development.Embed 
[5.279s] -- Found ament_lint_auto: 0.17.3 (/opt/ros/jazzy/share/ament_lint_auto/cmake)
[5.318s] -- Added test 'lint_cmake' to check CMake code style
[5.320s] -- Added test 'xmllint' to check XML markup files
[5.328s] -- Configuring done (5.3s)
[5.378s] -- Generating done (0.0s)
[5.391s] -- Build files have been written to: /home/erum/ros2_workspace/build/new_interfaces
[5.402s] Invoked command in '/home/erum/ros2_workspace/build/new_interfaces' returned '0': CMAKE_PREFIX_PATH=${CMAKE_PREFIX_PATH}:/home/erum/ros2_workspace/install/my_first_pkg:/home/erum/ros2_workspace/install/Erum_pde4430:/opt/ros/jazzy DEBUGINFOD_URLS=https://debuginfod.ubuntu.com /usr/bin/cmake /home/erum/ros2_workspace/src/new_interfaces -DCMAKE_INSTALL_PREFIX=/home/erum/ros2_workspace/install/new_interfaces
[5.403s] Invoking command in '/home/erum/ros2_workspace/build/new_interfaces': CMAKE_PREFIX_PATH=${CMAKE_PREFIX_PATH}:/home/erum/ros2_workspace/install/my_first_pkg:/home/erum/ros2_workspace/install/Erum_pde4430:/opt/ros/jazzy DEBUGINFOD_URLS=https://debuginfod.ubuntu.com /usr/bin/cmake --build /home/erum/ros2_workspace/build/new_interfaces -- -j2 -l2
[5.461s] [  2%] [34m[1mGenerating type hashes for ROS interfaces[0m
[5.462s] [  2%] Built target ament_cmake_python_copy_new_interfaces
[5.649s] running egg_info
[5.649s] creating new_interfaces.egg-info
[5.650s] [  2%] Built target new_interfaces__rosidl_generator_type_description
[5.661s] writing new_interfaces.egg-info/PKG-INFO
[5.661s] writing dependency_links to new_interfaces.egg-info/dependency_links.txt
[5.661s] writing top-level names to new_interfaces.egg-info/top_level.txt
[5.662s] writing manifest file 'new_interfaces.egg-info/SOURCES.txt'
[5.670s] [  5%] [34m[1mGenerating C++ code for ROS interfaces[0m
[5.699s] reading manifest file 'new_interfaces.egg-info/SOURCES.txt'
[5.701s] writing manifest file 'new_interfaces.egg-info/SOURCES.txt'
[5.725s] [  5%] Built target ament_cmake_python_build_new_interfaces_egg
[5.735s] [  8%] [34m[1mGenerating C code for ROS interfaces[0m
[5.885s] [  8%] Built target new_interfaces__cpp
[5.949s] [ 11%] [32mBuilding C object CMakeFiles/new_interfaces__rosidl_generator_c.dir/rosidl_generator_c/new_interfaces/msg/detail/iot_sensor__functions.c.o[0m
[5.953s] [ 14%] [32mBuilding C object CMakeFiles/new_interfaces__rosidl_generator_c.dir/rosidl_generator_c/new_interfaces/msg/detail/iot_sensor__description.c.o[0m
[6.018s] [ 17%] [32mBuilding C object CMakeFiles/new_interfaces__rosidl_generator_c.dir/rosidl_generator_c/new_interfaces/msg/detail/iot_sensor__type_support.c.o[0m
[6.047s] [ 20%] [32m[1mLinking C shared library libnew_interfaces__rosidl_generator_c.so[0m
[6.085s] [ 20%] Built target new_interfaces__rosidl_generator_c
[6.096s] [ 23%] [34m[1mGenerating C++ type support for eProsima Fast-RTPS[0m
[6.306s] [ 26%] [32mBuilding CXX object CMakeFiles/new_interfaces__rosidl_typesupport_fastrtps_cpp.dir/rosidl_typesupport_fastrtps_cpp/new_interfaces/msg/detail/dds_fastrtps/iot_sensor__type_support.cpp.o[0m
[6.800s] [ 29%] [32m[1mLinking CXX shared library libnew_interfaces__rosidl_typesupport_fastrtps_cpp.so[0m
[6.877s] [ 29%] Built target new_interfaces__rosidl_typesupport_fastrtps_cpp
[6.877s] [ 32%] [34m[1mGenerating C++ introspection for ROS interfaces[0m
[6.887s] [ 35%] [34m[1mGenerating C++ type support dispatch for ROS interfaces[0m
[7.050s] [ 38%] [32mBuilding CXX object CMakeFiles/new_interfaces__rosidl_typesupport_introspection_cpp.dir/rosidl_typesupport_introspection_cpp/new_interfaces/msg/detail/iot_sensor__type_support.cpp.o[0m
[7.054s] [ 41%] [32mBuilding CXX object CMakeFiles/new_interfaces__rosidl_typesupport_cpp.dir/rosidl_typesupport_cpp/new_interfaces/msg/iot_sensor__type_support.cpp.o[0m
[7.298s] [ 44%] [32m[1mLinking CXX shared library libnew_interfaces__rosidl_typesupport_cpp.so[0m
[7.303s] [ 47%] [32m[1mLinking CXX shared library libnew_interfaces__rosidl_typesupport_introspection_cpp.so[0m
[7.337s] [ 47%] Built target new_interfaces__rosidl_typesupport_cpp
[7.347s] [ 50%] [34m[1mGenerating C type support for eProsima Fast-RTPS[0m
[7.359s] [ 50%] Built target new_interfaces__rosidl_typesupport_introspection_cpp
[7.369s] [ 52%] [34m[1mGenerating C introspection for ROS interfaces[0m
[7.538s] [ 55%] [32mBuilding CXX object CMakeFiles/new_interfaces__rosidl_typesupport_fastrtps_c.dir/rosidl_typesupport_fastrtps_c/new_interfaces/msg/detail/iot_sensor__type_support_c.cpp.o[0m
[7.538s] [ 58%] [32mBuilding C object CMakeFiles/new_interfaces__rosidl_typesupport_introspection_c.dir/rosidl_typesupport_introspection_c/new_interfaces/msg/detail/iot_sensor__type_support.c.o[0m
[7.573s] [ 61%] [32m[1mLinking C shared library libnew_interfaces__rosidl_typesupport_introspection_c.so[0m
[7.601s] [ 61%] Built target new_interfaces__rosidl_typesupport_introspection_c
[7.613s] [ 64%] [34m[1mGenerating C type support dispatch for ROS interfaces[0m
[7.775s] [ 67%] [32mBuilding CXX object CMakeFiles/new_interfaces__rosidl_typesupport_c.dir/rosidl_typesupport_c/new_interfaces/msg/iot_sensor__type_support.cpp.o[0m
[7.835s] [ 70%] [32m[1mLinking CXX shared library libnew_interfaces__rosidl_typesupport_c.so[0m
[7.878s] [ 70%] Built target new_interfaces__rosidl_typesupport_c
[7.910s] [ 73%] [32m[1mLinking CXX shared library libnew_interfaces__rosidl_typesupport_fastrtps_c.so[0m
[7.977s] [ 73%] Built target new_interfaces__rosidl_typesupport_fastrtps_c
[8.001s] [ 73%] Built target new_interfaces
[8.021s] [ 76%] [34m[1mGenerating Python code for ROS interfaces[0m
[8.230s] [ 76%] Built target new_interfaces__py
[8.251s] [ 79%] [32mBuilding C object CMakeFiles/new_interfaces__rosidl_generator_py.dir/rosidl_generator_py/new_interfaces/msg/_iot_sensor_s.c.o[0m
[8.438s] [ 82%] [32m[1mLinking C shared library libnew_interfaces__rosidl_generator_py.so[0m
[8.475s] [ 82%] Built target new_interfaces__rosidl_generator_py
[8.494s] [ 85%] [32mBuilding C object CMakeFiles/new_interfaces_s__rosidl_typesupport_introspection_c.dir/rosidl_generator_py/new_interfaces/_new_interfaces_s.ep.rosidl_typesupport_introspection_c.c.o[0m
[8.495s] [ 88%] [32mBuilding C object CMakeFiles/new_interfaces_s__rosidl_typesupport_fastrtps_c.dir/rosidl_generator_py/new_interfaces/_new_interfaces_s.ep.rosidl_typesupport_fastrtps_c.c.o[0m
[8.571s] [ 91%] [32m[1mLinking C shared module rosidl_generator_py/new_interfaces/new_interfaces_s__rosidl_typesupport_introspection_c.so[0m
[8.576s] [ 94%] [32m[1mLinking C shared module rosidl_generator_py/new_interfaces/new_interfaces_s__rosidl_typesupport_fastrtps_c.so[0m
[8.598s] [ 94%] Built target new_interfaces_s__rosidl_typesupport_introspection_c
[8.610s] [ 94%] Built target new_interfaces_s__rosidl_typesupport_fastrtps_c
[8.617s] [ 97%] [32mBuilding C object CMakeFiles/new_interfaces_s__rosidl_typesupport_c.dir/rosidl_generator_py/new_interfaces/_new_interfaces_s.ep.rosidl_typesupport_c.c.o[0m
[8.692s] [100%] [32m[1mLinking C shared module rosidl_generator_py/new_interfaces/new_interfaces_s__rosidl_typesupport_c.so[0m
[8.722s] [100%] Built target new_interfaces_s__rosidl_typesupport_c
[8.734s] Invoked command in '/home/erum/ros2_workspace/build/new_interfaces' returned '0': CMAKE_PREFIX_PATH=${CMAKE_PREFIX_PATH}:/home/erum/ros2_workspace/install/my_first_pkg:/home/erum/ros2_workspace/install/Erum_pde4430:/opt/ros/jazzy DEBUGINFOD_URLS=https://debuginfod.ubuntu.com /usr/bin/cmake --build /home/erum/ros2_workspace/build/new_interfaces -- -j2 -l2
[8.744s] Invoking command in '/home/erum/ros2_workspace/build/new_interfaces': CMAKE_PREFIX_PATH=${CMAKE_PREFIX_PATH}:/home/erum/ros2_workspace/install/my_first_pkg:/home/erum/ros2_workspace/install/Erum_pde4430:/opt/ros/jazzy DEBUGINFOD_URLS=https://debuginfod.ubuntu.com /usr/bin/cmake --install /home/erum/ros2_workspace/build/new_interfaces
[8.752s] -- Install configuration: ""
[8.757s] -- Installing: /home/erum/ros2_workspace/install/new_interfaces/share/ament_index/resource_index/rosidl_interfaces/new_interfaces
[8.757s] -- Installing: /home/erum/ros2_workspace/install/new_interfaces/share/new_interfaces/msg/IOTSensor.json
[8.757s] -- Installing: /home/erum/ros2_workspace/install/new_interfaces/include/new_interfaces/new_interfaces
[8.757s] -- Installing: /home/erum/ros2_workspace/install/new_interfaces/include/new_interfaces/new_interfaces/msg
[8.757s] -- Installing: /home/erum/ros2_workspace/install/new_interfaces/include/new_interfaces/new_interfaces/msg/rosidl_generator_c__visibility_control.h
[8.757s] -- Installing: /home/erum/ros2_workspace/install/new_interfaces/include/new_interfaces/new_interfaces/msg/iot_sensor.h
[8.757s] -- Installing: /home/erum/ros2_workspace/install/new_interfaces/include/new_interfaces/new_interfaces/msg/detail
[8.757s] -- Installing: /home/erum/ros2_workspace/install/new_interfaces/include/new_interfaces/new_interfaces/msg/detail/iot_sensor__functions.c
[8.757s] -- Installing: /home/erum/ros2_workspace/install/new_interfaces/include/new_interfaces/new_interfaces/msg/detail/iot_sensor__type_support.h
[8.757s] -- Installing: /home/erum/ros2_workspace/install/new_interfaces/include/new_interfaces/new_interfaces/msg/detail/iot_sensor__struct.h
[8.757s] -- Installing: /home/erum/ros2_workspace/install/new_interfaces/include/new_interfaces/new_interfaces/msg/detail/iot_sensor__type_support.c
[8.757s] -- Installing: /home/erum/ros2_workspace/install/new_interfaces/include/new_interfaces/new_interfaces/msg/detail/iot_sensor__description.c
[8.757s] -- Installing: /home/erum/ros2_workspace/install/new_interfaces/include/new_interfaces/new_interfaces/msg/detail/iot_sensor__functions.h
[8.757s] -- Installing: /home/erum/ros2_workspace/install/new_interfaces/share/new_interfaces/environment/library_path.sh
[8.757s] -- Installing: /home/erum/ros2_workspace/install/new_interfaces/share/new_interfaces/environment/library_path.dsv
[8.757s] -- Installing: /home/erum/ros2_workspace/install/new_interfaces/lib/libnew_interfaces__rosidl_generator_c.so
[8.758s] -- Set non-toolchain portion of runtime path of "/home/erum/ros2_workspace/install/new_interfaces/lib/libnew_interfaces__rosidl_generator_c.so" to ""
[8.758s] -- Up-to-date: /home/erum/ros2_workspace/install/new_interfaces/include/new_interfaces/new_interfaces
[8.758s] -- Up-to-date: /home/erum/ros2_workspace/install/new_interfaces/include/new_interfaces/new_interfaces/msg
[8.758s] -- Installing: /home/erum/ros2_workspace/install/new_interfaces/include/new_interfaces/new_interfaces/msg/rosidl_typesupport_fastrtps_c__visibility_control.h
[8.758s] -- Up-to-date: /home/erum/ros2_workspace/install/new_interfaces/include/new_interfaces/new_interfaces/msg/detail
[8.758s] -- Installing: /home/erum/ros2_workspace/install/new_interfaces/include/new_interfaces/new_interfaces/msg/detail/iot_sensor__rosidl_typesupport_fastrtps_c.h
[8.758s] -- Installing: /home/erum/ros2_workspace/install/new_interfaces/lib/libnew_interfaces__rosidl_typesupport_fastrtps_c.so
[8.759s] -- Set non-toolchain portion of runtime path of "/home/erum/ros2_workspace/install/new_interfaces/lib/libnew_interfaces__rosidl_typesupport_fastrtps_c.so" to ""
[8.759s] -- Up-to-date: /home/erum/ros2_workspace/install/new_interfaces/include/new_interfaces/new_interfaces
[8.759s] -- Up-to-date: /home/erum/ros2_workspace/install/new_interfaces/include/new_interfaces/new_interfaces/msg
[8.759s] -- Installing: /home/erum/ros2_workspace/install/new_interfaces/include/new_interfaces/new_interfaces/msg/rosidl_typesupport_introspection_c__visibility_control.h
[8.759s] -- Up-to-date: /home/erum/ros2_workspace/install/new_interfaces/include/new_interfaces/new_interfaces/msg/detail
[8.759s] -- Installing: /home/erum/ros2_workspace/install/new_interfaces/include/new_interfaces/new_interfaces/msg/detail/iot_sensor__rosidl_typesupport_introspection_c.h
[8.759s] -- Installing: /home/erum/ros2_workspace/install/new_interfaces/include/new_interfaces/new_interfaces/msg/detail/iot_sensor__type_support.c
[8.759s] -- Installing: /home/erum/ros2_workspace/install/new_interfaces/lib/libnew_interfaces__rosidl_typesupport_introspection_c.so
[8.759s] -- Set non-toolchain portion of runtime path of "/home/erum/ros2_workspace/install/new_interfaces/lib/libnew_interfaces__rosidl_typesupport_introspection_c.so" to ""
[8.759s] -- Installing: /home/erum/ros2_workspace/install/new_interfaces/lib/libnew_interfaces__rosidl_typesupport_c.so
[8.760s] -- Set non-toolchain portion of runtime path of "/home/erum/ros2_workspace/install/new_interfaces/lib/libnew_interfaces__rosidl_typesupport_c.so" to ""
[8.760s] -- Up-to-date: /home/erum/ros2_workspace/install/new_interfaces/include/new_interfaces/new_interfaces
[8.760s] -- Up-to-date: /home/erum/ros2_workspace/install/new_interfaces/include/new_interfaces/new_interfaces/msg
[8.760s] -- Installing: /home/erum/ros2_workspace/install/new_interfaces/include/new_interfaces/new_interfaces/msg/iot_sensor.hpp
[8.760s] -- Installing: /home/erum/ros2_workspace/install/new_interfaces/include/new_interfaces/new_interfaces/msg/rosidl_generator_cpp__visibility_control.hpp
[8.760s] -- Up-to-date: /home/erum/ros2_workspace/install/new_interfaces/include/new_interfaces/new_interfaces/msg/detail
[8.760s] -- Installing: /home/erum/ros2_workspace/install/new_interfaces/include/new_interfaces/new_interfaces/msg/detail/iot_sensor__builder.hpp
[8.760s] -- Installing: /home/erum/ros2_workspace/install/new_interfaces/include/new_interfaces/new_interfaces/msg/detail/iot_sensor__type_support.hpp
[8.760s] -- Installing: /home/erum/ros2_workspace/install/new_interfaces/include/new_interfaces/new_interfaces/msg/detail/iot_sensor__struct.hpp
[8.760s] -- Installing: /home/erum/ros2_workspace/install/new_interfaces/include/new_interfaces/new_interfaces/msg/detail/iot_sensor__traits.hpp
[8.761s] -- Up-to-date: /home/erum/ros2_workspace/install/new_interfaces/include/new_interfaces/new_interfaces
[8.761s] -- Up-to-date: /home/erum/ros2_workspace/install/new_interfaces/include/new_interfaces/new_interfaces/msg
[8.761s] -- Up-to-date: /home/erum/ros2_workspace/install/new_interfaces/include/new_interfaces/new_interfaces/msg/detail
[8.761s] -- Installing: /home/erum/ros2_workspace/install/new_interfaces/include/new_interfaces/new_interfaces/msg/detail/dds_fastrtps
[8.761s] -- Installing: /home/erum/ros2_workspace/install/new_interfaces/include/new_interfaces/new_interfaces/msg/detail/iot_sensor__rosidl_typesupport_fastrtps_cpp.hpp
[8.761s] -- Installing: /home/erum/ros2_workspace/install/new_interfaces/include/new_interfaces/new_interfaces/msg/rosidl_typesupport_fastrtps_cpp__visibility_control.h
[8.761s] -- Installing: /home/erum/ros2_workspace/install/new_interfaces/lib/libnew_interfaces__rosidl_typesupport_fastrtps_cpp.so
[8.761s] -- Set non-toolchain portion of runtime path of "/home/erum/ros2_workspace/install/new_interfaces/lib/libnew_interfaces__rosidl_typesupport_fastrtps_cpp.so" to ""
[8.761s] -- Up-to-date: /home/erum/ros2_workspace/install/new_interfaces/include/new_interfaces/new_interfaces
[8.761s] -- Up-to-date: /home/erum/ros2_workspace/install/new_interfaces/include/new_interfaces/new_interfaces/msg
[8.761s] -- Up-to-date: /home/erum/ros2_workspace/install/new_interfaces/include/new_interfaces/new_interfaces/msg/detail
[8.761s] -- Installing: /home/erum/ros2_workspace/install/new_interfaces/include/new_interfaces/new_interfaces/msg/detail/iot_sensor__type_support.cpp
[8.762s] -- Installing: /home/erum/ros2_workspace/install/new_interfaces/include/new_interfaces/new_interfaces/msg/detail/iot_sensor__rosidl_typesupport_introspection_cpp.hpp
[8.762s] -- Installing: /home/erum/ros2_workspace/install/new_interfaces/lib/libnew_interfaces__rosidl_typesupport_introspection_cpp.so
[8.762s] -- Set non-toolchain portion of runtime path of "/home/erum/ros2_workspace/install/new_interfaces/lib/libnew_interfaces__rosidl_typesupport_introspection_cpp.so" to ""
[8.762s] -- Installing: /home/erum/ros2_workspace/install/new_interfaces/lib/libnew_interfaces__rosidl_typesupport_cpp.so
[8.762s] -- Set non-toolchain portion of runtime path of "/home/erum/ros2_workspace/install/new_interfaces/lib/libnew_interfaces__rosidl_typesupport_cpp.so" to ""
[8.762s] -- Installing: /home/erum/ros2_workspace/install/new_interfaces/share/new_interfaces/environment/pythonpath.sh
[8.762s] -- Installing: /home/erum/ros2_workspace/install/new_interfaces/share/new_interfaces/environment/pythonpath.dsv
[8.762s] -- Installing: /home/erum/ros2_workspace/install/new_interfaces/lib/python3.12/site-packages/new_interfaces-0.0.0-py3.12.egg-info
[8.763s] -- Installing: /home/erum/ros2_workspace/install/new_interfaces/lib/python3.12/site-packages/new_interfaces-0.0.0-py3.12.egg-info/SOURCES.txt
[8.763s] -- Installing: /home/erum/ros2_workspace/install/new_interfaces/lib/python3.12/site-packages/new_interfaces-0.0.0-py3.12.egg-info/top_level.txt
[8.763s] -- Installing: /home/erum/ros2_workspace/install/new_interfaces/lib/python3.12/site-packages/new_interfaces-0.0.0-py3.12.egg-info/dependency_links.txt
[8.763s] -- Installing: /home/erum/ros2_workspace/install/new_interfaces/lib/python3.12/site-packages/new_interfaces-0.0.0-py3.12.egg-info/PKG-INFO
[8.763s] -- Installing: /home/erum/ros2_workspace/install/new_interfaces/lib/python3.12/site-packages/new_interfaces
[8.763s] -- Installing: /home/erum/ros2_workspace/install/new_interfaces/lib/python3.12/site-packages/new_interfaces/_new_interfaces_s.ep.rosidl_typesupport_c.c
[8.763s] -- Installing: /home/erum/ros2_workspace/install/new_interfaces/lib/python3.12/site-packages/new_interfaces/__init__.py
[8.763s] -- Installing: /home/erum/ros2_workspace/install/new_interfaces/lib/python3.12/site-packages/new_interfaces/_new_interfaces_s.ep.rosidl_typesupport_introspection_c.c
[8.763s] -- Installing: /home/erum/ros2_workspace/install/new_interfaces/lib/python3.12/site-packages/new_interfaces/_new_interfaces_s.ep.rosidl_typesupport_fastrtps_c.c
[8.763s] -- Installing: /home/erum/ros2_workspace/install/new_interfaces/lib/python3.12/site-packages/new_interfaces/new_interfaces_s__rosidl_typesupport_fastrtps_c.so
[8.763s] -- Installing: /home/erum/ros2_workspace/install/new_interfaces/lib/python3.12/site-packages/new_interfaces/new_interfaces_s__rosidl_typesupport_c.so
[8.763s] -- Installing: /home/erum/ros2_workspace/install/new_interfaces/lib/python3.12/site-packages/new_interfaces/msg
[8.764s] -- Installing: /home/erum/ros2_workspace/install/new_interfaces/lib/python3.12/site-packages/new_interfaces/msg/_iot_sensor.py
[8.764s] -- Installing: /home/erum/ros2_workspace/install/new_interfaces/lib/python3.12/site-packages/new_interfaces/msg/__init__.py
[8.764s] -- Installing: /home/erum/ros2_workspace/install/new_interfaces/lib/python3.12/site-packages/new_interfaces/msg/_iot_sensor_s.c
[8.764s] -- Installing: /home/erum/ros2_workspace/install/new_interfaces/lib/python3.12/site-packages/new_interfaces/new_interfaces_s__rosidl_typesupport_introspection_c.so
[8.796s] Listing '/home/erum/ros2_workspace/install/new_interfaces/lib/python3.12/site-packages/new_interfaces'...
[8.796s] Compiling '/home/erum/ros2_workspace/install/new_interfaces/lib/python3.12/site-packages/new_interfaces/__init__.py'...
[8.796s] Listing '/home/erum/ros2_workspace/install/new_interfaces/lib/python3.12/site-packages/new_interfaces/msg'...
[8.796s] Compiling '/home/erum/ros2_workspace/install/new_interfaces/lib/python3.12/site-packages/new_interfaces/msg/__init__.py'...
[8.796s] Compiling '/home/erum/ros2_workspace/install/new_interfaces/lib/python3.12/site-packages/new_interfaces/msg/_iot_sensor.py'...
[8.800s] -- Installing: /home/erum/ros2_workspace/install/new_interfaces/lib/python3.12/site-packages/new_interfaces/new_interfaces_s__rosidl_typesupport_fastrtps_c.so
[8.801s] -- Set non-toolchain portion of runtime path of "/home/erum/ros2_workspace/install/new_interfaces/lib/python3.12/site-packages/new_interfaces/new_interfaces_s__rosidl_typesupport_fastrtps_c.so" to ""
[8.801s] -- Installing: /home/erum/ros2_workspace/install/new_interfaces/lib/python3.12/site-packages/new_interfaces/new_interfaces_s__rosidl_typesupport_introspection_c.so
[8.801s] -- Set non-toolchain portion of runtime path of "/home/erum/ros2_workspace/install/new_interfaces/lib/python3.12/site-packages/new_interfaces/new_interfaces_s__rosidl_typesupport_introspection_c.so" to ""
[8.801s] -- Installing: /home/erum/ros2_workspace/install/new_interfaces/lib/python3.12/site-packages/new_interfaces/new_interfaces_s__rosidl_typesupport_c.so
[8.802s] -- Set non-toolchain portion of runtime path of "/home/erum/ros2_workspace/install/new_interfaces/lib/python3.12/site-packages/new_interfaces/new_interfaces_s__rosidl_typesupport_c.so" to ""
[8.802s] -- Installing: /home/erum/ros2_workspace/install/new_interfaces/lib/libnew_interfaces__rosidl_generator_py.so
[8.802s] -- Set non-toolchain portion of runtime path of "/home/erum/ros2_workspace/install/new_interfaces/lib/libnew_interfaces__rosidl_generator_py.so" to ""
[8.802s] -- Installing: /home/erum/ros2_workspace/install/new_interfaces/share/new_interfaces/msg/IOTSensor.idl
[8.802s] -- Installing: /home/erum/ros2_workspace/install/new_interfaces/share/new_interfaces/msg/IOTSensor.msg
[8.803s] -- Installing: /home/erum/ros2_workspace/install/new_interfaces/share/ament_index/resource_index/package_run_dependencies/new_interfaces
[8.803s] -- Installing: /home/erum/ros2_workspace/install/new_interfaces/share/ament_index/resource_index/parent_prefix_path/new_interfaces
[8.803s] -- Installing: /home/erum/ros2_workspace/install/new_interfaces/share/new_interfaces/environment/ament_prefix_path.sh
[8.803s] -- Installing: /home/erum/ros2_workspace/install/new_interfaces/share/new_interfaces/environment/ament_prefix_path.dsv
[8.803s] -- Installing: /home/erum/ros2_workspace/install/new_interfaces/share/new_interfaces/environment/path.sh
[8.804s] -- Installing: /home/erum/ros2_workspace/install/new_interfaces/share/new_interfaces/environment/path.dsv
[8.804s] -- Installing: /home/erum/ros2_workspace/install/new_interfaces/share/new_interfaces/local_setup.bash
[8.804s] -- Installing: /home/erum/ros2_workspace/install/new_interfaces/share/new_interfaces/local_setup.sh
[8.804s] -- Installing: /home/erum/ros2_workspace/install/new_interfaces/share/new_interfaces/local_setup.zsh
[8.804s] -- Installing: /home/erum/ros2_workspace/install/new_interfaces/share/new_interfaces/local_setup.dsv
[8.804s] -- Installing: /home/erum/ros2_workspace/install/new_interfaces/share/new_interfaces/package.dsv
[8.805s] -- Installing: /home/erum/ros2_workspace/install/new_interfaces/share/ament_index/resource_index/packages/new_interfaces
[8.805s] -- Installing: /home/erum/ros2_workspace/install/new_interfaces/share/new_interfaces/cmake/export_new_interfaces__rosidl_generator_cExport.cmake
[8.805s] -- Installing: /home/erum/ros2_workspace/install/new_interfaces/share/new_interfaces/cmake/export_new_interfaces__rosidl_generator_cExport-noconfig.cmake
[8.805s] -- Installing: /home/erum/ros2_workspace/install/new_interfaces/share/new_interfaces/cmake/export_new_interfaces__rosidl_typesupport_fastrtps_cExport.cmake
[8.805s] -- Installing: /home/erum/ros2_workspace/install/new_interfaces/share/new_interfaces/cmake/export_new_interfaces__rosidl_typesupport_fastrtps_cExport-noconfig.cmake
[8.805s] -- Installing: /home/erum/ros2_workspace/install/new_interfaces/share/new_interfaces/cmake/new_interfaces__rosidl_typesupport_introspection_cExport.cmake
[8.805s] -- Installing: /home/erum/ros2_workspace/install/new_interfaces/share/new_interfaces/cmake/new_interfaces__rosidl_typesupport_introspection_cExport-noconfig.cmake
[8.805s] -- Installing: /home/erum/ros2_workspace/install/new_interfaces/share/new_interfaces/cmake/new_interfaces__rosidl_typesupport_cExport.cmake
[8.805s] -- Installing: /home/erum/ros2_workspace/install/new_interfaces/share/new_interfaces/cmake/new_interfaces__rosidl_typesupport_cExport-noconfig.cmake
[8.805s] -- Installing: /home/erum/ros2_workspace/install/new_interfaces/share/new_interfaces/cmake/export_new_interfaces__rosidl_generator_cppExport.cmake
[8.805s] -- Installing: /home/erum/ros2_workspace/install/new_interfaces/share/new_interfaces/cmake/export_new_interfaces__rosidl_typesupport_fastrtps_cppExport.cmake
[8.806s] -- Installing: /home/erum/ros2_workspace/install/new_interfaces/share/new_interfaces/cmake/export_new_interfaces__rosidl_typesupport_fastrtps_cppExport-noconfig.cmake
[8.806s] -- Installing: /home/erum/ros2_workspace/install/new_interfaces/share/new_interfaces/cmake/new_interfaces__rosidl_typesupport_introspection_cppExport.cmake
[8.806s] -- Installing: /home/erum/ros2_workspace/install/new_interfaces/share/new_interfaces/cmake/new_interfaces__rosidl_typesupport_introspection_cppExport-noconfig.cmake
[8.806s] -- Installing: /home/erum/ros2_workspace/install/new_interfaces/share/new_interfaces/cmake/new_interfaces__rosidl_typesupport_cppExport.cmake
[8.806s] -- Installing: /home/erum/ros2_workspace/install/new_interfaces/share/new_interfaces/cmake/new_interfaces__rosidl_typesupport_cppExport-noconfig.cmake
[8.806s] -- Installing: /home/erum/ros2_workspace/install/new_interfaces/share/new_interfaces/cmake/export_new_interfaces__rosidl_generator_pyExport.cmake
[8.806s] -- Installing: /home/erum/ros2_workspace/install/new_interfaces/share/new_interfaces/cmake/export_new_interfaces__rosidl_generator_pyExport-noconfig.cmake
[8.806s] -- Installing: /home/erum/ros2_workspace/install/new_interfaces/share/new_interfaces/cmake/rosidl_cmake-extras.cmake
[8.807s] -- Installing: /home/erum/ros2_workspace/install/new_interfaces/share/new_interfaces/cmake/ament_cmake_export_include_directories-extras.cmake
[8.807s] -- Installing: /home/erum/ros2_workspace/install/new_interfaces/share/new_interfaces/cmake/ament_cmake_export_libraries-extras.cmake
[8.807s] -- Installing: /home/erum/ros2_workspace/install/new_interfaces/share/new_interfaces/cmake/ament_cmake_export_targets-extras.cmake
[8.807s] -- Installing: /home/erum/ros2_workspace/install/new_interfaces/share/new_interfaces/cmake/rosidl_cmake_export_typesupport_targets-extras.cmake
[8.807s] -- Installing: /home/erum/ros2_workspace/install/new_interfaces/share/new_interfaces/cmake/ament_cmake_export_dependencies-extras.cmake
[8.807s] -- Installing: /home/erum/ros2_workspace/install/new_interfaces/share/new_interfaces/cmake/rosidl_cmake_export_typesupport_libraries-extras.cmake
[8.807s] -- Installing: /home/erum/ros2_workspace/install/new_interfaces/share/new_interfaces/cmake/new_interfacesConfig.cmake
[8.807s] -- Installing: /home/erum/ros2_workspace/install/new_interfaces/share/new_interfaces/cmake/new_interfacesConfig-version.cmake
[8.807s] -- Installing: /home/erum/ros2_workspace/install/new_interfaces/share/new_interfaces/package.xml
[8.810s] Invoked command in '/home/erum/ros2_workspace/build/new_interfaces' returned '0': CMAKE_PREFIX_PATH=${CMAKE_PREFIX_PATH}:/home/erum/ros2_workspace/install/my_first_pkg:/home/erum/ros2_workspace/install/Erum_pde4430:/opt/ros/jazzy DEBUGINFOD_URLS=https://debuginfod.ubuntu.com /usr/bin/cmake --install /home/erum/ros2_workspace/build/new_interfaces
