[0.651s] DEBUG:colcon:Command line arguments: ['/usr/bin/colcon', 'build']
[0.651s] DEBUG:colcon:Parsed command line arguments: Namespace(log_base=None, log_level=None, verb_name='build', build_base='build', install_base='install', merge_install=False, symlink_install=False, test_result_base=None, continue_on_error=False, executor='parallel', parallel_workers=2, event_handlers=None, ignore_user_meta=False, metas=['./colcon.meta'], base_paths=['.'], packages_ignore=None, packages_ignore_regex=None, paths=None, packages_up_to=None, packages_up_to_regex=None, packages_above=None, packages_above_and_dependencies=None, packages_above_depth=None, packages_select_by_dep=None, packages_skip_by_dep=None, packages_skip_up_to=None, packages_select_build_failed=False, packages_skip_build_finished=False, packages_select_test_failures=False, packages_skip_test_passed=False, packages_select=None, packages_skip=None, packages_select_regex=None, packages_skip_regex=None, packages_start=None, packages_end=None, allow_overriding=[], cmake_args=None, cmake_target=None, cmake_target_skip_unavailable=False, cmake_clean_cache=False, cmake_clean_first=False, cmake_force_configure=False, ament_cmake_args=None, catkin_cmake_args=None, catkin_skip_building_tests=False, mixin_files=None, mixin=None, verb_parser=<colcon_mixin.mixin.mixin_argument.MixinArgumentDecorator object at 0x79dbc8b67800>, verb_extension=<colcon_core.verb.build.BuildVerb object at 0x79dbc8c93da0>, main=<bound method BuildVerb.main of <colcon_core.verb.build.BuildVerb object at 0x79dbc8c93da0>>, mixin_verb=('build',))
[0.925s] Level 1:colcon.colcon_core.package_discovery:discover_packages(colcon_meta) check parameters
[0.925s] Level 1:colcon.colcon_core.package_discovery:discover_packages(recursive) check parameters
[0.925s] Level 1:colcon.colcon_core.package_discovery:discover_packages(ignore) check parameters
[0.925s] Level 1:colcon.colcon_core.package_discovery:discover_packages(path) check parameters
[0.925s] Level 1:colcon.colcon_core.package_discovery:discover_packages(colcon_meta) discover
[0.926s] Level 1:colcon.colcon_core.package_discovery:discover_packages(recursive) discover
[0.926s] INFO:colcon.colcon_core.package_discovery:Crawling recursively for packages in '/home/erum/ros2/ros2_ws'
[0.926s] Level 1:colcon.colcon_core.package_identification:_identify(.) by extensions ['ignore', 'ignore_ament_install']
[0.926s] Level 1:colcon.colcon_core.package_identification:_identify(.) by extension 'ignore'
[0.926s] Level 1:colcon.colcon_core.package_identification:_identify(.) by extension 'ignore_ament_install'
[0.926s] Level 1:colcon.colcon_core.package_identification:_identify(.) by extensions ['colcon_pkg']
[0.926s] Level 1:colcon.colcon_core.package_identification:_identify(.) by extension 'colcon_pkg'
[0.927s] Level 1:colcon.colcon_core.package_identification:_identify(.) by extensions ['colcon_meta']
[0.927s] Level 1:colcon.colcon_core.package_identification:_identify(.) by extension 'colcon_meta'
[0.927s] Level 1:colcon.colcon_core.package_identification:_identify(.) by extensions ['ros']
[0.927s] Level 1:colcon.colcon_core.package_identification:_identify(.) by extension 'ros'
[1.010s] Level 1:colcon.colcon_core.package_identification:_identify(.) by extensions ['cmake', 'python']
[1.010s] Level 1:colcon.colcon_core.package_identification:_identify(.) by extension 'cmake'
[1.010s] Level 1:colcon.colcon_core.package_identification:_identify(.) by extension 'python'
[1.010s] Level 1:colcon.colcon_core.package_identification:_identify(.) by extensions ['python_setup_py']
[1.010s] Level 1:colcon.colcon_core.package_identification:_identify(.) by extension 'python_setup_py'
[1.010s] Level 1:colcon.colcon_core.package_identification:_identify(build) by extensions ['ignore', 'ignore_ament_install']
[1.010s] Level 1:colcon.colcon_core.package_identification:_identify(build) by extension 'ignore'
[1.010s] Level 1:colcon.colcon_core.package_identification:_identify(build) ignored
[1.011s] Level 1:colcon.colcon_core.package_identification:_identify(install) by extensions ['ignore', 'ignore_ament_install']
[1.011s] Level 1:colcon.colcon_core.package_identification:_identify(install) by extension 'ignore'
[1.011s] Level 1:colcon.colcon_core.package_identification:_identify(install) ignored
[1.011s] Level 1:colcon.colcon_core.package_identification:_identify(log) by extensions ['ignore', 'ignore_ament_install']
[1.011s] Level 1:colcon.colcon_core.package_identification:_identify(log) by extension 'ignore'
[1.011s] Level 1:colcon.colcon_core.package_identification:_identify(log) ignored
[1.011s] Level 1:colcon.colcon_core.package_identification:_identify(src) by extensions ['ignore', 'ignore_ament_install']
[1.012s] Level 1:colcon.colcon_core.package_identification:_identify(src) by extension 'ignore'
[1.012s] Level 1:colcon.colcon_core.package_identification:_identify(src) by extension 'ignore_ament_install'
[1.012s] Level 1:colcon.colcon_core.package_identification:_identify(src) by extensions ['colcon_pkg']
[1.012s] Level 1:colcon.colcon_core.package_identification:_identify(src) by extension 'colcon_pkg'
[1.012s] Level 1:colcon.colcon_core.package_identification:_identify(src) by extensions ['colcon_meta']
[1.012s] Level 1:colcon.colcon_core.package_identification:_identify(src) by extension 'colcon_meta'
[1.013s] Level 1:colcon.colcon_core.package_identification:_identify(src) by extensions ['ros']
[1.013s] Level 1:colcon.colcon_core.package_identification:_identify(src) by extension 'ros'
[1.013s] Level 1:colcon.colcon_core.package_identification:_identify(src) by extensions ['cmake', 'python']
[1.013s] Level 1:colcon.colcon_core.package_identification:_identify(src) by extension 'cmake'
[1.013s] Level 1:colcon.colcon_core.package_identification:_identify(src) by extension 'python'
[1.013s] Level 1:colcon.colcon_core.package_identification:_identify(src) by extensions ['python_setup_py']
[1.013s] Level 1:colcon.colcon_core.package_identification:_identify(src) by extension 'python_setup_py'
[1.013s] Level 1:colcon.colcon_core.package_identification:_identify(src/Formative_Excersise) by extensions ['ignore', 'ignore_ament_install']
[1.013s] Level 1:colcon.colcon_core.package_identification:_identify(src/Formative_Excersise) by extension 'ignore'
[1.013s] Level 1:colcon.colcon_core.package_identification:_identify(src/Formative_Excersise) by extension 'ignore_ament_install'
[1.013s] Level 1:colcon.colcon_core.package_identification:_identify(src/Formative_Excersise) by extensions ['colcon_pkg']
[1.013s] Level 1:colcon.colcon_core.package_identification:_identify(src/Formative_Excersise) by extension 'colcon_pkg'
[1.013s] Level 1:colcon.colcon_core.package_identification:_identify(src/Formative_Excersise) by extensions ['colcon_meta']
[1.013s] Level 1:colcon.colcon_core.package_identification:_identify(src/Formative_Excersise) by extension 'colcon_meta'
[1.014s] Level 1:colcon.colcon_core.package_identification:_identify(src/Formative_Excersise) by extensions ['ros']
[1.014s] Level 1:colcon.colcon_core.package_identification:_identify(src/Formative_Excersise) by extension 'ros'
[1.014s] Level 1:colcon.colcon_core.package_identification:_identify(src/Formative_Excersise) by extensions ['cmake', 'python']
[1.014s] Level 1:colcon.colcon_core.package_identification:_identify(src/Formative_Excersise) by extension 'cmake'
[1.014s] Level 1:colcon.colcon_core.package_identification:_identify(src/Formative_Excersise) by extension 'python'
[1.014s] Level 1:colcon.colcon_core.package_identification:_identify(src/Formative_Excersise) by extensions ['python_setup_py']
[1.014s] Level 1:colcon.colcon_core.package_identification:_identify(src/Formative_Excersise) by extension 'python_setup_py'
[1.014s] Level 1:colcon.colcon_core.package_identification:_identify(src/my_first_pkg) by extensions ['ignore', 'ignore_ament_install']
[1.014s] Level 1:colcon.colcon_core.package_identification:_identify(src/my_first_pkg) by extension 'ignore'
[1.014s] Level 1:colcon.colcon_core.package_identification:_identify(src/my_first_pkg) by extension 'ignore_ament_install'
[1.015s] Level 1:colcon.colcon_core.package_identification:_identify(src/my_first_pkg) by extensions ['colcon_pkg']
[1.015s] Level 1:colcon.colcon_core.package_identification:_identify(src/my_first_pkg) by extension 'colcon_pkg'
[1.015s] Level 1:colcon.colcon_core.package_identification:_identify(src/my_first_pkg) by extensions ['colcon_meta']
[1.015s] Level 1:colcon.colcon_core.package_identification:_identify(src/my_first_pkg) by extension 'colcon_meta'
[1.015s] Level 1:colcon.colcon_core.package_identification:_identify(src/my_first_pkg) by extensions ['ros']
[1.015s] Level 1:colcon.colcon_core.package_identification:_identify(src/my_first_pkg) by extension 'ros'
[1.026s] DEBUG:colcon.colcon_core.package_identification:Package 'src/my_first_pkg' with type 'ros.ament_python' and name 'my_first_pkg'
[1.026s] Level 1:colcon.colcon_core.package_identification:_identify(src/new_interfaces) by extensions ['ignore', 'ignore_ament_install']
[1.027s] Level 1:colcon.colcon_core.package_identification:_identify(src/new_interfaces) by extension 'ignore'
[1.027s] Level 1:colcon.colcon_core.package_identification:_identify(src/new_interfaces) by extension 'ignore_ament_install'
[1.027s] Level 1:colcon.colcon_core.package_identification:_identify(src/new_interfaces) by extensions ['colcon_pkg']
[1.027s] Level 1:colcon.colcon_core.package_identification:_identify(src/new_interfaces) by extension 'colcon_pkg'
[1.027s] Level 1:colcon.colcon_core.package_identification:_identify(src/new_interfaces) by extensions ['colcon_meta']
[1.027s] Level 1:colcon.colcon_core.package_identification:_identify(src/new_interfaces) by extension 'colcon_meta'
[1.027s] Level 1:colcon.colcon_core.package_identification:_identify(src/new_interfaces) by extensions ['ros']
[1.027s] Level 1:colcon.colcon_core.package_identification:_identify(src/new_interfaces) by extension 'ros'
[1.029s] DEBUG:colcon.colcon_core.package_identification:Package 'src/new_interfaces' with type 'ros.ament_cmake' and name 'new_interfaces'
[1.030s] Level 1:colcon.colcon_core.package_discovery:discover_packages(recursive) using defaults
[1.030s] Level 1:colcon.colcon_core.package_discovery:discover_packages(ignore) discover
[1.030s] Level 1:colcon.colcon_core.package_discovery:discover_packages(ignore) using defaults
[1.030s] Level 1:colcon.colcon_core.package_discovery:discover_packages(path) discover
[1.030s] Level 1:colcon.colcon_core.package_discovery:discover_packages(path) using defaults
[1.112s] Level 1:colcon.colcon_core.package_discovery:discover_packages(prefix_path) check parameters
[1.112s] Level 1:colcon.colcon_core.package_discovery:discover_packages(prefix_path) discover
[1.131s] DEBUG:colcon.colcon_installed_package_information.package_discovery:Found 285 installed packages in /opt/ros/jazzy
[1.134s] Level 1:colcon.colcon_core.package_discovery:discover_packages(prefix_path) using defaults
[1.191s] Level 5:colcon.colcon_core.verb:set package 'my_first_pkg' build argument 'cmake_args' from command line to 'None'
[1.191s] Level 5:colcon.colcon_core.verb:set package 'my_first_pkg' build argument 'cmake_target' from command line to 'None'
[1.191s] Level 5:colcon.colcon_core.verb:set package 'my_first_pkg' build argument 'cmake_target_skip_unavailable' from command line to 'False'
[1.191s] Level 5:colcon.colcon_core.verb:set package 'my_first_pkg' build argument 'cmake_clean_cache' from command line to 'False'
[1.191s] Level 5:colcon.colcon_core.verb:set package 'my_first_pkg' build argument 'cmake_clean_first' from command line to 'False'
[1.191s] Level 5:colcon.colcon_core.verb:set package 'my_first_pkg' build argument 'cmake_force_configure' from command line to 'False'
[1.191s] Level 5:colcon.colcon_core.verb:set package 'my_first_pkg' build argument 'ament_cmake_args' from command line to 'None'
[1.191s] Level 5:colcon.colcon_core.verb:set package 'my_first_pkg' build argument 'catkin_cmake_args' from command line to 'None'
[1.191s] Level 5:colcon.colcon_core.verb:set package 'my_first_pkg' build argument 'catkin_skip_building_tests' from command line to 'False'
[1.191s] DEBUG:colcon.colcon_core.verb:Building package 'my_first_pkg' with the following arguments: {'ament_cmake_args': None, 'build_base': '/home/erum/ros2/ros2_ws/build/my_first_pkg', 'catkin_cmake_args': None, 'catkin_skip_building_tests': False, 'cmake_args': None, 'cmake_clean_cache': False, 'cmake_clean_first': False, 'cmake_force_configure': False, 'cmake_target': None, 'cmake_target_skip_unavailable': False, 'install_base': '/home/erum/ros2/ros2_ws/install/my_first_pkg', 'merge_install': False, 'path': '/home/erum/ros2/ros2_ws/src/my_first_pkg', 'symlink_install': False, 'test_result_base': None}
[1.192s] Level 5:colcon.colcon_core.verb:set package 'new_interfaces' build argument 'cmake_args' from command line to 'None'
[1.192s] Level 5:colcon.colcon_core.verb:set package 'new_interfaces' build argument 'cmake_target' from command line to 'None'
[1.192s] Level 5:colcon.colcon_core.verb:set package 'new_interfaces' build argument 'cmake_target_skip_unavailable' from command line to 'False'
[1.192s] Level 5:colcon.colcon_core.verb:set package 'new_interfaces' build argument 'cmake_clean_cache' from command line to 'False'
[1.192s] Level 5:colcon.colcon_core.verb:set package 'new_interfaces' build argument 'cmake_clean_first' from command line to 'False'
[1.192s] Level 5:colcon.colcon_core.verb:set package 'new_interfaces' build argument 'cmake_force_configure' from command line to 'False'
[1.192s] Level 5:colcon.colcon_core.verb:set package 'new_interfaces' build argument 'ament_cmake_args' from command line to 'None'
[1.192s] Level 5:colcon.colcon_core.verb:set package 'new_interfaces' build argument 'catkin_cmake_args' from command line to 'None'
[1.192s] Level 5:colcon.colcon_core.verb:set package 'new_interfaces' build argument 'catkin_skip_building_tests' from command line to 'False'
[1.192s] DEBUG:colcon.colcon_core.verb:Building package 'new_interfaces' with the following arguments: {'ament_cmake_args': None, 'build_base': '/home/erum/ros2/ros2_ws/build/new_interfaces', 'catkin_cmake_args': None, 'catkin_skip_building_tests': False, 'cmake_args': None, 'cmake_clean_cache': False, 'cmake_clean_first': False, 'cmake_force_configure': False, 'cmake_target': None, 'cmake_target_skip_unavailable': False, 'install_base': '/home/erum/ros2/ros2_ws/install/new_interfaces', 'merge_install': False, 'path': '/home/erum/ros2/ros2_ws/src/new_interfaces', 'symlink_install': False, 'test_result_base': None}
[1.192s] INFO:colcon.colcon_core.executor:Executing jobs using 'parallel' executor
[1.196s] DEBUG:colcon.colcon_parallel_executor.executor.parallel:run_until_complete
[1.197s] INFO:colcon.colcon_ros.task.ament_python.build:Building ROS package in '/home/erum/ros2/ros2_ws/src/my_first_pkg' with build type 'ament_python'
[1.197s] Level 1:colcon.colcon_core.shell:create_environment_hook('my_first_pkg', 'ament_prefix_path')
[1.223s] INFO:colcon.colcon_core.plugin_system:Skipping extension 'colcon_core.shell.bat': Not used on non-Windows systems
[1.223s] INFO:colcon.colcon_core.shell:Creating environment hook '/home/erum/ros2/ros2_ws/install/my_first_pkg/share/my_first_pkg/hook/ament_prefix_path.ps1'
[1.232s] INFO:colcon.colcon_core.shell:Creating environment descriptor '/home/erum/ros2/ros2_ws/install/my_first_pkg/share/my_first_pkg/hook/ament_prefix_path.dsv'
[1.234s] INFO:colcon.colcon_core.shell:Creating environment hook '/home/erum/ros2/ros2_ws/install/my_first_pkg/share/my_first_pkg/hook/ament_prefix_path.sh'
[1.236s] INFO:colcon.colcon_core.shell:Skip shell extension 'powershell' for command environment: Not usable outside of PowerShell
[1.237s] DEBUG:colcon.colcon_core.shell:Skip shell extension 'dsv' for command environment
[1.247s] INFO:colcon.colcon_ros.task.ament_cmake.build:Building ROS package in '/home/erum/ros2/ros2_ws/src/new_interfaces' with build type 'ament_cmake'
[1.247s] INFO:colcon.colcon_cmake.task.cmake.build:Building CMake package in '/home/erum/ros2/ros2_ws/src/new_interfaces'
[1.247s] INFO:colcon.colcon_core.shell:Skip shell extension 'powershell' for command environment: Not usable outside of PowerShell
[1.247s] DEBUG:colcon.colcon_core.shell:Skip shell extension 'dsv' for command environment
[1.681s] INFO:colcon.colcon_core.task.python.build:Building Python package in '/home/erum/ros2/ros2_ws/src/my_first_pkg'
[1.681s] INFO:colcon.colcon_core.shell:Skip shell extension 'powershell' for command environment: Not usable outside of PowerShell
[1.681s] DEBUG:colcon.colcon_core.shell:Skip shell extension 'dsv' for command environment
[1.703s] DEBUG:colcon.colcon_core.event_handler.log_command:Invoking command in '/home/erum/ros2/ros2_ws/build/new_interfaces': CMAKE_PREFIX_PATH=${CMAKE_PREFIX_PATH}:/opt/ros/jazzy DEBUGINFOD_URLS=https://debuginfod.ubuntu.com /usr/bin/cmake --build /home/erum/ros2/ros2_ws/build/new_interfaces -- -j2 -l2
[3.369s] DEBUG:colcon.colcon_core.event_handler.log_command:Invoked command in '/home/erum/ros2/ros2_ws/build/new_interfaces' returned '0': CMAKE_PREFIX_PATH=${CMAKE_PREFIX_PATH}:/opt/ros/jazzy DEBUGINFOD_URLS=https://debuginfod.ubuntu.com /usr/bin/cmake --build /home/erum/ros2/ros2_ws/build/new_interfaces -- -j2 -l2
[3.391s] DEBUG:colcon.colcon_core.event_handler.log_command:Invoking command in '/home/erum/ros2/ros2_ws/build/new_interfaces': CMAKE_PREFIX_PATH=${CMAKE_PREFIX_PATH}:/opt/ros/jazzy DEBUGINFOD_URLS=https://debuginfod.ubuntu.com /usr/bin/cmake --install /home/erum/ros2/ros2_ws/build/new_interfaces
[3.646s] Level 1:colcon.colcon_core.environment:create_environment_scripts_only(new_interfaces)
[3.647s] DEBUG:colcon.colcon_core.event_handler.log_command:Invoked command in '/home/erum/ros2/ros2_ws/build/new_interfaces' returned '0': CMAKE_PREFIX_PATH=${CMAKE_PREFIX_PATH}:/opt/ros/jazzy DEBUGINFOD_URLS=https://debuginfod.ubuntu.com /usr/bin/cmake --install /home/erum/ros2/ros2_ws/build/new_interfaces
[3.668s] Level 1:colcon.colcon_core.environment:checking '/home/erum/ros2/ros2_ws/install/new_interfaces' for CMake module files
[3.669s] Level 1:colcon.colcon_core.environment:checking '/home/erum/ros2/ros2_ws/install/new_interfaces' for CMake config files
[3.670s] Level 1:colcon.colcon_core.shell:create_environment_hook('new_interfaces', 'cmake_prefix_path')
[3.670s] INFO:colcon.colcon_core.shell:Creating environment hook '/home/erum/ros2/ros2_ws/install/new_interfaces/share/new_interfaces/hook/cmake_prefix_path.ps1'
[3.672s] INFO:colcon.colcon_core.shell:Creating environment descriptor '/home/erum/ros2/ros2_ws/install/new_interfaces/share/new_interfaces/hook/cmake_prefix_path.dsv'
[3.673s] INFO:colcon.colcon_core.shell:Creating environment hook '/home/erum/ros2/ros2_ws/install/new_interfaces/share/new_interfaces/hook/cmake_prefix_path.sh'
[3.674s] Level 1:colcon.colcon_core.environment:checking '/home/erum/ros2/ros2_ws/install/new_interfaces/lib'
[3.674s] Level 1:colcon.colcon_core.shell:create_environment_hook('new_interfaces', 'ld_library_path_lib')
[3.674s] INFO:colcon.colcon_core.shell:Creating environment hook '/home/erum/ros2/ros2_ws/install/new_interfaces/share/new_interfaces/hook/ld_library_path_lib.ps1'
[3.675s] INFO:colcon.colcon_core.shell:Creating environment descriptor '/home/erum/ros2/ros2_ws/install/new_interfaces/share/new_interfaces/hook/ld_library_path_lib.dsv'
[3.675s] INFO:colcon.colcon_core.shell:Creating environment hook '/home/erum/ros2/ros2_ws/install/new_interfaces/share/new_interfaces/hook/ld_library_path_lib.sh'
[3.676s] Level 1:colcon.colcon_core.environment:checking '/home/erum/ros2/ros2_ws/install/new_interfaces/bin'
[3.676s] Level 1:colcon.colcon_core.environment:checking '/home/erum/ros2/ros2_ws/install/new_interfaces/lib/pkgconfig/new_interfaces.pc'
[3.676s] Level 1:colcon.colcon_core.environment:checking '/home/erum/ros2/ros2_ws/install/new_interfaces/lib/python3.12/site-packages'
[3.677s] Level 1:colcon.colcon_core.shell:create_environment_hook('new_interfaces', 'pythonpath')
[3.677s] INFO:colcon.colcon_core.shell:Creating environment hook '/home/erum/ros2/ros2_ws/install/new_interfaces/share/new_interfaces/hook/pythonpath.ps1'
[3.677s] INFO:colcon.colcon_core.shell:Creating environment descriptor '/home/erum/ros2/ros2_ws/install/new_interfaces/share/new_interfaces/hook/pythonpath.dsv'
[3.678s] INFO:colcon.colcon_core.shell:Creating environment hook '/home/erum/ros2/ros2_ws/install/new_interfaces/share/new_interfaces/hook/pythonpath.sh'
[3.679s] Level 1:colcon.colcon_core.environment:checking '/home/erum/ros2/ros2_ws/install/new_interfaces/bin'
[3.679s] INFO:colcon.colcon_core.shell:Creating package script '/home/erum/ros2/ros2_ws/install/new_interfaces/share/new_interfaces/package.ps1'
[3.681s] INFO:colcon.colcon_core.shell:Creating package descriptor '/home/erum/ros2/ros2_ws/install/new_interfaces/share/new_interfaces/package.dsv'
[3.684s] INFO:colcon.colcon_core.shell:Creating package script '/home/erum/ros2/ros2_ws/install/new_interfaces/share/new_interfaces/package.sh'
[3.686s] INFO:colcon.colcon_core.shell:Creating package script '/home/erum/ros2/ros2_ws/install/new_interfaces/share/new_interfaces/package.bash'
[3.688s] INFO:colcon.colcon_core.shell:Creating package script '/home/erum/ros2/ros2_ws/install/new_interfaces/share/new_interfaces/package.zsh'
[3.690s] Level 1:colcon.colcon_core.environment:create_file_with_runtime_dependencies(/home/erum/ros2/ros2_ws/install/new_interfaces/share/colcon-core/packages/new_interfaces)
[3.693s] Level 1:colcon.colcon_core.environment:create_environment_scripts_only(new_interfaces)
[3.693s] Level 1:colcon.colcon_core.environment:checking '/home/erum/ros2/ros2_ws/install/new_interfaces' for CMake module files
[3.694s] Level 1:colcon.colcon_core.environment:checking '/home/erum/ros2/ros2_ws/install/new_interfaces' for CMake config files
[3.694s] Level 1:colcon.colcon_core.shell:create_environment_hook('new_interfaces', 'cmake_prefix_path')
[3.694s] INFO:colcon.colcon_core.shell:Creating environment hook '/home/erum/ros2/ros2_ws/install/new_interfaces/share/new_interfaces/hook/cmake_prefix_path.ps1'
[3.695s] INFO:colcon.colcon_core.shell:Creating environment descriptor '/home/erum/ros2/ros2_ws/install/new_interfaces/share/new_interfaces/hook/cmake_prefix_path.dsv'
[3.695s] INFO:colcon.colcon_core.shell:Creating environment hook '/home/erum/ros2/ros2_ws/install/new_interfaces/share/new_interfaces/hook/cmake_prefix_path.sh'
[3.696s] Level 1:colcon.colcon_core.environment:checking '/home/erum/ros2/ros2_ws/install/new_interfaces/lib'
[3.696s] Level 1:colcon.colcon_core.shell:create_environment_hook('new_interfaces', 'ld_library_path_lib')
[3.697s] INFO:colcon.colcon_core.shell:Creating environment hook '/home/erum/ros2/ros2_ws/install/new_interfaces/share/new_interfaces/hook/ld_library_path_lib.ps1'
[3.697s] INFO:colcon.colcon_core.shell:Creating environment descriptor '/home/erum/ros2/ros2_ws/install/new_interfaces/share/new_interfaces/hook/ld_library_path_lib.dsv'
[3.698s] INFO:colcon.colcon_core.shell:Creating environment hook '/home/erum/ros2/ros2_ws/install/new_interfaces/share/new_interfaces/hook/ld_library_path_lib.sh'
[3.698s] Level 1:colcon.colcon_core.environment:checking '/home/erum/ros2/ros2_ws/install/new_interfaces/bin'
[3.698s] Level 1:colcon.colcon_core.environment:checking '/home/erum/ros2/ros2_ws/install/new_interfaces/lib/pkgconfig/new_interfaces.pc'
[3.699s] Level 1:colcon.colcon_core.environment:checking '/home/erum/ros2/ros2_ws/install/new_interfaces/lib/python3.12/site-packages'
[3.699s] Level 1:colcon.colcon_core.shell:create_environment_hook('new_interfaces', 'pythonpath')
[3.699s] INFO:colcon.colcon_core.shell:Creating environment hook '/home/erum/ros2/ros2_ws/install/new_interfaces/share/new_interfaces/hook/pythonpath.ps1'
[3.700s] INFO:colcon.colcon_core.shell:Creating environment descriptor '/home/erum/ros2/ros2_ws/install/new_interfaces/share/new_interfaces/hook/pythonpath.dsv'
[3.701s] INFO:colcon.colcon_core.shell:Creating environment hook '/home/erum/ros2/ros2_ws/install/new_interfaces/share/new_interfaces/hook/pythonpath.sh'
[3.702s] Level 1:colcon.colcon_core.environment:checking '/home/erum/ros2/ros2_ws/install/new_interfaces/bin'
[3.702s] INFO:colcon.colcon_core.shell:Creating package script '/home/erum/ros2/ros2_ws/install/new_interfaces/share/new_interfaces/package.ps1'
[3.703s] INFO:colcon.colcon_core.shell:Creating package descriptor '/home/erum/ros2/ros2_ws/install/new_interfaces/share/new_interfaces/package.dsv'
[3.704s] INFO:colcon.colcon_core.shell:Creating package script '/home/erum/ros2/ros2_ws/install/new_interfaces/share/new_interfaces/package.sh'
[3.708s] INFO:colcon.colcon_core.shell:Creating package script '/home/erum/ros2/ros2_ws/install/new_interfaces/share/new_interfaces/package.bash'
[3.710s] INFO:colcon.colcon_core.shell:Creating package script '/home/erum/ros2/ros2_ws/install/new_interfaces/share/new_interfaces/package.zsh'
[3.710s] Level 1:colcon.colcon_core.environment:create_file_with_runtime_dependencies(/home/erum/ros2/ros2_ws/install/new_interfaces/share/colcon-core/packages/new_interfaces)
[3.717s] DEBUG:colcon.colcon_core.event_handler.log_command:Invoking command in '/home/erum/ros2/ros2_ws/src/my_first_pkg': DEBUGINFOD_URLS=https://debuginfod.ubuntu.com PYTHONPATH=/home/erum/ros2/ros2_ws/build/my_first_pkg/prefix_override:/usr/lib/python3/dist-packages/colcon_core/task/python/colcon_distutils_commands:/home/erum/ros2/ros2_ws/install/my_first_pkg/lib/python3.12/site-packages:${PYTHONPATH} /usr/bin/python3 -W ignore:setup.py install is deprecated -W ignore:easy_install command is deprecated setup.py egg_info --egg-base ../../build/my_first_pkg build --build-base /home/erum/ros2/ros2_ws/build/my_first_pkg/build install --record /home/erum/ros2/ros2_ws/build/my_first_pkg/install.log --single-version-externally-managed install_data
[4.409s] Level 1:colcon.colcon_core.environment:checking '/home/erum/ros2/ros2_ws/install/my_first_pkg' for CMake module files
[4.410s] DEBUG:colcon.colcon_core.event_handler.log_command:Invoked command in '/home/erum/ros2/ros2_ws/src/my_first_pkg' returned '0': DEBUGINFOD_URLS=https://debuginfod.ubuntu.com PYTHONPATH=/home/erum/ros2/ros2_ws/build/my_first_pkg/prefix_override:/usr/lib/python3/dist-packages/colcon_core/task/python/colcon_distutils_commands:/home/erum/ros2/ros2_ws/install/my_first_pkg/lib/python3.12/site-packages:${PYTHONPATH} /usr/bin/python3 -W ignore:setup.py install is deprecated -W ignore:easy_install command is deprecated setup.py egg_info --egg-base ../../build/my_first_pkg build --build-base /home/erum/ros2/ros2_ws/build/my_first_pkg/build install --record /home/erum/ros2/ros2_ws/build/my_first_pkg/install.log --single-version-externally-managed install_data
[4.411s] Level 1:colcon.colcon_core.environment:checking '/home/erum/ros2/ros2_ws/install/my_first_pkg' for CMake config files
[4.414s] Level 1:colcon.colcon_core.environment:checking '/home/erum/ros2/ros2_ws/install/my_first_pkg/lib'
[4.414s] Level 1:colcon.colcon_core.environment:checking '/home/erum/ros2/ros2_ws/install/my_first_pkg/bin'
[4.414s] Level 1:colcon.colcon_core.environment:checking '/home/erum/ros2/ros2_ws/install/my_first_pkg/lib/pkgconfig/my_first_pkg.pc'
[4.415s] Level 1:colcon.colcon_core.environment:checking '/home/erum/ros2/ros2_ws/install/my_first_pkg/lib/python3.12/site-packages'
[4.415s] Level 1:colcon.colcon_core.shell:create_environment_hook('my_first_pkg', 'pythonpath')
[4.415s] INFO:colcon.colcon_core.shell:Creating environment hook '/home/erum/ros2/ros2_ws/install/my_first_pkg/share/my_first_pkg/hook/pythonpath.ps1'
[4.416s] INFO:colcon.colcon_core.shell:Creating environment descriptor '/home/erum/ros2/ros2_ws/install/my_first_pkg/share/my_first_pkg/hook/pythonpath.dsv'
[4.416s] INFO:colcon.colcon_core.shell:Creating environment hook '/home/erum/ros2/ros2_ws/install/my_first_pkg/share/my_first_pkg/hook/pythonpath.sh'
[4.417s] Level 1:colcon.colcon_core.environment:checking '/home/erum/ros2/ros2_ws/install/my_first_pkg/bin'
[4.417s] Level 1:colcon.colcon_core.environment:create_environment_scripts_only(my_first_pkg)
[4.417s] INFO:colcon.colcon_core.shell:Creating package script '/home/erum/ros2/ros2_ws/install/my_first_pkg/share/my_first_pkg/package.ps1'
[4.418s] INFO:colcon.colcon_core.shell:Creating package descriptor '/home/erum/ros2/ros2_ws/install/my_first_pkg/share/my_first_pkg/package.dsv'
[4.419s] INFO:colcon.colcon_core.shell:Creating package script '/home/erum/ros2/ros2_ws/install/my_first_pkg/share/my_first_pkg/package.sh'
[4.419s] INFO:colcon.colcon_core.shell:Creating package script '/home/erum/ros2/ros2_ws/install/my_first_pkg/share/my_first_pkg/package.bash'
[4.420s] INFO:colcon.colcon_core.shell:Creating package script '/home/erum/ros2/ros2_ws/install/my_first_pkg/share/my_first_pkg/package.zsh'
[4.421s] Level 1:colcon.colcon_core.environment:create_file_with_runtime_dependencies(/home/erum/ros2/ros2_ws/install/my_first_pkg/share/colcon-core/packages/my_first_pkg)
[4.422s] DEBUG:colcon.colcon_parallel_executor.executor.parallel:closing loop
[4.422s] DEBUG:colcon.colcon_parallel_executor.executor.parallel:loop closed
[4.423s] DEBUG:colcon.colcon_parallel_executor.executor.parallel:run_until_complete finished with '0'
[4.423s] DEBUG:colcon.colcon_core.event_reactor:joining thread
[4.453s] INFO:colcon.colcon_core.plugin_system:Skipping extension 'colcon_notification.desktop_notification.terminal_notifier': Not used on non-Darwin systems
[4.453s] INFO:colcon.colcon_core.plugin_system:Skipping extension 'colcon_notification.desktop_notification.win32': Not used on non-Windows systems
[4.454s] INFO:colcon.colcon_notification.desktop_notification:Sending desktop notification using 'notify2'
[4.562s] DEBUG:colcon.colcon_core.event_reactor:joined thread
[4.562s] INFO:colcon.colcon_core.shell:Creating prefix script '/home/erum/ros2/ros2_ws/install/local_setup.ps1'
[4.565s] INFO:colcon.colcon_core.shell:Creating prefix util module '/home/erum/ros2/ros2_ws/install/_local_setup_util_ps1.py'
[4.567s] INFO:colcon.colcon_core.shell:Creating prefix chain script '/home/erum/ros2/ros2_ws/install/setup.ps1'
[4.570s] INFO:colcon.colcon_core.shell:Creating prefix script '/home/erum/ros2/ros2_ws/install/local_setup.sh'
[4.573s] INFO:colcon.colcon_core.shell:Creating prefix util module '/home/erum/ros2/ros2_ws/install/_local_setup_util_sh.py'
[4.574s] INFO:colcon.colcon_core.shell:Creating prefix chain script '/home/erum/ros2/ros2_ws/install/setup.sh'
[4.577s] INFO:colcon.colcon_core.shell:Creating prefix script '/home/erum/ros2/ros2_ws/install/local_setup.bash'
[4.579s] INFO:colcon.colcon_core.shell:Creating prefix chain script '/home/erum/ros2/ros2_ws/install/setup.bash'
[4.583s] INFO:colcon.colcon_core.shell:Creating prefix script '/home/erum/ros2/ros2_ws/install/local_setup.zsh'
[4.585s] INFO:colcon.colcon_core.shell:Creating prefix chain script '/home/erum/ros2/ros2_ws/install/setup.zsh'
