[0.167s] DEBUG:colcon:Command line arguments: ['/usr/bin/colcon', 'build']
[0.167s] DEBUG:colcon:Parsed command line arguments: Namespace(log_base=None, log_level=None, verb_name='build', build_base='build', install_base='install', merge_install=False, symlink_install=False, test_result_base=None, continue_on_error=False, executor='parallel', parallel_workers=2, event_handlers=None, ignore_user_meta=False, metas=['./colcon.meta'], base_paths=['.'], packages_ignore=None, packages_ignore_regex=None, paths=None, packages_up_to=None, packages_up_to_regex=None, packages_above=None, packages_above_and_dependencies=None, packages_above_depth=None, packages_select_by_dep=None, packages_skip_by_dep=None, packages_skip_up_to=None, packages_select_build_failed=False, packages_skip_build_finished=False, packages_select_test_failures=False, packages_skip_test_passed=False, packages_select=None, packages_skip=None, packages_select_regex=None, packages_skip_regex=None, packages_start=None, packages_end=None, allow_overriding=[], cmake_args=None, cmake_target=None, cmake_target_skip_unavailable=False, cmake_clean_cache=False, cmake_clean_first=False, cmake_force_configure=False, ament_cmake_args=None, catkin_cmake_args=None, catkin_skip_building_tests=False, mixin_files=None, mixin=None, verb_parser=<colcon_mixin.mixin.mixin_argument.MixinArgumentDecorator object at 0x7b41ad0a6240>, verb_extension=<colcon_core.verb.build.BuildVerb object at 0x7b41ad1b69f0>, main=<bound method BuildVerb.main of <colcon_core.verb.build.BuildVerb object at 0x7b41ad1b69f0>>, mixin_verb=('build',))
[0.268s] Level 1:colcon.colcon_core.package_discovery:discover_packages(colcon_meta) check parameters
[0.268s] Level 1:colcon.colcon_core.package_discovery:discover_packages(recursive) check parameters
[0.268s] Level 1:colcon.colcon_core.package_discovery:discover_packages(ignore) check parameters
[0.269s] Level 1:colcon.colcon_core.package_discovery:discover_packages(path) check parameters
[0.269s] Level 1:colcon.colcon_core.package_discovery:discover_packages(colcon_meta) discover
[0.269s] Level 1:colcon.colcon_core.package_discovery:discover_packages(recursive) discover
[0.269s] INFO:colcon.colcon_core.package_discovery:Crawling recursively for packages in '/home/erum/ros2_workspace'
[0.269s] Level 1:colcon.colcon_core.package_identification:_identify(.) by extensions ['ignore', 'ignore_ament_install']
[0.269s] Level 1:colcon.colcon_core.package_identification:_identify(.) by extension 'ignore'
[0.269s] Level 1:colcon.colcon_core.package_identification:_identify(.) by extension 'ignore_ament_install'
[0.269s] Level 1:colcon.colcon_core.package_identification:_identify(.) by extensions ['colcon_pkg']
[0.269s] Level 1:colcon.colcon_core.package_identification:_identify(.) by extension 'colcon_pkg'
[0.269s] Level 1:colcon.colcon_core.package_identification:_identify(.) by extensions ['colcon_meta']
[0.269s] Level 1:colcon.colcon_core.package_identification:_identify(.) by extension 'colcon_meta'
[0.269s] Level 1:colcon.colcon_core.package_identification:_identify(.) by extensions ['ros']
[0.269s] Level 1:colcon.colcon_core.package_identification:_identify(.) by extension 'ros'
[0.338s] Level 1:colcon.colcon_core.package_identification:_identify(.) by extensions ['cmake', 'python']
[0.338s] Level 1:colcon.colcon_core.package_identification:_identify(.) by extension 'cmake'
[0.338s] Level 1:colcon.colcon_core.package_identification:_identify(.) by extension 'python'
[0.338s] Level 1:colcon.colcon_core.package_identification:_identify(.) by extensions ['python_setup_py']
[0.338s] Level 1:colcon.colcon_core.package_identification:_identify(.) by extension 'python_setup_py'
[0.338s] Level 1:colcon.colcon_core.package_identification:_identify(build) by extensions ['ignore', 'ignore_ament_install']
[0.338s] Level 1:colcon.colcon_core.package_identification:_identify(build) by extension 'ignore'
[0.339s] Level 1:colcon.colcon_core.package_identification:_identify(build) ignored
[0.339s] Level 1:colcon.colcon_core.package_identification:_identify(install) by extensions ['ignore', 'ignore_ament_install']
[0.339s] Level 1:colcon.colcon_core.package_identification:_identify(install) by extension 'ignore'
[0.340s] Level 1:colcon.colcon_core.package_identification:_identify(install) ignored
[0.340s] Level 1:colcon.colcon_core.package_identification:_identify(log) by extensions ['ignore', 'ignore_ament_install']
[0.340s] Level 1:colcon.colcon_core.package_identification:_identify(log) by extension 'ignore'
[0.340s] Level 1:colcon.colcon_core.package_identification:_identify(log) ignored
[0.340s] Level 1:colcon.colcon_core.package_identification:_identify(maps) by extensions ['ignore', 'ignore_ament_install']
[0.340s] Level 1:colcon.colcon_core.package_identification:_identify(maps) by extension 'ignore'
[0.340s] Level 1:colcon.colcon_core.package_identification:_identify(maps) by extension 'ignore_ament_install'
[0.340s] Level 1:colcon.colcon_core.package_identification:_identify(maps) by extensions ['colcon_pkg']
[0.340s] Level 1:colcon.colcon_core.package_identification:_identify(maps) by extension 'colcon_pkg'
[0.340s] Level 1:colcon.colcon_core.package_identification:_identify(maps) by extensions ['colcon_meta']
[0.340s] Level 1:colcon.colcon_core.package_identification:_identify(maps) by extension 'colcon_meta'
[0.341s] Level 1:colcon.colcon_core.package_identification:_identify(maps) by extensions ['ros']
[0.341s] Level 1:colcon.colcon_core.package_identification:_identify(maps) by extension 'ros'
[0.341s] Level 1:colcon.colcon_core.package_identification:_identify(maps) by extensions ['cmake', 'python']
[0.341s] Level 1:colcon.colcon_core.package_identification:_identify(maps) by extension 'cmake'
[0.341s] Level 1:colcon.colcon_core.package_identification:_identify(maps) by extension 'python'
[0.341s] Level 1:colcon.colcon_core.package_identification:_identify(maps) by extensions ['python_setup_py']
[0.341s] Level 1:colcon.colcon_core.package_identification:_identify(maps) by extension 'python_setup_py'
[0.341s] Level 1:colcon.colcon_core.package_identification:_identify(src) by extensions ['ignore', 'ignore_ament_install']
[0.341s] Level 1:colcon.colcon_core.package_identification:_identify(src) by extension 'ignore'
[0.341s] Level 1:colcon.colcon_core.package_identification:_identify(src) by extension 'ignore_ament_install'
[0.341s] Level 1:colcon.colcon_core.package_identification:_identify(src) by extensions ['colcon_pkg']
[0.341s] Level 1:colcon.colcon_core.package_identification:_identify(src) by extension 'colcon_pkg'
[0.341s] Level 1:colcon.colcon_core.package_identification:_identify(src) by extensions ['colcon_meta']
[0.341s] Level 1:colcon.colcon_core.package_identification:_identify(src) by extension 'colcon_meta'
[0.341s] Level 1:colcon.colcon_core.package_identification:_identify(src) by extensions ['ros']
[0.341s] Level 1:colcon.colcon_core.package_identification:_identify(src) by extension 'ros'
[0.342s] Level 1:colcon.colcon_core.package_identification:_identify(src) by extensions ['cmake', 'python']
[0.342s] Level 1:colcon.colcon_core.package_identification:_identify(src) by extension 'cmake'
[0.342s] Level 1:colcon.colcon_core.package_identification:_identify(src) by extension 'python'
[0.342s] Level 1:colcon.colcon_core.package_identification:_identify(src) by extensions ['python_setup_py']
[0.342s] Level 1:colcon.colcon_core.package_identification:_identify(src) by extension 'python_setup_py'
[0.342s] Level 1:colcon.colcon_core.package_identification:_identify(src/Erum_pde4430) by extensions ['ignore', 'ignore_ament_install']
[0.342s] Level 1:colcon.colcon_core.package_identification:_identify(src/Erum_pde4430) by extension 'ignore'
[0.342s] Level 1:colcon.colcon_core.package_identification:_identify(src/Erum_pde4430) by extension 'ignore_ament_install'
[0.342s] Level 1:colcon.colcon_core.package_identification:_identify(src/Erum_pde4430) by extensions ['colcon_pkg']
[0.342s] Level 1:colcon.colcon_core.package_identification:_identify(src/Erum_pde4430) by extension 'colcon_pkg'
[0.342s] Level 1:colcon.colcon_core.package_identification:_identify(src/Erum_pde4430) by extensions ['colcon_meta']
[0.342s] Level 1:colcon.colcon_core.package_identification:_identify(src/Erum_pde4430) by extension 'colcon_meta'
[0.342s] Level 1:colcon.colcon_core.package_identification:_identify(src/Erum_pde4430) by extensions ['ros']
[0.342s] Level 1:colcon.colcon_core.package_identification:_identify(src/Erum_pde4430) by extension 'ros'
[0.349s] DEBUG:colcon.colcon_core.package_identification:Package 'src/Erum_pde4430' with type 'ros.ament_python' and name 'Erum_pde4430'
[0.350s] Level 1:colcon.colcon_core.package_identification:_identify(src/add_two_ints_pkg) by extensions ['ignore', 'ignore_ament_install']
[0.350s] Level 1:colcon.colcon_core.package_identification:_identify(src/add_two_ints_pkg) by extension 'ignore'
[0.350s] Level 1:colcon.colcon_core.package_identification:_identify(src/add_two_ints_pkg) by extension 'ignore_ament_install'
[0.350s] Level 1:colcon.colcon_core.package_identification:_identify(src/add_two_ints_pkg) by extensions ['colcon_pkg']
[0.350s] Level 1:colcon.colcon_core.package_identification:_identify(src/add_two_ints_pkg) by extension 'colcon_pkg'
[0.350s] Level 1:colcon.colcon_core.package_identification:_identify(src/add_two_ints_pkg) by extensions ['colcon_meta']
[0.350s] Level 1:colcon.colcon_core.package_identification:_identify(src/add_two_ints_pkg) by extension 'colcon_meta'
[0.350s] Level 1:colcon.colcon_core.package_identification:_identify(src/add_two_ints_pkg) by extensions ['ros']
[0.350s] Level 1:colcon.colcon_core.package_identification:_identify(src/add_two_ints_pkg) by extension 'ros'
[0.353s] DEBUG:colcon.colcon_core.package_identification:Package 'src/add_two_ints_pkg' with type 'ros.ament_python' and name 'add_two_ints_pkg'
[0.353s] Level 1:colcon.colcon_core.package_identification:_identify(src/my_first_pkg) by extensions ['ignore', 'ignore_ament_install']
[0.353s] Level 1:colcon.colcon_core.package_identification:_identify(src/my_first_pkg) by extension 'ignore'
[0.353s] Level 1:colcon.colcon_core.package_identification:_identify(src/my_first_pkg) by extension 'ignore_ament_install'
[0.353s] Level 1:colcon.colcon_core.package_identification:_identify(src/my_first_pkg) by extensions ['colcon_pkg']
[0.353s] Level 1:colcon.colcon_core.package_identification:_identify(src/my_first_pkg) by extension 'colcon_pkg'
[0.353s] Level 1:colcon.colcon_core.package_identification:_identify(src/my_first_pkg) by extensions ['colcon_meta']
[0.353s] Level 1:colcon.colcon_core.package_identification:_identify(src/my_first_pkg) by extension 'colcon_meta'
[0.353s] Level 1:colcon.colcon_core.package_identification:_identify(src/my_first_pkg) by extensions ['ros']
[0.353s] Level 1:colcon.colcon_core.package_identification:_identify(src/my_first_pkg) by extension 'ros'
[0.355s] DEBUG:colcon.colcon_core.package_identification:Package 'src/my_first_pkg' with type 'ros.ament_python' and name 'my_first_pkg'
[0.355s] Level 1:colcon.colcon_core.package_identification:_identify(src/my_robot_description) by extensions ['ignore', 'ignore_ament_install']
[0.355s] Level 1:colcon.colcon_core.package_identification:_identify(src/my_robot_description) by extension 'ignore'
[0.356s] Level 1:colcon.colcon_core.package_identification:_identify(src/my_robot_description) by extension 'ignore_ament_install'
[0.356s] Level 1:colcon.colcon_core.package_identification:_identify(src/my_robot_description) by extensions ['colcon_pkg']
[0.356s] Level 1:colcon.colcon_core.package_identification:_identify(src/my_robot_description) by extension 'colcon_pkg'
[0.356s] Level 1:colcon.colcon_core.package_identification:_identify(src/my_robot_description) by extensions ['colcon_meta']
[0.356s] Level 1:colcon.colcon_core.package_identification:_identify(src/my_robot_description) by extension 'colcon_meta'
[0.356s] Level 1:colcon.colcon_core.package_identification:_identify(src/my_robot_description) by extensions ['ros']
[0.356s] Level 1:colcon.colcon_core.package_identification:_identify(src/my_robot_description) by extension 'ros'
[0.356s] DEBUG:colcon.colcon_core.package_identification:Package 'src/my_robot_description' with type 'ros.ament_cmake' and name 'my_robot_description'
[0.357s] Level 1:colcon.colcon_core.package_identification:_identify(src/new_interfaces) by extensions ['ignore', 'ignore_ament_install']
[0.357s] Level 1:colcon.colcon_core.package_identification:_identify(src/new_interfaces) by extension 'ignore'
[0.357s] Level 1:colcon.colcon_core.package_identification:_identify(src/new_interfaces) by extension 'ignore_ament_install'
[0.357s] Level 1:colcon.colcon_core.package_identification:_identify(src/new_interfaces) by extensions ['colcon_pkg']
[0.357s] Level 1:colcon.colcon_core.package_identification:_identify(src/new_interfaces) by extension 'colcon_pkg'
[0.357s] Level 1:colcon.colcon_core.package_identification:_identify(src/new_interfaces) by extensions ['colcon_meta']
[0.357s] Level 1:colcon.colcon_core.package_identification:_identify(src/new_interfaces) by extension 'colcon_meta'
[0.357s] Level 1:colcon.colcon_core.package_identification:_identify(src/new_interfaces) by extensions ['ros']
[0.357s] Level 1:colcon.colcon_core.package_identification:_identify(src/new_interfaces) by extension 'ros'
[0.358s] DEBUG:colcon.colcon_core.package_identification:Package 'src/new_interfaces' with type 'ros.ament_cmake' and name 'new_interfaces'
[0.358s] Level 1:colcon.colcon_core.package_identification:_identify(src/rect_area_pkg) by extensions ['ignore', 'ignore_ament_install']
[0.358s] Level 1:colcon.colcon_core.package_identification:_identify(src/rect_area_pkg) by extension 'ignore'
[0.358s] Level 1:colcon.colcon_core.package_identification:_identify(src/rect_area_pkg) by extension 'ignore_ament_install'
[0.358s] Level 1:colcon.colcon_core.package_identification:_identify(src/rect_area_pkg) by extensions ['colcon_pkg']
[0.358s] Level 1:colcon.colcon_core.package_identification:_identify(src/rect_area_pkg) by extension 'colcon_pkg'
[0.358s] Level 1:colcon.colcon_core.package_identification:_identify(src/rect_area_pkg) by extensions ['colcon_meta']
[0.358s] Level 1:colcon.colcon_core.package_identification:_identify(src/rect_area_pkg) by extension 'colcon_meta'
[0.358s] Level 1:colcon.colcon_core.package_identification:_identify(src/rect_area_pkg) by extensions ['ros']
[0.358s] Level 1:colcon.colcon_core.package_identification:_identify(src/rect_area_pkg) by extension 'ros'
[0.359s] DEBUG:colcon.colcon_core.package_identification:Package 'src/rect_area_pkg' with type 'ros.ament_python' and name 'rect_area_pkg'
[0.359s] Level 1:colcon.colcon_core.package_discovery:discover_packages(recursive) using defaults
[0.359s] Level 1:colcon.colcon_core.package_discovery:discover_packages(ignore) discover
[0.359s] Level 1:colcon.colcon_core.package_discovery:discover_packages(ignore) using defaults
[0.359s] Level 1:colcon.colcon_core.package_discovery:discover_packages(path) discover
[0.359s] Level 1:colcon.colcon_core.package_discovery:discover_packages(path) using defaults
[0.413s] Level 1:colcon.colcon_core.package_discovery:discover_packages(prefix_path) check parameters
[0.413s] Level 1:colcon.colcon_core.package_discovery:discover_packages(prefix_path) discover
[0.417s] DEBUG:colcon.colcon_installed_package_information.package_discovery:Found 9 installed packages in /home/erum/ros2_workspace/install
[0.418s] DEBUG:colcon.colcon_installed_package_information.package_discovery:Found 2 installed packages in /home/erum/install
[0.421s] DEBUG:colcon.colcon_installed_package_information.package_discovery:Found 498 installed packages in /opt/ros/jazzy
[0.427s] Level 1:colcon.colcon_core.package_discovery:discover_packages(prefix_path) using defaults
[0.550s] Level 5:colcon.colcon_core.verb:set package 'Erum_pde4430' build argument 'cmake_args' from command line to 'None'
[0.550s] Level 5:colcon.colcon_core.verb:set package 'Erum_pde4430' build argument 'cmake_target' from command line to 'None'
[0.551s] Level 5:colcon.colcon_core.verb:set package 'Erum_pde4430' build argument 'cmake_target_skip_unavailable' from command line to 'False'
[0.551s] Level 5:colcon.colcon_core.verb:set package 'Erum_pde4430' build argument 'cmake_clean_cache' from command line to 'False'
[0.551s] Level 5:colcon.colcon_core.verb:set package 'Erum_pde4430' build argument 'cmake_clean_first' from command line to 'False'
[0.551s] Level 5:colcon.colcon_core.verb:set package 'Erum_pde4430' build argument 'cmake_force_configure' from command line to 'False'
[0.551s] Level 5:colcon.colcon_core.verb:set package 'Erum_pde4430' build argument 'ament_cmake_args' from command line to 'None'
[0.551s] Level 5:colcon.colcon_core.verb:set package 'Erum_pde4430' build argument 'catkin_cmake_args' from command line to 'None'
[0.551s] Level 5:colcon.colcon_core.verb:set package 'Erum_pde4430' build argument 'catkin_skip_building_tests' from command line to 'False'
[0.551s] DEBUG:colcon.colcon_core.verb:Building package 'Erum_pde4430' with the following arguments: {'ament_cmake_args': None, 'build_base': '/home/erum/ros2_workspace/build/Erum_pde4430', 'catkin_cmake_args': None, 'catkin_skip_building_tests': False, 'cmake_args': None, 'cmake_clean_cache': False, 'cmake_clean_first': False, 'cmake_force_configure': False, 'cmake_target': None, 'cmake_target_skip_unavailable': False, 'install_base': '/home/erum/ros2_workspace/install/Erum_pde4430', 'merge_install': False, 'path': '/home/erum/ros2_workspace/src/Erum_pde4430', 'symlink_install': False, 'test_result_base': None}
[0.551s] Level 5:colcon.colcon_core.verb:set package 'my_first_pkg' build argument 'cmake_args' from command line to 'None'
[0.551s] Level 5:colcon.colcon_core.verb:set package 'my_first_pkg' build argument 'cmake_target' from command line to 'None'
[0.551s] Level 5:colcon.colcon_core.verb:set package 'my_first_pkg' build argument 'cmake_target_skip_unavailable' from command line to 'False'
[0.551s] Level 5:colcon.colcon_core.verb:set package 'my_first_pkg' build argument 'cmake_clean_cache' from command line to 'False'
[0.552s] Level 5:colcon.colcon_core.verb:set package 'my_first_pkg' build argument 'cmake_clean_first' from command line to 'False'
[0.552s] Level 5:colcon.colcon_core.verb:set package 'my_first_pkg' build argument 'cmake_force_configure' from command line to 'False'
[0.552s] Level 5:colcon.colcon_core.verb:set package 'my_first_pkg' build argument 'ament_cmake_args' from command line to 'None'
[0.552s] Level 5:colcon.colcon_core.verb:set package 'my_first_pkg' build argument 'catkin_cmake_args' from command line to 'None'
[0.552s] Level 5:colcon.colcon_core.verb:set package 'my_first_pkg' build argument 'catkin_skip_building_tests' from command line to 'False'
[0.552s] DEBUG:colcon.colcon_core.verb:Building package 'my_first_pkg' with the following arguments: {'ament_cmake_args': None, 'build_base': '/home/erum/ros2_workspace/build/my_first_pkg', 'catkin_cmake_args': None, 'catkin_skip_building_tests': False, 'cmake_args': None, 'cmake_clean_cache': False, 'cmake_clean_first': False, 'cmake_force_configure': False, 'cmake_target': None, 'cmake_target_skip_unavailable': False, 'install_base': '/home/erum/ros2_workspace/install/my_first_pkg', 'merge_install': False, 'path': '/home/erum/ros2_workspace/src/my_first_pkg', 'symlink_install': False, 'test_result_base': None}
[0.552s] Level 5:colcon.colcon_core.verb:set package 'my_robot_description' build argument 'cmake_args' from command line to 'None'
[0.552s] Level 5:colcon.colcon_core.verb:set package 'my_robot_description' build argument 'cmake_target' from command line to 'None'
[0.552s] Level 5:colcon.colcon_core.verb:set package 'my_robot_description' build argument 'cmake_target_skip_unavailable' from command line to 'False'
[0.552s] Level 5:colcon.colcon_core.verb:set package 'my_robot_description' build argument 'cmake_clean_cache' from command line to 'False'
[0.552s] Level 5:colcon.colcon_core.verb:set package 'my_robot_description' build argument 'cmake_clean_first' from command line to 'False'
[0.552s] Level 5:colcon.colcon_core.verb:set package 'my_robot_description' build argument 'cmake_force_configure' from command line to 'False'
[0.552s] Level 5:colcon.colcon_core.verb:set package 'my_robot_description' build argument 'ament_cmake_args' from command line to 'None'
[0.552s] Level 5:colcon.colcon_core.verb:set package 'my_robot_description' build argument 'catkin_cmake_args' from command line to 'None'
[0.552s] Level 5:colcon.colcon_core.verb:set package 'my_robot_description' build argument 'catkin_skip_building_tests' from command line to 'False'
[0.552s] DEBUG:colcon.colcon_core.verb:Building package 'my_robot_description' with the following arguments: {'ament_cmake_args': None, 'build_base': '/home/erum/ros2_workspace/build/my_robot_description', 'catkin_cmake_args': None, 'catkin_skip_building_tests': False, 'cmake_args': None, 'cmake_clean_cache': False, 'cmake_clean_first': False, 'cmake_force_configure': False, 'cmake_target': None, 'cmake_target_skip_unavailable': False, 'install_base': '/home/erum/ros2_workspace/install/my_robot_description', 'merge_install': False, 'path': '/home/erum/ros2_workspace/src/my_robot_description', 'symlink_install': False, 'test_result_base': None}
[0.552s] Level 5:colcon.colcon_core.verb:set package 'new_interfaces' build argument 'cmake_args' from command line to 'None'
[0.553s] Level 5:colcon.colcon_core.verb:set package 'new_interfaces' build argument 'cmake_target' from command line to 'None'
[0.553s] Level 5:colcon.colcon_core.verb:set package 'new_interfaces' build argument 'cmake_target_skip_unavailable' from command line to 'False'
[0.553s] Level 5:colcon.colcon_core.verb:set package 'new_interfaces' build argument 'cmake_clean_cache' from command line to 'False'
[0.553s] Level 5:colcon.colcon_core.verb:set package 'new_interfaces' build argument 'cmake_clean_first' from command line to 'False'
[0.553s] Level 5:colcon.colcon_core.verb:set package 'new_interfaces' build argument 'cmake_force_configure' from command line to 'False'
[0.553s] Level 5:colcon.colcon_core.verb:set package 'new_interfaces' build argument 'ament_cmake_args' from command line to 'None'
[0.553s] Level 5:colcon.colcon_core.verb:set package 'new_interfaces' build argument 'catkin_cmake_args' from command line to 'None'
[0.553s] Level 5:colcon.colcon_core.verb:set package 'new_interfaces' build argument 'catkin_skip_building_tests' from command line to 'False'
[0.553s] DEBUG:colcon.colcon_core.verb:Building package 'new_interfaces' with the following arguments: {'ament_cmake_args': None, 'build_base': '/home/erum/ros2_workspace/build/new_interfaces', 'catkin_cmake_args': None, 'catkin_skip_building_tests': False, 'cmake_args': None, 'cmake_clean_cache': False, 'cmake_clean_first': False, 'cmake_force_configure': False, 'cmake_target': None, 'cmake_target_skip_unavailable': False, 'install_base': '/home/erum/ros2_workspace/install/new_interfaces', 'merge_install': False, 'path': '/home/erum/ros2_workspace/src/new_interfaces', 'symlink_install': False, 'test_result_base': None}
[0.553s] Level 5:colcon.colcon_core.verb:set package 'rect_area_pkg' build argument 'cmake_args' from command line to 'None'
[0.553s] Level 5:colcon.colcon_core.verb:set package 'rect_area_pkg' build argument 'cmake_target' from command line to 'None'
[0.553s] Level 5:colcon.colcon_core.verb:set package 'rect_area_pkg' build argument 'cmake_target_skip_unavailable' from command line to 'False'
[0.553s] Level 5:colcon.colcon_core.verb:set package 'rect_area_pkg' build argument 'cmake_clean_cache' from command line to 'False'
[0.553s] Level 5:colcon.colcon_core.verb:set package 'rect_area_pkg' build argument 'cmake_clean_first' from command line to 'False'
[0.553s] Level 5:colcon.colcon_core.verb:set package 'rect_area_pkg' build argument 'cmake_force_configure' from command line to 'False'
[0.553s] Level 5:colcon.colcon_core.verb:set package 'rect_area_pkg' build argument 'ament_cmake_args' from command line to 'None'
[0.553s] Level 5:colcon.colcon_core.verb:set package 'rect_area_pkg' build argument 'catkin_cmake_args' from command line to 'None'
[0.553s] Level 5:colcon.colcon_core.verb:set package 'rect_area_pkg' build argument 'catkin_skip_building_tests' from command line to 'False'
[0.553s] DEBUG:colcon.colcon_core.verb:Building package 'rect_area_pkg' with the following arguments: {'ament_cmake_args': None, 'build_base': '/home/erum/ros2_workspace/build/rect_area_pkg', 'catkin_cmake_args': None, 'catkin_skip_building_tests': False, 'cmake_args': None, 'cmake_clean_cache': False, 'cmake_clean_first': False, 'cmake_force_configure': False, 'cmake_target': None, 'cmake_target_skip_unavailable': False, 'install_base': '/home/erum/ros2_workspace/install/rect_area_pkg', 'merge_install': False, 'path': '/home/erum/ros2_workspace/src/rect_area_pkg', 'symlink_install': False, 'test_result_base': None}
[0.553s] Level 5:colcon.colcon_core.verb:set package 'add_two_ints_pkg' build argument 'cmake_args' from command line to 'None'
[0.554s] Level 5:colcon.colcon_core.verb:set package 'add_two_ints_pkg' build argument 'cmake_target' from command line to 'None'
[0.554s] Level 5:colcon.colcon_core.verb:set package 'add_two_ints_pkg' build argument 'cmake_target_skip_unavailable' from command line to 'False'
[0.554s] Level 5:colcon.colcon_core.verb:set package 'add_two_ints_pkg' build argument 'cmake_clean_cache' from command line to 'False'
[0.554s] Level 5:colcon.colcon_core.verb:set package 'add_two_ints_pkg' build argument 'cmake_clean_first' from command line to 'False'
[0.554s] Level 5:colcon.colcon_core.verb:set package 'add_two_ints_pkg' build argument 'cmake_force_configure' from command line to 'False'
[0.554s] Level 5:colcon.colcon_core.verb:set package 'add_two_ints_pkg' build argument 'ament_cmake_args' from command line to 'None'
[0.554s] Level 5:colcon.colcon_core.verb:set package 'add_two_ints_pkg' build argument 'catkin_cmake_args' from command line to 'None'
[0.554s] Level 5:colcon.colcon_core.verb:set package 'add_two_ints_pkg' build argument 'catkin_skip_building_tests' from command line to 'False'
[0.554s] DEBUG:colcon.colcon_core.verb:Building package 'add_two_ints_pkg' with the following arguments: {'ament_cmake_args': None, 'build_base': '/home/erum/ros2_workspace/build/add_two_ints_pkg', 'catkin_cmake_args': None, 'catkin_skip_building_tests': False, 'cmake_args': None, 'cmake_clean_cache': False, 'cmake_clean_first': False, 'cmake_force_configure': False, 'cmake_target': None, 'cmake_target_skip_unavailable': False, 'install_base': '/home/erum/ros2_workspace/install/add_two_ints_pkg', 'merge_install': False, 'path': '/home/erum/ros2_workspace/src/add_two_ints_pkg', 'symlink_install': False, 'test_result_base': None}
[0.554s] INFO:colcon.colcon_core.executor:Executing jobs using 'parallel' executor
[0.556s] DEBUG:colcon.colcon_parallel_executor.executor.parallel:run_until_complete
[0.557s] INFO:colcon.colcon_ros.task.ament_cmake.build:Building ROS package in '/home/erum/ros2_workspace/src/new_interfaces' with build type 'ament_cmake'
[0.557s] INFO:colcon.colcon_cmake.task.cmake.build:Building CMake package in '/home/erum/ros2_workspace/src/new_interfaces'
[0.560s] INFO:colcon.colcon_core.plugin_system:Skipping extension 'colcon_core.shell.bat': Not used on non-Windows systems
[0.560s] INFO:colcon.colcon_core.shell:Skip shell extension 'powershell' for command environment: Not usable outside of PowerShell
[0.560s] DEBUG:colcon.colcon_core.shell:Skip shell extension 'dsv' for command environment
[0.575s] INFO:colcon.colcon_ros.task.ament_python.build:Building ROS package in '/home/erum/ros2_workspace/src/Erum_pde4430' with build type 'ament_python'
[0.575s] Level 1:colcon.colcon_core.shell:create_environment_hook('Erum_pde4430', 'ament_prefix_path')
[0.576s] INFO:colcon.colcon_core.shell:Creating environment hook '/home/erum/ros2_workspace/install/Erum_pde4430/share/Erum_pde4430/hook/ament_prefix_path.ps1'
[0.576s] INFO:colcon.colcon_core.shell:Creating environment descriptor '/home/erum/ros2_workspace/install/Erum_pde4430/share/Erum_pde4430/hook/ament_prefix_path.dsv'
[0.577s] INFO:colcon.colcon_core.shell:Creating environment hook '/home/erum/ros2_workspace/install/Erum_pde4430/share/Erum_pde4430/hook/ament_prefix_path.sh'
[0.579s] INFO:colcon.colcon_core.shell:Skip shell extension 'powershell' for command environment: Not usable outside of PowerShell
[0.579s] DEBUG:colcon.colcon_core.shell:Skip shell extension 'dsv' for command environment
[0.615s] DEBUG:colcon.colcon_core.event_handler.log_command:Invoking command in '/home/erum/ros2_workspace/build/new_interfaces': CMAKE_PREFIX_PATH=${CMAKE_PREFIX_PATH}:/home/erum/ros2_workspace/install/rect_area_pkg:/home/erum/ros2_workspace/install/add_two_ints_pkg:/home/erum/ros2_workspace/install/my_first_pkg:/home/erum/ros2_workspace/install/mobile_robot:/home/erum/ros2_workspace/install/Erum_pde4430:/home/erum/install/my_first_pkg:/opt/ros/jazzy DEBUGINFOD_URLS=https://debuginfod.ubuntu.com /usr/bin/cmake --build /home/erum/ros2_workspace/build/new_interfaces -- -j2 -l2
[1.326s] INFO:colcon.colcon_core.task.python.build:Building Python package in '/home/erum/ros2_workspace/src/Erum_pde4430'
[1.327s] INFO:colcon.colcon_core.shell:Skip shell extension 'powershell' for command environment: Not usable outside of PowerShell
[1.327s] DEBUG:colcon.colcon_core.shell:Skip shell extension 'dsv' for command environment
[2.957s] DEBUG:colcon.colcon_core.event_handler.log_command:Invoking command in '/home/erum/ros2_workspace/src/Erum_pde4430': DEBUGINFOD_URLS=https://debuginfod.ubuntu.com PYTHONPATH=/home/erum/ros2_workspace/build/Erum_pde4430/prefix_override:/usr/lib/python3/dist-packages/colcon_core/task/python/colcon_distutils_commands:/home/erum/ros2_workspace/install/Erum_pde4430/lib/python3.12/site-packages:${PYTHONPATH} /usr/bin/python3 -W ignore:setup.py install is deprecated -W ignore:easy_install command is deprecated setup.py egg_info --egg-base ../../build/Erum_pde4430 build --build-base /home/erum/ros2_workspace/build/Erum_pde4430/build install --record /home/erum/ros2_workspace/build/Erum_pde4430/install.log --single-version-externally-managed install_data
[3.185s] DEBUG:colcon.colcon_core.event_handler.log_command:Invoked command in '/home/erum/ros2_workspace/build/new_interfaces' returned '0': CMAKE_PREFIX_PATH=${CMAKE_PREFIX_PATH}:/home/erum/ros2_workspace/install/rect_area_pkg:/home/erum/ros2_workspace/install/add_two_ints_pkg:/home/erum/ros2_workspace/install/my_first_pkg:/home/erum/ros2_workspace/install/mobile_robot:/home/erum/ros2_workspace/install/Erum_pde4430:/home/erum/install/my_first_pkg:/opt/ros/jazzy DEBUGINFOD_URLS=https://debuginfod.ubuntu.com /usr/bin/cmake --build /home/erum/ros2_workspace/build/new_interfaces -- -j2 -l2
[3.234s] DEBUG:colcon.colcon_core.event_handler.log_command:Invoking command in '/home/erum/ros2_workspace/build/new_interfaces': CMAKE_PREFIX_PATH=${CMAKE_PREFIX_PATH}:/home/erum/ros2_workspace/install/rect_area_pkg:/home/erum/ros2_workspace/install/add_two_ints_pkg:/home/erum/ros2_workspace/install/my_first_pkg:/home/erum/ros2_workspace/install/mobile_robot:/home/erum/ros2_workspace/install/Erum_pde4430:/home/erum/install/my_first_pkg:/opt/ros/jazzy DEBUGINFOD_URLS=https://debuginfod.ubuntu.com /usr/bin/cmake --install /home/erum/ros2_workspace/build/new_interfaces
[3.500s] Level 1:colcon.colcon_core.environment:create_environment_scripts_only(new_interfaces)
[3.504s] DEBUG:colcon.colcon_core.event_handler.log_command:Invoked command in '/home/erum/ros2_workspace/build/new_interfaces' returned '0': CMAKE_PREFIX_PATH=${CMAKE_PREFIX_PATH}:/home/erum/ros2_workspace/install/rect_area_pkg:/home/erum/ros2_workspace/install/add_two_ints_pkg:/home/erum/ros2_workspace/install/my_first_pkg:/home/erum/ros2_workspace/install/mobile_robot:/home/erum/ros2_workspace/install/Erum_pde4430:/home/erum/install/my_first_pkg:/opt/ros/jazzy DEBUGINFOD_URLS=https://debuginfod.ubuntu.com /usr/bin/cmake --install /home/erum/ros2_workspace/build/new_interfaces
[3.518s] Level 1:colcon.colcon_core.environment:checking '/home/erum/ros2_workspace/install/new_interfaces' for CMake module files
[3.532s] Level 1:colcon.colcon_core.environment:checking '/home/erum/ros2_workspace/install/new_interfaces' for CMake config files
[3.533s] Level 1:colcon.colcon_core.shell:create_environment_hook('new_interfaces', 'cmake_prefix_path')
[3.533s] INFO:colcon.colcon_core.shell:Creating environment hook '/home/erum/ros2_workspace/install/new_interfaces/share/new_interfaces/hook/cmake_prefix_path.ps1'
[3.542s] INFO:colcon.colcon_core.shell:Creating environment descriptor '/home/erum/ros2_workspace/install/new_interfaces/share/new_interfaces/hook/cmake_prefix_path.dsv'
[3.542s] INFO:colcon.colcon_core.shell:Creating environment hook '/home/erum/ros2_workspace/install/new_interfaces/share/new_interfaces/hook/cmake_prefix_path.sh'
[3.544s] Level 1:colcon.colcon_core.environment:checking '/home/erum/ros2_workspace/install/new_interfaces/lib'
[3.545s] Level 1:colcon.colcon_core.shell:create_environment_hook('new_interfaces', 'ld_library_path_lib')
[3.545s] INFO:colcon.colcon_core.shell:Creating environment hook '/home/erum/ros2_workspace/install/new_interfaces/share/new_interfaces/hook/ld_library_path_lib.ps1'
[3.546s] INFO:colcon.colcon_core.shell:Creating environment descriptor '/home/erum/ros2_workspace/install/new_interfaces/share/new_interfaces/hook/ld_library_path_lib.dsv'
[3.546s] INFO:colcon.colcon_core.shell:Creating environment hook '/home/erum/ros2_workspace/install/new_interfaces/share/new_interfaces/hook/ld_library_path_lib.sh'
[3.548s] Level 1:colcon.colcon_core.environment:checking '/home/erum/ros2_workspace/install/new_interfaces/bin'
[3.548s] Level 1:colcon.colcon_core.environment:checking '/home/erum/ros2_workspace/install/new_interfaces/lib/pkgconfig/new_interfaces.pc'
[3.548s] Level 1:colcon.colcon_core.environment:checking '/home/erum/ros2_workspace/install/new_interfaces/lib/python3.12/site-packages'
[3.548s] Level 1:colcon.colcon_core.shell:create_environment_hook('new_interfaces', 'pythonpath')
[3.549s] INFO:colcon.colcon_core.shell:Creating environment hook '/home/erum/ros2_workspace/install/new_interfaces/share/new_interfaces/hook/pythonpath.ps1'
[3.550s] INFO:colcon.colcon_core.shell:Creating environment descriptor '/home/erum/ros2_workspace/install/new_interfaces/share/new_interfaces/hook/pythonpath.dsv'
[3.550s] INFO:colcon.colcon_core.shell:Creating environment hook '/home/erum/ros2_workspace/install/new_interfaces/share/new_interfaces/hook/pythonpath.sh'
[3.552s] Level 1:colcon.colcon_core.environment:checking '/home/erum/ros2_workspace/install/new_interfaces/bin'
[3.553s] INFO:colcon.colcon_core.shell:Creating package script '/home/erum/ros2_workspace/install/new_interfaces/share/new_interfaces/package.ps1'
[3.554s] INFO:colcon.colcon_core.shell:Creating package descriptor '/home/erum/ros2_workspace/install/new_interfaces/share/new_interfaces/package.dsv'
[3.555s] INFO:colcon.colcon_core.shell:Creating package script '/home/erum/ros2_workspace/install/new_interfaces/share/new_interfaces/package.sh'
[3.556s] INFO:colcon.colcon_core.shell:Creating package script '/home/erum/ros2_workspace/install/new_interfaces/share/new_interfaces/package.bash'
[3.558s] INFO:colcon.colcon_core.shell:Creating package script '/home/erum/ros2_workspace/install/new_interfaces/share/new_interfaces/package.zsh'
[3.559s] Level 1:colcon.colcon_core.environment:create_file_with_runtime_dependencies(/home/erum/ros2_workspace/install/new_interfaces/share/colcon-core/packages/new_interfaces)
[3.561s] Level 1:colcon.colcon_core.environment:create_environment_scripts_only(new_interfaces)
[3.561s] Level 1:colcon.colcon_core.environment:checking '/home/erum/ros2_workspace/install/new_interfaces' for CMake module files
[3.562s] Level 1:colcon.colcon_core.environment:checking '/home/erum/ros2_workspace/install/new_interfaces' for CMake config files
[3.563s] Level 1:colcon.colcon_core.shell:create_environment_hook('new_interfaces', 'cmake_prefix_path')
[3.563s] INFO:colcon.colcon_core.shell:Creating environment hook '/home/erum/ros2_workspace/install/new_interfaces/share/new_interfaces/hook/cmake_prefix_path.ps1'
[3.564s] INFO:colcon.colcon_core.shell:Creating environment descriptor '/home/erum/ros2_workspace/install/new_interfaces/share/new_interfaces/hook/cmake_prefix_path.dsv'
[3.565s] INFO:colcon.colcon_core.shell:Creating environment hook '/home/erum/ros2_workspace/install/new_interfaces/share/new_interfaces/hook/cmake_prefix_path.sh'
[3.567s] Level 1:colcon.colcon_core.environment:checking '/home/erum/ros2_workspace/install/new_interfaces/lib'
[3.567s] Level 1:colcon.colcon_core.shell:create_environment_hook('new_interfaces', 'ld_library_path_lib')
[3.567s] INFO:colcon.colcon_core.shell:Creating environment hook '/home/erum/ros2_workspace/install/new_interfaces/share/new_interfaces/hook/ld_library_path_lib.ps1'
[3.568s] INFO:colcon.colcon_core.shell:Creating environment descriptor '/home/erum/ros2_workspace/install/new_interfaces/share/new_interfaces/hook/ld_library_path_lib.dsv'
[3.569s] INFO:colcon.colcon_core.shell:Creating environment hook '/home/erum/ros2_workspace/install/new_interfaces/share/new_interfaces/hook/ld_library_path_lib.sh'
[3.570s] Level 1:colcon.colcon_core.environment:checking '/home/erum/ros2_workspace/install/new_interfaces/bin'
[3.571s] Level 1:colcon.colcon_core.environment:checking '/home/erum/ros2_workspace/install/new_interfaces/lib/pkgconfig/new_interfaces.pc'
[3.571s] Level 1:colcon.colcon_core.environment:checking '/home/erum/ros2_workspace/install/new_interfaces/lib/python3.12/site-packages'
[3.571s] Level 1:colcon.colcon_core.shell:create_environment_hook('new_interfaces', 'pythonpath')
[3.571s] INFO:colcon.colcon_core.shell:Creating environment hook '/home/erum/ros2_workspace/install/new_interfaces/share/new_interfaces/hook/pythonpath.ps1'
[3.572s] INFO:colcon.colcon_core.shell:Creating environment descriptor '/home/erum/ros2_workspace/install/new_interfaces/share/new_interfaces/hook/pythonpath.dsv'
[3.573s] INFO:colcon.colcon_core.shell:Creating environment hook '/home/erum/ros2_workspace/install/new_interfaces/share/new_interfaces/hook/pythonpath.sh'
[3.575s] Level 1:colcon.colcon_core.environment:checking '/home/erum/ros2_workspace/install/new_interfaces/bin'
[3.576s] INFO:colcon.colcon_core.shell:Creating package script '/home/erum/ros2_workspace/install/new_interfaces/share/new_interfaces/package.ps1'
[3.577s] INFO:colcon.colcon_core.shell:Creating package descriptor '/home/erum/ros2_workspace/install/new_interfaces/share/new_interfaces/package.dsv'
[3.578s] INFO:colcon.colcon_core.shell:Creating package script '/home/erum/ros2_workspace/install/new_interfaces/share/new_interfaces/package.sh'
[3.579s] INFO:colcon.colcon_core.shell:Creating package script '/home/erum/ros2_workspace/install/new_interfaces/share/new_interfaces/package.bash'
[3.580s] INFO:colcon.colcon_core.shell:Creating package script '/home/erum/ros2_workspace/install/new_interfaces/share/new_interfaces/package.zsh'
[3.581s] Level 1:colcon.colcon_core.environment:create_file_with_runtime_dependencies(/home/erum/ros2_workspace/install/new_interfaces/share/colcon-core/packages/new_interfaces)
[3.582s] INFO:colcon.colcon_ros.task.ament_python.build:Building ROS package in '/home/erum/ros2_workspace/src/my_first_pkg' with build type 'ament_python'
[3.582s] Level 1:colcon.colcon_core.shell:create_environment_hook('my_first_pkg', 'ament_prefix_path')
[3.584s] INFO:colcon.colcon_core.shell:Creating environment hook '/home/erum/ros2_workspace/install/my_first_pkg/share/my_first_pkg/hook/ament_prefix_path.ps1'
[3.587s] INFO:colcon.colcon_core.shell:Creating environment descriptor '/home/erum/ros2_workspace/install/my_first_pkg/share/my_first_pkg/hook/ament_prefix_path.dsv'
[3.590s] INFO:colcon.colcon_core.shell:Creating environment hook '/home/erum/ros2_workspace/install/my_first_pkg/share/my_first_pkg/hook/ament_prefix_path.sh'
[3.591s] INFO:colcon.colcon_core.shell:Skip shell extension 'powershell' for command environment: Not usable outside of PowerShell
[3.591s] DEBUG:colcon.colcon_core.shell:Skip shell extension 'dsv' for command environment
[4.229s] INFO:colcon.colcon_core.task.python.build:Building Python package in '/home/erum/ros2_workspace/src/my_first_pkg'
[4.230s] INFO:colcon.colcon_core.shell:Skip shell extension 'powershell' for command environment: Not usable outside of PowerShell
[4.231s] DEBUG:colcon.colcon_core.shell:Skip shell extension 'dsv' for command environment
[4.919s] Level 1:colcon.colcon_core.environment:checking '/home/erum/ros2_workspace/install/Erum_pde4430' for CMake module files
[4.920s] DEBUG:colcon.colcon_core.event_handler.log_command:Invoked command in '/home/erum/ros2_workspace/src/Erum_pde4430' returned '0': DEBUGINFOD_URLS=https://debuginfod.ubuntu.com PYTHONPATH=/home/erum/ros2_workspace/build/Erum_pde4430/prefix_override:/usr/lib/python3/dist-packages/colcon_core/task/python/colcon_distutils_commands:/home/erum/ros2_workspace/install/Erum_pde4430/lib/python3.12/site-packages:${PYTHONPATH} /usr/bin/python3 -W ignore:setup.py install is deprecated -W ignore:easy_install command is deprecated setup.py egg_info --egg-base ../../build/Erum_pde4430 build --build-base /home/erum/ros2_workspace/build/Erum_pde4430/build install --record /home/erum/ros2_workspace/build/Erum_pde4430/install.log --single-version-externally-managed install_data
[4.925s] Level 1:colcon.colcon_core.environment:checking '/home/erum/ros2_workspace/install/Erum_pde4430' for CMake config files
[4.925s] Level 1:colcon.colcon_core.environment:checking '/home/erum/ros2_workspace/install/Erum_pde4430/lib'
[4.925s] Level 1:colcon.colcon_core.environment:checking '/home/erum/ros2_workspace/install/Erum_pde4430/bin'
[4.937s] Level 1:colcon.colcon_core.environment:checking '/home/erum/ros2_workspace/install/Erum_pde4430/lib/pkgconfig/Erum_pde4430.pc'
[4.937s] Level 1:colcon.colcon_core.environment:checking '/home/erum/ros2_workspace/install/Erum_pde4430/lib/python3.12/site-packages'
[4.938s] Level 1:colcon.colcon_core.shell:create_environment_hook('Erum_pde4430', 'pythonpath')
[4.938s] INFO:colcon.colcon_core.shell:Creating environment hook '/home/erum/ros2_workspace/install/Erum_pde4430/share/Erum_pde4430/hook/pythonpath.ps1'
[4.952s] INFO:colcon.colcon_core.shell:Creating environment descriptor '/home/erum/ros2_workspace/install/Erum_pde4430/share/Erum_pde4430/hook/pythonpath.dsv'
[4.953s] INFO:colcon.colcon_core.shell:Creating environment hook '/home/erum/ros2_workspace/install/Erum_pde4430/share/Erum_pde4430/hook/pythonpath.sh'
[4.967s] Level 1:colcon.colcon_core.environment:checking '/home/erum/ros2_workspace/install/Erum_pde4430/bin'
[4.970s] Level 1:colcon.colcon_core.environment:create_environment_scripts_only(Erum_pde4430)
[4.970s] INFO:colcon.colcon_core.shell:Creating package script '/home/erum/ros2_workspace/install/Erum_pde4430/share/Erum_pde4430/package.ps1'
[4.971s] INFO:colcon.colcon_core.shell:Creating package descriptor '/home/erum/ros2_workspace/install/Erum_pde4430/share/Erum_pde4430/package.dsv'
[4.981s] INFO:colcon.colcon_core.shell:Creating package script '/home/erum/ros2_workspace/install/Erum_pde4430/share/Erum_pde4430/package.sh'
[4.982s] INFO:colcon.colcon_core.shell:Creating package script '/home/erum/ros2_workspace/install/Erum_pde4430/share/Erum_pde4430/package.bash'
[4.983s] INFO:colcon.colcon_core.shell:Creating package script '/home/erum/ros2_workspace/install/Erum_pde4430/share/Erum_pde4430/package.zsh'
[4.993s] Level 1:colcon.colcon_core.environment:create_file_with_runtime_dependencies(/home/erum/ros2_workspace/install/Erum_pde4430/share/colcon-core/packages/Erum_pde4430)
[5.003s] INFO:colcon.colcon_ros.task.ament_cmake.build:Building ROS package in '/home/erum/ros2_workspace/src/my_robot_description' with build type 'ament_cmake'
[5.003s] INFO:colcon.colcon_cmake.task.cmake.build:Building CMake package in '/home/erum/ros2_workspace/src/my_robot_description'
[5.003s] INFO:colcon.colcon_core.shell:Skip shell extension 'powershell' for command environment: Not usable outside of PowerShell
[5.003s] DEBUG:colcon.colcon_core.shell:Skip shell extension 'dsv' for command environment
[5.115s] DEBUG:colcon.colcon_core.event_handler.log_command:Invoking command in '/home/erum/ros2_workspace/build/my_robot_description': CMAKE_PREFIX_PATH=${CMAKE_PREFIX_PATH}:/home/erum/ros2_workspace/install/rect_area_pkg:/home/erum/ros2_workspace/install/add_two_ints_pkg:/home/erum/ros2_workspace/install/my_first_pkg:/home/erum/ros2_workspace/install/mobile_robot:/home/erum/ros2_workspace/install/Erum_pde4430:/home/erum/install/my_first_pkg:/opt/ros/jazzy DEBUGINFOD_URLS=https://debuginfod.ubuntu.com /usr/bin/cmake --build /home/erum/ros2_workspace/build/my_robot_description -- -j2 -l2
[5.283s] DEBUG:colcon.colcon_core.event_handler.log_command:Invoked command in '/home/erum/ros2_workspace/build/my_robot_description' returned '0': CMAKE_PREFIX_PATH=${CMAKE_PREFIX_PATH}:/home/erum/ros2_workspace/install/rect_area_pkg:/home/erum/ros2_workspace/install/add_two_ints_pkg:/home/erum/ros2_workspace/install/my_first_pkg:/home/erum/ros2_workspace/install/mobile_robot:/home/erum/ros2_workspace/install/Erum_pde4430:/home/erum/install/my_first_pkg:/opt/ros/jazzy DEBUGINFOD_URLS=https://debuginfod.ubuntu.com /usr/bin/cmake --build /home/erum/ros2_workspace/build/my_robot_description -- -j2 -l2
[5.287s] DEBUG:colcon.colcon_core.event_handler.log_command:Invoking command in '/home/erum/ros2_workspace/build/my_robot_description': CMAKE_PREFIX_PATH=${CMAKE_PREFIX_PATH}:/home/erum/ros2_workspace/install/rect_area_pkg:/home/erum/ros2_workspace/install/add_two_ints_pkg:/home/erum/ros2_workspace/install/my_first_pkg:/home/erum/ros2_workspace/install/mobile_robot:/home/erum/ros2_workspace/install/Erum_pde4430:/home/erum/install/my_first_pkg:/opt/ros/jazzy DEBUGINFOD_URLS=https://debuginfod.ubuntu.com /usr/bin/cmake --install /home/erum/ros2_workspace/build/my_robot_description
[5.349s] Level 1:colcon.colcon_core.environment:create_environment_scripts_only(my_robot_description)
[5.349s] DEBUG:colcon.colcon_core.event_handler.log_command:Invoked command in '/home/erum/ros2_workspace/build/my_robot_description' returned '0': CMAKE_PREFIX_PATH=${CMAKE_PREFIX_PATH}:/home/erum/ros2_workspace/install/rect_area_pkg:/home/erum/ros2_workspace/install/add_two_ints_pkg:/home/erum/ros2_workspace/install/my_first_pkg:/home/erum/ros2_workspace/install/mobile_robot:/home/erum/ros2_workspace/install/Erum_pde4430:/home/erum/install/my_first_pkg:/opt/ros/jazzy DEBUGINFOD_URLS=https://debuginfod.ubuntu.com /usr/bin/cmake --install /home/erum/ros2_workspace/build/my_robot_description
[5.351s] Level 1:colcon.colcon_core.environment:checking '/home/erum/ros2_workspace/install/my_robot_description' for CMake module files
[5.354s] Level 1:colcon.colcon_core.environment:checking '/home/erum/ros2_workspace/install/my_robot_description' for CMake config files
[5.355s] Level 1:colcon.colcon_core.shell:create_environment_hook('my_robot_description', 'cmake_prefix_path')
[5.355s] INFO:colcon.colcon_core.shell:Creating environment hook '/home/erum/ros2_workspace/install/my_robot_description/share/my_robot_description/hook/cmake_prefix_path.ps1'
[5.362s] INFO:colcon.colcon_core.shell:Creating environment descriptor '/home/erum/ros2_workspace/install/my_robot_description/share/my_robot_description/hook/cmake_prefix_path.dsv'
[5.362s] INFO:colcon.colcon_core.shell:Creating environment hook '/home/erum/ros2_workspace/install/my_robot_description/share/my_robot_description/hook/cmake_prefix_path.sh'
[5.367s] Level 1:colcon.colcon_core.environment:checking '/home/erum/ros2_workspace/install/my_robot_description/bin'
[5.367s] Level 1:colcon.colcon_core.environment:checking '/home/erum/ros2_workspace/install/my_robot_description/lib/pkgconfig/my_robot_description.pc'
[5.367s] Level 1:colcon.colcon_core.environment:checking '/home/erum/ros2_workspace/install/my_robot_description/lib/python3.12/site-packages'
[5.367s] Level 1:colcon.colcon_core.environment:checking '/home/erum/ros2_workspace/install/my_robot_description/bin'
[5.367s] INFO:colcon.colcon_core.shell:Creating package script '/home/erum/ros2_workspace/install/my_robot_description/share/my_robot_description/package.ps1'
[5.371s] INFO:colcon.colcon_core.shell:Creating package descriptor '/home/erum/ros2_workspace/install/my_robot_description/share/my_robot_description/package.dsv'
[5.372s] INFO:colcon.colcon_core.shell:Creating package script '/home/erum/ros2_workspace/install/my_robot_description/share/my_robot_description/package.sh'
[5.373s] INFO:colcon.colcon_core.shell:Creating package script '/home/erum/ros2_workspace/install/my_robot_description/share/my_robot_description/package.bash'
[5.376s] INFO:colcon.colcon_core.shell:Creating package script '/home/erum/ros2_workspace/install/my_robot_description/share/my_robot_description/package.zsh'
[5.377s] Level 1:colcon.colcon_core.environment:create_file_with_runtime_dependencies(/home/erum/ros2_workspace/install/my_robot_description/share/colcon-core/packages/my_robot_description)
[5.378s] Level 1:colcon.colcon_core.environment:create_environment_scripts_only(my_robot_description)
[5.381s] Level 1:colcon.colcon_core.environment:checking '/home/erum/ros2_workspace/install/my_robot_description' for CMake module files
[5.381s] Level 1:colcon.colcon_core.environment:checking '/home/erum/ros2_workspace/install/my_robot_description' for CMake config files
[5.382s] Level 1:colcon.colcon_core.shell:create_environment_hook('my_robot_description', 'cmake_prefix_path')
[5.382s] INFO:colcon.colcon_core.shell:Creating environment hook '/home/erum/ros2_workspace/install/my_robot_description/share/my_robot_description/hook/cmake_prefix_path.ps1'
[5.382s] INFO:colcon.colcon_core.shell:Creating environment descriptor '/home/erum/ros2_workspace/install/my_robot_description/share/my_robot_description/hook/cmake_prefix_path.dsv'
[5.385s] INFO:colcon.colcon_core.shell:Creating environment hook '/home/erum/ros2_workspace/install/my_robot_description/share/my_robot_description/hook/cmake_prefix_path.sh'
[5.386s] Level 1:colcon.colcon_core.environment:checking '/home/erum/ros2_workspace/install/my_robot_description/bin'
[5.389s] Level 1:colcon.colcon_core.environment:checking '/home/erum/ros2_workspace/install/my_robot_description/lib/pkgconfig/my_robot_description.pc'
[5.389s] Level 1:colcon.colcon_core.environment:checking '/home/erum/ros2_workspace/install/my_robot_description/lib/python3.12/site-packages'
[5.389s] Level 1:colcon.colcon_core.environment:checking '/home/erum/ros2_workspace/install/my_robot_description/bin'
[5.390s] INFO:colcon.colcon_core.shell:Creating package script '/home/erum/ros2_workspace/install/my_robot_description/share/my_robot_description/package.ps1'
[5.390s] INFO:colcon.colcon_core.shell:Creating package descriptor '/home/erum/ros2_workspace/install/my_robot_description/share/my_robot_description/package.dsv'
[5.393s] INFO:colcon.colcon_core.shell:Creating package script '/home/erum/ros2_workspace/install/my_robot_description/share/my_robot_description/package.sh'
[5.398s] INFO:colcon.colcon_core.shell:Creating package script '/home/erum/ros2_workspace/install/my_robot_description/share/my_robot_description/package.bash'
[5.399s] INFO:colcon.colcon_core.shell:Creating package script '/home/erum/ros2_workspace/install/my_robot_description/share/my_robot_description/package.zsh'
[5.400s] Level 1:colcon.colcon_core.environment:create_file_with_runtime_dependencies(/home/erum/ros2_workspace/install/my_robot_description/share/colcon-core/packages/my_robot_description)
[5.403s] INFO:colcon.colcon_ros.task.ament_python.build:Building ROS package in '/home/erum/ros2_workspace/src/rect_area_pkg' with build type 'ament_python'
[5.403s] Level 1:colcon.colcon_core.shell:create_environment_hook('rect_area_pkg', 'ament_prefix_path')
[5.405s] INFO:colcon.colcon_core.shell:Creating environment hook '/home/erum/ros2_workspace/install/rect_area_pkg/share/rect_area_pkg/hook/ament_prefix_path.ps1'
[5.412s] INFO:colcon.colcon_core.shell:Creating environment descriptor '/home/erum/ros2_workspace/install/rect_area_pkg/share/rect_area_pkg/hook/ament_prefix_path.dsv'
[5.415s] INFO:colcon.colcon_core.shell:Creating environment hook '/home/erum/ros2_workspace/install/rect_area_pkg/share/rect_area_pkg/hook/ament_prefix_path.sh'
[5.421s] INFO:colcon.colcon_core.shell:Skip shell extension 'powershell' for command environment: Not usable outside of PowerShell
[5.421s] DEBUG:colcon.colcon_core.shell:Skip shell extension 'dsv' for command environment
[7.086s] INFO:colcon.colcon_core.task.python.build:Building Python package in '/home/erum/ros2_workspace/src/rect_area_pkg'
[7.086s] INFO:colcon.colcon_core.shell:Skip shell extension 'powershell' for command environment: Not usable outside of PowerShell
[7.086s] DEBUG:colcon.colcon_core.shell:Skip shell extension 'dsv' for command environment
[7.218s] DEBUG:colcon.colcon_core.event_handler.log_command:Invoking command in '/home/erum/ros2_workspace/src/my_first_pkg': DEBUGINFOD_URLS=https://debuginfod.ubuntu.com PYTHONPATH=/home/erum/ros2_workspace/build/my_first_pkg/prefix_override:/usr/lib/python3/dist-packages/colcon_core/task/python/colcon_distutils_commands:/home/erum/ros2_workspace/install/my_first_pkg/lib/python3.12/site-packages:${PYTHONPATH} /usr/bin/python3 -W ignore:setup.py install is deprecated -W ignore:easy_install command is deprecated setup.py egg_info --egg-base ../../build/my_first_pkg build --build-base /home/erum/ros2_workspace/build/my_first_pkg/build install --record /home/erum/ros2_workspace/build/my_first_pkg/install.log --single-version-externally-managed install_data
[8.976s] Level 1:colcon.colcon_core.environment:checking '/home/erum/ros2_workspace/install/my_first_pkg' for CMake module files
[8.977s] DEBUG:colcon.colcon_core.event_handler.log_command:Invoked command in '/home/erum/ros2_workspace/src/my_first_pkg' returned '0': DEBUGINFOD_URLS=https://debuginfod.ubuntu.com PYTHONPATH=/home/erum/ros2_workspace/build/my_first_pkg/prefix_override:/usr/lib/python3/dist-packages/colcon_core/task/python/colcon_distutils_commands:/home/erum/ros2_workspace/install/my_first_pkg/lib/python3.12/site-packages:${PYTHONPATH} /usr/bin/python3 -W ignore:setup.py install is deprecated -W ignore:easy_install command is deprecated setup.py egg_info --egg-base ../../build/my_first_pkg build --build-base /home/erum/ros2_workspace/build/my_first_pkg/build install --record /home/erum/ros2_workspace/build/my_first_pkg/install.log --single-version-externally-managed install_data
[8.979s] Level 1:colcon.colcon_core.environment:checking '/home/erum/ros2_workspace/install/my_first_pkg' for CMake config files
[8.980s] Level 1:colcon.colcon_core.environment:checking '/home/erum/ros2_workspace/install/my_first_pkg/lib'
[8.980s] Level 1:colcon.colcon_core.environment:checking '/home/erum/ros2_workspace/install/my_first_pkg/bin'
[8.980s] Level 1:colcon.colcon_core.environment:checking '/home/erum/ros2_workspace/install/my_first_pkg/lib/pkgconfig/my_first_pkg.pc'
[8.981s] Level 1:colcon.colcon_core.environment:checking '/home/erum/ros2_workspace/install/my_first_pkg/lib/python3.12/site-packages'
[8.981s] Level 1:colcon.colcon_core.shell:create_environment_hook('my_first_pkg', 'pythonpath')
[8.981s] INFO:colcon.colcon_core.shell:Creating environment hook '/home/erum/ros2_workspace/install/my_first_pkg/share/my_first_pkg/hook/pythonpath.ps1'
[8.983s] INFO:colcon.colcon_core.shell:Creating environment descriptor '/home/erum/ros2_workspace/install/my_first_pkg/share/my_first_pkg/hook/pythonpath.dsv'
[8.984s] INFO:colcon.colcon_core.shell:Creating environment hook '/home/erum/ros2_workspace/install/my_first_pkg/share/my_first_pkg/hook/pythonpath.sh'
[8.985s] Level 1:colcon.colcon_core.environment:checking '/home/erum/ros2_workspace/install/my_first_pkg/bin'
[8.985s] Level 1:colcon.colcon_core.environment:create_environment_scripts_only(my_first_pkg)
[8.986s] INFO:colcon.colcon_core.shell:Creating package script '/home/erum/ros2_workspace/install/my_first_pkg/share/my_first_pkg/package.ps1'
[8.986s] INFO:colcon.colcon_core.shell:Creating package descriptor '/home/erum/ros2_workspace/install/my_first_pkg/share/my_first_pkg/package.dsv'
[8.988s] INFO:colcon.colcon_core.shell:Creating package script '/home/erum/ros2_workspace/install/my_first_pkg/share/my_first_pkg/package.sh'
[8.989s] INFO:colcon.colcon_core.shell:Creating package script '/home/erum/ros2_workspace/install/my_first_pkg/share/my_first_pkg/package.bash'
[8.990s] INFO:colcon.colcon_core.shell:Creating package script '/home/erum/ros2_workspace/install/my_first_pkg/share/my_first_pkg/package.zsh'
[8.991s] Level 1:colcon.colcon_core.environment:create_file_with_runtime_dependencies(/home/erum/ros2_workspace/install/my_first_pkg/share/colcon-core/packages/my_first_pkg)
[8.998s] INFO:colcon.colcon_ros.task.ament_python.build:Building ROS package in '/home/erum/ros2_workspace/src/add_two_ints_pkg' with build type 'ament_python'
[8.998s] Level 1:colcon.colcon_core.shell:create_environment_hook('add_two_ints_pkg', 'ament_prefix_path')
[8.998s] INFO:colcon.colcon_core.shell:Creating environment hook '/home/erum/ros2_workspace/install/add_two_ints_pkg/share/add_two_ints_pkg/hook/ament_prefix_path.ps1'
[9.003s] INFO:colcon.colcon_core.shell:Creating environment descriptor '/home/erum/ros2_workspace/install/add_two_ints_pkg/share/add_two_ints_pkg/hook/ament_prefix_path.dsv'
[9.006s] INFO:colcon.colcon_core.shell:Creating environment hook '/home/erum/ros2_workspace/install/add_two_ints_pkg/share/add_two_ints_pkg/hook/ament_prefix_path.sh'
[9.008s] INFO:colcon.colcon_core.shell:Skip shell extension 'powershell' for command environment: Not usable outside of PowerShell
[9.008s] DEBUG:colcon.colcon_core.shell:Skip shell extension 'dsv' for command environment
[9.376s] INFO:colcon.colcon_core.task.python.build:Building Python package in '/home/erum/ros2_workspace/src/add_two_ints_pkg'
[9.377s] INFO:colcon.colcon_core.shell:Skip shell extension 'powershell' for command environment: Not usable outside of PowerShell
[9.377s] DEBUG:colcon.colcon_core.shell:Skip shell extension 'dsv' for command environment
[9.395s] DEBUG:colcon.colcon_core.event_handler.log_command:Invoking command in '/home/erum/ros2_workspace/src/rect_area_pkg': DEBUGINFOD_URLS=https://debuginfod.ubuntu.com PYTHONPATH=/home/erum/ros2_workspace/build/rect_area_pkg/prefix_override:/usr/lib/python3/dist-packages/colcon_core/task/python/colcon_distutils_commands:/home/erum/ros2_workspace/install/rect_area_pkg/lib/python3.12/site-packages:${PYTHONPATH} /usr/bin/python3 -W ignore:setup.py install is deprecated -W ignore:easy_install command is deprecated setup.py egg_info --egg-base ../../build/rect_area_pkg build --build-base /home/erum/ros2_workspace/build/rect_area_pkg/build install --record /home/erum/ros2_workspace/build/rect_area_pkg/install.log --single-version-externally-managed install_data
[10.494s] Level 1:colcon.colcon_core.environment:checking '/home/erum/ros2_workspace/install/rect_area_pkg' for CMake module files
[10.494s] DEBUG:colcon.colcon_core.event_handler.log_command:Invoked command in '/home/erum/ros2_workspace/src/rect_area_pkg' returned '0': DEBUGINFOD_URLS=https://debuginfod.ubuntu.com PYTHONPATH=/home/erum/ros2_workspace/build/rect_area_pkg/prefix_override:/usr/lib/python3/dist-packages/colcon_core/task/python/colcon_distutils_commands:/home/erum/ros2_workspace/install/rect_area_pkg/lib/python3.12/site-packages:${PYTHONPATH} /usr/bin/python3 -W ignore:setup.py install is deprecated -W ignore:easy_install command is deprecated setup.py egg_info --egg-base ../../build/rect_area_pkg build --build-base /home/erum/ros2_workspace/build/rect_area_pkg/build install --record /home/erum/ros2_workspace/build/rect_area_pkg/install.log --single-version-externally-managed install_data
[10.496s] Level 1:colcon.colcon_core.environment:checking '/home/erum/ros2_workspace/install/rect_area_pkg' for CMake config files
[10.501s] Level 1:colcon.colcon_core.environment:checking '/home/erum/ros2_workspace/install/rect_area_pkg/lib'
[10.501s] Level 1:colcon.colcon_core.environment:checking '/home/erum/ros2_workspace/install/rect_area_pkg/bin'
[10.501s] Level 1:colcon.colcon_core.environment:checking '/home/erum/ros2_workspace/install/rect_area_pkg/lib/pkgconfig/rect_area_pkg.pc'
[10.501s] Level 1:colcon.colcon_core.environment:checking '/home/erum/ros2_workspace/install/rect_area_pkg/lib/python3.12/site-packages'
[10.501s] Level 1:colcon.colcon_core.shell:create_environment_hook('rect_area_pkg', 'pythonpath')
[10.501s] INFO:colcon.colcon_core.shell:Creating environment hook '/home/erum/ros2_workspace/install/rect_area_pkg/share/rect_area_pkg/hook/pythonpath.ps1'
[10.502s] INFO:colcon.colcon_core.shell:Creating environment descriptor '/home/erum/ros2_workspace/install/rect_area_pkg/share/rect_area_pkg/hook/pythonpath.dsv'
[10.511s] INFO:colcon.colcon_core.shell:Creating environment hook '/home/erum/ros2_workspace/install/rect_area_pkg/share/rect_area_pkg/hook/pythonpath.sh'
[10.519s] Level 1:colcon.colcon_core.environment:checking '/home/erum/ros2_workspace/install/rect_area_pkg/bin'
[10.519s] Level 1:colcon.colcon_core.environment:create_environment_scripts_only(rect_area_pkg)
[10.520s] INFO:colcon.colcon_core.shell:Creating package script '/home/erum/ros2_workspace/install/rect_area_pkg/share/rect_area_pkg/package.ps1'
[10.525s] INFO:colcon.colcon_core.shell:Creating package descriptor '/home/erum/ros2_workspace/install/rect_area_pkg/share/rect_area_pkg/package.dsv'
[10.527s] INFO:colcon.colcon_core.shell:Creating package script '/home/erum/ros2_workspace/install/rect_area_pkg/share/rect_area_pkg/package.sh'
[10.532s] INFO:colcon.colcon_core.shell:Creating package script '/home/erum/ros2_workspace/install/rect_area_pkg/share/rect_area_pkg/package.bash'
[10.532s] INFO:colcon.colcon_core.shell:Creating package script '/home/erum/ros2_workspace/install/rect_area_pkg/share/rect_area_pkg/package.zsh'
[10.535s] Level 1:colcon.colcon_core.environment:create_file_with_runtime_dependencies(/home/erum/ros2_workspace/install/rect_area_pkg/share/colcon-core/packages/rect_area_pkg)
[10.748s] DEBUG:colcon.colcon_core.event_handler.log_command:Invoking command in '/home/erum/ros2_workspace/src/add_two_ints_pkg': DEBUGINFOD_URLS=https://debuginfod.ubuntu.com PYTHONPATH=/home/erum/ros2_workspace/build/add_two_ints_pkg/prefix_override:/usr/lib/python3/dist-packages/colcon_core/task/python/colcon_distutils_commands:/home/erum/ros2_workspace/install/add_two_ints_pkg/lib/python3.12/site-packages:/home/erum/ros2_workspace/install/new_interfaces/lib/python3.12/site-packages:/home/erum/ros2_workspace/install/rect_area_pkg/lib/python3.12/site-packages:/home/erum/ros2_workspace/install/add_two_ints_pkg/lib/python3.12/site-packages:/home/erum/ros2_workspace/install/my_first_pkg/lib/python3.12/site-packages:/home/erum/ros2_workspace/install/mobile_robot/lib/python3.12/site-packages:/home/erum/ros2_workspace/install/Erum_pde4430/lib/python3.12/site-packages:/home/erum/install/my_first_pkg/lib/python3.12/site-packages:/opt/ros/jazzy/lib/python3.12/site-packages /usr/bin/python3 -W ignore:setup.py install is deprecated -W ignore:easy_install command is deprecated setup.py egg_info --egg-base ../../build/add_two_ints_pkg build --build-base /home/erum/ros2_workspace/build/add_two_ints_pkg/build install --record /home/erum/ros2_workspace/build/add_two_ints_pkg/install.log --single-version-externally-managed install_data
[12.411s] Level 1:colcon.colcon_core.environment:checking '/home/erum/ros2_workspace/install/add_two_ints_pkg' for CMake module files
[12.412s] Level 1:colcon.colcon_core.environment:checking '/home/erum/ros2_workspace/install/add_two_ints_pkg' for CMake config files
[12.413s] Level 1:colcon.colcon_core.environment:checking '/home/erum/ros2_workspace/install/add_two_ints_pkg/lib'
[12.413s] Level 1:colcon.colcon_core.environment:checking '/home/erum/ros2_workspace/install/add_two_ints_pkg/bin'
[12.413s] Level 1:colcon.colcon_core.environment:checking '/home/erum/ros2_workspace/install/add_two_ints_pkg/lib/pkgconfig/add_two_ints_pkg.pc'
[12.414s] Level 1:colcon.colcon_core.environment:checking '/home/erum/ros2_workspace/install/add_two_ints_pkg/lib/python3.12/site-packages'
[12.414s] Level 1:colcon.colcon_core.shell:create_environment_hook('add_two_ints_pkg', 'pythonpath')
[12.415s] INFO:colcon.colcon_core.shell:Creating environment hook '/home/erum/ros2_workspace/install/add_two_ints_pkg/share/add_two_ints_pkg/hook/pythonpath.ps1'
[12.415s] DEBUG:colcon.colcon_core.event_handler.log_command:Invoked command in '/home/erum/ros2_workspace/src/add_two_ints_pkg' returned '0': DEBUGINFOD_URLS=https://debuginfod.ubuntu.com PYTHONPATH=/home/erum/ros2_workspace/build/add_two_ints_pkg/prefix_override:/usr/lib/python3/dist-packages/colcon_core/task/python/colcon_distutils_commands:/home/erum/ros2_workspace/install/add_two_ints_pkg/lib/python3.12/site-packages:/home/erum/ros2_workspace/install/new_interfaces/lib/python3.12/site-packages:/home/erum/ros2_workspace/install/rect_area_pkg/lib/python3.12/site-packages:/home/erum/ros2_workspace/install/add_two_ints_pkg/lib/python3.12/site-packages:/home/erum/ros2_workspace/install/my_first_pkg/lib/python3.12/site-packages:/home/erum/ros2_workspace/install/mobile_robot/lib/python3.12/site-packages:/home/erum/ros2_workspace/install/Erum_pde4430/lib/python3.12/site-packages:/home/erum/install/my_first_pkg/lib/python3.12/site-packages:/opt/ros/jazzy/lib/python3.12/site-packages /usr/bin/python3 -W ignore:setup.py install is deprecated -W ignore:easy_install command is deprecated setup.py egg_info --egg-base ../../build/add_two_ints_pkg build --build-base /home/erum/ros2_workspace/build/add_two_ints_pkg/build install --record /home/erum/ros2_workspace/build/add_two_ints_pkg/install.log --single-version-externally-managed install_data
[12.417s] INFO:colcon.colcon_core.shell:Creating environment descriptor '/home/erum/ros2_workspace/install/add_two_ints_pkg/share/add_two_ints_pkg/hook/pythonpath.dsv'
[12.418s] INFO:colcon.colcon_core.shell:Creating environment hook '/home/erum/ros2_workspace/install/add_two_ints_pkg/share/add_two_ints_pkg/hook/pythonpath.sh'
[12.419s] Level 1:colcon.colcon_core.environment:checking '/home/erum/ros2_workspace/install/add_two_ints_pkg/bin'
[12.419s] Level 1:colcon.colcon_core.environment:create_environment_scripts_only(add_two_ints_pkg)
[12.420s] INFO:colcon.colcon_core.shell:Creating package script '/home/erum/ros2_workspace/install/add_two_ints_pkg/share/add_two_ints_pkg/package.ps1'
[12.421s] INFO:colcon.colcon_core.shell:Creating package descriptor '/home/erum/ros2_workspace/install/add_two_ints_pkg/share/add_two_ints_pkg/package.dsv'
[12.422s] INFO:colcon.colcon_core.shell:Creating package script '/home/erum/ros2_workspace/install/add_two_ints_pkg/share/add_two_ints_pkg/package.sh'
[12.425s] INFO:colcon.colcon_core.shell:Creating package script '/home/erum/ros2_workspace/install/add_two_ints_pkg/share/add_two_ints_pkg/package.bash'
[12.426s] INFO:colcon.colcon_core.shell:Creating package script '/home/erum/ros2_workspace/install/add_two_ints_pkg/share/add_two_ints_pkg/package.zsh'
[12.427s] Level 1:colcon.colcon_core.environment:create_file_with_runtime_dependencies(/home/erum/ros2_workspace/install/add_two_ints_pkg/share/colcon-core/packages/add_two_ints_pkg)
[12.428s] DEBUG:colcon.colcon_parallel_executor.executor.parallel:closing loop
[12.430s] DEBUG:colcon.colcon_parallel_executor.executor.parallel:loop closed
[12.431s] DEBUG:colcon.colcon_parallel_executor.executor.parallel:run_until_complete finished with '0'
[12.432s] DEBUG:colcon.colcon_core.event_reactor:joining thread
[12.441s] INFO:colcon.colcon_core.plugin_system:Skipping extension 'colcon_notification.desktop_notification.terminal_notifier': Not used on non-Darwin systems
[12.442s] INFO:colcon.colcon_core.plugin_system:Skipping extension 'colcon_notification.desktop_notification.win32': Not used on non-Windows systems
[12.442s] INFO:colcon.colcon_notification.desktop_notification:Sending desktop notification using 'notify2'
[12.481s] DEBUG:colcon.colcon_core.event_reactor:joined thread
[12.481s] INFO:colcon.colcon_core.shell:Creating prefix script '/home/erum/ros2_workspace/install/local_setup.ps1'
[12.482s] INFO:colcon.colcon_core.shell:Creating prefix util module '/home/erum/ros2_workspace/install/_local_setup_util_ps1.py'
[12.483s] INFO:colcon.colcon_core.shell:Creating prefix chain script '/home/erum/ros2_workspace/install/setup.ps1'
[12.485s] INFO:colcon.colcon_core.shell:Creating prefix script '/home/erum/ros2_workspace/install/local_setup.sh'
[12.486s] INFO:colcon.colcon_core.shell:Creating prefix util module '/home/erum/ros2_workspace/install/_local_setup_util_sh.py'
[12.487s] INFO:colcon.colcon_core.shell:Creating prefix chain script '/home/erum/ros2_workspace/install/setup.sh'
[12.489s] INFO:colcon.colcon_core.shell:Creating prefix script '/home/erum/ros2_workspace/install/local_setup.bash'
[12.490s] INFO:colcon.colcon_core.shell:Creating prefix chain script '/home/erum/ros2_workspace/install/setup.bash'
[12.492s] INFO:colcon.colcon_core.shell:Creating prefix script '/home/erum/ros2_workspace/install/local_setup.zsh'
[12.493s] INFO:colcon.colcon_core.shell:Creating prefix chain script '/home/erum/ros2_workspace/install/setup.zsh'
