[2.262s] Invoking command in '/home/erum/ros2_workspace/src/Erum_pde4430': DEBUGINFOD_URLS=https://debuginfod.ubuntu.com PYTHONPATH=/home/erum/ros2_workspace/build/Erum_pde4430/prefix_override:/usr/lib/python3/dist-packages/colcon_core/task/python/colcon_distutils_commands:/home/erum/ros2_workspace/install/Erum_pde4430/lib/python3.12/site-packages:${PYTHONPATH} /usr/bin/python3 -W ignore:setup.py install is deprecated -W ignore:easy_install command is deprecated setup.py egg_info --egg-base ../../build/Erum_pde4430 build --build-base /home/erum/ros2_workspace/build/Erum_pde4430/build install --record /home/erum/ros2_workspace/build/Erum_pde4430/install.log --single-version-externally-managed install_data
[2.701s] running egg_info
[2.702s] creating ../../build/Erum_pde4430/Erum_pde4430.egg-info
[2.717s] writing ../../build/Erum_pde4430/Erum_pde4430.egg-info/PKG-INFO
[2.717s] writing dependency_links to ../../build/Erum_pde4430/Erum_pde4430.egg-info/dependency_links.txt
[2.717s] writing entry points to ../../build/Erum_pde4430/Erum_pde4430.egg-info/entry_points.txt
[2.717s] writing requirements to ../../build/Erum_pde4430/Erum_pde4430.egg-info/requires.txt
[2.717s] writing top-level names to ../../build/Erum_pde4430/Erum_pde4430.egg-info/top_level.txt
[2.718s] writing manifest file '../../build/Erum_pde4430/Erum_pde4430.egg-info/SOURCES.txt'
[2.754s] reading manifest file '../../build/Erum_pde4430/Erum_pde4430.egg-info/SOURCES.txt'
[2.755s] writing manifest file '../../build/Erum_pde4430/Erum_pde4430.egg-info/SOURCES.txt'
[2.756s] running build
[2.756s] running build_py
[2.756s] creating /home/erum/ros2_workspace/build/Erum_pde4430/build
[2.756s] creating /home/erum/ros2_workspace/build/Erum_pde4430/build/lib
[2.757s] creating /home/erum/ros2_workspace/build/Erum_pde4430/build/lib/Erum_pde4430
[2.758s] copying Erum_pde4430/4bots.py -> /home/erum/ros2_workspace/build/Erum_pde4430/build/lib/Erum_pde4430
[2.759s] copying Erum_pde4430/user_coordinates.py -> /home/erum/ros2_workspace/build/Erum_pde4430/build/lib/Erum_pde4430
[2.760s] copying Erum_pde4430/figure8_move.py -> /home/erum/ros2_workspace/build/Erum_pde4430/build/lib/Erum_pde4430
[2.760s] copying Erum_pde4430/userinput.py -> /home/erum/ros2_workspace/build/Erum_pde4430/build/lib/Erum_pde4430
[2.761s] copying Erum_pde4430/straightmove.py -> /home/erum/ros2_workspace/build/Erum_pde4430/build/lib/Erum_pde4430
[2.762s] copying Erum_pde4430/__init__.py -> /home/erum/ros2_workspace/build/Erum_pde4430/build/lib/Erum_pde4430
[2.763s] copying Erum_pde4430/roomba_cleaner.py -> /home/erum/ros2_workspace/build/Erum_pde4430/build/lib/Erum_pde4430
[2.763s] copying Erum_pde4430/circular_move.py -> /home/erum/ros2_workspace/build/Erum_pde4430/build/lib/Erum_pde4430
[2.764s] running install
[2.770s] running install_lib
[2.785s] creating /home/erum/ros2_workspace/install/Erum_pde4430/lib/python3.12/site-packages/Erum_pde4430
[2.785s] copying /home/erum/ros2_workspace/build/Erum_pde4430/build/lib/Erum_pde4430/4bots.py -> /home/erum/ros2_workspace/install/Erum_pde4430/lib/python3.12/site-packages/Erum_pde4430
[2.786s] copying /home/erum/ros2_workspace/build/Erum_pde4430/build/lib/Erum_pde4430/user_coordinates.py -> /home/erum/ros2_workspace/install/Erum_pde4430/lib/python3.12/site-packages/Erum_pde4430
[2.786s] copying /home/erum/ros2_workspace/build/Erum_pde4430/build/lib/Erum_pde4430/figure8_move.py -> /home/erum/ros2_workspace/install/Erum_pde4430/lib/python3.12/site-packages/Erum_pde4430
[2.786s] copying /home/erum/ros2_workspace/build/Erum_pde4430/build/lib/Erum_pde4430/userinput.py -> /home/erum/ros2_workspace/install/Erum_pde4430/lib/python3.12/site-packages/Erum_pde4430
[2.787s] copying /home/erum/ros2_workspace/build/Erum_pde4430/build/lib/Erum_pde4430/straightmove.py -> /home/erum/ros2_workspace/install/Erum_pde4430/lib/python3.12/site-packages/Erum_pde4430
[2.787s] copying /home/erum/ros2_workspace/build/Erum_pde4430/build/lib/Erum_pde4430/__init__.py -> /home/erum/ros2_workspace/install/Erum_pde4430/lib/python3.12/site-packages/Erum_pde4430
[2.787s] copying /home/erum/ros2_workspace/build/Erum_pde4430/build/lib/Erum_pde4430/roomba_cleaner.py -> /home/erum/ros2_workspace/install/Erum_pde4430/lib/python3.12/site-packages/Erum_pde4430
[2.788s] copying /home/erum/ros2_workspace/build/Erum_pde4430/build/lib/Erum_pde4430/circular_move.py -> /home/erum/ros2_workspace/install/Erum_pde4430/lib/python3.12/site-packages/Erum_pde4430
[2.788s] byte-compiling /home/erum/ros2_workspace/install/Erum_pde4430/lib/python3.12/site-packages/Erum_pde4430/4bots.py to 4bots.cpython-312.pyc
[2.790s] byte-compiling /home/erum/ros2_workspace/install/Erum_pde4430/lib/python3.12/site-packages/Erum_pde4430/user_coordinates.py to user_coordinates.cpython-312.pyc
[2.792s] byte-compiling /home/erum/ros2_workspace/install/Erum_pde4430/lib/python3.12/site-packages/Erum_pde4430/figure8_move.py to figure8_move.cpython-312.pyc
[2.793s] byte-compiling /home/erum/ros2_workspace/install/Erum_pde4430/lib/python3.12/site-packages/Erum_pde4430/userinput.py to userinput.cpython-312.pyc
[2.794s] byte-compiling /home/erum/ros2_workspace/install/Erum_pde4430/lib/python3.12/site-packages/Erum_pde4430/straightmove.py to straightmove.cpython-312.pyc
[2.794s] byte-compiling /home/erum/ros2_workspace/install/Erum_pde4430/lib/python3.12/site-packages/Erum_pde4430/__init__.py to __init__.cpython-312.pyc
[2.795s] byte-compiling /home/erum/ros2_workspace/install/Erum_pde4430/lib/python3.12/site-packages/Erum_pde4430/roomba_cleaner.py to roomba_cleaner.cpython-312.pyc
[2.797s] byte-compiling /home/erum/ros2_workspace/install/Erum_pde4430/lib/python3.12/site-packages/Erum_pde4430/circular_move.py to circular_move.cpython-312.pyc
[2.797s] running install_data
[2.797s] creating /home/erum/ros2_workspace/install/Erum_pde4430/share/ament_index
[2.797s] creating /home/erum/ros2_workspace/install/Erum_pde4430/share/ament_index/resource_index
[2.798s] creating /home/erum/ros2_workspace/install/Erum_pde4430/share/ament_index/resource_index/packages
[2.798s] copying resource/Erum_pde4430 -> /home/erum/ros2_workspace/install/Erum_pde4430/share/ament_index/resource_index/packages
[2.799s] copying package.xml -> /home/erum/ros2_workspace/install/Erum_pde4430/share/Erum_pde4430
[2.799s] running install_egg_info
[2.819s] Copying ../../build/Erum_pde4430/Erum_pde4430.egg-info to /home/erum/ros2_workspace/install/Erum_pde4430/lib/python3.12/site-packages/Erum_pde4430-0.0.0-py3.12.egg-info
[2.821s] running install_scripts
[3.042s] Installing 4bots script to /home/erum/ros2_workspace/install/Erum_pde4430/lib/Erum_pde4430
[3.043s] Installing circular_move script to /home/erum/ros2_workspace/install/Erum_pde4430/lib/Erum_pde4430
[3.043s] Installing figure8_move script to /home/erum/ros2_workspace/install/Erum_pde4430/lib/Erum_pde4430
[3.043s] Installing roomba_cleaner script to /home/erum/ros2_workspace/install/Erum_pde4430/lib/Erum_pde4430
[3.047s] Installing straightmove script to /home/erum/ros2_workspace/install/Erum_pde4430/lib/Erum_pde4430
[3.047s] Installing user_coordinates script to /home/erum/ros2_workspace/install/Erum_pde4430/lib/Erum_pde4430
[3.047s] Installing userinput script to /home/erum/ros2_workspace/install/Erum_pde4430/lib/Erum_pde4430
[3.047s] writing list of installed files to '/home/erum/ros2_workspace/build/Erum_pde4430/install.log'
[3.109s] Invoked command in '/home/erum/ros2_workspace/src/Erum_pde4430' returned '0': DEBUGINFOD_URLS=https://debuginfod.ubuntu.com PYTHONPATH=/home/erum/ros2_workspace/build/Erum_pde4430/prefix_override:/usr/lib/python3/dist-packages/colcon_core/task/python/colcon_distutils_commands:/home/erum/ros2_workspace/install/Erum_pde4430/lib/python3.12/site-packages:${PYTHONPATH} /usr/bin/python3 -W ignore:setup.py install is deprecated -W ignore:easy_install command is deprecated setup.py egg_info --egg-base ../../build/Erum_pde4430 build --build-base /home/erum/ros2_workspace/build/Erum_pde4430/build install --record /home/erum/ros2_workspace/build/Erum_pde4430/install.log --single-version-externally-managed install_data
