[1.458s] Invoking command in '/home/erum/ros2/ros2_ws/src/my_first_pkg': DEBUGINFOD_URLS=https://debuginfod.ubuntu.com PYTHONPATH=/home/erum/ros2/ros2_ws/build/my_first_pkg/prefix_override:/usr/lib/python3/dist-packages/colcon_core/task/python/colcon_distutils_commands:/home/erum/ros2/ros2_ws/install/my_first_pkg/lib/python3.12/site-packages:${PYTHONPATH} /usr/bin/python3 -W ignore:setup.py install is deprecated -W ignore:easy_install command is deprecated setup.py egg_info --egg-base ../../build/my_first_pkg build --build-base /home/erum/ros2/ros2_ws/build/my_first_pkg/build install --record /home/erum/ros2/ros2_ws/build/my_first_pkg/install.log --single-version-externally-managed install_data
[1.637s] running egg_info
[1.639s] creating ../../build/my_first_pkg/my_first_pkg.egg-info
[1.651s] writing ../../build/my_first_pkg/my_first_pkg.egg-info/PKG-INFO
[1.651s] writing dependency_links to ../../build/my_first_pkg/my_first_pkg.egg-info/dependency_links.txt
[1.651s] writing requirements to ../../build/my_first_pkg/my_first_pkg.egg-info/requires.txt
[1.651s] writing top-level names to ../../build/my_first_pkg/my_first_pkg.egg-info/top_level.txt
[1.651s] writing manifest file '../../build/my_first_pkg/my_first_pkg.egg-info/SOURCES.txt'
[1.673s] reading manifest file '../../build/my_first_pkg/my_first_pkg.egg-info/SOURCES.txt'
[1.673s] writing manifest file '../../build/my_first_pkg/my_first_pkg.egg-info/SOURCES.txt'
[1.674s] running build
[1.674s] running build_py
[1.674s] creating /home/erum/ros2/ros2_ws/build/my_first_pkg/build
[1.674s] creating /home/erum/ros2/ros2_ws/build/my_first_pkg/build/lib
[1.674s] creating /home/erum/ros2/ros2_ws/build/my_first_pkg/build/lib/my_first_pkg
[1.675s] copying my_first_pkg/__init__.py -> /home/erum/ros2/ros2_ws/build/my_first_pkg/build/lib/my_first_pkg
[1.675s] copying my_first_pkg/minimal_publisher.py -> /home/erum/ros2/ros2_ws/build/my_first_pkg/build/lib/my_first_pkg
[1.676s] running install
[1.680s] running install_lib
[1.691s] creating /home/erum/ros2/ros2_ws/install/my_first_pkg/lib/python3.12/site-packages/my_first_pkg
[1.691s] copying /home/erum/ros2/ros2_ws/build/my_first_pkg/build/lib/my_first_pkg/__init__.py -> /home/erum/ros2/ros2_ws/install/my_first_pkg/lib/python3.12/site-packages/my_first_pkg
[1.692s] copying /home/erum/ros2/ros2_ws/build/my_first_pkg/build/lib/my_first_pkg/minimal_publisher.py -> /home/erum/ros2/ros2_ws/install/my_first_pkg/lib/python3.12/site-packages/my_first_pkg
[1.692s] byte-compiling /home/erum/ros2/ros2_ws/install/my_first_pkg/lib/python3.12/site-packages/my_first_pkg/__init__.py to __init__.cpython-312.pyc
[1.693s] byte-compiling /home/erum/ros2/ros2_ws/install/my_first_pkg/lib/python3.12/site-packages/my_first_pkg/minimal_publisher.py to minimal_publisher.cpython-312.pyc
[1.693s] running install_data
[1.693s] creating /home/erum/ros2/ros2_ws/install/my_first_pkg/share/ament_index
[1.693s] creating /home/erum/ros2/ros2_ws/install/my_first_pkg/share/ament_index/resource_index
[1.693s] creating /home/erum/ros2/ros2_ws/install/my_first_pkg/share/ament_index/resource_index/packages
[1.693s] copying resource/my_first_pkg -> /home/erum/ros2/ros2_ws/install/my_first_pkg/share/ament_index/resource_index/packages
[1.694s] copying package.xml -> /home/erum/ros2/ros2_ws/install/my_first_pkg/share/my_first_pkg
[1.694s] running install_egg_info
[1.707s] Copying ../../build/my_first_pkg/my_first_pkg.egg-info to /home/erum/ros2/ros2_ws/install/my_first_pkg/lib/python3.12/site-packages/my_first_pkg-0.0.0-py3.12.egg-info
[1.708s] running install_scripts
[1.797s] writing list of installed files to '/home/erum/ros2/ros2_ws/build/my_first_pkg/install.log'
[1.819s] Invoked command in '/home/erum/ros2/ros2_ws/src/my_first_pkg' returned '0': DEBUGINFOD_URLS=https://debuginfod.ubuntu.com PYTHONPATH=/home/erum/ros2/ros2_ws/build/my_first_pkg/prefix_override:/usr/lib/python3/dist-packages/colcon_core/task/python/colcon_distutils_commands:/home/erum/ros2/ros2_ws/install/my_first_pkg/lib/python3.12/site-packages:${PYTHONPATH} /usr/bin/python3 -W ignore:setup.py install is deprecated -W ignore:easy_install command is deprecated setup.py egg_info --egg-base ../../build/my_first_pkg build --build-base /home/erum/ros2/ros2_ws/build/my_first_pkg/build install --record /home/erum/ros2/ros2_ws/build/my_first_pkg/install.log --single-version-externally-managed install_data
