[0.019s] Invoking command in '/home/erum/ros2_workspace/src/build/gazebo_differential_drive_robot': CMAKE_PREFIX_PATH=${CMAKE_PREFIX_PATH}:/home/erum/install/my_first_pkg:/opt/ros/jazzy DEBUGINFOD_URLS=https://debuginfod.ubuntu.com /usr/bin/cmake /home/erum/ros2_workspace/src/gazebo_differential_drive_robot-main -DCMAKE_INSTALL_PREFIX=/home/erum/ros2_workspace/src/install/gazebo_differential_drive_robot
[0.225s] -- The C compiler identification is GNU 13.3.0
[0.324s] -- The CXX compiler identification is GNU 13.3.0
[0.357s] -- Detecting C compiler ABI info
[0.585s] -- Detecting C compiler ABI info - done
[0.606s] -- Check for working C compiler: /usr/bin/cc - skipped
[0.606s] -- Detecting C compile features
[0.606s] -- Detecting C compile features - done
[0.623s] -- Detecting CXX compiler ABI info
[0.819s] -- Detecting CXX compiler ABI info - done
[0.850s] -- Check for working CXX compiler: /usr/bin/c++ - skipped
[0.851s] -- Detecting CXX compile features
[0.852s] -- Detecting CXX compile features - done
[0.874s] -- Found ament_cmake: 2.5.4 (/opt/ros/jazzy/share/ament_cmake/cmake)
[1.177s] -- Found Python3: /usr/bin/python3 (found version "3.12.3") found components: Interpreter 
[1.469s] -- Found ament_lint_auto: 0.17.3 (/opt/ros/jazzy/share/ament_lint_auto/cmake)
[1.696s] -- Added test 'flake8' to check Python code syntax and style conventions
[1.696s] -- Configured 'flake8' exclude dirs and/or files: 
[1.709s] -- Added test 'lint_cmake' to check CMake code style
[1.712s] -- Added test 'pep257' to check Python code against some of the docstring style conventions in PEP 257
[1.716s] -- Added test 'xmllint' to check XML markup files
[1.727s] -- Configuring done (1.6s)
[1.743s] -- Generating done (0.0s)
[1.746s] -- Build files have been written to: /home/erum/ros2_workspace/src/build/gazebo_differential_drive_robot
[1.752s] Invoked command in '/home/erum/ros2_workspace/src/build/gazebo_differential_drive_robot' returned '0': CMAKE_PREFIX_PATH=${CMAKE_PREFIX_PATH}:/home/erum/install/my_first_pkg:/opt/ros/jazzy DEBUGINFOD_URLS=https://debuginfod.ubuntu.com /usr/bin/cmake /home/erum/ros2_workspace/src/gazebo_differential_drive_robot-main -DCMAKE_INSTALL_PREFIX=/home/erum/ros2_workspace/src/install/gazebo_differential_drive_robot
[1.754s] Invoking command in '/home/erum/ros2_workspace/src/build/gazebo_differential_drive_robot': CMAKE_PREFIX_PATH=${CMAKE_PREFIX_PATH}:/home/erum/install/my_first_pkg:/opt/ros/jazzy DEBUGINFOD_URLS=https://debuginfod.ubuntu.com /usr/bin/cmake --build /home/erum/ros2_workspace/src/build/gazebo_differential_drive_robot -- -j2 -l2
[1.847s] Invoked command in '/home/erum/ros2_workspace/src/build/gazebo_differential_drive_robot' returned '0': CMAKE_PREFIX_PATH=${CMAKE_PREFIX_PATH}:/home/erum/install/my_first_pkg:/opt/ros/jazzy DEBUGINFOD_URLS=https://debuginfod.ubuntu.com /usr/bin/cmake --build /home/erum/ros2_workspace/src/build/gazebo_differential_drive_robot -- -j2 -l2
[1.850s] Invoking command in '/home/erum/ros2_workspace/src/build/gazebo_differential_drive_robot': CMAKE_PREFIX_PATH=${CMAKE_PREFIX_PATH}:/home/erum/install/my_first_pkg:/opt/ros/jazzy DEBUGINFOD_URLS=https://debuginfod.ubuntu.com /usr/bin/cmake --install /home/erum/ros2_workspace/src/build/gazebo_differential_drive_robot
[1.867s] -- Install configuration: ""
[1.868s] -- Installing: /home/erum/ros2_workspace/src/install/gazebo_differential_drive_robot/share/gazebo_differential_drive_robot/launch
[1.868s] -- Installing: /home/erum/ros2_workspace/src/install/gazebo_differential_drive_robot/share/gazebo_differential_drive_robot/launch/robot.launch.py
[1.868s] -- Installing: /home/erum/ros2_workspace/src/install/gazebo_differential_drive_robot/share/gazebo_differential_drive_robot/model
[1.868s] -- Installing: /home/erum/ros2_workspace/src/install/gazebo_differential_drive_robot/share/gazebo_differential_drive_robot/model/robot.xacro
[1.870s] -- Installing: /home/erum/ros2_workspace/src/install/gazebo_differential_drive_robot/share/gazebo_differential_drive_robot/config
[1.870s] -- Installing: /home/erum/ros2_workspace/src/install/gazebo_differential_drive_robot/share/gazebo_differential_drive_robot/config/gz_bridge.yaml
[1.870s] -- Installing: /home/erum/ros2_workspace/src/install/gazebo_differential_drive_robot/share/ament_index/resource_index/package_run_dependencies/gazebo_differential_drive_robot
[1.876s] -- Installing: /home/erum/ros2_workspace/src/install/gazebo_differential_drive_robot/share/ament_index/resource_index/parent_prefix_path/gazebo_differential_drive_robot
[1.876s] -- Installing: /home/erum/ros2_workspace/src/install/gazebo_differential_drive_robot/share/gazebo_differential_drive_robot/environment/ament_prefix_path.sh
[1.876s] -- Installing: /home/erum/ros2_workspace/src/install/gazebo_differential_drive_robot/share/gazebo_differential_drive_robot/environment/ament_prefix_path.dsv
[1.876s] -- Installing: /home/erum/ros2_workspace/src/install/gazebo_differential_drive_robot/share/gazebo_differential_drive_robot/environment/path.sh
[1.876s] -- Installing: /home/erum/ros2_workspace/src/install/gazebo_differential_drive_robot/share/gazebo_differential_drive_robot/environment/path.dsv
[1.876s] -- Installing: /home/erum/ros2_workspace/src/install/gazebo_differential_drive_robot/share/gazebo_differential_drive_robot/local_setup.bash
[1.876s] -- Installing: /home/erum/ros2_workspace/src/install/gazebo_differential_drive_robot/share/gazebo_differential_drive_robot/local_setup.sh
[1.876s] -- Installing: /home/erum/ros2_workspace/src/install/gazebo_differential_drive_robot/share/gazebo_differential_drive_robot/local_setup.zsh
[1.876s] -- Installing: /home/erum/ros2_workspace/src/install/gazebo_differential_drive_robot/share/gazebo_differential_drive_robot/local_setup.dsv
[1.876s] -- Installing: /home/erum/ros2_workspace/src/install/gazebo_differential_drive_robot/share/gazebo_differential_drive_robot/package.dsv
[1.876s] -- Installing: /home/erum/ros2_workspace/src/install/gazebo_differential_drive_robot/share/ament_index/resource_index/packages/gazebo_differential_drive_robot
[1.877s] -- Installing: /home/erum/ros2_workspace/src/install/gazebo_differential_drive_robot/share/gazebo_differential_drive_robot/cmake/gazebo_differential_drive_robotConfig.cmake
[1.879s] -- Installing: /home/erum/ros2_workspace/src/install/gazebo_differential_drive_robot/share/gazebo_differential_drive_robot/cmake/gazebo_differential_drive_robotConfig-version.cmake
[1.879s] -- Installing: /home/erum/ros2_workspace/src/install/gazebo_differential_drive_robot/share/gazebo_differential_drive_robot/package.xml
[1.882s] Invoked command in '/home/erum/ros2_workspace/src/build/gazebo_differential_drive_robot' returned '0': CMAKE_PREFIX_PATH=${CMAKE_PREFIX_PATH}:/home/erum/install/my_first_pkg:/opt/ros/jazzy DEBUGINFOD_URLS=https://debuginfod.ubuntu.com /usr/bin/cmake --install /home/erum/ros2_workspace/src/build/gazebo_differential_drive_robot
