[6.327s] Invoking command in '/home/erum/ros2_workspace/src/mobile_robot': DEBUGINFOD_URLS=https://debuginfod.ubuntu.com PYTHONPATH=/home/erum/ros2_workspace/build/mobile_robot/prefix_override:/usr/lib/python3/dist-packages/colcon_core/task/python/colcon_distutils_commands:/home/erum/ros2_workspace/install/mobile_robot/lib/python3.12/site-packages:${PYTHONPATH} /usr/bin/python3 -W ignore:setup.py install is deprecated -W ignore:easy_install command is deprecated setup.py egg_info --egg-base ../../build/mobile_robot build --build-base /home/erum/ros2_workspace/build/mobile_robot/build install --record /home/erum/ros2_workspace/build/mobile_robot/install.log --single-version-externally-managed install_data
[8.189s] running egg_info
[8.189s] creating ../../build/mobile_robot/mobile_robot.egg-info
[8.218s] writing ../../build/mobile_robot/mobile_robot.egg-info/PKG-INFO
[8.218s] writing dependency_links to ../../build/mobile_robot/mobile_robot.egg-info/dependency_links.txt
[8.220s] writing requirements to ../../build/mobile_robot/mobile_robot.egg-info/requires.txt
[8.222s] writing top-level names to ../../build/mobile_robot/mobile_robot.egg-info/top_level.txt
[8.224s] writing manifest file '../../build/mobile_robot/mobile_robot.egg-info/SOURCES.txt'
[8.339s] reading manifest file '../../build/mobile_robot/mobile_robot.egg-info/SOURCES.txt'
[8.341s] writing manifest file '../../build/mobile_robot/mobile_robot.egg-info/SOURCES.txt'
[8.346s] running build
[8.347s] running build_py
[8.347s] creating /home/erum/ros2_workspace/build/mobile_robot/build
[8.349s] creating /home/erum/ros2_workspace/build/mobile_robot/build/lib
[8.354s] creating /home/erum/ros2_workspace/build/mobile_robot/build/lib/mobile_robot
[8.355s] copying mobile_robot/__init__.py -> /home/erum/ros2_workspace/build/mobile_robot/build/lib/mobile_robot
[8.366s] running install
[8.380s] running install_lib
[8.411s] creating /home/erum/ros2_workspace/install/mobile_robot/lib/python3.12/site-packages/mobile_robot
[8.412s] copying /home/erum/ros2_workspace/build/mobile_robot/build/lib/mobile_robot/__init__.py -> /home/erum/ros2_workspace/install/mobile_robot/lib/python3.12/site-packages/mobile_robot
[8.414s] byte-compiling /home/erum/ros2_workspace/install/mobile_robot/lib/python3.12/site-packages/mobile_robot/__init__.py to __init__.cpython-312.pyc
[8.416s] running install_data
[8.417s] creating /home/erum/ros2_workspace/install/mobile_robot/share/ament_index
[8.417s] creating /home/erum/ros2_workspace/install/mobile_robot/share/ament_index/resource_index
[8.418s] creating /home/erum/ros2_workspace/install/mobile_robot/share/ament_index/resource_index/packages
[8.420s] copying resource/mobile_robot -> /home/erum/ros2_workspace/install/mobile_robot/share/ament_index/resource_index/packages
[8.421s] copying package.xml -> /home/erum/ros2_workspace/install/mobile_robot/share/mobile_robot
[8.422s] running install_egg_info
[8.482s] Copying ../../build/mobile_robot/mobile_robot.egg-info to /home/erum/ros2_workspace/install/mobile_robot/lib/python3.12/site-packages/mobile_robot-0.0.0-py3.12.egg-info
[8.486s] running install_scripts
[9.532s] writing list of installed files to '/home/erum/ros2_workspace/build/mobile_robot/install.log'
[9.691s] Invoked command in '/home/erum/ros2_workspace/src/mobile_robot' returned '0': DEBUGINFOD_URLS=https://debuginfod.ubuntu.com PYTHONPATH=/home/erum/ros2_workspace/build/mobile_robot/prefix_override:/usr/lib/python3/dist-packages/colcon_core/task/python/colcon_distutils_commands:/home/erum/ros2_workspace/install/mobile_robot/lib/python3.12/site-packages:${PYTHONPATH} /usr/bin/python3 -W ignore:setup.py install is deprecated -W ignore:easy_install command is deprecated setup.py egg_info --egg-base ../../build/mobile_robot build --build-base /home/erum/ros2_workspace/build/mobile_robot/build install --record /home/erum/ros2_workspace/build/mobile_robot/install.log --single-version-externally-managed install_data
