[1.161s] Invoking command in '/home/erum/ros2_workspace/src/my_first_pkg': DEBUGINFOD_URLS=https://debuginfod.ubuntu.com PYTHONPATH=/home/erum/ros2_workspace/build/my_first_pkg/prefix_override:/usr/lib/python3/dist-packages/colcon_core/task/python/colcon_distutils_commands:/home/erum/ros2_workspace/install/my_first_pkg/lib/python3.12/site-packages:${PYTHONPATH} /usr/bin/python3 -W ignore:setup.py install is deprecated -W ignore:easy_install command is deprecated setup.py egg_info --egg-base ../../build/my_first_pkg build --build-base /home/erum/ros2_workspace/build/my_first_pkg/build install --record /home/erum/ros2_workspace/build/my_first_pkg/install.log --single-version-externally-managed install_data
[1.357s] running egg_info
[1.359s] creating ../../build/my_first_pkg/my_first_pkg.egg-info
[1.369s] writing ../../build/my_first_pkg/my_first_pkg.egg-info/PKG-INFO
[1.369s] writing dependency_links to ../../build/my_first_pkg/my_first_pkg.egg-info/dependency_links.txt
[1.369s] writing entry points to ../../build/my_first_pkg/my_first_pkg.egg-info/entry_points.txt
[1.370s] writing requirements to ../../build/my_first_pkg/my_first_pkg.egg-info/requires.txt
[1.370s] writing top-level names to ../../build/my_first_pkg/my_first_pkg.egg-info/top_level.txt
[1.370s] writing manifest file '../../build/my_first_pkg/my_first_pkg.egg-info/SOURCES.txt'
[1.396s] reading manifest file '../../build/my_first_pkg/my_first_pkg.egg-info/SOURCES.txt'
[1.398s] writing manifest file '../../build/my_first_pkg/my_first_pkg.egg-info/SOURCES.txt'
[1.398s] running build
[1.399s] running build_py
[1.399s] creating /home/erum/ros2_workspace/build/my_first_pkg/build
[1.399s] creating /home/erum/ros2_workspace/build/my_first_pkg/build/lib
[1.399s] creating /home/erum/ros2_workspace/build/my_first_pkg/build/lib/my_first_pkg
[1.399s] copying my_first_pkg/minimal_subscriber.py -> /home/erum/ros2_workspace/build/my_first_pkg/build/lib/my_first_pkg
[1.403s] copying my_first_pkg/__init__.py -> /home/erum/ros2_workspace/build/my_first_pkg/build/lib/my_first_pkg
[1.403s] copying my_first_pkg/minimal_publisher.py -> /home/erum/ros2_workspace/build/my_first_pkg/build/lib/my_first_pkg
[1.404s] running install
[1.412s] running install_lib
[1.426s] creating /home/erum/ros2_workspace/install/my_first_pkg/lib/python3.12/site-packages/my_first_pkg
[1.427s] copying /home/erum/ros2_workspace/build/my_first_pkg/build/lib/my_first_pkg/minimal_subscriber.py -> /home/erum/ros2_workspace/install/my_first_pkg/lib/python3.12/site-packages/my_first_pkg
[1.427s] copying /home/erum/ros2_workspace/build/my_first_pkg/build/lib/my_first_pkg/__init__.py -> /home/erum/ros2_workspace/install/my_first_pkg/lib/python3.12/site-packages/my_first_pkg
[1.427s] copying /home/erum/ros2_workspace/build/my_first_pkg/build/lib/my_first_pkg/minimal_publisher.py -> /home/erum/ros2_workspace/install/my_first_pkg/lib/python3.12/site-packages/my_first_pkg
[1.430s] byte-compiling /home/erum/ros2_workspace/install/my_first_pkg/lib/python3.12/site-packages/my_first_pkg/minimal_subscriber.py to minimal_subscriber.cpython-312.pyc
[1.430s] byte-compiling /home/erum/ros2_workspace/install/my_first_pkg/lib/python3.12/site-packages/my_first_pkg/__init__.py to __init__.cpython-312.pyc
[1.430s] byte-compiling /home/erum/ros2_workspace/install/my_first_pkg/lib/python3.12/site-packages/my_first_pkg/minimal_publisher.py to minimal_publisher.cpython-312.pyc
[1.430s] running install_data
[1.431s] creating /home/erum/ros2_workspace/install/my_first_pkg/share/ament_index
[1.432s] creating /home/erum/ros2_workspace/install/my_first_pkg/share/ament_index/resource_index
[1.432s] creating /home/erum/ros2_workspace/install/my_first_pkg/share/ament_index/resource_index/packages
[1.435s] copying resource/my_first_pkg -> /home/erum/ros2_workspace/install/my_first_pkg/share/ament_index/resource_index/packages
[1.435s] copying package.xml -> /home/erum/ros2_workspace/install/my_first_pkg/share/my_first_pkg
[1.435s] running install_egg_info
[1.456s] Copying ../../build/my_first_pkg/my_first_pkg.egg-info to /home/erum/ros2_workspace/install/my_first_pkg/lib/python3.12/site-packages/my_first_pkg-0.0.0-py3.12.egg-info
[1.460s] running install_scripts
[1.579s] Installing minimal_publisher script to /home/erum/ros2_workspace/install/my_first_pkg/lib/my_first_pkg
[1.579s] Installing minimal_subscriber script to /home/erum/ros2_workspace/install/my_first_pkg/lib/my_first_pkg
[1.580s] writing list of installed files to '/home/erum/ros2_workspace/build/my_first_pkg/install.log'
[1.640s] Invoked command in '/home/erum/ros2_workspace/src/my_first_pkg' returned '0': DEBUGINFOD_URLS=https://debuginfod.ubuntu.com PYTHONPATH=/home/erum/ros2_workspace/build/my_first_pkg/prefix_override:/usr/lib/python3/dist-packages/colcon_core/task/python/colcon_distutils_commands:/home/erum/ros2_workspace/install/my_first_pkg/lib/python3.12/site-packages:${PYTHONPATH} /usr/bin/python3 -W ignore:setup.py install is deprecated -W ignore:easy_install command is deprecated setup.py egg_info --egg-base ../../build/my_first_pkg build --build-base /home/erum/ros2_workspace/build/my_first_pkg/build install --record /home/erum/ros2_workspace/build/my_first_pkg/install.log --single-version-externally-managed install_data
