[2.838s] Invoking command in '/home/erum/ros2_workspace/src/add_two_ints_pkg': AMENT_PREFIX_PATH=/home/erum/ros2_workspace/install/new_interfaces:${AMENT_PREFIX_PATH} CMAKE_PREFIX_PATH=/home/erum/ros2_workspace/install/new_interfaces:${CMAKE_PREFIX_PATH} DEBUGINFOD_URLS=https://debuginfod.ubuntu.com LD_LIBRARY_PATH=/home/erum/ros2_workspace/install/new_interfaces/lib:${LD_LIBRARY_PATH} PYTHONPATH=/home/erum/ros2_workspace/build/add_two_ints_pkg/prefix_override:/usr/lib/python3/dist-packages/colcon_core/task/python/colcon_distutils_commands:/home/erum/ros2_workspace/install/add_two_ints_pkg/lib/python3.12/site-packages:/home/erum/ros2_workspace/install/new_interfaces/lib/python3.12/site-packages:${PYTHONPATH} /usr/bin/python3 -W ignore:setup.py install is deprecated -W ignore:easy_install command is deprecated setup.py egg_info --egg-base ../../build/add_two_ints_pkg build --build-base /home/erum/ros2_workspace/build/add_two_ints_pkg/build install --record /home/erum/ros2_workspace/build/add_two_ints_pkg/install.log --single-version-externally-managed install_data
[3.554s] running egg_info
[3.584s] writing ../../build/add_two_ints_pkg/add_two_ints_pkg.egg-info/PKG-INFO
[3.586s] writing dependency_links to ../../build/add_two_ints_pkg/add_two_ints_pkg.egg-info/dependency_links.txt
[3.590s] writing entry points to ../../build/add_two_ints_pkg/add_two_ints_pkg.egg-info/entry_points.txt
[3.591s] writing requirements to ../../build/add_two_ints_pkg/add_two_ints_pkg.egg-info/requires.txt
[3.592s] writing top-level names to ../../build/add_two_ints_pkg/add_two_ints_pkg.egg-info/top_level.txt
[3.675s] reading manifest file '../../build/add_two_ints_pkg/add_two_ints_pkg.egg-info/SOURCES.txt'
[3.677s] writing manifest file '../../build/add_two_ints_pkg/add_two_ints_pkg.egg-info/SOURCES.txt'
[3.678s] running build
[3.678s] running build_py
[3.678s] running install
[3.691s] running install_lib
[3.729s] running install_data
[3.729s] running install_egg_info
[3.761s] removing '/home/erum/ros2_workspace/install/add_two_ints_pkg/lib/python3.12/site-packages/add_two_ints_pkg-0.0.0-py3.12.egg-info' (and everything under it)
[3.763s] Copying ../../build/add_two_ints_pkg/add_two_ints_pkg.egg-info to /home/erum/ros2_workspace/install/add_two_ints_pkg/lib/python3.12/site-packages/add_two_ints_pkg-0.0.0-py3.12.egg-info
[3.766s] running install_scripts
[4.053s] Installing minimal_client script to /home/erum/ros2_workspace/install/add_two_ints_pkg/lib/add_two_ints_pkg
[4.053s] Installing minimal_server script to /home/erum/ros2_workspace/install/add_two_ints_pkg/lib/add_two_ints_pkg
[4.054s] writing list of installed files to '/home/erum/ros2_workspace/build/add_two_ints_pkg/install.log'
[4.104s] Invoked command in '/home/erum/ros2_workspace/src/add_two_ints_pkg' returned '0': AMENT_PREFIX_PATH=/home/erum/ros2_workspace/install/new_interfaces:${AMENT_PREFIX_PATH} CMAKE_PREFIX_PATH=/home/erum/ros2_workspace/install/new_interfaces:${CMAKE_PREFIX_PATH} DEBUGINFOD_URLS=https://debuginfod.ubuntu.com LD_LIBRARY_PATH=/home/erum/ros2_workspace/install/new_interfaces/lib:${LD_LIBRARY_PATH} PYTHONPATH=/home/erum/ros2_workspace/build/add_two_ints_pkg/prefix_override:/usr/lib/python3/dist-packages/colcon_core/task/python/colcon_distutils_commands:/home/erum/ros2_workspace/install/add_two_ints_pkg/lib/python3.12/site-packages:/home/erum/ros2_workspace/install/new_interfaces/lib/python3.12/site-packages:${PYTHONPATH} /usr/bin/python3 -W ignore:setup.py install is deprecated -W ignore:easy_install command is deprecated setup.py egg_info --egg-base ../../build/add_two_ints_pkg build --build-base /home/erum/ros2_workspace/build/add_two_ints_pkg/build install --record /home/erum/ros2_workspace/build/add_two_ints_pkg/install.log --single-version-externally-managed install_data
