[0.036s] Invoking command in '/home/erum/ros2_workspace/src/build/new_interfaces': CMAKE_PREFIX_PATH=/home/erum/ros2_workspace/install/new_interfaces:/home/erum/ros2_workspace/install/my_robot_bringup:/home/erum/ros2_workspace/install/my_robot_description:/home/erum/ros2_workspace/install/rect_area_pkg:/home/erum/ros2_workspace/install/add_two_ints_pkg:/home/erum/ros2_workspace/install/my_first_pkg:/home/erum/ros2_workspace/install/Erum_pde4430:/opt/ros/jazzy:/home/erum/ros2_workspace/install/mobile_robot:/home/erum/ros2_workspace/install/gazebo_differential_drive_robot:/opt/ros/jazzy/opt/gz_sim_vendor:/opt/ros/jazzy/opt/gz_sensors_vendor:/opt/ros/jazzy/opt/gz_physics_vendor:/opt/ros/jazzy/opt/sdformat_vendor:/opt/ros/jazzy/opt/gz_gui_vendor:/opt/ros/jazzy/opt/gz_transport_vendor:/opt/ros/jazzy/opt/gz_rendering_vendor:/opt/ros/jazzy/opt/gz_plugin_vendor:/opt/ros/jazzy/opt/gz_fuel_tools_vendor:/opt/ros/jazzy/opt/gz_msgs_vendor:/opt/ros/jazzy/opt/gz_common_vendor:/opt/ros/jazzy/opt/gz_math_vendor:/opt/ros/jazzy/opt/gz_utils_vendor:/opt/ros/jazzy/opt/gz_tools_vendor:/opt/ros/jazzy/opt/gz_ogre_next_vendor:/opt/ros/jazzy/opt/gz_dartsim_vendor:/opt/ros/jazzy/opt/gz_cmake_vendor DEBUGINFOD_URLS=https://debuginfod.ubuntu.com /usr/bin/cmake --build /home/erum/ros2_workspace/src/build/new_interfaces -- -j2 -l2
[0.393s] [  1%] Built target new_interfaces__rosidl_generator_type_description
[0.417s] [  1%] Built target ament_cmake_python_copy_new_interfaces
[0.543s] [  3%] Built target new_interfaces__cpp
[0.576s] [ 24%] Built target new_interfaces__rosidl_generator_c
[0.621s] [ 33%] Built target new_interfaces__rosidl_typesupport_cpp
[0.656s] [ 42%] Built target new_interfaces__rosidl_typesupport_fastrtps_c
[0.690s] [ 51%] Built target new_interfaces__rosidl_typesupport_introspection_c
[0.721s] [ 61%] Built target new_interfaces__rosidl_typesupport_c
[0.788s] [ 70%] Built target new_interfaces__rosidl_typesupport_fastrtps_cpp
[1.075s] [ 79%] Built target new_interfaces__rosidl_typesupport_introspection_cpp
[1.150s] [ 79%] Built target new_interfaces
[1.209s] [ 81%] Built target new_interfaces__py
[1.253s] [ 88%] Built target new_interfaces__rosidl_generator_py
[1.289s] [ 92%] Built target new_interfaces_s__rosidl_typesupport_fastrtps_c
[1.325s] [ 96%] Built target new_interfaces_s__rosidl_typesupport_introspection_c
[1.355s] [100%] Built target new_interfaces_s__rosidl_typesupport_c
[1.391s] running egg_info
[1.421s] writing new_interfaces.egg-info/PKG-INFO
[1.426s] writing dependency_links to new_interfaces.egg-info/dependency_links.txt
[1.429s] writing top-level names to new_interfaces.egg-info/top_level.txt
[1.491s] reading manifest file 'new_interfaces.egg-info/SOURCES.txt'
[1.491s] writing manifest file 'new_interfaces.egg-info/SOURCES.txt'
[1.551s] [100%] Built target ament_cmake_python_build_new_interfaces_egg
[1.608s] Invoked command in '/home/erum/ros2_workspace/src/build/new_interfaces' returned '0': CMAKE_PREFIX_PATH=/home/erum/ros2_workspace/install/new_interfaces:/home/erum/ros2_workspace/install/my_robot_bringup:/home/erum/ros2_workspace/install/my_robot_description:/home/erum/ros2_workspace/install/rect_area_pkg:/home/erum/ros2_workspace/install/add_two_ints_pkg:/home/erum/ros2_workspace/install/my_first_pkg:/home/erum/ros2_workspace/install/Erum_pde4430:/opt/ros/jazzy:/home/erum/ros2_workspace/install/mobile_robot:/home/erum/ros2_workspace/install/gazebo_differential_drive_robot:/opt/ros/jazzy/opt/gz_sim_vendor:/opt/ros/jazzy/opt/gz_sensors_vendor:/opt/ros/jazzy/opt/gz_physics_vendor:/opt/ros/jazzy/opt/sdformat_vendor:/opt/ros/jazzy/opt/gz_gui_vendor:/opt/ros/jazzy/opt/gz_transport_vendor:/opt/ros/jazzy/opt/gz_rendering_vendor:/opt/ros/jazzy/opt/gz_plugin_vendor:/opt/ros/jazzy/opt/gz_fuel_tools_vendor:/opt/ros/jazzy/opt/gz_msgs_vendor:/opt/ros/jazzy/opt/gz_common_vendor:/opt/ros/jazzy/opt/gz_math_vendor:/opt/ros/jazzy/opt/gz_utils_vendor:/opt/ros/jazzy/opt/gz_tools_vendor:/opt/ros/jazzy/opt/gz_ogre_next_vendor:/opt/ros/jazzy/opt/gz_dartsim_vendor:/opt/ros/jazzy/opt/gz_cmake_vendor DEBUGINFOD_URLS=https://debuginfod.ubuntu.com /usr/bin/cmake --build /home/erum/ros2_workspace/src/build/new_interfaces -- -j2 -l2
[1.609s] Invoking command in '/home/erum/ros2_workspace/src/build/new_interfaces': CMAKE_PREFIX_PATH=/home/erum/ros2_workspace/install/new_interfaces:/home/erum/ros2_workspace/install/my_robot_bringup:/home/erum/ros2_workspace/install/my_robot_description:/home/erum/ros2_workspace/install/rect_area_pkg:/home/erum/ros2_workspace/install/add_two_ints_pkg:/home/erum/ros2_workspace/install/my_first_pkg:/home/erum/ros2_workspace/install/Erum_pde4430:/opt/ros/jazzy:/home/erum/ros2_workspace/install/mobile_robot:/home/erum/ros2_workspace/install/gazebo_differential_drive_robot:/opt/ros/jazzy/opt/gz_sim_vendor:/opt/ros/jazzy/opt/gz_sensors_vendor:/opt/ros/jazzy/opt/gz_physics_vendor:/opt/ros/jazzy/opt/sdformat_vendor:/opt/ros/jazzy/opt/gz_gui_vendor:/opt/ros/jazzy/opt/gz_transport_vendor:/opt/ros/jazzy/opt/gz_rendering_vendor:/opt/ros/jazzy/opt/gz_plugin_vendor:/opt/ros/jazzy/opt/gz_fuel_tools_vendor:/opt/ros/jazzy/opt/gz_msgs_vendor:/opt/ros/jazzy/opt/gz_common_vendor:/opt/ros/jazzy/opt/gz_math_vendor:/opt/ros/jazzy/opt/gz_utils_vendor:/opt/ros/jazzy/opt/gz_tools_vendor:/opt/ros/jazzy/opt/gz_ogre_next_vendor:/opt/ros/jazzy/opt/gz_dartsim_vendor:/opt/ros/jazzy/opt/gz_cmake_vendor DEBUGINFOD_URLS=https://debuginfod.ubuntu.com /usr/bin/cmake --install /home/erum/ros2_workspace/src/build/new_interfaces
[1.657s] -- Install configuration: ""
[1.657s] -- Up-to-date: /home/erum/ros2_workspace/src/install/new_interfaces/share/ament_index/resource_index/rosidl_interfaces/new_interfaces
[1.660s] -- Up-to-date: /home/erum/ros2_workspace/src/install/new_interfaces/share/new_interfaces/msg/IOTSensor.json
[1.660s] -- Up-to-date: /home/erum/ros2_workspace/src/install/new_interfaces/share/new_interfaces/srv/AddTwoInts.json
[1.661s] -- Up-to-date: /home/erum/ros2_workspace/src/install/new_interfaces/share/new_interfaces/srv/RectangleArea.json
[1.661s] -- Up-to-date: /home/erum/ros2_workspace/src/install/new_interfaces/include/new_interfaces/new_interfaces
[1.661s] -- Up-to-date: /home/erum/ros2_workspace/src/install/new_interfaces/include/new_interfaces/new_interfaces/srv
[1.661s] -- Up-to-date: /home/erum/ros2_workspace/src/install/new_interfaces/include/new_interfaces/new_interfaces/srv/add_two_ints.h
[1.661s] -- Up-to-date: /home/erum/ros2_workspace/src/install/new_interfaces/include/new_interfaces/new_interfaces/srv/detail
[1.662s] -- Up-to-date: /home/erum/ros2_workspace/src/install/new_interfaces/include/new_interfaces/new_interfaces/srv/detail/rectangle_area__description.c
[1.662s] -- Up-to-date: /home/erum/ros2_workspace/src/install/new_interfaces/include/new_interfaces/new_interfaces/srv/detail/add_two_ints__functions.h
[1.662s] -- Up-to-date: /home/erum/ros2_workspace/src/install/new_interfaces/include/new_interfaces/new_interfaces/srv/detail/add_two_ints__description.c
[1.662s] -- Up-to-date: /home/erum/ros2_workspace/src/install/new_interfaces/include/new_interfaces/new_interfaces/srv/detail/rectangle_area__struct.h
[1.662s] -- Up-to-date: /home/erum/ros2_workspace/src/install/new_interfaces/include/new_interfaces/new_interfaces/srv/detail/add_two_ints__functions.c
[1.662s] -- Up-to-date: /home/erum/ros2_workspace/src/install/new_interfaces/include/new_interfaces/new_interfaces/srv/detail/rectangle_area__functions.h
[1.662s] -- Up-to-date: /home/erum/ros2_workspace/src/install/new_interfaces/include/new_interfaces/new_interfaces/srv/detail/rectangle_area__functions.c
[1.664s] -- Up-to-date: /home/erum/ros2_workspace/src/install/new_interfaces/include/new_interfaces/new_interfaces/srv/detail/rectangle_area__type_support.h
[1.664s] -- Installing: /home/erum/ros2_workspace/src/install/new_interfaces/include/new_interfaces/new_interfaces/srv/detail/rectangle_area__type_support.c
[1.667s] -- Up-to-date: /home/erum/ros2_workspace/src/install/new_interfaces/include/new_interfaces/new_interfaces/srv/detail/add_two_ints__type_support.h
[1.670s] -- Up-to-date: /home/erum/ros2_workspace/src/install/new_interfaces/include/new_interfaces/new_interfaces/srv/detail/add_two_ints__struct.h
[1.670s] -- Installing: /home/erum/ros2_workspace/src/install/new_interfaces/include/new_interfaces/new_interfaces/srv/detail/add_two_ints__type_support.c
[1.670s] -- Up-to-date: /home/erum/ros2_workspace/src/install/new_interfaces/include/new_interfaces/new_interfaces/srv/rectangle_area.h
[1.670s] -- Up-to-date: /home/erum/ros2_workspace/src/install/new_interfaces/include/new_interfaces/new_interfaces/msg
[1.670s] -- Up-to-date: /home/erum/ros2_workspace/src/install/new_interfaces/include/new_interfaces/new_interfaces/msg/rosidl_generator_c__visibility_control.h
[1.670s] -- Up-to-date: /home/erum/ros2_workspace/src/install/new_interfaces/include/new_interfaces/new_interfaces/msg/iot_sensor.h
[1.671s] -- Up-to-date: /home/erum/ros2_workspace/src/install/new_interfaces/include/new_interfaces/new_interfaces/msg/detail
[1.675s] -- Up-to-date: /home/erum/ros2_workspace/src/install/new_interfaces/include/new_interfaces/new_interfaces/msg/detail/iot_sensor__functions.c
[1.675s] -- Up-to-date: /home/erum/ros2_workspace/src/install/new_interfaces/include/new_interfaces/new_interfaces/msg/detail/iot_sensor__type_support.h
[1.676s] -- Up-to-date: /home/erum/ros2_workspace/src/install/new_interfaces/include/new_interfaces/new_interfaces/msg/detail/iot_sensor__struct.h
[1.676s] -- Installing: /home/erum/ros2_workspace/src/install/new_interfaces/include/new_interfaces/new_interfaces/msg/detail/iot_sensor__type_support.c
[1.677s] -- Up-to-date: /home/erum/ros2_workspace/src/install/new_interfaces/include/new_interfaces/new_interfaces/msg/detail/iot_sensor__description.c
[1.677s] -- Up-to-date: /home/erum/ros2_workspace/src/install/new_interfaces/include/new_interfaces/new_interfaces/msg/detail/iot_sensor__functions.h
[1.677s] -- Up-to-date: /home/erum/ros2_workspace/src/install/new_interfaces/share/new_interfaces/environment/library_path.sh
[1.677s] -- Up-to-date: /home/erum/ros2_workspace/src/install/new_interfaces/share/new_interfaces/environment/library_path.dsv
[1.684s] -- Up-to-date: /home/erum/ros2_workspace/src/install/new_interfaces/lib/libnew_interfaces__rosidl_generator_c.so
[1.687s] -- Up-to-date: /home/erum/ros2_workspace/src/install/new_interfaces/include/new_interfaces/new_interfaces
[1.687s] -- Up-to-date: /home/erum/ros2_workspace/src/install/new_interfaces/include/new_interfaces/new_interfaces/srv
[1.687s] -- Up-to-date: /home/erum/ros2_workspace/src/install/new_interfaces/include/new_interfaces/new_interfaces/srv/detail
[1.687s] -- Up-to-date: /home/erum/ros2_workspace/src/install/new_interfaces/include/new_interfaces/new_interfaces/srv/detail/rectangle_area__rosidl_typesupport_fastrtps_c.h
[1.688s] -- Up-to-date: /home/erum/ros2_workspace/src/install/new_interfaces/include/new_interfaces/new_interfaces/srv/detail/add_two_ints__rosidl_typesupport_fastrtps_c.h
[1.688s] -- Up-to-date: /home/erum/ros2_workspace/src/install/new_interfaces/include/new_interfaces/new_interfaces/msg
[1.688s] -- Up-to-date: /home/erum/ros2_workspace/src/install/new_interfaces/include/new_interfaces/new_interfaces/msg/rosidl_typesupport_fastrtps_c__visibility_control.h
[1.688s] -- Up-to-date: /home/erum/ros2_workspace/src/install/new_interfaces/include/new_interfaces/new_interfaces/msg/detail
[1.688s] -- Up-to-date: /home/erum/ros2_workspace/src/install/new_interfaces/include/new_interfaces/new_interfaces/msg/detail/iot_sensor__rosidl_typesupport_fastrtps_c.h
[1.694s] -- Up-to-date: /home/erum/ros2_workspace/src/install/new_interfaces/lib/libnew_interfaces__rosidl_typesupport_fastrtps_c.so
[1.694s] -- Up-to-date: /home/erum/ros2_workspace/src/install/new_interfaces/include/new_interfaces/new_interfaces
[1.694s] -- Up-to-date: /home/erum/ros2_workspace/src/install/new_interfaces/include/new_interfaces/new_interfaces/srv
[1.694s] -- Up-to-date: /home/erum/ros2_workspace/src/install/new_interfaces/include/new_interfaces/new_interfaces/srv/detail
[1.694s] -- Up-to-date: /home/erum/ros2_workspace/src/install/new_interfaces/include/new_interfaces/new_interfaces/srv/detail/rectangle_area__rosidl_typesupport_introspection_c.h
[1.694s] -- Installing: /home/erum/ros2_workspace/src/install/new_interfaces/include/new_interfaces/new_interfaces/srv/detail/rectangle_area__type_support.c
[1.695s] -- Up-to-date: /home/erum/ros2_workspace/src/install/new_interfaces/include/new_interfaces/new_interfaces/srv/detail/add_two_ints__rosidl_typesupport_introspection_c.h
[1.695s] -- Installing: /home/erum/ros2_workspace/src/install/new_interfaces/include/new_interfaces/new_interfaces/srv/detail/add_two_ints__type_support.c
[1.700s] -- Up-to-date: /home/erum/ros2_workspace/src/install/new_interfaces/include/new_interfaces/new_interfaces/msg
[1.700s] -- Up-to-date: /home/erum/ros2_workspace/src/install/new_interfaces/include/new_interfaces/new_interfaces/msg/rosidl_typesupport_introspection_c__visibility_control.h
[1.701s] -- Up-to-date: /home/erum/ros2_workspace/src/install/new_interfaces/include/new_interfaces/new_interfaces/msg/detail
[1.701s] -- Up-to-date: /home/erum/ros2_workspace/src/install/new_interfaces/include/new_interfaces/new_interfaces/msg/detail/iot_sensor__rosidl_typesupport_introspection_c.h
[1.701s] -- Installing: /home/erum/ros2_workspace/src/install/new_interfaces/include/new_interfaces/new_interfaces/msg/detail/iot_sensor__type_support.c
[1.710s] -- Up-to-date: /home/erum/ros2_workspace/src/install/new_interfaces/lib/libnew_interfaces__rosidl_typesupport_introspection_c.so
[1.711s] -- Up-to-date: /home/erum/ros2_workspace/src/install/new_interfaces/lib/libnew_interfaces__rosidl_typesupport_c.so
[1.711s] -- Up-to-date: /home/erum/ros2_workspace/src/install/new_interfaces/include/new_interfaces/new_interfaces
[1.712s] -- Up-to-date: /home/erum/ros2_workspace/src/install/new_interfaces/include/new_interfaces/new_interfaces/srv
[1.712s] -- Up-to-date: /home/erum/ros2_workspace/src/install/new_interfaces/include/new_interfaces/new_interfaces/srv/rectangle_area.hpp
[1.712s] -- Up-to-date: /home/erum/ros2_workspace/src/install/new_interfaces/include/new_interfaces/new_interfaces/srv/add_two_ints.hpp
[1.712s] -- Up-to-date: /home/erum/ros2_workspace/src/install/new_interfaces/include/new_interfaces/new_interfaces/srv/detail
[1.712s] -- Up-to-date: /home/erum/ros2_workspace/src/install/new_interfaces/include/new_interfaces/new_interfaces/srv/detail/add_two_ints__struct.hpp
[1.712s] -- Up-to-date: /home/erum/ros2_workspace/src/install/new_interfaces/include/new_interfaces/new_interfaces/srv/detail/rectangle_area__traits.hpp
[1.712s] -- Up-to-date: /home/erum/ros2_workspace/src/install/new_interfaces/include/new_interfaces/new_interfaces/srv/detail/rectangle_area__struct.hpp
[1.712s] -- Up-to-date: /home/erum/ros2_workspace/src/install/new_interfaces/include/new_interfaces/new_interfaces/srv/detail/add_two_ints__type_support.hpp
[1.713s] -- Up-to-date: /home/erum/ros2_workspace/src/install/new_interfaces/include/new_interfaces/new_interfaces/srv/detail/rectangle_area__builder.hpp
[1.713s] -- Up-to-date: /home/erum/ros2_workspace/src/install/new_interfaces/include/new_interfaces/new_interfaces/srv/detail/add_two_ints__traits.hpp
[1.713s] -- Up-to-date: /home/erum/ros2_workspace/src/install/new_interfaces/include/new_interfaces/new_interfaces/srv/detail/add_two_ints__builder.hpp
[1.713s] -- Up-to-date: /home/erum/ros2_workspace/src/install/new_interfaces/include/new_interfaces/new_interfaces/srv/detail/rectangle_area__type_support.hpp
[1.713s] -- Up-to-date: /home/erum/ros2_workspace/src/install/new_interfaces/include/new_interfaces/new_interfaces/msg
[1.718s] -- Up-to-date: /home/erum/ros2_workspace/src/install/new_interfaces/include/new_interfaces/new_interfaces/msg/iot_sensor.hpp
[1.718s] -- Up-to-date: /home/erum/ros2_workspace/src/install/new_interfaces/include/new_interfaces/new_interfaces/msg/rosidl_generator_cpp__visibility_control.hpp
[1.718s] -- Up-to-date: /home/erum/ros2_workspace/src/install/new_interfaces/include/new_interfaces/new_interfaces/msg/detail
[1.718s] -- Up-to-date: /home/erum/ros2_workspace/src/install/new_interfaces/include/new_interfaces/new_interfaces/msg/detail/iot_sensor__builder.hpp
[1.718s] -- Up-to-date: /home/erum/ros2_workspace/src/install/new_interfaces/include/new_interfaces/new_interfaces/msg/detail/iot_sensor__type_support.hpp
[1.719s] -- Up-to-date: /home/erum/ros2_workspace/src/install/new_interfaces/include/new_interfaces/new_interfaces/msg/detail/iot_sensor__struct.hpp
[1.719s] -- Up-to-date: /home/erum/ros2_workspace/src/install/new_interfaces/include/new_interfaces/new_interfaces/msg/detail/iot_sensor__traits.hpp
[1.719s] -- Up-to-date: /home/erum/ros2_workspace/src/install/new_interfaces/include/new_interfaces/new_interfaces
[1.719s] -- Up-to-date: /home/erum/ros2_workspace/src/install/new_interfaces/include/new_interfaces/new_interfaces/srv
[1.719s] -- Up-to-date: /home/erum/ros2_workspace/src/install/new_interfaces/include/new_interfaces/new_interfaces/srv/detail
[1.719s] -- Up-to-date: /home/erum/ros2_workspace/src/install/new_interfaces/include/new_interfaces/new_interfaces/srv/detail/add_two_ints__rosidl_typesupport_fastrtps_cpp.hpp
[1.719s] -- Up-to-date: /home/erum/ros2_workspace/src/install/new_interfaces/include/new_interfaces/new_interfaces/srv/detail/dds_fastrtps
[1.719s] -- Up-to-date: /home/erum/ros2_workspace/src/install/new_interfaces/include/new_interfaces/new_interfaces/srv/detail/rectangle_area__rosidl_typesupport_fastrtps_cpp.hpp
[1.719s] -- Up-to-date: /home/erum/ros2_workspace/src/install/new_interfaces/include/new_interfaces/new_interfaces/msg
[1.719s] -- Up-to-date: /home/erum/ros2_workspace/src/install/new_interfaces/include/new_interfaces/new_interfaces/msg/detail
[1.719s] -- Up-to-date: /home/erum/ros2_workspace/src/install/new_interfaces/include/new_interfaces/new_interfaces/msg/detail/dds_fastrtps
[1.719s] -- Up-to-date: /home/erum/ros2_workspace/src/install/new_interfaces/include/new_interfaces/new_interfaces/msg/detail/iot_sensor__rosidl_typesupport_fastrtps_cpp.hpp
[1.719s] -- Up-to-date: /home/erum/ros2_workspace/src/install/new_interfaces/include/new_interfaces/new_interfaces/msg/rosidl_typesupport_fastrtps_cpp__visibility_control.h
[1.724s] -- Up-to-date: /home/erum/ros2_workspace/src/install/new_interfaces/lib/libnew_interfaces__rosidl_typesupport_fastrtps_cpp.so
[1.724s] -- Up-to-date: /home/erum/ros2_workspace/src/install/new_interfaces/include/new_interfaces/new_interfaces
[1.724s] -- Up-to-date: /home/erum/ros2_workspace/src/install/new_interfaces/include/new_interfaces/new_interfaces/srv
[1.724s] -- Up-to-date: /home/erum/ros2_workspace/src/install/new_interfaces/include/new_interfaces/new_interfaces/srv/detail
[1.724s] -- Up-to-date: /home/erum/ros2_workspace/src/install/new_interfaces/include/new_interfaces/new_interfaces/srv/detail/rectangle_area__rosidl_typesupport_introspection_cpp.hpp
[1.724s] -- Up-to-date: /home/erum/ros2_workspace/src/install/new_interfaces/include/new_interfaces/new_interfaces/srv/detail/add_two_ints__type_support.cpp
[1.724s] -- Up-to-date: /home/erum/ros2_workspace/src/install/new_interfaces/include/new_interfaces/new_interfaces/srv/detail/rectangle_area__type_support.cpp
[1.724s] -- Up-to-date: /home/erum/ros2_workspace/src/install/new_interfaces/include/new_interfaces/new_interfaces/srv/detail/add_two_ints__rosidl_typesupport_introspection_cpp.hpp
[1.724s] -- Up-to-date: /home/erum/ros2_workspace/src/install/new_interfaces/include/new_interfaces/new_interfaces/msg
[1.724s] -- Up-to-date: /home/erum/ros2_workspace/src/install/new_interfaces/include/new_interfaces/new_interfaces/msg/detail
[1.725s] -- Up-to-date: /home/erum/ros2_workspace/src/install/new_interfaces/include/new_interfaces/new_interfaces/msg/detail/iot_sensor__type_support.cpp
[1.725s] -- Up-to-date: /home/erum/ros2_workspace/src/install/new_interfaces/include/new_interfaces/new_interfaces/msg/detail/iot_sensor__rosidl_typesupport_introspection_cpp.hpp
[1.729s] -- Up-to-date: /home/erum/ros2_workspace/src/install/new_interfaces/lib/libnew_interfaces__rosidl_typesupport_introspection_cpp.so
[1.731s] -- Up-to-date: /home/erum/ros2_workspace/src/install/new_interfaces/lib/libnew_interfaces__rosidl_typesupport_cpp.so
[1.731s] -- Up-to-date: /home/erum/ros2_workspace/src/install/new_interfaces/share/new_interfaces/environment/pythonpath.sh
[1.731s] -- Up-to-date: /home/erum/ros2_workspace/src/install/new_interfaces/share/new_interfaces/environment/pythonpath.dsv
[1.732s] -- Up-to-date: /home/erum/ros2_workspace/src/install/new_interfaces/lib/python3.12/site-packages/new_interfaces-0.0.0-py3.12.egg-info
[1.732s] -- Installing: /home/erum/ros2_workspace/src/install/new_interfaces/lib/python3.12/site-packages/new_interfaces-0.0.0-py3.12.egg-info/SOURCES.txt
[1.732s] -- Installing: /home/erum/ros2_workspace/src/install/new_interfaces/lib/python3.12/site-packages/new_interfaces-0.0.0-py3.12.egg-info/top_level.txt
[1.735s] -- Installing: /home/erum/ros2_workspace/src/install/new_interfaces/lib/python3.12/site-packages/new_interfaces-0.0.0-py3.12.egg-info/dependency_links.txt
[1.735s] -- Installing: /home/erum/ros2_workspace/src/install/new_interfaces/lib/python3.12/site-packages/new_interfaces-0.0.0-py3.12.egg-info/PKG-INFO
[1.735s] -- Up-to-date: /home/erum/ros2_workspace/src/install/new_interfaces/lib/python3.12/site-packages/new_interfaces
[1.735s] -- Up-to-date: /home/erum/ros2_workspace/src/install/new_interfaces/lib/python3.12/site-packages/new_interfaces/_new_interfaces_s.ep.rosidl_typesupport_c.c
[1.735s] -- Up-to-date: /home/erum/ros2_workspace/src/install/new_interfaces/lib/python3.12/site-packages/new_interfaces/srv
[1.735s] -- Up-to-date: /home/erum/ros2_workspace/src/install/new_interfaces/lib/python3.12/site-packages/new_interfaces/srv/_rectangle_area_s.c
[1.735s] -- Up-to-date: /home/erum/ros2_workspace/src/install/new_interfaces/lib/python3.12/site-packages/new_interfaces/srv/_add_two_ints_s.c
[1.735s] -- Up-to-date: /home/erum/ros2_workspace/src/install/new_interfaces/lib/python3.12/site-packages/new_interfaces/srv/__init__.py
[1.735s] -- Up-to-date: /home/erum/ros2_workspace/src/install/new_interfaces/lib/python3.12/site-packages/new_interfaces/srv/_add_two_ints.py
[1.736s] -- Up-to-date: /home/erum/ros2_workspace/src/install/new_interfaces/lib/python3.12/site-packages/new_interfaces/srv/_rectangle_area.py
[1.736s] -- Up-to-date: /home/erum/ros2_workspace/src/install/new_interfaces/lib/python3.12/site-packages/new_interfaces/__init__.py
[1.736s] -- Up-to-date: /home/erum/ros2_workspace/src/install/new_interfaces/lib/python3.12/site-packages/new_interfaces/_new_interfaces_s.ep.rosidl_typesupport_introspection_c.c
[1.736s] -- Up-to-date: /home/erum/ros2_workspace/src/install/new_interfaces/lib/python3.12/site-packages/new_interfaces/_new_interfaces_s.ep.rosidl_typesupport_fastrtps_c.c
[1.737s] -- Up-to-date: /home/erum/ros2_workspace/src/install/new_interfaces/lib/python3.12/site-packages/new_interfaces/new_interfaces_s__rosidl_typesupport_fastrtps_c.so
[1.737s] -- Up-to-date: /home/erum/ros2_workspace/src/install/new_interfaces/lib/python3.12/site-packages/new_interfaces/new_interfaces_s__rosidl_typesupport_c.so
[1.737s] -- Up-to-date: /home/erum/ros2_workspace/src/install/new_interfaces/lib/python3.12/site-packages/new_interfaces/msg
[1.737s] -- Up-to-date: /home/erum/ros2_workspace/src/install/new_interfaces/lib/python3.12/site-packages/new_interfaces/msg/_iot_sensor.py
[1.737s] -- Up-to-date: /home/erum/ros2_workspace/src/install/new_interfaces/lib/python3.12/site-packages/new_interfaces/msg/__init__.py
[1.737s] -- Up-to-date: /home/erum/ros2_workspace/src/install/new_interfaces/lib/python3.12/site-packages/new_interfaces/msg/_iot_sensor_s.c
[1.737s] -- Up-to-date: /home/erum/ros2_workspace/src/install/new_interfaces/lib/python3.12/site-packages/new_interfaces/new_interfaces_s__rosidl_typesupport_introspection_c.so
[1.916s] Listing '/home/erum/ros2_workspace/src/install/new_interfaces/lib/python3.12/site-packages/new_interfaces'...
[1.916s] Listing '/home/erum/ros2_workspace/src/install/new_interfaces/lib/python3.12/site-packages/new_interfaces/msg'...
[1.916s] Listing '/home/erum/ros2_workspace/src/install/new_interfaces/lib/python3.12/site-packages/new_interfaces/srv'...
[1.929s] -- Up-to-date: /home/erum/ros2_workspace/src/install/new_interfaces/lib/python3.12/site-packages/new_interfaces/new_interfaces_s__rosidl_typesupport_fastrtps_c.so
[1.935s] -- Up-to-date: /home/erum/ros2_workspace/src/install/new_interfaces/lib/python3.12/site-packages/new_interfaces/new_interfaces_s__rosidl_typesupport_introspection_c.so
[1.941s] -- Up-to-date: /home/erum/ros2_workspace/src/install/new_interfaces/lib/python3.12/site-packages/new_interfaces/new_interfaces_s__rosidl_typesupport_c.so
[1.944s] -- Up-to-date: /home/erum/ros2_workspace/src/install/new_interfaces/lib/libnew_interfaces__rosidl_generator_py.so
[1.944s] -- Up-to-date: /home/erum/ros2_workspace/src/install/new_interfaces/share/new_interfaces/msg/IOTSensor.idl
[1.944s] -- Up-to-date: /home/erum/ros2_workspace/src/install/new_interfaces/share/new_interfaces/srv/AddTwoInts.idl
[1.944s] -- Up-to-date: /home/erum/ros2_workspace/src/install/new_interfaces/share/new_interfaces/srv/RectangleArea.idl
[1.944s] -- Up-to-date: /home/erum/ros2_workspace/src/install/new_interfaces/share/new_interfaces/msg/IOTSensor.msg
[1.945s] -- Up-to-date: /home/erum/ros2_workspace/src/install/new_interfaces/share/new_interfaces/srv/AddTwoInts.srv
[1.945s] -- Up-to-date: /home/erum/ros2_workspace/src/install/new_interfaces/share/new_interfaces/srv/RectangleArea.srv
[1.945s] -- Up-to-date: /home/erum/ros2_workspace/src/install/new_interfaces/share/ament_index/resource_index/package_run_dependencies/new_interfaces
[1.945s] -- Up-to-date: /home/erum/ros2_workspace/src/install/new_interfaces/share/ament_index/resource_index/parent_prefix_path/new_interfaces
[1.948s] -- Up-to-date: /home/erum/ros2_workspace/src/install/new_interfaces/share/new_interfaces/environment/ament_prefix_path.sh
[1.948s] -- Up-to-date: /home/erum/ros2_workspace/src/install/new_interfaces/share/new_interfaces/environment/ament_prefix_path.dsv
[1.948s] -- Up-to-date: /home/erum/ros2_workspace/src/install/new_interfaces/share/new_interfaces/environment/path.sh
[1.948s] -- Up-to-date: /home/erum/ros2_workspace/src/install/new_interfaces/share/new_interfaces/environment/path.dsv
[1.948s] -- Up-to-date: /home/erum/ros2_workspace/src/install/new_interfaces/share/new_interfaces/local_setup.bash
[1.949s] -- Up-to-date: /home/erum/ros2_workspace/src/install/new_interfaces/share/new_interfaces/local_setup.sh
[1.949s] -- Up-to-date: /home/erum/ros2_workspace/src/install/new_interfaces/share/new_interfaces/local_setup.zsh
[1.949s] -- Up-to-date: /home/erum/ros2_workspace/src/install/new_interfaces/share/new_interfaces/local_setup.dsv
[1.949s] -- Installing: /home/erum/ros2_workspace/src/install/new_interfaces/share/new_interfaces/package.dsv
[1.950s] -- Up-to-date: /home/erum/ros2_workspace/src/install/new_interfaces/share/ament_index/resource_index/packages/new_interfaces
[1.955s] -- Up-to-date: /home/erum/ros2_workspace/src/install/new_interfaces/share/new_interfaces/cmake/export_new_interfaces__rosidl_generator_cExport.cmake
[1.955s] -- Up-to-date: /home/erum/ros2_workspace/src/install/new_interfaces/share/new_interfaces/cmake/export_new_interfaces__rosidl_generator_cExport-noconfig.cmake
[1.959s] -- Up-to-date: /home/erum/ros2_workspace/src/install/new_interfaces/share/new_interfaces/cmake/export_new_interfaces__rosidl_typesupport_fastrtps_cExport.cmake
[1.959s] -- Up-to-date: /home/erum/ros2_workspace/src/install/new_interfaces/share/new_interfaces/cmake/export_new_interfaces__rosidl_typesupport_fastrtps_cExport-noconfig.cmake
[1.962s] -- Up-to-date: /home/erum/ros2_workspace/src/install/new_interfaces/share/new_interfaces/cmake/new_interfaces__rosidl_typesupport_introspection_cExport.cmake
[1.962s] -- Up-to-date: /home/erum/ros2_workspace/src/install/new_interfaces/share/new_interfaces/cmake/new_interfaces__rosidl_typesupport_introspection_cExport-noconfig.cmake
[1.967s] -- Up-to-date: /home/erum/ros2_workspace/src/install/new_interfaces/share/new_interfaces/cmake/new_interfaces__rosidl_typesupport_cExport.cmake
[1.967s] -- Up-to-date: /home/erum/ros2_workspace/src/install/new_interfaces/share/new_interfaces/cmake/new_interfaces__rosidl_typesupport_cExport-noconfig.cmake
[1.967s] -- Up-to-date: /home/erum/ros2_workspace/src/install/new_interfaces/share/new_interfaces/cmake/export_new_interfaces__rosidl_generator_cppExport.cmake
[1.972s] -- Up-to-date: /home/erum/ros2_workspace/src/install/new_interfaces/share/new_interfaces/cmake/export_new_interfaces__rosidl_typesupport_fastrtps_cppExport.cmake
[1.972s] -- Up-to-date: /home/erum/ros2_workspace/src/install/new_interfaces/share/new_interfaces/cmake/export_new_interfaces__rosidl_typesupport_fastrtps_cppExport-noconfig.cmake
[1.972s] -- Up-to-date: /home/erum/ros2_workspace/src/install/new_interfaces/share/new_interfaces/cmake/new_interfaces__rosidl_typesupport_introspection_cppExport.cmake
[1.972s] -- Up-to-date: /home/erum/ros2_workspace/src/install/new_interfaces/share/new_interfaces/cmake/new_interfaces__rosidl_typesupport_introspection_cppExport-noconfig.cmake
[1.972s] -- Up-to-date: /home/erum/ros2_workspace/src/install/new_interfaces/share/new_interfaces/cmake/new_interfaces__rosidl_typesupport_cppExport.cmake
[1.973s] -- Up-to-date: /home/erum/ros2_workspace/src/install/new_interfaces/share/new_interfaces/cmake/new_interfaces__rosidl_typesupport_cppExport-noconfig.cmake
[1.976s] -- Up-to-date: /home/erum/ros2_workspace/src/install/new_interfaces/share/new_interfaces/cmake/export_new_interfaces__rosidl_generator_pyExport.cmake
[1.976s] -- Up-to-date: /home/erum/ros2_workspace/src/install/new_interfaces/share/new_interfaces/cmake/export_new_interfaces__rosidl_generator_pyExport-noconfig.cmake
[1.976s] -- Up-to-date: /home/erum/ros2_workspace/src/install/new_interfaces/share/new_interfaces/cmake/rosidl_cmake-extras.cmake
[1.976s] -- Up-to-date: /home/erum/ros2_workspace/src/install/new_interfaces/share/new_interfaces/cmake/ament_cmake_export_dependencies-extras.cmake
[1.976s] -- Up-to-date: /home/erum/ros2_workspace/src/install/new_interfaces/share/new_interfaces/cmake/ament_cmake_export_include_directories-extras.cmake
[1.976s] -- Up-to-date: /home/erum/ros2_workspace/src/install/new_interfaces/share/new_interfaces/cmake/ament_cmake_export_libraries-extras.cmake
[1.977s] -- Up-to-date: /home/erum/ros2_workspace/src/install/new_interfaces/share/new_interfaces/cmake/ament_cmake_export_targets-extras.cmake
[1.977s] -- Up-to-date: /home/erum/ros2_workspace/src/install/new_interfaces/share/new_interfaces/cmake/rosidl_cmake_export_typesupport_targets-extras.cmake
[1.977s] -- Up-to-date: /home/erum/ros2_workspace/src/install/new_interfaces/share/new_interfaces/cmake/rosidl_cmake_export_typesupport_libraries-extras.cmake
[1.977s] -- Up-to-date: /home/erum/ros2_workspace/src/install/new_interfaces/share/new_interfaces/cmake/new_interfacesConfig.cmake
[1.977s] -- Up-to-date: /home/erum/ros2_workspace/src/install/new_interfaces/share/new_interfaces/cmake/new_interfacesConfig-version.cmake
[1.977s] -- Up-to-date: /home/erum/ros2_workspace/src/install/new_interfaces/share/new_interfaces/package.xml
[1.984s] Invoked command in '/home/erum/ros2_workspace/src/build/new_interfaces' returned '0': CMAKE_PREFIX_PATH=/home/erum/ros2_workspace/install/new_interfaces:/home/erum/ros2_workspace/install/my_robot_bringup:/home/erum/ros2_workspace/install/my_robot_description:/home/erum/ros2_workspace/install/rect_area_pkg:/home/erum/ros2_workspace/install/add_two_ints_pkg:/home/erum/ros2_workspace/install/my_first_pkg:/home/erum/ros2_workspace/install/Erum_pde4430:/opt/ros/jazzy:/home/erum/ros2_workspace/install/mobile_robot:/home/erum/ros2_workspace/install/gazebo_differential_drive_robot:/opt/ros/jazzy/opt/gz_sim_vendor:/opt/ros/jazzy/opt/gz_sensors_vendor:/opt/ros/jazzy/opt/gz_physics_vendor:/opt/ros/jazzy/opt/sdformat_vendor:/opt/ros/jazzy/opt/gz_gui_vendor:/opt/ros/jazzy/opt/gz_transport_vendor:/opt/ros/jazzy/opt/gz_rendering_vendor:/opt/ros/jazzy/opt/gz_plugin_vendor:/opt/ros/jazzy/opt/gz_fuel_tools_vendor:/opt/ros/jazzy/opt/gz_msgs_vendor:/opt/ros/jazzy/opt/gz_common_vendor:/opt/ros/jazzy/opt/gz_math_vendor:/opt/ros/jazzy/opt/gz_utils_vendor:/opt/ros/jazzy/opt/gz_tools_vendor:/opt/ros/jazzy/opt/gz_ogre_next_vendor:/opt/ros/jazzy/opt/gz_dartsim_vendor:/opt/ros/jazzy/opt/gz_cmake_vendor DEBUGINFOD_URLS=https://debuginfod.ubuntu.com /usr/bin/cmake --install /home/erum/ros2_workspace/src/build/new_interfaces
