[0.043s] Invoking command in '/home/erum/ros2_workspace/build/gazebo_differential_drive_robot': CMAKE_PREFIX_PATH=${CMAKE_PREFIX_PATH}:/home/erum/ros2_workspace/install/rect_area_pkg:/home/erum/ros2_workspace/install/add_two_ints_pkg:/home/erum/ros2_workspace/install/my_first_pkg:/home/erum/ros2_workspace/install/Erum_pde4430:/home/erum/install/my_first_pkg:/opt/ros/jazzy DEBUGINFOD_URLS=https://debuginfod.ubuntu.com /usr/bin/cmake /home/erum/ros2_workspace/src/gazebo_differential_drive_robot-main -DCMAKE_INSTALL_PREFIX=/home/erum/ros2_workspace/install/gazebo_differential_drive_robot
[0.563s] -- The C compiler identification is GNU 13.3.0
[1.598s] -- The CXX compiler identification is GNU 13.3.0
[1.686s] -- Detecting C compiler ABI info
[2.226s] -- Detecting C compiler ABI info - done
[2.275s] -- Check for working C compiler: /usr/bin/cc - skipped
[2.289s] -- Detecting C compile features
[2.290s] -- Detecting C compile features - done
[2.348s] -- Detecting CXX compiler ABI info
[2.966s] -- Detecting CXX compiler ABI info - done
[3.009s] -- Check for working CXX compiler: /usr/bin/c++ - skipped
[3.010s] -- Detecting CXX compile features
[3.010s] -- Detecting CXX compile features - done
[3.021s] -- Found ament_cmake: 2.5.4 (/opt/ros/jazzy/share/ament_cmake/cmake)
[3.318s] -- Found Python3: /usr/bin/python3 (found version "3.12.3") found components: Interpreter 
[3.688s] -- Found ament_lint_auto: 0.17.3 (/opt/ros/jazzy/share/ament_lint_auto/cmake)
[3.922s] -- Added test 'flake8' to check Python code syntax and style conventions
[3.922s] -- Configured 'flake8' exclude dirs and/or files: 
[3.926s] -- Added test 'lint_cmake' to check CMake code style
[3.926s] -- Added test 'pep257' to check Python code against some of the docstring style conventions in PEP 257
[3.928s] -- Added test 'xmllint' to check XML markup files
[3.934s] -- Configuring done (3.8s)
[3.955s] -- Generating done (0.0s)
[3.960s] -- Build files have been written to: /home/erum/ros2_workspace/build/gazebo_differential_drive_robot
[3.976s] Invoked command in '/home/erum/ros2_workspace/build/gazebo_differential_drive_robot' returned '0': CMAKE_PREFIX_PATH=${CMAKE_PREFIX_PATH}:/home/erum/ros2_workspace/install/rect_area_pkg:/home/erum/ros2_workspace/install/add_two_ints_pkg:/home/erum/ros2_workspace/install/my_first_pkg:/home/erum/ros2_workspace/install/Erum_pde4430:/home/erum/install/my_first_pkg:/opt/ros/jazzy DEBUGINFOD_URLS=https://debuginfod.ubuntu.com /usr/bin/cmake /home/erum/ros2_workspace/src/gazebo_differential_drive_robot-main -DCMAKE_INSTALL_PREFIX=/home/erum/ros2_workspace/install/gazebo_differential_drive_robot
[3.977s] Invoking command in '/home/erum/ros2_workspace/build/gazebo_differential_drive_robot': CMAKE_PREFIX_PATH=${CMAKE_PREFIX_PATH}:/home/erum/ros2_workspace/install/rect_area_pkg:/home/erum/ros2_workspace/install/add_two_ints_pkg:/home/erum/ros2_workspace/install/my_first_pkg:/home/erum/ros2_workspace/install/Erum_pde4430:/home/erum/install/my_first_pkg:/opt/ros/jazzy DEBUGINFOD_URLS=https://debuginfod.ubuntu.com /usr/bin/cmake --build /home/erum/ros2_workspace/build/gazebo_differential_drive_robot -- -j2 -l2
[4.303s] Invoked command in '/home/erum/ros2_workspace/build/gazebo_differential_drive_robot' returned '0': CMAKE_PREFIX_PATH=${CMAKE_PREFIX_PATH}:/home/erum/ros2_workspace/install/rect_area_pkg:/home/erum/ros2_workspace/install/add_two_ints_pkg:/home/erum/ros2_workspace/install/my_first_pkg:/home/erum/ros2_workspace/install/Erum_pde4430:/home/erum/install/my_first_pkg:/opt/ros/jazzy DEBUGINFOD_URLS=https://debuginfod.ubuntu.com /usr/bin/cmake --build /home/erum/ros2_workspace/build/gazebo_differential_drive_robot -- -j2 -l2
[4.303s] Invoking command in '/home/erum/ros2_workspace/build/gazebo_differential_drive_robot': CMAKE_PREFIX_PATH=${CMAKE_PREFIX_PATH}:/home/erum/ros2_workspace/install/rect_area_pkg:/home/erum/ros2_workspace/install/add_two_ints_pkg:/home/erum/ros2_workspace/install/my_first_pkg:/home/erum/ros2_workspace/install/Erum_pde4430:/home/erum/install/my_first_pkg:/opt/ros/jazzy DEBUGINFOD_URLS=https://debuginfod.ubuntu.com /usr/bin/cmake --install /home/erum/ros2_workspace/build/gazebo_differential_drive_robot
[4.446s] -- Install configuration: ""
[4.451s] -- Installing: /home/erum/ros2_workspace/install/gazebo_differential_drive_robot/share/gazebo_differential_drive_robot/launch
[4.470s] -- Installing: /home/erum/ros2_workspace/install/gazebo_differential_drive_robot/share/gazebo_differential_drive_robot/launch/robot.launch.py
[4.471s] -- Installing: /home/erum/ros2_workspace/install/gazebo_differential_drive_robot/share/gazebo_differential_drive_robot/model
[4.476s] -- Installing: /home/erum/ros2_workspace/install/gazebo_differential_drive_robot/share/gazebo_differential_drive_robot/model/robot.xacro
[4.487s] -- Installing: /home/erum/ros2_workspace/install/gazebo_differential_drive_robot/share/gazebo_differential_drive_robot/config
[4.492s] -- Installing: /home/erum/ros2_workspace/install/gazebo_differential_drive_robot/share/gazebo_differential_drive_robot/config/gz_bridge.yaml
[4.518s] -- Installing: /home/erum/ros2_workspace/install/gazebo_differential_drive_robot/share/ament_index/resource_index/package_run_dependencies/gazebo_differential_drive_robot
[4.522s] -- Installing: /home/erum/ros2_workspace/install/gazebo_differential_drive_robot/share/ament_index/resource_index/parent_prefix_path/gazebo_differential_drive_robot
[4.570s] -- Installing: /home/erum/ros2_workspace/install/gazebo_differential_drive_robot/share/gazebo_differential_drive_robot/environment/ament_prefix_path.sh
[4.573s] -- Installing: /home/erum/ros2_workspace/install/gazebo_differential_drive_robot/share/gazebo_differential_drive_robot/environment/ament_prefix_path.dsv
[4.579s] -- Installing: /home/erum/ros2_workspace/install/gazebo_differential_drive_robot/share/gazebo_differential_drive_robot/environment/path.sh
[4.581s] -- Installing: /home/erum/ros2_workspace/install/gazebo_differential_drive_robot/share/gazebo_differential_drive_robot/environment/path.dsv
[4.582s] -- Installing: /home/erum/ros2_workspace/install/gazebo_differential_drive_robot/share/gazebo_differential_drive_robot/local_setup.bash
[4.582s] -- Installing: /home/erum/ros2_workspace/install/gazebo_differential_drive_robot/share/gazebo_differential_drive_robot/local_setup.sh
[4.582s] -- Installing: /home/erum/ros2_workspace/install/gazebo_differential_drive_robot/share/gazebo_differential_drive_robot/local_setup.zsh
[4.582s] -- Installing: /home/erum/ros2_workspace/install/gazebo_differential_drive_robot/share/gazebo_differential_drive_robot/local_setup.dsv
[4.582s] -- Installing: /home/erum/ros2_workspace/install/gazebo_differential_drive_robot/share/gazebo_differential_drive_robot/package.dsv
[4.582s] -- Installing: /home/erum/ros2_workspace/install/gazebo_differential_drive_robot/share/ament_index/resource_index/packages/gazebo_differential_drive_robot
[4.582s] -- Installing: /home/erum/ros2_workspace/install/gazebo_differential_drive_robot/share/gazebo_differential_drive_robot/cmake/gazebo_differential_drive_robotConfig.cmake
[4.588s] -- Installing: /home/erum/ros2_workspace/install/gazebo_differential_drive_robot/share/gazebo_differential_drive_robot/cmake/gazebo_differential_drive_robotConfig-version.cmake
[4.588s] -- Installing: /home/erum/ros2_workspace/install/gazebo_differential_drive_robot/share/gazebo_differential_drive_robot/package.xml
[4.589s] Invoked command in '/home/erum/ros2_workspace/build/gazebo_differential_drive_robot' returned '0': CMAKE_PREFIX_PATH=${CMAKE_PREFIX_PATH}:/home/erum/ros2_workspace/install/rect_area_pkg:/home/erum/ros2_workspace/install/add_two_ints_pkg:/home/erum/ros2_workspace/install/my_first_pkg:/home/erum/ros2_workspace/install/Erum_pde4430:/home/erum/install/my_first_pkg:/opt/ros/jazzy DEBUGINFOD_URLS=https://debuginfod.ubuntu.com /usr/bin/cmake --install /home/erum/ros2_workspace/build/gazebo_differential_drive_robot
