[0.073s] Invoking command in '/home/erum/ros2_workspace/build/my_robot_description': CMAKE_PREFIX_PATH=${CMAKE_PREFIX_PATH}:/home/erum/ros2_workspace/install/rect_area_pkg:/home/erum/ros2_workspace/install/add_two_ints_pkg:/home/erum/ros2_workspace/install/my_first_pkg:/home/erum/ros2_workspace/install/mobile_robot:/home/erum/ros2_workspace/install/Erum_pde4430:/home/erum/install/my_first_pkg:/opt/ros/jazzy DEBUGINFOD_URLS=https://debuginfod.ubuntu.com /usr/bin/cmake --build /home/erum/ros2_workspace/build/my_robot_description -- -j2 -l2
[0.345s] Invoked command in '/home/erum/ros2_workspace/build/my_robot_description' returned '0': CMAKE_PREFIX_PATH=${CMAKE_PREFIX_PATH}:/home/erum/ros2_workspace/install/rect_area_pkg:/home/erum/ros2_workspace/install/add_two_ints_pkg:/home/erum/ros2_workspace/install/my_first_pkg:/home/erum/ros2_workspace/install/mobile_robot:/home/erum/ros2_workspace/install/Erum_pde4430:/home/erum/install/my_first_pkg:/opt/ros/jazzy DEBUGINFOD_URLS=https://debuginfod.ubuntu.com /usr/bin/cmake --build /home/erum/ros2_workspace/build/my_robot_description -- -j2 -l2
[0.345s] Invoking command in '/home/erum/ros2_workspace/build/my_robot_description': CMAKE_PREFIX_PATH=${CMAKE_PREFIX_PATH}:/home/erum/ros2_workspace/install/rect_area_pkg:/home/erum/ros2_workspace/install/add_two_ints_pkg:/home/erum/ros2_workspace/install/my_first_pkg:/home/erum/ros2_workspace/install/mobile_robot:/home/erum/ros2_workspace/install/Erum_pde4430:/home/erum/install/my_first_pkg:/opt/ros/jazzy DEBUGINFOD_URLS=https://debuginfod.ubuntu.com /usr/bin/cmake --install /home/erum/ros2_workspace/build/my_robot_description
[0.375s] -- Install configuration: ""
[0.379s] -- Up-to-date: /home/erum/ros2_workspace/install/my_robot_description/share/my_robot_description//urdf
[0.379s] -- Up-to-date: /home/erum/ros2_workspace/install/my_robot_description/share/my_robot_description//urdf/my_robot.urdf.xacro
[0.382s] -- Up-to-date: /home/erum/ros2_workspace/install/my_robot_description/share/my_robot_description//urdf/common_properties.xacro
[0.386s] -- Installing: /home/erum/ros2_workspace/install/my_robot_description/share/my_robot_description//urdf/mobile_base.xacro
[0.390s] -- Up-to-date: /home/erum/ros2_workspace/install/my_robot_description/share/my_robot_description//launch
[0.393s] -- Up-to-date: /home/erum/ros2_workspace/install/my_robot_description/share/my_robot_description//launch/display.launch.xml
[0.394s] -- Up-to-date: /home/erum/ros2_workspace/install/my_robot_description/share/my_robot_description//launch/display.launch.py
[0.394s] -- Up-to-date: /home/erum/ros2_workspace/install/my_robot_description/share/my_robot_description//rviz
[0.394s] -- Up-to-date: /home/erum/ros2_workspace/install/my_robot_description/share/my_robot_description//rviz/urdf_config.rviz
[0.399s] -- Up-to-date: /home/erum/ros2_workspace/install/my_robot_description/share/ament_index/resource_index/package_run_dependencies/my_robot_description
[0.399s] -- Up-to-date: /home/erum/ros2_workspace/install/my_robot_description/share/ament_index/resource_index/parent_prefix_path/my_robot_description
[0.399s] -- Up-to-date: /home/erum/ros2_workspace/install/my_robot_description/share/my_robot_description/environment/ament_prefix_path.sh
[0.401s] -- Up-to-date: /home/erum/ros2_workspace/install/my_robot_description/share/my_robot_description/environment/ament_prefix_path.dsv
[0.404s] -- Up-to-date: /home/erum/ros2_workspace/install/my_robot_description/share/my_robot_description/environment/path.sh
[0.405s] -- Up-to-date: /home/erum/ros2_workspace/install/my_robot_description/share/my_robot_description/environment/path.dsv
[0.407s] -- Up-to-date: /home/erum/ros2_workspace/install/my_robot_description/share/my_robot_description/local_setup.bash
[0.407s] -- Up-to-date: /home/erum/ros2_workspace/install/my_robot_description/share/my_robot_description/local_setup.sh
[0.407s] -- Up-to-date: /home/erum/ros2_workspace/install/my_robot_description/share/my_robot_description/local_setup.zsh
[0.410s] -- Up-to-date: /home/erum/ros2_workspace/install/my_robot_description/share/my_robot_description/local_setup.dsv
[0.410s] -- Installing: /home/erum/ros2_workspace/install/my_robot_description/share/my_robot_description/package.dsv
[0.415s] -- Up-to-date: /home/erum/ros2_workspace/install/my_robot_description/share/ament_index/resource_index/packages/my_robot_description
[0.415s] -- Up-to-date: /home/erum/ros2_workspace/install/my_robot_description/share/my_robot_description/cmake/my_robot_descriptionConfig.cmake
[0.415s] -- Up-to-date: /home/erum/ros2_workspace/install/my_robot_description/share/my_robot_description/cmake/my_robot_descriptionConfig-version.cmake
[0.416s] -- Up-to-date: /home/erum/ros2_workspace/install/my_robot_description/share/my_robot_description/package.xml
[0.424s] Invoked command in '/home/erum/ros2_workspace/build/my_robot_description' returned '0': CMAKE_PREFIX_PATH=${CMAKE_PREFIX_PATH}:/home/erum/ros2_workspace/install/rect_area_pkg:/home/erum/ros2_workspace/install/add_two_ints_pkg:/home/erum/ros2_workspace/install/my_first_pkg:/home/erum/ros2_workspace/install/mobile_robot:/home/erum/ros2_workspace/install/Erum_pde4430:/home/erum/install/my_first_pkg:/opt/ros/jazzy DEBUGINFOD_URLS=https://debuginfod.ubuntu.com /usr/bin/cmake --install /home/erum/ros2_workspace/build/my_robot_description
