[0.072s] Invoking command in '/home/erum/ros2_workspace/build/my_robot_bringup': CMAKE_PREFIX_PATH=/home/erum/ros2_workspace/install/my_robot_description:/home/erum/ros2_workspace/install/new_interfaces:/home/erum/ros2_workspace/install/my_robot_bringup:/home/erum/ros2_workspace/install/mobile_robot:/home/erum/ros2_workspace/install/gazebo_differential_drive_robot:/home/erum/install/ball_bot_description:/opt/ros/jazzy/opt/gz_sim_vendor:/opt/ros/jazzy/opt/gz_sensors_vendor:/opt/ros/jazzy/opt/gz_physics_vendor:/opt/ros/jazzy/opt/sdformat_vendor:/opt/ros/jazzy/opt/gz_gui_vendor:/opt/ros/jazzy/opt/gz_transport_vendor:/opt/ros/jazzy/opt/gz_rendering_vendor:/opt/ros/jazzy/opt/gz_plugin_vendor:/opt/ros/jazzy/opt/gz_fuel_tools_vendor:/opt/ros/jazzy/opt/gz_msgs_vendor:/opt/ros/jazzy/opt/gz_common_vendor:/opt/ros/jazzy/opt/gz_math_vendor:/opt/ros/jazzy/opt/gz_utils_vendor:/opt/ros/jazzy/opt/gz_tools_vendor:/opt/ros/jazzy/opt/gz_ogre_next_vendor:/opt/ros/jazzy/opt/gz_dartsim_vendor:/opt/ros/jazzy/opt/gz_cmake_vendor:/home/erum/ros2_workspace/install/rect_area_pkg:/home/erum/ros2_workspace/install/add_two_ints_pkg:/home/erum/ros2_workspace/install/my_first_pkg:/home/erum/ros2_workspace/install/Erum_pde4430:/home/erum/install/my_first_pkg:/opt/ros/jazzy DEBUGINFOD_URLS=https://debuginfod.ubuntu.com /usr/bin/cmake /home/erum/ros2_workspace/src/my_robot_bringup -DCMAKE_INSTALL_PREFIX=/home/erum/ros2_workspace/install/my_robot_bringup
[0.327s] -- The C compiler identification is GNU 13.3.0
[0.485s] -- The CXX compiler identification is GNU 13.3.0
[0.531s] -- Detecting C compiler ABI info
[1.161s] -- Detecting C compiler ABI info - done
[1.174s] -- Check for working C compiler: /usr/bin/cc - skipped
[1.176s] -- Detecting C compile features
[1.176s] -- Detecting C compile features - done
[1.203s] -- Detecting CXX compiler ABI info
[2.083s] -- Detecting CXX compiler ABI info - done
[2.098s] -- Check for working CXX compiler: /usr/bin/c++ - skipped
[2.099s] -- Detecting CXX compile features
[2.100s] -- Detecting CXX compile features - done
[2.115s] -- Found ament_cmake: 2.5.4 (/opt/ros/jazzy/share/ament_cmake/cmake)
[2.866s] -- Found Python3: /usr/bin/python3 (found version "3.12.3") found components: Interpreter 
[4.054s] -- Configuring done (3.9s)
[4.070s] -- Generating done (0.0s)
[4.083s] -- Build files have been written to: /home/erum/ros2_workspace/build/my_robot_bringup
[4.094s] Invoked command in '/home/erum/ros2_workspace/build/my_robot_bringup' returned '0': CMAKE_PREFIX_PATH=/home/erum/ros2_workspace/install/my_robot_description:/home/erum/ros2_workspace/install/new_interfaces:/home/erum/ros2_workspace/install/my_robot_bringup:/home/erum/ros2_workspace/install/mobile_robot:/home/erum/ros2_workspace/install/gazebo_differential_drive_robot:/home/erum/install/ball_bot_description:/opt/ros/jazzy/opt/gz_sim_vendor:/opt/ros/jazzy/opt/gz_sensors_vendor:/opt/ros/jazzy/opt/gz_physics_vendor:/opt/ros/jazzy/opt/sdformat_vendor:/opt/ros/jazzy/opt/gz_gui_vendor:/opt/ros/jazzy/opt/gz_transport_vendor:/opt/ros/jazzy/opt/gz_rendering_vendor:/opt/ros/jazzy/opt/gz_plugin_vendor:/opt/ros/jazzy/opt/gz_fuel_tools_vendor:/opt/ros/jazzy/opt/gz_msgs_vendor:/opt/ros/jazzy/opt/gz_common_vendor:/opt/ros/jazzy/opt/gz_math_vendor:/opt/ros/jazzy/opt/gz_utils_vendor:/opt/ros/jazzy/opt/gz_tools_vendor:/opt/ros/jazzy/opt/gz_ogre_next_vendor:/opt/ros/jazzy/opt/gz_dartsim_vendor:/opt/ros/jazzy/opt/gz_cmake_vendor:/home/erum/ros2_workspace/install/rect_area_pkg:/home/erum/ros2_workspace/install/add_two_ints_pkg:/home/erum/ros2_workspace/install/my_first_pkg:/home/erum/ros2_workspace/install/Erum_pde4430:/home/erum/install/my_first_pkg:/opt/ros/jazzy DEBUGINFOD_URLS=https://debuginfod.ubuntu.com /usr/bin/cmake /home/erum/ros2_workspace/src/my_robot_bringup -DCMAKE_INSTALL_PREFIX=/home/erum/ros2_workspace/install/my_robot_bringup
[4.097s] Invoking command in '/home/erum/ros2_workspace/build/my_robot_bringup': CMAKE_PREFIX_PATH=/home/erum/ros2_workspace/install/my_robot_description:/home/erum/ros2_workspace/install/new_interfaces:/home/erum/ros2_workspace/install/my_robot_bringup:/home/erum/ros2_workspace/install/mobile_robot:/home/erum/ros2_workspace/install/gazebo_differential_drive_robot:/home/erum/install/ball_bot_description:/opt/ros/jazzy/opt/gz_sim_vendor:/opt/ros/jazzy/opt/gz_sensors_vendor:/opt/ros/jazzy/opt/gz_physics_vendor:/opt/ros/jazzy/opt/sdformat_vendor:/opt/ros/jazzy/opt/gz_gui_vendor:/opt/ros/jazzy/opt/gz_transport_vendor:/opt/ros/jazzy/opt/gz_rendering_vendor:/opt/ros/jazzy/opt/gz_plugin_vendor:/opt/ros/jazzy/opt/gz_fuel_tools_vendor:/opt/ros/jazzy/opt/gz_msgs_vendor:/opt/ros/jazzy/opt/gz_common_vendor:/opt/ros/jazzy/opt/gz_math_vendor:/opt/ros/jazzy/opt/gz_utils_vendor:/opt/ros/jazzy/opt/gz_tools_vendor:/opt/ros/jazzy/opt/gz_ogre_next_vendor:/opt/ros/jazzy/opt/gz_dartsim_vendor:/opt/ros/jazzy/opt/gz_cmake_vendor:/home/erum/ros2_workspace/install/rect_area_pkg:/home/erum/ros2_workspace/install/add_two_ints_pkg:/home/erum/ros2_workspace/install/my_first_pkg:/home/erum/ros2_workspace/install/Erum_pde4430:/home/erum/install/my_first_pkg:/opt/ros/jazzy DEBUGINFOD_URLS=https://debuginfod.ubuntu.com /usr/bin/cmake --build /home/erum/ros2_workspace/build/my_robot_bringup -- -j2 -l2
[4.281s] Invoked command in '/home/erum/ros2_workspace/build/my_robot_bringup' returned '0': CMAKE_PREFIX_PATH=/home/erum/ros2_workspace/install/my_robot_description:/home/erum/ros2_workspace/install/new_interfaces:/home/erum/ros2_workspace/install/my_robot_bringup:/home/erum/ros2_workspace/install/mobile_robot:/home/erum/ros2_workspace/install/gazebo_differential_drive_robot:/home/erum/install/ball_bot_description:/opt/ros/jazzy/opt/gz_sim_vendor:/opt/ros/jazzy/opt/gz_sensors_vendor:/opt/ros/jazzy/opt/gz_physics_vendor:/opt/ros/jazzy/opt/sdformat_vendor:/opt/ros/jazzy/opt/gz_gui_vendor:/opt/ros/jazzy/opt/gz_transport_vendor:/opt/ros/jazzy/opt/gz_rendering_vendor:/opt/ros/jazzy/opt/gz_plugin_vendor:/opt/ros/jazzy/opt/gz_fuel_tools_vendor:/opt/ros/jazzy/opt/gz_msgs_vendor:/opt/ros/jazzy/opt/gz_common_vendor:/opt/ros/jazzy/opt/gz_math_vendor:/opt/ros/jazzy/opt/gz_utils_vendor:/opt/ros/jazzy/opt/gz_tools_vendor:/opt/ros/jazzy/opt/gz_ogre_next_vendor:/opt/ros/jazzy/opt/gz_dartsim_vendor:/opt/ros/jazzy/opt/gz_cmake_vendor:/home/erum/ros2_workspace/install/rect_area_pkg:/home/erum/ros2_workspace/install/add_two_ints_pkg:/home/erum/ros2_workspace/install/my_first_pkg:/home/erum/ros2_workspace/install/Erum_pde4430:/home/erum/install/my_first_pkg:/opt/ros/jazzy DEBUGINFOD_URLS=https://debuginfod.ubuntu.com /usr/bin/cmake --build /home/erum/ros2_workspace/build/my_robot_bringup -- -j2 -l2
[4.288s] Invoking command in '/home/erum/ros2_workspace/build/my_robot_bringup': CMAKE_PREFIX_PATH=/home/erum/ros2_workspace/install/my_robot_description:/home/erum/ros2_workspace/install/new_interfaces:/home/erum/ros2_workspace/install/my_robot_bringup:/home/erum/ros2_workspace/install/mobile_robot:/home/erum/ros2_workspace/install/gazebo_differential_drive_robot:/home/erum/install/ball_bot_description:/opt/ros/jazzy/opt/gz_sim_vendor:/opt/ros/jazzy/opt/gz_sensors_vendor:/opt/ros/jazzy/opt/gz_physics_vendor:/opt/ros/jazzy/opt/sdformat_vendor:/opt/ros/jazzy/opt/gz_gui_vendor:/opt/ros/jazzy/opt/gz_transport_vendor:/opt/ros/jazzy/opt/gz_rendering_vendor:/opt/ros/jazzy/opt/gz_plugin_vendor:/opt/ros/jazzy/opt/gz_fuel_tools_vendor:/opt/ros/jazzy/opt/gz_msgs_vendor:/opt/ros/jazzy/opt/gz_common_vendor:/opt/ros/jazzy/opt/gz_math_vendor:/opt/ros/jazzy/opt/gz_utils_vendor:/opt/ros/jazzy/opt/gz_tools_vendor:/opt/ros/jazzy/opt/gz_ogre_next_vendor:/opt/ros/jazzy/opt/gz_dartsim_vendor:/opt/ros/jazzy/opt/gz_cmake_vendor:/home/erum/ros2_workspace/install/rect_area_pkg:/home/erum/ros2_workspace/install/add_two_ints_pkg:/home/erum/ros2_workspace/install/my_first_pkg:/home/erum/ros2_workspace/install/Erum_pde4430:/home/erum/install/my_first_pkg:/opt/ros/jazzy DEBUGINFOD_URLS=https://debuginfod.ubuntu.com /usr/bin/cmake --install /home/erum/ros2_workspace/build/my_robot_bringup
[4.377s] -- Install configuration: ""
[4.377s] -- Installing: /home/erum/ros2_workspace/install/my_robot_bringup/share/my_robot_bringup//config
[4.383s] -- Installing: /home/erum/ros2_workspace/install/my_robot_bringup/share/my_robot_bringup//config/my_robot_controllers.yaml
[4.389s] -- Installing: /home/erum/ros2_workspace/install/my_robot_bringup/share/my_robot_bringup//launch
[4.391s] -- Installing: /home/erum/ros2_workspace/install/my_robot_bringup/share/my_robot_bringup//launch/my_robot.launch.py
[4.394s] -- Installing: /home/erum/ros2_workspace/install/my_robot_bringup/share/my_robot_bringup//launch/my_robot.launch.xml
[4.396s] -- Installing: /home/erum/ros2_workspace/install/my_robot_bringup/share/ament_index/resource_index/package_run_dependencies/my_robot_bringup
[4.399s] -- Installing: /home/erum/ros2_workspace/install/my_robot_bringup/share/ament_index/resource_index/parent_prefix_path/my_robot_bringup
[4.403s] -- Installing: /home/erum/ros2_workspace/install/my_robot_bringup/share/my_robot_bringup/environment/ament_prefix_path.sh
[4.406s] -- Installing: /home/erum/ros2_workspace/install/my_robot_bringup/share/my_robot_bringup/environment/ament_prefix_path.dsv
[4.406s] -- Installing: /home/erum/ros2_workspace/install/my_robot_bringup/share/my_robot_bringup/environment/path.sh
[4.412s] -- Installing: /home/erum/ros2_workspace/install/my_robot_bringup/share/my_robot_bringup/environment/path.dsv
[4.412s] -- Installing: /home/erum/ros2_workspace/install/my_robot_bringup/share/my_robot_bringup/local_setup.bash
[4.413s] -- Installing: /home/erum/ros2_workspace/install/my_robot_bringup/share/my_robot_bringup/local_setup.sh
[4.419s] -- Installing: /home/erum/ros2_workspace/install/my_robot_bringup/share/my_robot_bringup/local_setup.zsh
[4.421s] -- Installing: /home/erum/ros2_workspace/install/my_robot_bringup/share/my_robot_bringup/local_setup.dsv
[4.421s] -- Installing: /home/erum/ros2_workspace/install/my_robot_bringup/share/my_robot_bringup/package.dsv
[4.421s] -- Installing: /home/erum/ros2_workspace/install/my_robot_bringup/share/ament_index/resource_index/packages/my_robot_bringup
[4.421s] -- Installing: /home/erum/ros2_workspace/install/my_robot_bringup/share/my_robot_bringup/cmake/my_robot_bringupConfig.cmake
[4.421s] -- Installing: /home/erum/ros2_workspace/install/my_robot_bringup/share/my_robot_bringup/cmake/my_robot_bringupConfig-version.cmake
[4.423s] -- Installing: /home/erum/ros2_workspace/install/my_robot_bringup/share/my_robot_bringup/package.xml
[4.433s] Invoked command in '/home/erum/ros2_workspace/build/my_robot_bringup' returned '0': CMAKE_PREFIX_PATH=/home/erum/ros2_workspace/install/my_robot_description:/home/erum/ros2_workspace/install/new_interfaces:/home/erum/ros2_workspace/install/my_robot_bringup:/home/erum/ros2_workspace/install/mobile_robot:/home/erum/ros2_workspace/install/gazebo_differential_drive_robot:/home/erum/install/ball_bot_description:/opt/ros/jazzy/opt/gz_sim_vendor:/opt/ros/jazzy/opt/gz_sensors_vendor:/opt/ros/jazzy/opt/gz_physics_vendor:/opt/ros/jazzy/opt/sdformat_vendor:/opt/ros/jazzy/opt/gz_gui_vendor:/opt/ros/jazzy/opt/gz_transport_vendor:/opt/ros/jazzy/opt/gz_rendering_vendor:/opt/ros/jazzy/opt/gz_plugin_vendor:/opt/ros/jazzy/opt/gz_fuel_tools_vendor:/opt/ros/jazzy/opt/gz_msgs_vendor:/opt/ros/jazzy/opt/gz_common_vendor:/opt/ros/jazzy/opt/gz_math_vendor:/opt/ros/jazzy/opt/gz_utils_vendor:/opt/ros/jazzy/opt/gz_tools_vendor:/opt/ros/jazzy/opt/gz_ogre_next_vendor:/opt/ros/jazzy/opt/gz_dartsim_vendor:/opt/ros/jazzy/opt/gz_cmake_vendor:/home/erum/ros2_workspace/install/rect_area_pkg:/home/erum/ros2_workspace/install/add_two_ints_pkg:/home/erum/ros2_workspace/install/my_first_pkg:/home/erum/ros2_workspace/install/Erum_pde4430:/home/erum/install/my_first_pkg:/opt/ros/jazzy DEBUGINFOD_URLS=https://debuginfod.ubuntu.com /usr/bin/cmake --install /home/erum/ros2_workspace/build/my_robot_bringup
