[0.585s] Invoking command in '/home/erum/ros2_workspace/src/add_two_ints_pkg': DEBUGINFOD_URLS=https://debuginfod.ubuntu.com PYTHONPATH=/home/erum/ros2_workspace/build/add_two_ints_pkg/prefix_override:/usr/lib/python3/dist-packages/colcon_core/task/python/colcon_distutils_commands:/home/erum/ros2_workspace/install/add_two_ints_pkg/lib/python3.12/site-packages:${PYTHONPATH} /usr/bin/python3 -W ignore:setup.py install is deprecated -W ignore:easy_install command is deprecated setup.py egg_info --egg-base ../../build/add_two_ints_pkg build --build-base /home/erum/ros2_workspace/build/add_two_ints_pkg/build install --record /home/erum/ros2_workspace/build/add_two_ints_pkg/install.log --single-version-externally-managed install_data
[0.798s] running egg_info
[0.798s] creating ../../build/add_two_ints_pkg/add_two_ints_pkg.egg-info
[0.813s] writing ../../build/add_two_ints_pkg/add_two_ints_pkg.egg-info/PKG-INFO
[0.814s] writing dependency_links to ../../build/add_two_ints_pkg/add_two_ints_pkg.egg-info/dependency_links.txt
[0.814s] writing entry points to ../../build/add_two_ints_pkg/add_two_ints_pkg.egg-info/entry_points.txt
[0.814s] writing requirements to ../../build/add_two_ints_pkg/add_two_ints_pkg.egg-info/requires.txt
[0.814s] writing top-level names to ../../build/add_two_ints_pkg/add_two_ints_pkg.egg-info/top_level.txt
[0.814s] writing manifest file '../../build/add_two_ints_pkg/add_two_ints_pkg.egg-info/SOURCES.txt'
[0.839s] reading manifest file '../../build/add_two_ints_pkg/add_two_ints_pkg.egg-info/SOURCES.txt'
[0.840s] writing manifest file '../../build/add_two_ints_pkg/add_two_ints_pkg.egg-info/SOURCES.txt'
[0.840s] running build
[0.840s] running build_py
[0.840s] creating /home/erum/ros2_workspace/build/add_two_ints_pkg/build
[0.840s] creating /home/erum/ros2_workspace/build/add_two_ints_pkg/build/lib
[0.841s] creating /home/erum/ros2_workspace/build/add_two_ints_pkg/build/lib/add_two_ints_pkg
[0.841s] copying add_two_ints_pkg/minimal_client.py -> /home/erum/ros2_workspace/build/add_two_ints_pkg/build/lib/add_two_ints_pkg
[0.842s] copying add_two_ints_pkg/__init__.py -> /home/erum/ros2_workspace/build/add_two_ints_pkg/build/lib/add_two_ints_pkg
[0.842s] copying add_two_ints_pkg/minimal_server.py -> /home/erum/ros2_workspace/build/add_two_ints_pkg/build/lib/add_two_ints_pkg
[0.843s] running install
[0.848s] running install_lib
[0.861s] creating /home/erum/ros2_workspace/install/add_two_ints_pkg/lib/python3.12/site-packages/add_two_ints_pkg
[0.862s] copying /home/erum/ros2_workspace/build/add_two_ints_pkg/build/lib/add_two_ints_pkg/minimal_client.py -> /home/erum/ros2_workspace/install/add_two_ints_pkg/lib/python3.12/site-packages/add_two_ints_pkg
[0.863s] copying /home/erum/ros2_workspace/build/add_two_ints_pkg/build/lib/add_two_ints_pkg/__init__.py -> /home/erum/ros2_workspace/install/add_two_ints_pkg/lib/python3.12/site-packages/add_two_ints_pkg
[0.863s] copying /home/erum/ros2_workspace/build/add_two_ints_pkg/build/lib/add_two_ints_pkg/minimal_server.py -> /home/erum/ros2_workspace/install/add_two_ints_pkg/lib/python3.12/site-packages/add_two_ints_pkg
[0.863s] byte-compiling /home/erum/ros2_workspace/install/add_two_ints_pkg/lib/python3.12/site-packages/add_two_ints_pkg/minimal_client.py to minimal_client.cpython-312.pyc
[0.865s] byte-compiling /home/erum/ros2_workspace/install/add_two_ints_pkg/lib/python3.12/site-packages/add_two_ints_pkg/__init__.py to __init__.cpython-312.pyc
[0.865s] byte-compiling /home/erum/ros2_workspace/install/add_two_ints_pkg/lib/python3.12/site-packages/add_two_ints_pkg/minimal_server.py to minimal_server.cpython-312.pyc
[0.865s] running install_data
[0.865s] creating /home/erum/ros2_workspace/install/add_two_ints_pkg/share/ament_index
[0.866s] creating /home/erum/ros2_workspace/install/add_two_ints_pkg/share/ament_index/resource_index
[0.866s] creating /home/erum/ros2_workspace/install/add_two_ints_pkg/share/ament_index/resource_index/packages
[0.866s] copying resource/add_two_ints_pkg -> /home/erum/ros2_workspace/install/add_two_ints_pkg/share/ament_index/resource_index/packages
[0.867s] copying package.xml -> /home/erum/ros2_workspace/install/add_two_ints_pkg/share/add_two_ints_pkg
[0.867s] running install_egg_info
[0.882s] Copying ../../build/add_two_ints_pkg/add_two_ints_pkg.egg-info to /home/erum/ros2_workspace/install/add_two_ints_pkg/lib/python3.12/site-packages/add_two_ints_pkg-0.0.0-py3.12.egg-info
[0.884s] running install_scripts
[0.977s] Installing minimal_client script to /home/erum/ros2_workspace/install/add_two_ints_pkg/lib/add_two_ints_pkg
[0.977s] Installing minimal_server script to /home/erum/ros2_workspace/install/add_two_ints_pkg/lib/add_two_ints_pkg
[0.977s] writing list of installed files to '/home/erum/ros2_workspace/build/add_two_ints_pkg/install.log'
[1.002s] Invoked command in '/home/erum/ros2_workspace/src/add_two_ints_pkg' returned '0': DEBUGINFOD_URLS=https://debuginfod.ubuntu.com PYTHONPATH=/home/erum/ros2_workspace/build/add_two_ints_pkg/prefix_override:/usr/lib/python3/dist-packages/colcon_core/task/python/colcon_distutils_commands:/home/erum/ros2_workspace/install/add_two_ints_pkg/lib/python3.12/site-packages:${PYTHONPATH} /usr/bin/python3 -W ignore:setup.py install is deprecated -W ignore:easy_install command is deprecated setup.py egg_info --egg-base ../../build/add_two_ints_pkg build --build-base /home/erum/ros2_workspace/build/add_two_ints_pkg/build install --record /home/erum/ros2_workspace/build/add_two_ints_pkg/install.log --single-version-externally-managed install_data
