[0.015s] Invoking command in '/home/erum/ros2_workspace/src/mobile_robot/build/mobile_robot': CMAKE_PREFIX_PATH=${CMAKE_PREFIX_PATH}:/home/erum/ros2_workspace/install/rect_area_pkg:/home/erum/ros2_workspace/install/add_two_ints_pkg:/home/erum/ros2_workspace/install/my_first_pkg:/home/erum/ros2_workspace/install/Erum_pde4430:/home/erum/install/my_first_pkg:/opt/ros/jazzy DEBUGINFOD_URLS=https://debuginfod.ubuntu.com /usr/bin/cmake /home/erum/ros2_workspace/src/mobile_robot -DCMAKE_INSTALL_PREFIX=/home/erum/ros2_workspace/src/mobile_robot/install/mobile_robot
[0.032s] -- Found ament_cmake: 2.5.4 (/opt/ros/jazzy/share/ament_cmake/cmake)
[0.216s] -- Found rclpy: 7.1.6 (/opt/ros/jazzy/share/rclpy/cmake)
[0.220s] -- Found ament_lint_auto: 0.17.3 (/opt/ros/jazzy/share/ament_lint_auto/cmake)
[0.347s] -- Added test 'cppcheck' to perform static code analysis on C / C++ code
[0.347s] -- Configured cppcheck include dirs: 
[0.347s] -- Configured cppcheck exclude dirs and/or files: 
[0.350s] -- Added test 'flake8' to check Python code syntax and style conventions
[0.350s] -- Configured 'flake8' exclude dirs and/or files: 
[0.353s] -- Added test 'lint_cmake' to check CMake code style
[0.356s] -- Added test 'pep257' to check Python code against some of the docstring style conventions in PEP 257
[0.362s] -- Added test 'uncrustify' to check C / C++ code style
[0.362s] -- Configured uncrustify additional arguments: 
[0.364s] -- Added test 'xmllint' to check XML markup files
[0.369s] -- Configuring done (0.3s)
[0.379s] -- Generating done (0.0s)
[0.385s] -- Build files have been written to: /home/erum/ros2_workspace/src/mobile_robot/build/mobile_robot
[0.388s] Invoked command in '/home/erum/ros2_workspace/src/mobile_robot/build/mobile_robot' returned '0': CMAKE_PREFIX_PATH=${CMAKE_PREFIX_PATH}:/home/erum/ros2_workspace/install/rect_area_pkg:/home/erum/ros2_workspace/install/add_two_ints_pkg:/home/erum/ros2_workspace/install/my_first_pkg:/home/erum/ros2_workspace/install/Erum_pde4430:/home/erum/install/my_first_pkg:/opt/ros/jazzy DEBUGINFOD_URLS=https://debuginfod.ubuntu.com /usr/bin/cmake /home/erum/ros2_workspace/src/mobile_robot -DCMAKE_INSTALL_PREFIX=/home/erum/ros2_workspace/src/mobile_robot/install/mobile_robot
[0.389s] Invoking command in '/home/erum/ros2_workspace/src/mobile_robot/build/mobile_robot': CMAKE_PREFIX_PATH=${CMAKE_PREFIX_PATH}:/home/erum/ros2_workspace/install/rect_area_pkg:/home/erum/ros2_workspace/install/add_two_ints_pkg:/home/erum/ros2_workspace/install/my_first_pkg:/home/erum/ros2_workspace/install/Erum_pde4430:/home/erum/install/my_first_pkg:/opt/ros/jazzy DEBUGINFOD_URLS=https://debuginfod.ubuntu.com /usr/bin/cmake --build /home/erum/ros2_workspace/src/mobile_robot/build/mobile_robot -- -j2 -l2
[0.435s] Invoked command in '/home/erum/ros2_workspace/src/mobile_robot/build/mobile_robot' returned '0': CMAKE_PREFIX_PATH=${CMAKE_PREFIX_PATH}:/home/erum/ros2_workspace/install/rect_area_pkg:/home/erum/ros2_workspace/install/add_two_ints_pkg:/home/erum/ros2_workspace/install/my_first_pkg:/home/erum/ros2_workspace/install/Erum_pde4430:/home/erum/install/my_first_pkg:/opt/ros/jazzy DEBUGINFOD_URLS=https://debuginfod.ubuntu.com /usr/bin/cmake --build /home/erum/ros2_workspace/src/mobile_robot/build/mobile_robot -- -j2 -l2
[0.445s] Invoking command in '/home/erum/ros2_workspace/src/mobile_robot/build/mobile_robot': CMAKE_PREFIX_PATH=${CMAKE_PREFIX_PATH}:/home/erum/ros2_workspace/install/rect_area_pkg:/home/erum/ros2_workspace/install/add_two_ints_pkg:/home/erum/ros2_workspace/install/my_first_pkg:/home/erum/ros2_workspace/install/Erum_pde4430:/home/erum/install/my_first_pkg:/opt/ros/jazzy DEBUGINFOD_URLS=https://debuginfod.ubuntu.com /usr/bin/cmake --install /home/erum/ros2_workspace/src/mobile_robot/build/mobile_robot
[0.453s] -- Install configuration: ""
[0.454s] -- Installing: /home/erum/ros2_workspace/src/mobile_robot/install/mobile_robot/lib/mobile_robot/flap_teleop_node.py
[0.454s] -- Installing: /home/erum/ros2_workspace/src/mobile_robot/install/mobile_robot/share/mobile_robot/launch
[0.455s] -- Installing: /home/erum/ros2_workspace/src/mobile_robot/install/mobile_robot/share/mobile_robot/launch/robot.launch.py
[0.455s] -- Installing: /home/erum/ros2_workspace/src/mobile_robot/install/mobile_robot/share/mobile_robot/model
[0.455s] -- Installing: /home/erum/ros2_workspace/src/mobile_robot/install/mobile_robot/share/mobile_robot/model/robot.xacro
[0.456s] -- Installing: /home/erum/ros2_workspace/src/mobile_robot/install/mobile_robot/share/mobile_robot/config
[0.456s] -- Installing: /home/erum/ros2_workspace/src/mobile_robot/install/mobile_robot/share/mobile_robot/config/gz_bridge.yaml
[0.458s] -- Installing: /home/erum/ros2_workspace/src/mobile_robot/install/mobile_robot/share/ament_index/resource_index/package_run_dependencies/mobile_robot
[0.459s] -- Installing: /home/erum/ros2_workspace/src/mobile_robot/install/mobile_robot/share/ament_index/resource_index/parent_prefix_path/mobile_robot
[0.461s] -- Installing: /home/erum/ros2_workspace/src/mobile_robot/install/mobile_robot/share/mobile_robot/environment/ament_prefix_path.sh
[0.461s] -- Installing: /home/erum/ros2_workspace/src/mobile_robot/install/mobile_robot/share/mobile_robot/environment/ament_prefix_path.dsv
[0.461s] -- Installing: /home/erum/ros2_workspace/src/mobile_robot/install/mobile_robot/share/mobile_robot/environment/path.sh
[0.462s] -- Installing: /home/erum/ros2_workspace/src/mobile_robot/install/mobile_robot/share/mobile_robot/environment/path.dsv
[0.462s] -- Installing: /home/erum/ros2_workspace/src/mobile_robot/install/mobile_robot/share/mobile_robot/local_setup.bash
[0.462s] -- Installing: /home/erum/ros2_workspace/src/mobile_robot/install/mobile_robot/share/mobile_robot/local_setup.sh
[0.462s] -- Installing: /home/erum/ros2_workspace/src/mobile_robot/install/mobile_robot/share/mobile_robot/local_setup.zsh
[0.462s] -- Installing: /home/erum/ros2_workspace/src/mobile_robot/install/mobile_robot/share/mobile_robot/local_setup.dsv
[0.462s] -- Installing: /home/erum/ros2_workspace/src/mobile_robot/install/mobile_robot/share/mobile_robot/package.dsv
[0.463s] -- Installing: /home/erum/ros2_workspace/src/mobile_robot/install/mobile_robot/share/ament_index/resource_index/packages/mobile_robot
[0.463s] -- Installing: /home/erum/ros2_workspace/src/mobile_robot/install/mobile_robot/share/mobile_robot/cmake/mobile_robotConfig.cmake
[0.464s] -- Installing: /home/erum/ros2_workspace/src/mobile_robot/install/mobile_robot/share/mobile_robot/cmake/mobile_robotConfig-version.cmake
[0.464s] -- Installing: /home/erum/ros2_workspace/src/mobile_robot/install/mobile_robot/share/mobile_robot/package.xml
[0.468s] Invoked command in '/home/erum/ros2_workspace/src/mobile_robot/build/mobile_robot' returned '0': CMAKE_PREFIX_PATH=${CMAKE_PREFIX_PATH}:/home/erum/ros2_workspace/install/rect_area_pkg:/home/erum/ros2_workspace/install/add_two_ints_pkg:/home/erum/ros2_workspace/install/my_first_pkg:/home/erum/ros2_workspace/install/Erum_pde4430:/home/erum/install/my_first_pkg:/opt/ros/jazzy DEBUGINFOD_URLS=https://debuginfod.ubuntu.com /usr/bin/cmake --install /home/erum/ros2_workspace/src/mobile_robot/build/mobile_robot
