[1.428s] Invoking command in '/home/erum/ros2_workspace/src/add_two_ints_pkg': DEBUGINFOD_URLS=https://debuginfod.ubuntu.com PYTHONPATH=/home/erum/ros2_workspace/build/add_two_ints_pkg/prefix_override:/usr/lib/python3/dist-packages/colcon_core/task/python/colcon_distutils_commands:/home/erum/ros2_workspace/install/add_two_ints_pkg/lib/python3.12/site-packages:/home/erum/ros2_workspace/install/new_interfaces/lib/python3.12/site-packages:/home/erum/ros2_workspace/install/rect_area_pkg/lib/python3.12/site-packages:/home/erum/ros2_workspace/install/add_two_ints_pkg/lib/python3.12/site-packages:/home/erum/ros2_workspace/install/my_first_pkg/lib/python3.12/site-packages:/home/erum/ros2_workspace/install/mobile_robot/lib/python3.12/site-packages:/home/erum/ros2_workspace/install/Erum_pde4430/lib/python3.12/site-packages:/home/erum/install/my_first_pkg/lib/python3.12/site-packages:/opt/ros/jazzy/lib/python3.12/site-packages /usr/bin/python3 -W ignore:setup.py install is deprecated -W ignore:easy_install command is deprecated setup.py egg_info --egg-base ../../build/add_two_ints_pkg build --build-base /home/erum/ros2_workspace/build/add_two_ints_pkg/build install --record /home/erum/ros2_workspace/build/add_two_ints_pkg/install.log --single-version-externally-managed install_data
[1.921s] running egg_info
[1.951s] writing ../../build/add_two_ints_pkg/add_two_ints_pkg.egg-info/PKG-INFO
[1.952s] writing dependency_links to ../../build/add_two_ints_pkg/add_two_ints_pkg.egg-info/dependency_links.txt
[1.953s] writing entry points to ../../build/add_two_ints_pkg/add_two_ints_pkg.egg-info/entry_points.txt
[1.954s] writing requirements to ../../build/add_two_ints_pkg/add_two_ints_pkg.egg-info/requires.txt
[1.955s] writing top-level names to ../../build/add_two_ints_pkg/add_two_ints_pkg.egg-info/top_level.txt
[2.015s] reading manifest file '../../build/add_two_ints_pkg/add_two_ints_pkg.egg-info/SOURCES.txt'
[2.018s] writing manifest file '../../build/add_two_ints_pkg/add_two_ints_pkg.egg-info/SOURCES.txt'
[2.018s] running build
[2.018s] running build_py
[2.019s] running install
[2.026s] running install_lib
[2.055s] running install_data
[2.055s] running install_egg_info
[2.085s] removing '/home/erum/ros2_workspace/install/add_two_ints_pkg/lib/python3.12/site-packages/add_two_ints_pkg-0.0.0-py3.12.egg-info' (and everything under it)
[2.095s] Copying ../../build/add_two_ints_pkg/add_two_ints_pkg.egg-info to /home/erum/ros2_workspace/install/add_two_ints_pkg/lib/python3.12/site-packages/add_two_ints_pkg-0.0.0-py3.12.egg-info
[2.096s] running install_scripts
[2.347s] Installing minimal_client script to /home/erum/ros2_workspace/install/add_two_ints_pkg/lib/add_two_ints_pkg
[2.347s] Installing minimal_server script to /home/erum/ros2_workspace/install/add_two_ints_pkg/lib/add_two_ints_pkg
[2.347s] writing list of installed files to '/home/erum/ros2_workspace/build/add_two_ints_pkg/install.log'
[2.385s] Invoked command in '/home/erum/ros2_workspace/src/add_two_ints_pkg' returned '0': DEBUGINFOD_URLS=https://debuginfod.ubuntu.com PYTHONPATH=/home/erum/ros2_workspace/build/add_two_ints_pkg/prefix_override:/usr/lib/python3/dist-packages/colcon_core/task/python/colcon_distutils_commands:/home/erum/ros2_workspace/install/add_two_ints_pkg/lib/python3.12/site-packages:/home/erum/ros2_workspace/install/new_interfaces/lib/python3.12/site-packages:/home/erum/ros2_workspace/install/rect_area_pkg/lib/python3.12/site-packages:/home/erum/ros2_workspace/install/add_two_ints_pkg/lib/python3.12/site-packages:/home/erum/ros2_workspace/install/my_first_pkg/lib/python3.12/site-packages:/home/erum/ros2_workspace/install/mobile_robot/lib/python3.12/site-packages:/home/erum/ros2_workspace/install/Erum_pde4430/lib/python3.12/site-packages:/home/erum/install/my_first_pkg/lib/python3.12/site-packages:/opt/ros/jazzy/lib/python3.12/site-packages /usr/bin/python3 -W ignore:setup.py install is deprecated -W ignore:easy_install command is deprecated setup.py egg_info --egg-base ../../build/add_two_ints_pkg build --build-base /home/erum/ros2_workspace/build/add_two_ints_pkg/build install --record /home/erum/ros2_workspace/build/add_two_ints_pkg/install.log --single-version-externally-managed install_data
