[  2%] Built target new_interfaces__rosidl_generator_type_description
[  2%] Built target ament_cmake_python_copy_new_interfaces
[  5%] Built target new_interfaces__cpp
[ 20%] Built target new_interfaces__rosidl_generator_c
[ 29%] Built target new_interfaces__rosidl_typesupport_cpp
[ 38%] Built target new_interfaces__rosidl_typesupport_fastrtps_c
running egg_info
[ 47%] Built target new_interfaces__rosidl_typesupport_introspection_c
writing new_interfaces.egg-info/PKG-INFO
writing dependency_links to new_interfaces.egg-info/dependency_links.txt
writing top-level names to new_interfaces.egg-info/top_level.txt
[ 55%] Built target new_interfaces__rosidl_typesupport_c
reading manifest file 'new_interfaces.egg-info/SOURCES.txt'
writing manifest file 'new_interfaces.egg-info/SOURCES.txt'
[ 64%] Built target new_interfaces__rosidl_typesupport_fastrtps_cpp
[ 64%] Built target ament_cmake_python_build_new_interfaces_egg
[ 73%] Built target new_interfaces__rosidl_typesupport_introspection_cpp
[ 73%] Built target new_interfaces
[ 76%] Built target new_interfaces__py
[ 82%] Built target new_interfaces__rosidl_generator_py
[ 88%] Built target new_interfaces_s__rosidl_typesupport_fastrtps_c
[ 94%] Built target new_interfaces_s__rosidl_typesupport_introspection_c
[100%] Built target new_interfaces_s__rosidl_typesupport_c
-- Install configuration: ""
-- Up-to-date: /home/erum/ros2/ros2_ws/install/new_interfaces/share/ament_index/resource_index/rosidl_interfaces/new_interfaces
-- Up-to-date: /home/erum/ros2/ros2_ws/install/new_interfaces/share/new_interfaces/msg/IotSensor.json
-- Up-to-date: /home/erum/ros2/ros2_ws/install/new_interfaces/include/new_interfaces/new_interfaces
-- Up-to-date: /home/erum/ros2/ros2_ws/install/new_interfaces/include/new_interfaces/new_interfaces/msg
-- Up-to-date: /home/erum/ros2/ros2_ws/install/new_interfaces/include/new_interfaces/new_interfaces/msg/rosidl_generator_c__visibility_control.h
-- Up-to-date: /home/erum/ros2/ros2_ws/install/new_interfaces/include/new_interfaces/new_interfaces/msg/iot_sensor.h
-- Up-to-date: /home/erum/ros2/ros2_ws/install/new_interfaces/include/new_interfaces/new_interfaces/msg/detail
-- Up-to-date: /home/erum/ros2/ros2_ws/install/new_interfaces/include/new_interfaces/new_interfaces/msg/detail/iot_sensor__functions.c
-- Up-to-date: /home/erum/ros2/ros2_ws/install/new_interfaces/include/new_interfaces/new_interfaces/msg/detail/iot_sensor__type_support.h
-- Up-to-date: /home/erum/ros2/ros2_ws/install/new_interfaces/include/new_interfaces/new_interfaces/msg/detail/iot_sensor__struct.h
-- Installing: /home/erum/ros2/ros2_ws/install/new_interfaces/include/new_interfaces/new_interfaces/msg/detail/iot_sensor__type_support.c
-- Up-to-date: /home/erum/ros2/ros2_ws/install/new_interfaces/include/new_interfaces/new_interfaces/msg/detail/iot_sensor__description.c
-- Up-to-date: /home/erum/ros2/ros2_ws/install/new_interfaces/include/new_interfaces/new_interfaces/msg/detail/iot_sensor__functions.h
-- Up-to-date: /home/erum/ros2/ros2_ws/install/new_interfaces/share/new_interfaces/environment/library_path.sh
-- Up-to-date: /home/erum/ros2/ros2_ws/install/new_interfaces/share/new_interfaces/environment/library_path.dsv
-- Up-to-date: /home/erum/ros2/ros2_ws/install/new_interfaces/lib/libnew_interfaces__rosidl_generator_c.so
-- Up-to-date: /home/erum/ros2/ros2_ws/install/new_interfaces/include/new_interfaces/new_interfaces
-- Up-to-date: /home/erum/ros2/ros2_ws/install/new_interfaces/include/new_interfaces/new_interfaces/msg
-- Up-to-date: /home/erum/ros2/ros2_ws/install/new_interfaces/include/new_interfaces/new_interfaces/msg/rosidl_typesupport_fastrtps_c__visibility_control.h
-- Up-to-date: /home/erum/ros2/ros2_ws/install/new_interfaces/include/new_interfaces/new_interfaces/msg/detail
-- Up-to-date: /home/erum/ros2/ros2_ws/install/new_interfaces/include/new_interfaces/new_interfaces/msg/detail/iot_sensor__rosidl_typesupport_fastrtps_c.h
-- Up-to-date: /home/erum/ros2/ros2_ws/install/new_interfaces/lib/libnew_interfaces__rosidl_typesupport_fastrtps_c.so
-- Up-to-date: /home/erum/ros2/ros2_ws/install/new_interfaces/include/new_interfaces/new_interfaces
-- Up-to-date: /home/erum/ros2/ros2_ws/install/new_interfaces/include/new_interfaces/new_interfaces/msg
-- Up-to-date: /home/erum/ros2/ros2_ws/install/new_interfaces/include/new_interfaces/new_interfaces/msg/rosidl_typesupport_introspection_c__visibility_control.h
-- Up-to-date: /home/erum/ros2/ros2_ws/install/new_interfaces/include/new_interfaces/new_interfaces/msg/detail
-- Up-to-date: /home/erum/ros2/ros2_ws/install/new_interfaces/include/new_interfaces/new_interfaces/msg/detail/iot_sensor__rosidl_typesupport_introspection_c.h
-- Installing: /home/erum/ros2/ros2_ws/install/new_interfaces/include/new_interfaces/new_interfaces/msg/detail/iot_sensor__type_support.c
-- Up-to-date: /home/erum/ros2/ros2_ws/install/new_interfaces/lib/libnew_interfaces__rosidl_typesupport_introspection_c.so
-- Up-to-date: /home/erum/ros2/ros2_ws/install/new_interfaces/lib/libnew_interfaces__rosidl_typesupport_c.so
-- Up-to-date: /home/erum/ros2/ros2_ws/install/new_interfaces/include/new_interfaces/new_interfaces
-- Up-to-date: /home/erum/ros2/ros2_ws/install/new_interfaces/include/new_interfaces/new_interfaces/msg
-- Up-to-date: /home/erum/ros2/ros2_ws/install/new_interfaces/include/new_interfaces/new_interfaces/msg/iot_sensor.hpp
-- Up-to-date: /home/erum/ros2/ros2_ws/install/new_interfaces/include/new_interfaces/new_interfaces/msg/rosidl_generator_cpp__visibility_control.hpp
-- Up-to-date: /home/erum/ros2/ros2_ws/install/new_interfaces/include/new_interfaces/new_interfaces/msg/detail
-- Up-to-date: /home/erum/ros2/ros2_ws/install/new_interfaces/include/new_interfaces/new_interfaces/msg/detail/iot_sensor__builder.hpp
-- Up-to-date: /home/erum/ros2/ros2_ws/install/new_interfaces/include/new_interfaces/new_interfaces/msg/detail/iot_sensor__type_support.hpp
-- Up-to-date: /home/erum/ros2/ros2_ws/install/new_interfaces/include/new_interfaces/new_interfaces/msg/detail/iot_sensor__struct.hpp
-- Up-to-date: /home/erum/ros2/ros2_ws/install/new_interfaces/include/new_interfaces/new_interfaces/msg/detail/iot_sensor__traits.hpp
-- Up-to-date: /home/erum/ros2/ros2_ws/install/new_interfaces/include/new_interfaces/new_interfaces
-- Up-to-date: /home/erum/ros2/ros2_ws/install/new_interfaces/include/new_interfaces/new_interfaces/msg
-- Up-to-date: /home/erum/ros2/ros2_ws/install/new_interfaces/include/new_interfaces/new_interfaces/msg/detail
-- Up-to-date: /home/erum/ros2/ros2_ws/install/new_interfaces/include/new_interfaces/new_interfaces/msg/detail/dds_fastrtps
-- Up-to-date: /home/erum/ros2/ros2_ws/install/new_interfaces/include/new_interfaces/new_interfaces/msg/detail/iot_sensor__rosidl_typesupport_fastrtps_cpp.hpp
-- Up-to-date: /home/erum/ros2/ros2_ws/install/new_interfaces/include/new_interfaces/new_interfaces/msg/rosidl_typesupport_fastrtps_cpp__visibility_control.h
-- Up-to-date: /home/erum/ros2/ros2_ws/install/new_interfaces/lib/libnew_interfaces__rosidl_typesupport_fastrtps_cpp.so
-- Up-to-date: /home/erum/ros2/ros2_ws/install/new_interfaces/include/new_interfaces/new_interfaces
-- Up-to-date: /home/erum/ros2/ros2_ws/install/new_interfaces/include/new_interfaces/new_interfaces/msg
-- Up-to-date: /home/erum/ros2/ros2_ws/install/new_interfaces/include/new_interfaces/new_interfaces/msg/detail
-- Up-to-date: /home/erum/ros2/ros2_ws/install/new_interfaces/include/new_interfaces/new_interfaces/msg/detail/iot_sensor__type_support.cpp
-- Up-to-date: /home/erum/ros2/ros2_ws/install/new_interfaces/include/new_interfaces/new_interfaces/msg/detail/iot_sensor__rosidl_typesupport_introspection_cpp.hpp
-- Up-to-date: /home/erum/ros2/ros2_ws/install/new_interfaces/lib/libnew_interfaces__rosidl_typesupport_introspection_cpp.so
-- Up-to-date: /home/erum/ros2/ros2_ws/install/new_interfaces/lib/libnew_interfaces__rosidl_typesupport_cpp.so
-- Up-to-date: /home/erum/ros2/ros2_ws/install/new_interfaces/share/new_interfaces/environment/pythonpath.sh
-- Up-to-date: /home/erum/ros2/ros2_ws/install/new_interfaces/share/new_interfaces/environment/pythonpath.dsv
-- Up-to-date: /home/erum/ros2/ros2_ws/install/new_interfaces/lib/python3.12/site-packages/new_interfaces-0.0.0-py3.12.egg-info
-- Installing: /home/erum/ros2/ros2_ws/install/new_interfaces/lib/python3.12/site-packages/new_interfaces-0.0.0-py3.12.egg-info/SOURCES.txt
-- Installing: /home/erum/ros2/ros2_ws/install/new_interfaces/lib/python3.12/site-packages/new_interfaces-0.0.0-py3.12.egg-info/top_level.txt
-- Installing: /home/erum/ros2/ros2_ws/install/new_interfaces/lib/python3.12/site-packages/new_interfaces-0.0.0-py3.12.egg-info/dependency_links.txt
-- Installing: /home/erum/ros2/ros2_ws/install/new_interfaces/lib/python3.12/site-packages/new_interfaces-0.0.0-py3.12.egg-info/PKG-INFO
-- Up-to-date: /home/erum/ros2/ros2_ws/install/new_interfaces/lib/python3.12/site-packages/new_interfaces
-- Up-to-date: /home/erum/ros2/ros2_ws/install/new_interfaces/lib/python3.12/site-packages/new_interfaces/_new_interfaces_s.ep.rosidl_typesupport_c.c
-- Up-to-date: /home/erum/ros2/ros2_ws/install/new_interfaces/lib/python3.12/site-packages/new_interfaces/__init__.py
-- Up-to-date: /home/erum/ros2/ros2_ws/install/new_interfaces/lib/python3.12/site-packages/new_interfaces/_new_interfaces_s.ep.rosidl_typesupport_introspection_c.c
-- Up-to-date: /home/erum/ros2/ros2_ws/install/new_interfaces/lib/python3.12/site-packages/new_interfaces/_new_interfaces_s.ep.rosidl_typesupport_fastrtps_c.c
-- Up-to-date: /home/erum/ros2/ros2_ws/install/new_interfaces/lib/python3.12/site-packages/new_interfaces/new_interfaces_s__rosidl_typesupport_fastrtps_c.so
-- Up-to-date: /home/erum/ros2/ros2_ws/install/new_interfaces/lib/python3.12/site-packages/new_interfaces/new_interfaces_s__rosidl_typesupport_c.so
-- Up-to-date: /home/erum/ros2/ros2_ws/install/new_interfaces/lib/python3.12/site-packages/new_interfaces/msg
-- Up-to-date: /home/erum/ros2/ros2_ws/install/new_interfaces/lib/python3.12/site-packages/new_interfaces/msg/_iot_sensor.py
-- Up-to-date: /home/erum/ros2/ros2_ws/install/new_interfaces/lib/python3.12/site-packages/new_interfaces/msg/__init__.py
-- Up-to-date: /home/erum/ros2/ros2_ws/install/new_interfaces/lib/python3.12/site-packages/new_interfaces/msg/_iot_sensor_s.c
-- Up-to-date: /home/erum/ros2/ros2_ws/install/new_interfaces/lib/python3.12/site-packages/new_interfaces/new_interfaces_s__rosidl_typesupport_introspection_c.so
Listing '/home/erum/ros2/ros2_ws/install/new_interfaces/lib/python3.12/site-packages/new_interfaces'...
Listing '/home/erum/ros2/ros2_ws/install/new_interfaces/lib/python3.12/site-packages/new_interfaces/msg'...
-- Up-to-date: /home/erum/ros2/ros2_ws/install/new_interfaces/lib/python3.12/site-packages/new_interfaces/new_interfaces_s__rosidl_typesupport_fastrtps_c.so
-- Up-to-date: /home/erum/ros2/ros2_ws/install/new_interfaces/lib/python3.12/site-packages/new_interfaces/new_interfaces_s__rosidl_typesupport_introspection_c.so
-- Up-to-date: /home/erum/ros2/ros2_ws/install/new_interfaces/lib/python3.12/site-packages/new_interfaces/new_interfaces_s__rosidl_typesupport_c.so
-- Up-to-date: /home/erum/ros2/ros2_ws/install/new_interfaces/lib/libnew_interfaces__rosidl_generator_py.so
-- Up-to-date: /home/erum/ros2/ros2_ws/install/new_interfaces/share/new_interfaces/msg/IotSensor.idl
-- Up-to-date: /home/erum/ros2/ros2_ws/install/new_interfaces/share/new_interfaces/msg/IotSensor.msg
-- Up-to-date: /home/erum/ros2/ros2_ws/install/new_interfaces/share/ament_index/resource_index/package_run_dependencies/new_interfaces
-- Up-to-date: /home/erum/ros2/ros2_ws/install/new_interfaces/share/ament_index/resource_index/parent_prefix_path/new_interfaces
-- Up-to-date: /home/erum/ros2/ros2_ws/install/new_interfaces/share/new_interfaces/environment/ament_prefix_path.sh
-- Up-to-date: /home/erum/ros2/ros2_ws/install/new_interfaces/share/new_interfaces/environment/ament_prefix_path.dsv
-- Up-to-date: /home/erum/ros2/ros2_ws/install/new_interfaces/share/new_interfaces/environment/path.sh
-- Up-to-date: /home/erum/ros2/ros2_ws/install/new_interfaces/share/new_interfaces/environment/path.dsv
-- Up-to-date: /home/erum/ros2/ros2_ws/install/new_interfaces/share/new_interfaces/local_setup.bash
-- Up-to-date: /home/erum/ros2/ros2_ws/install/new_interfaces/share/new_interfaces/local_setup.sh
-- Up-to-date: /home/erum/ros2/ros2_ws/install/new_interfaces/share/new_interfaces/local_setup.zsh
-- Up-to-date: /home/erum/ros2/ros2_ws/install/new_interfaces/share/new_interfaces/local_setup.dsv
-- Installing: /home/erum/ros2/ros2_ws/install/new_interfaces/share/new_interfaces/package.dsv
-- Up-to-date: /home/erum/ros2/ros2_ws/install/new_interfaces/share/ament_index/resource_index/packages/new_interfaces
-- Up-to-date: /home/erum/ros2/ros2_ws/install/new_interfaces/share/new_interfaces/cmake/export_new_interfaces__rosidl_generator_cExport.cmake
-- Up-to-date: /home/erum/ros2/ros2_ws/install/new_interfaces/share/new_interfaces/cmake/export_new_interfaces__rosidl_generator_cExport-noconfig.cmake
-- Up-to-date: /home/erum/ros2/ros2_ws/install/new_interfaces/share/new_interfaces/cmake/export_new_interfaces__rosidl_typesupport_fastrtps_cExport.cmake
-- Up-to-date: /home/erum/ros2/ros2_ws/install/new_interfaces/share/new_interfaces/cmake/export_new_interfaces__rosidl_typesupport_fastrtps_cExport-noconfig.cmake
-- Up-to-date: /home/erum/ros2/ros2_ws/install/new_interfaces/share/new_interfaces/cmake/new_interfaces__rosidl_typesupport_introspection_cExport.cmake
-- Up-to-date: /home/erum/ros2/ros2_ws/install/new_interfaces/share/new_interfaces/cmake/new_interfaces__rosidl_typesupport_introspection_cExport-noconfig.cmake
-- Up-to-date: /home/erum/ros2/ros2_ws/install/new_interfaces/share/new_interfaces/cmake/new_interfaces__rosidl_typesupport_cExport.cmake
-- Up-to-date: /home/erum/ros2/ros2_ws/install/new_interfaces/share/new_interfaces/cmake/new_interfaces__rosidl_typesupport_cExport-noconfig.cmake
-- Up-to-date: /home/erum/ros2/ros2_ws/install/new_interfaces/share/new_interfaces/cmake/export_new_interfaces__rosidl_generator_cppExport.cmake
-- Up-to-date: /home/erum/ros2/ros2_ws/install/new_interfaces/share/new_interfaces/cmake/export_new_interfaces__rosidl_typesupport_fastrtps_cppExport.cmake
-- Up-to-date: /home/erum/ros2/ros2_ws/install/new_interfaces/share/new_interfaces/cmake/export_new_interfaces__rosidl_typesupport_fastrtps_cppExport-noconfig.cmake
-- Up-to-date: /home/erum/ros2/ros2_ws/install/new_interfaces/share/new_interfaces/cmake/new_interfaces__rosidl_typesupport_introspection_cppExport.cmake
-- Up-to-date: /home/erum/ros2/ros2_ws/install/new_interfaces/share/new_interfaces/cmake/new_interfaces__rosidl_typesupport_introspection_cppExport-noconfig.cmake
-- Up-to-date: /home/erum/ros2/ros2_ws/install/new_interfaces/share/new_interfaces/cmake/new_interfaces__rosidl_typesupport_cppExport.cmake
-- Up-to-date: /home/erum/ros2/ros2_ws/install/new_interfaces/share/new_interfaces/cmake/new_interfaces__rosidl_typesupport_cppExport-noconfig.cmake
-- Up-to-date: /home/erum/ros2/ros2_ws/install/new_interfaces/share/new_interfaces/cmake/export_new_interfaces__rosidl_generator_pyExport.cmake
-- Up-to-date: /home/erum/ros2/ros2_ws/install/new_interfaces/share/new_interfaces/cmake/export_new_interfaces__rosidl_generator_pyExport-noconfig.cmake
-- Up-to-date: /home/erum/ros2/ros2_ws/install/new_interfaces/share/new_interfaces/cmake/rosidl_cmake-extras.cmake
-- Up-to-date: /home/erum/ros2/ros2_ws/install/new_interfaces/share/new_interfaces/cmake/ament_cmake_export_include_directories-extras.cmake
-- Up-to-date: /home/erum/ros2/ros2_ws/install/new_interfaces/share/new_interfaces/cmake/ament_cmake_export_libraries-extras.cmake
-- Up-to-date: /home/erum/ros2/ros2_ws/install/new_interfaces/share/new_interfaces/cmake/ament_cmake_export_targets-extras.cmake
-- Up-to-date: /home/erum/ros2/ros2_ws/install/new_interfaces/share/new_interfaces/cmake/rosidl_cmake_export_typesupport_targets-extras.cmake
-- Up-to-date: /home/erum/ros2/ros2_ws/install/new_interfaces/share/new_interfaces/cmake/ament_cmake_export_dependencies-extras.cmake
-- Up-to-date: /home/erum/ros2/ros2_ws/install/new_interfaces/share/new_interfaces/cmake/rosidl_cmake_export_typesupport_libraries-extras.cmake
-- Up-to-date: /home/erum/ros2/ros2_ws/install/new_interfaces/share/new_interfaces/cmake/new_interfacesConfig.cmake
-- Up-to-date: /home/erum/ros2/ros2_ws/install/new_interfaces/share/new_interfaces/cmake/new_interfacesConfig-version.cmake
-- Up-to-date: /home/erum/ros2/ros2_ws/install/new_interfaces/share/new_interfaces/package.xml
