[0.454s] Invoking command in '/home/erum/ros2/ros2_ws/build/new_interfaces': CMAKE_PREFIX_PATH=${CMAKE_PREFIX_PATH}:/opt/ros/jazzy DEBUGINFOD_URLS=https://debuginfod.ubuntu.com /usr/bin/cmake --build /home/erum/ros2/ros2_ws/build/new_interfaces -- -j2 -l2
[0.922s] [  2%] Built target new_interfaces__rosidl_generator_type_description
[0.984s] [  2%] Built target ament_cmake_python_copy_new_interfaces
[0.985s] [  5%] Built target new_interfaces__cpp
[1.101s] [ 20%] Built target new_interfaces__rosidl_generator_c
[1.267s] [ 29%] Built target new_interfaces__rosidl_typesupport_cpp
[1.408s] [ 38%] Built target new_interfaces__rosidl_typesupport_fastrtps_c
[1.513s] running egg_info
[1.521s] [ 47%] Built target new_interfaces__rosidl_typesupport_introspection_c
[1.542s] writing new_interfaces.egg-info/PKG-INFO
[1.545s] writing dependency_links to new_interfaces.egg-info/dependency_links.txt
[1.545s] writing top-level names to new_interfaces.egg-info/top_level.txt
[1.624s] [ 55%] Built target new_interfaces__rosidl_typesupport_c
[1.684s] reading manifest file 'new_interfaces.egg-info/SOURCES.txt'
[1.686s] writing manifest file 'new_interfaces.egg-info/SOURCES.txt'
[1.728s] [ 64%] Built target new_interfaces__rosidl_typesupport_fastrtps_cpp
[1.734s] [ 64%] Built target ament_cmake_python_build_new_interfaces_egg
[1.808s] [ 73%] Built target new_interfaces__rosidl_typesupport_introspection_cpp
[1.854s] [ 73%] Built target new_interfaces
[1.909s] [ 76%] Built target new_interfaces__py
[1.993s] [ 82%] Built target new_interfaces__rosidl_generator_py
[2.044s] [ 88%] Built target new_interfaces_s__rosidl_typesupport_fastrtps_c
[2.075s] [ 94%] Built target new_interfaces_s__rosidl_typesupport_introspection_c
[2.104s] [100%] Built target new_interfaces_s__rosidl_typesupport_c
[2.121s] Invoked command in '/home/erum/ros2/ros2_ws/build/new_interfaces' returned '0': CMAKE_PREFIX_PATH=${CMAKE_PREFIX_PATH}:/opt/ros/jazzy DEBUGINFOD_URLS=https://debuginfod.ubuntu.com /usr/bin/cmake --build /home/erum/ros2/ros2_ws/build/new_interfaces -- -j2 -l2
[2.142s] Invoking command in '/home/erum/ros2/ros2_ws/build/new_interfaces': CMAKE_PREFIX_PATH=${CMAKE_PREFIX_PATH}:/opt/ros/jazzy DEBUGINFOD_URLS=https://debuginfod.ubuntu.com /usr/bin/cmake --install /home/erum/ros2/ros2_ws/build/new_interfaces
[2.160s] -- Install configuration: ""
[2.169s] -- Up-to-date: /home/erum/ros2/ros2_ws/install/new_interfaces/share/ament_index/resource_index/rosidl_interfaces/new_interfaces
[2.172s] -- Up-to-date: /home/erum/ros2/ros2_ws/install/new_interfaces/share/new_interfaces/msg/IotSensor.json
[2.177s] -- Up-to-date: /home/erum/ros2/ros2_ws/install/new_interfaces/include/new_interfaces/new_interfaces
[2.177s] -- Up-to-date: /home/erum/ros2/ros2_ws/install/new_interfaces/include/new_interfaces/new_interfaces/msg
[2.179s] -- Up-to-date: /home/erum/ros2/ros2_ws/install/new_interfaces/include/new_interfaces/new_interfaces/msg/rosidl_generator_c__visibility_control.h
[2.180s] -- Up-to-date: /home/erum/ros2/ros2_ws/install/new_interfaces/include/new_interfaces/new_interfaces/msg/iot_sensor.h
[2.180s] -- Up-to-date: /home/erum/ros2/ros2_ws/install/new_interfaces/include/new_interfaces/new_interfaces/msg/detail
[2.180s] -- Up-to-date: /home/erum/ros2/ros2_ws/install/new_interfaces/include/new_interfaces/new_interfaces/msg/detail/iot_sensor__functions.c
[2.181s] -- Up-to-date: /home/erum/ros2/ros2_ws/install/new_interfaces/include/new_interfaces/new_interfaces/msg/detail/iot_sensor__type_support.h
[2.181s] -- Up-to-date: /home/erum/ros2/ros2_ws/install/new_interfaces/include/new_interfaces/new_interfaces/msg/detail/iot_sensor__struct.h
[2.182s] -- Installing: /home/erum/ros2/ros2_ws/install/new_interfaces/include/new_interfaces/new_interfaces/msg/detail/iot_sensor__type_support.c
[2.183s] -- Up-to-date: /home/erum/ros2/ros2_ws/install/new_interfaces/include/new_interfaces/new_interfaces/msg/detail/iot_sensor__description.c
[2.183s] -- Up-to-date: /home/erum/ros2/ros2_ws/install/new_interfaces/include/new_interfaces/new_interfaces/msg/detail/iot_sensor__functions.h
[2.184s] -- Up-to-date: /home/erum/ros2/ros2_ws/install/new_interfaces/share/new_interfaces/environment/library_path.sh
[2.185s] -- Up-to-date: /home/erum/ros2/ros2_ws/install/new_interfaces/share/new_interfaces/environment/library_path.dsv
[2.188s] -- Up-to-date: /home/erum/ros2/ros2_ws/install/new_interfaces/lib/libnew_interfaces__rosidl_generator_c.so
[2.188s] -- Up-to-date: /home/erum/ros2/ros2_ws/install/new_interfaces/include/new_interfaces/new_interfaces
[2.189s] -- Up-to-date: /home/erum/ros2/ros2_ws/install/new_interfaces/include/new_interfaces/new_interfaces/msg
[2.189s] -- Up-to-date: /home/erum/ros2/ros2_ws/install/new_interfaces/include/new_interfaces/new_interfaces/msg/rosidl_typesupport_fastrtps_c__visibility_control.h
[2.189s] -- Up-to-date: /home/erum/ros2/ros2_ws/install/new_interfaces/include/new_interfaces/new_interfaces/msg/detail
[2.189s] -- Up-to-date: /home/erum/ros2/ros2_ws/install/new_interfaces/include/new_interfaces/new_interfaces/msg/detail/iot_sensor__rosidl_typesupport_fastrtps_c.h
[2.191s] -- Up-to-date: /home/erum/ros2/ros2_ws/install/new_interfaces/lib/libnew_interfaces__rosidl_typesupport_fastrtps_c.so
[2.191s] -- Up-to-date: /home/erum/ros2/ros2_ws/install/new_interfaces/include/new_interfaces/new_interfaces
[2.192s] -- Up-to-date: /home/erum/ros2/ros2_ws/install/new_interfaces/include/new_interfaces/new_interfaces/msg
[2.192s] -- Up-to-date: /home/erum/ros2/ros2_ws/install/new_interfaces/include/new_interfaces/new_interfaces/msg/rosidl_typesupport_introspection_c__visibility_control.h
[2.192s] -- Up-to-date: /home/erum/ros2/ros2_ws/install/new_interfaces/include/new_interfaces/new_interfaces/msg/detail
[2.193s] -- Up-to-date: /home/erum/ros2/ros2_ws/install/new_interfaces/include/new_interfaces/new_interfaces/msg/detail/iot_sensor__rosidl_typesupport_introspection_c.h
[2.193s] -- Installing: /home/erum/ros2/ros2_ws/install/new_interfaces/include/new_interfaces/new_interfaces/msg/detail/iot_sensor__type_support.c
[2.194s] -- Up-to-date: /home/erum/ros2/ros2_ws/install/new_interfaces/lib/libnew_interfaces__rosidl_typesupport_introspection_c.so
[2.197s] -- Up-to-date: /home/erum/ros2/ros2_ws/install/new_interfaces/lib/libnew_interfaces__rosidl_typesupport_c.so
[2.197s] -- Up-to-date: /home/erum/ros2/ros2_ws/install/new_interfaces/include/new_interfaces/new_interfaces
[2.197s] -- Up-to-date: /home/erum/ros2/ros2_ws/install/new_interfaces/include/new_interfaces/new_interfaces/msg
[2.198s] -- Up-to-date: /home/erum/ros2/ros2_ws/install/new_interfaces/include/new_interfaces/new_interfaces/msg/iot_sensor.hpp
[2.198s] -- Up-to-date: /home/erum/ros2/ros2_ws/install/new_interfaces/include/new_interfaces/new_interfaces/msg/rosidl_generator_cpp__visibility_control.hpp
[2.198s] -- Up-to-date: /home/erum/ros2/ros2_ws/install/new_interfaces/include/new_interfaces/new_interfaces/msg/detail
[2.199s] -- Up-to-date: /home/erum/ros2/ros2_ws/install/new_interfaces/include/new_interfaces/new_interfaces/msg/detail/iot_sensor__builder.hpp
[2.199s] -- Up-to-date: /home/erum/ros2/ros2_ws/install/new_interfaces/include/new_interfaces/new_interfaces/msg/detail/iot_sensor__type_support.hpp
[2.199s] -- Up-to-date: /home/erum/ros2/ros2_ws/install/new_interfaces/include/new_interfaces/new_interfaces/msg/detail/iot_sensor__struct.hpp
[2.200s] -- Up-to-date: /home/erum/ros2/ros2_ws/install/new_interfaces/include/new_interfaces/new_interfaces/msg/detail/iot_sensor__traits.hpp
[2.200s] -- Up-to-date: /home/erum/ros2/ros2_ws/install/new_interfaces/include/new_interfaces/new_interfaces
[2.200s] -- Up-to-date: /home/erum/ros2/ros2_ws/install/new_interfaces/include/new_interfaces/new_interfaces/msg
[2.200s] -- Up-to-date: /home/erum/ros2/ros2_ws/install/new_interfaces/include/new_interfaces/new_interfaces/msg/detail
[2.200s] -- Up-to-date: /home/erum/ros2/ros2_ws/install/new_interfaces/include/new_interfaces/new_interfaces/msg/detail/dds_fastrtps
[2.200s] -- Up-to-date: /home/erum/ros2/ros2_ws/install/new_interfaces/include/new_interfaces/new_interfaces/msg/detail/iot_sensor__rosidl_typesupport_fastrtps_cpp.hpp
[2.201s] -- Up-to-date: /home/erum/ros2/ros2_ws/install/new_interfaces/include/new_interfaces/new_interfaces/msg/rosidl_typesupport_fastrtps_cpp__visibility_control.h
[2.204s] -- Up-to-date: /home/erum/ros2/ros2_ws/install/new_interfaces/lib/libnew_interfaces__rosidl_typesupport_fastrtps_cpp.so
[2.205s] -- Up-to-date: /home/erum/ros2/ros2_ws/install/new_interfaces/include/new_interfaces/new_interfaces
[2.206s] -- Up-to-date: /home/erum/ros2/ros2_ws/install/new_interfaces/include/new_interfaces/new_interfaces/msg
[2.206s] -- Up-to-date: /home/erum/ros2/ros2_ws/install/new_interfaces/include/new_interfaces/new_interfaces/msg/detail
[2.206s] -- Up-to-date: /home/erum/ros2/ros2_ws/install/new_interfaces/include/new_interfaces/new_interfaces/msg/detail/iot_sensor__type_support.cpp
[2.206s] -- Up-to-date: /home/erum/ros2/ros2_ws/install/new_interfaces/include/new_interfaces/new_interfaces/msg/detail/iot_sensor__rosidl_typesupport_introspection_cpp.hpp
[2.208s] -- Up-to-date: /home/erum/ros2/ros2_ws/install/new_interfaces/lib/libnew_interfaces__rosidl_typesupport_introspection_cpp.so
[2.210s] -- Up-to-date: /home/erum/ros2/ros2_ws/install/new_interfaces/lib/libnew_interfaces__rosidl_typesupport_cpp.so
[2.211s] -- Up-to-date: /home/erum/ros2/ros2_ws/install/new_interfaces/share/new_interfaces/environment/pythonpath.sh
[2.211s] -- Up-to-date: /home/erum/ros2/ros2_ws/install/new_interfaces/share/new_interfaces/environment/pythonpath.dsv
[2.213s] -- Up-to-date: /home/erum/ros2/ros2_ws/install/new_interfaces/lib/python3.12/site-packages/new_interfaces-0.0.0-py3.12.egg-info
[2.215s] -- Installing: /home/erum/ros2/ros2_ws/install/new_interfaces/lib/python3.12/site-packages/new_interfaces-0.0.0-py3.12.egg-info/SOURCES.txt
[2.215s] -- Installing: /home/erum/ros2/ros2_ws/install/new_interfaces/lib/python3.12/site-packages/new_interfaces-0.0.0-py3.12.egg-info/top_level.txt
[2.216s] -- Installing: /home/erum/ros2/ros2_ws/install/new_interfaces/lib/python3.12/site-packages/new_interfaces-0.0.0-py3.12.egg-info/dependency_links.txt
[2.216s] -- Installing: /home/erum/ros2/ros2_ws/install/new_interfaces/lib/python3.12/site-packages/new_interfaces-0.0.0-py3.12.egg-info/PKG-INFO
[2.216s] -- Up-to-date: /home/erum/ros2/ros2_ws/install/new_interfaces/lib/python3.12/site-packages/new_interfaces
[2.217s] -- Up-to-date: /home/erum/ros2/ros2_ws/install/new_interfaces/lib/python3.12/site-packages/new_interfaces/_new_interfaces_s.ep.rosidl_typesupport_c.c
[2.218s] -- Up-to-date: /home/erum/ros2/ros2_ws/install/new_interfaces/lib/python3.12/site-packages/new_interfaces/__init__.py
[2.218s] -- Up-to-date: /home/erum/ros2/ros2_ws/install/new_interfaces/lib/python3.12/site-packages/new_interfaces/_new_interfaces_s.ep.rosidl_typesupport_introspection_c.c
[2.218s] -- Up-to-date: /home/erum/ros2/ros2_ws/install/new_interfaces/lib/python3.12/site-packages/new_interfaces/_new_interfaces_s.ep.rosidl_typesupport_fastrtps_c.c
[2.218s] -- Up-to-date: /home/erum/ros2/ros2_ws/install/new_interfaces/lib/python3.12/site-packages/new_interfaces/new_interfaces_s__rosidl_typesupport_fastrtps_c.so
[2.219s] -- Up-to-date: /home/erum/ros2/ros2_ws/install/new_interfaces/lib/python3.12/site-packages/new_interfaces/new_interfaces_s__rosidl_typesupport_c.so
[2.219s] -- Up-to-date: /home/erum/ros2/ros2_ws/install/new_interfaces/lib/python3.12/site-packages/new_interfaces/msg
[2.221s] -- Up-to-date: /home/erum/ros2/ros2_ws/install/new_interfaces/lib/python3.12/site-packages/new_interfaces/msg/_iot_sensor.py
[2.221s] -- Up-to-date: /home/erum/ros2/ros2_ws/install/new_interfaces/lib/python3.12/site-packages/new_interfaces/msg/__init__.py
[2.221s] -- Up-to-date: /home/erum/ros2/ros2_ws/install/new_interfaces/lib/python3.12/site-packages/new_interfaces/msg/_iot_sensor_s.c
[2.221s] -- Up-to-date: /home/erum/ros2/ros2_ws/install/new_interfaces/lib/python3.12/site-packages/new_interfaces/new_interfaces_s__rosidl_typesupport_introspection_c.so
[2.332s] Listing '/home/erum/ros2/ros2_ws/install/new_interfaces/lib/python3.12/site-packages/new_interfaces'...
[2.332s] Listing '/home/erum/ros2/ros2_ws/install/new_interfaces/lib/python3.12/site-packages/new_interfaces/msg'...
[2.340s] -- Up-to-date: /home/erum/ros2/ros2_ws/install/new_interfaces/lib/python3.12/site-packages/new_interfaces/new_interfaces_s__rosidl_typesupport_fastrtps_c.so
[2.342s] -- Up-to-date: /home/erum/ros2/ros2_ws/install/new_interfaces/lib/python3.12/site-packages/new_interfaces/new_interfaces_s__rosidl_typesupport_introspection_c.so
[2.344s] -- Up-to-date: /home/erum/ros2/ros2_ws/install/new_interfaces/lib/python3.12/site-packages/new_interfaces/new_interfaces_s__rosidl_typesupport_c.so
[2.348s] -- Up-to-date: /home/erum/ros2/ros2_ws/install/new_interfaces/lib/libnew_interfaces__rosidl_generator_py.so
[2.350s] -- Up-to-date: /home/erum/ros2/ros2_ws/install/new_interfaces/share/new_interfaces/msg/IotSensor.idl
[2.350s] -- Up-to-date: /home/erum/ros2/ros2_ws/install/new_interfaces/share/new_interfaces/msg/IotSensor.msg
[2.351s] -- Up-to-date: /home/erum/ros2/ros2_ws/install/new_interfaces/share/ament_index/resource_index/package_run_dependencies/new_interfaces
[2.352s] -- Up-to-date: /home/erum/ros2/ros2_ws/install/new_interfaces/share/ament_index/resource_index/parent_prefix_path/new_interfaces
[2.353s] -- Up-to-date: /home/erum/ros2/ros2_ws/install/new_interfaces/share/new_interfaces/environment/ament_prefix_path.sh
[2.353s] -- Up-to-date: /home/erum/ros2/ros2_ws/install/new_interfaces/share/new_interfaces/environment/ament_prefix_path.dsv
[2.353s] -- Up-to-date: /home/erum/ros2/ros2_ws/install/new_interfaces/share/new_interfaces/environment/path.sh
[2.354s] -- Up-to-date: /home/erum/ros2/ros2_ws/install/new_interfaces/share/new_interfaces/environment/path.dsv
[2.355s] -- Up-to-date: /home/erum/ros2/ros2_ws/install/new_interfaces/share/new_interfaces/local_setup.bash
[2.355s] -- Up-to-date: /home/erum/ros2/ros2_ws/install/new_interfaces/share/new_interfaces/local_setup.sh
[2.358s] -- Up-to-date: /home/erum/ros2/ros2_ws/install/new_interfaces/share/new_interfaces/local_setup.zsh
[2.359s] -- Up-to-date: /home/erum/ros2/ros2_ws/install/new_interfaces/share/new_interfaces/local_setup.dsv
[2.359s] -- Installing: /home/erum/ros2/ros2_ws/install/new_interfaces/share/new_interfaces/package.dsv
[2.360s] -- Up-to-date: /home/erum/ros2/ros2_ws/install/new_interfaces/share/ament_index/resource_index/packages/new_interfaces
[2.370s] -- Up-to-date: /home/erum/ros2/ros2_ws/install/new_interfaces/share/new_interfaces/cmake/export_new_interfaces__rosidl_generator_cExport.cmake
[2.371s] -- Up-to-date: /home/erum/ros2/ros2_ws/install/new_interfaces/share/new_interfaces/cmake/export_new_interfaces__rosidl_generator_cExport-noconfig.cmake
[2.377s] -- Up-to-date: /home/erum/ros2/ros2_ws/install/new_interfaces/share/new_interfaces/cmake/export_new_interfaces__rosidl_typesupport_fastrtps_cExport.cmake
[2.378s] -- Up-to-date: /home/erum/ros2/ros2_ws/install/new_interfaces/share/new_interfaces/cmake/export_new_interfaces__rosidl_typesupport_fastrtps_cExport-noconfig.cmake
[2.379s] -- Up-to-date: /home/erum/ros2/ros2_ws/install/new_interfaces/share/new_interfaces/cmake/new_interfaces__rosidl_typesupport_introspection_cExport.cmake
[2.380s] -- Up-to-date: /home/erum/ros2/ros2_ws/install/new_interfaces/share/new_interfaces/cmake/new_interfaces__rosidl_typesupport_introspection_cExport-noconfig.cmake
[2.381s] -- Up-to-date: /home/erum/ros2/ros2_ws/install/new_interfaces/share/new_interfaces/cmake/new_interfaces__rosidl_typesupport_cExport.cmake
[2.381s] -- Up-to-date: /home/erum/ros2/ros2_ws/install/new_interfaces/share/new_interfaces/cmake/new_interfaces__rosidl_typesupport_cExport-noconfig.cmake
[2.383s] -- Up-to-date: /home/erum/ros2/ros2_ws/install/new_interfaces/share/new_interfaces/cmake/export_new_interfaces__rosidl_generator_cppExport.cmake
[2.385s] -- Up-to-date: /home/erum/ros2/ros2_ws/install/new_interfaces/share/new_interfaces/cmake/export_new_interfaces__rosidl_typesupport_fastrtps_cppExport.cmake
[2.385s] -- Up-to-date: /home/erum/ros2/ros2_ws/install/new_interfaces/share/new_interfaces/cmake/export_new_interfaces__rosidl_typesupport_fastrtps_cppExport-noconfig.cmake
[2.387s] -- Up-to-date: /home/erum/ros2/ros2_ws/install/new_interfaces/share/new_interfaces/cmake/new_interfaces__rosidl_typesupport_introspection_cppExport.cmake
[2.388s] -- Up-to-date: /home/erum/ros2/ros2_ws/install/new_interfaces/share/new_interfaces/cmake/new_interfaces__rosidl_typesupport_introspection_cppExport-noconfig.cmake
[2.389s] -- Up-to-date: /home/erum/ros2/ros2_ws/install/new_interfaces/share/new_interfaces/cmake/new_interfaces__rosidl_typesupport_cppExport.cmake
[2.390s] -- Up-to-date: /home/erum/ros2/ros2_ws/install/new_interfaces/share/new_interfaces/cmake/new_interfaces__rosidl_typesupport_cppExport-noconfig.cmake
[2.391s] -- Up-to-date: /home/erum/ros2/ros2_ws/install/new_interfaces/share/new_interfaces/cmake/export_new_interfaces__rosidl_generator_pyExport.cmake
[2.391s] -- Up-to-date: /home/erum/ros2/ros2_ws/install/new_interfaces/share/new_interfaces/cmake/export_new_interfaces__rosidl_generator_pyExport-noconfig.cmake
[2.391s] -- Up-to-date: /home/erum/ros2/ros2_ws/install/new_interfaces/share/new_interfaces/cmake/rosidl_cmake-extras.cmake
[2.392s] -- Up-to-date: /home/erum/ros2/ros2_ws/install/new_interfaces/share/new_interfaces/cmake/ament_cmake_export_include_directories-extras.cmake
[2.392s] -- Up-to-date: /home/erum/ros2/ros2_ws/install/new_interfaces/share/new_interfaces/cmake/ament_cmake_export_libraries-extras.cmake
[2.392s] -- Up-to-date: /home/erum/ros2/ros2_ws/install/new_interfaces/share/new_interfaces/cmake/ament_cmake_export_targets-extras.cmake
[2.393s] -- Up-to-date: /home/erum/ros2/ros2_ws/install/new_interfaces/share/new_interfaces/cmake/rosidl_cmake_export_typesupport_targets-extras.cmake
[2.393s] -- Up-to-date: /home/erum/ros2/ros2_ws/install/new_interfaces/share/new_interfaces/cmake/ament_cmake_export_dependencies-extras.cmake
[2.393s] -- Up-to-date: /home/erum/ros2/ros2_ws/install/new_interfaces/share/new_interfaces/cmake/rosidl_cmake_export_typesupport_libraries-extras.cmake
[2.394s] -- Up-to-date: /home/erum/ros2/ros2_ws/install/new_interfaces/share/new_interfaces/cmake/new_interfacesConfig.cmake
[2.394s] -- Up-to-date: /home/erum/ros2/ros2_ws/install/new_interfaces/share/new_interfaces/cmake/new_interfacesConfig-version.cmake
[2.394s] -- Up-to-date: /home/erum/ros2/ros2_ws/install/new_interfaces/share/new_interfaces/package.xml
[2.398s] Invoked command in '/home/erum/ros2/ros2_ws/build/new_interfaces' returned '0': CMAKE_PREFIX_PATH=${CMAKE_PREFIX_PATH}:/opt/ros/jazzy DEBUGINFOD_URLS=https://debuginfod.ubuntu.com /usr/bin/cmake --install /home/erum/ros2/ros2_ws/build/new_interfaces
