[3.779s] Invoking command in '/home/erum/ros2_workspace/src/my_first_pkg': DEBUGINFOD_URLS=https://debuginfod.ubuntu.com PYTHONPATH=/home/erum/ros2_workspace/src/build/my_first_pkg/prefix_override:/usr/lib/python3/dist-packages/colcon_core/task/python/colcon_distutils_commands:/home/erum/ros2_workspace/src/install/my_first_pkg/lib/python3.12/site-packages:${PYTHONPATH} /usr/bin/python3 -W ignore:setup.py install is deprecated -W ignore:easy_install command is deprecated setup.py egg_info --egg-base ../build/my_first_pkg build --build-base /home/erum/ros2_workspace/src/build/my_first_pkg/build install --record /home/erum/ros2_workspace/src/build/my_first_pkg/install.log --single-version-externally-managed install_data
[5.126s] running egg_info
[5.170s] writing ../build/my_first_pkg/my_first_pkg.egg-info/PKG-INFO
[5.171s] writing dependency_links to ../build/my_first_pkg/my_first_pkg.egg-info/dependency_links.txt
[5.173s] writing entry points to ../build/my_first_pkg/my_first_pkg.egg-info/entry_points.txt
[5.173s] writing requirements to ../build/my_first_pkg/my_first_pkg.egg-info/requires.txt
[5.174s] writing top-level names to ../build/my_first_pkg/my_first_pkg.egg-info/top_level.txt
[5.246s] reading manifest file '../build/my_first_pkg/my_first_pkg.egg-info/SOURCES.txt'
[5.247s] writing manifest file '../build/my_first_pkg/my_first_pkg.egg-info/SOURCES.txt'
[5.247s] running build
[5.247s] running build_py
[5.250s] running install
[5.264s] running install_lib
[5.311s] running install_data
[5.311s] running install_egg_info
[5.365s] removing '/home/erum/ros2_workspace/src/install/my_first_pkg/lib/python3.12/site-packages/my_first_pkg-0.0.0-py3.12.egg-info' (and everything under it)
[5.371s] Copying ../build/my_first_pkg/my_first_pkg.egg-info to /home/erum/ros2_workspace/src/install/my_first_pkg/lib/python3.12/site-packages/my_first_pkg-0.0.0-py3.12.egg-info
[5.375s] running install_scripts
[5.526s] Installing minimal_publisher script to /home/erum/ros2_workspace/src/install/my_first_pkg/lib/my_first_pkg
[5.527s] Installing minimal_subscriber script to /home/erum/ros2_workspace/src/install/my_first_pkg/lib/my_first_pkg
[5.527s] writing list of installed files to '/home/erum/ros2_workspace/src/build/my_first_pkg/install.log'
[5.563s] Invoked command in '/home/erum/ros2_workspace/src/my_first_pkg' returned '0': DEBUGINFOD_URLS=https://debuginfod.ubuntu.com PYTHONPATH=/home/erum/ros2_workspace/src/build/my_first_pkg/prefix_override:/usr/lib/python3/dist-packages/colcon_core/task/python/colcon_distutils_commands:/home/erum/ros2_workspace/src/install/my_first_pkg/lib/python3.12/site-packages:${PYTHONPATH} /usr/bin/python3 -W ignore:setup.py install is deprecated -W ignore:easy_install command is deprecated setup.py egg_info --egg-base ../build/my_first_pkg build --build-base /home/erum/ros2_workspace/src/build/my_first_pkg/build install --record /home/erum/ros2_workspace/src/build/my_first_pkg/install.log --single-version-externally-managed install_data
