[1.131s] DEBUG:colcon:Command line arguments: ['/usr/bin/colcon', 'build']
[1.132s] DEBUG:colcon:Parsed command line arguments: Namespace(log_base=None, log_level=None, verb_name='build', build_base='build', install_base='install', merge_install=False, symlink_install=False, test_result_base=None, continue_on_error=False, executor='parallel', parallel_workers=2, event_handlers=None, ignore_user_meta=False, metas=['./colcon.meta'], base_paths=['.'], packages_ignore=None, packages_ignore_regex=None, paths=None, packages_up_to=None, packages_up_to_regex=None, packages_above=None, packages_above_and_dependencies=None, packages_above_depth=None, packages_select_by_dep=None, packages_skip_by_dep=None, packages_skip_up_to=None, packages_select_build_failed=False, packages_skip_build_finished=False, packages_select_test_failures=False, packages_skip_test_passed=False, packages_select=None, packages_skip=None, packages_select_regex=None, packages_skip_regex=None, packages_start=None, packages_end=None, allow_overriding=[], cmake_args=None, cmake_target=None, cmake_target_skip_unavailable=False, cmake_clean_cache=False, cmake_clean_first=False, cmake_force_configure=False, ament_cmake_args=None, catkin_cmake_args=None, catkin_skip_building_tests=False, mixin_files=None, mixin=None, verb_parser=<colcon_mixin.mixin.mixin_argument.MixinArgumentDecorator object at 0x70af2437e2a0>, verb_extension=<colcon_core.verb.build.BuildVerb object at 0x70af244caa50>, main=<bound method BuildVerb.main of <colcon_core.verb.build.BuildVerb object at 0x70af244caa50>>, mixin_verb=('build',))
[1.423s] Level 1:colcon.colcon_core.package_discovery:discover_packages(colcon_meta) check parameters
[1.423s] Level 1:colcon.colcon_core.package_discovery:discover_packages(recursive) check parameters
[1.423s] Level 1:colcon.colcon_core.package_discovery:discover_packages(ignore) check parameters
[1.423s] Level 1:colcon.colcon_core.package_discovery:discover_packages(path) check parameters
[1.423s] Level 1:colcon.colcon_core.package_discovery:discover_packages(colcon_meta) discover
[1.423s] Level 1:colcon.colcon_core.package_discovery:discover_packages(recursive) discover
[1.423s] INFO:colcon.colcon_core.package_discovery:Crawling recursively for packages in '/home/erum/ros2_workspace'
[1.423s] Level 1:colcon.colcon_core.package_identification:_identify(.) by extensions ['ignore', 'ignore_ament_install']
[1.424s] Level 1:colcon.colcon_core.package_identification:_identify(.) by extension 'ignore'
[1.424s] Level 1:colcon.colcon_core.package_identification:_identify(.) by extension 'ignore_ament_install'
[1.424s] Level 1:colcon.colcon_core.package_identification:_identify(.) by extensions ['colcon_pkg']
[1.425s] Level 1:colcon.colcon_core.package_identification:_identify(.) by extension 'colcon_pkg'
[1.425s] Level 1:colcon.colcon_core.package_identification:_identify(.) by extensions ['colcon_meta']
[1.425s] Level 1:colcon.colcon_core.package_identification:_identify(.) by extension 'colcon_meta'
[1.425s] Level 1:colcon.colcon_core.package_identification:_identify(.) by extensions ['ros']
[1.425s] Level 1:colcon.colcon_core.package_identification:_identify(.) by extension 'ros'
[1.685s] Level 1:colcon.colcon_core.package_identification:_identify(.) by extensions ['cmake', 'python']
[1.685s] Level 1:colcon.colcon_core.package_identification:_identify(.) by extension 'cmake'
[1.686s] Level 1:colcon.colcon_core.package_identification:_identify(.) by extension 'python'
[1.686s] Level 1:colcon.colcon_core.package_identification:_identify(.) by extensions ['python_setup_py']
[1.686s] Level 1:colcon.colcon_core.package_identification:_identify(.) by extension 'python_setup_py'
[1.686s] Level 1:colcon.colcon_core.package_identification:_identify(build) by extensions ['ignore', 'ignore_ament_install']
[1.686s] Level 1:colcon.colcon_core.package_identification:_identify(build) by extension 'ignore'
[1.686s] Level 1:colcon.colcon_core.package_identification:_identify(build) ignored
[1.687s] Level 1:colcon.colcon_core.package_identification:_identify(install) by extensions ['ignore', 'ignore_ament_install']
[1.687s] Level 1:colcon.colcon_core.package_identification:_identify(install) by extension 'ignore'
[1.687s] Level 1:colcon.colcon_core.package_identification:_identify(install) ignored
[1.687s] Level 1:colcon.colcon_core.package_identification:_identify(log) by extensions ['ignore', 'ignore_ament_install']
[1.688s] Level 1:colcon.colcon_core.package_identification:_identify(log) by extension 'ignore'
[1.688s] Level 1:colcon.colcon_core.package_identification:_identify(log) ignored
[1.688s] Level 1:colcon.colcon_core.package_identification:_identify(maps) by extensions ['ignore', 'ignore_ament_install']
[1.688s] Level 1:colcon.colcon_core.package_identification:_identify(maps) by extension 'ignore'
[1.688s] Level 1:colcon.colcon_core.package_identification:_identify(maps) by extension 'ignore_ament_install'
[1.688s] Level 1:colcon.colcon_core.package_identification:_identify(maps) by extensions ['colcon_pkg']
[1.689s] Level 1:colcon.colcon_core.package_identification:_identify(maps) by extension 'colcon_pkg'
[1.689s] Level 1:colcon.colcon_core.package_identification:_identify(maps) by extensions ['colcon_meta']
[1.689s] Level 1:colcon.colcon_core.package_identification:_identify(maps) by extension 'colcon_meta'
[1.689s] Level 1:colcon.colcon_core.package_identification:_identify(maps) by extensions ['ros']
[1.689s] Level 1:colcon.colcon_core.package_identification:_identify(maps) by extension 'ros'
[1.690s] Level 1:colcon.colcon_core.package_identification:_identify(maps) by extensions ['cmake', 'python']
[1.690s] Level 1:colcon.colcon_core.package_identification:_identify(maps) by extension 'cmake'
[1.690s] Level 1:colcon.colcon_core.package_identification:_identify(maps) by extension 'python'
[1.690s] Level 1:colcon.colcon_core.package_identification:_identify(maps) by extensions ['python_setup_py']
[1.690s] Level 1:colcon.colcon_core.package_identification:_identify(maps) by extension 'python_setup_py'
[1.690s] Level 1:colcon.colcon_core.package_identification:_identify(src) by extensions ['ignore', 'ignore_ament_install']
[1.691s] Level 1:colcon.colcon_core.package_identification:_identify(src) by extension 'ignore'
[1.691s] Level 1:colcon.colcon_core.package_identification:_identify(src) by extension 'ignore_ament_install'
[1.691s] Level 1:colcon.colcon_core.package_identification:_identify(src) by extensions ['colcon_pkg']
[1.691s] Level 1:colcon.colcon_core.package_identification:_identify(src) by extension 'colcon_pkg'
[1.691s] Level 1:colcon.colcon_core.package_identification:_identify(src) by extensions ['colcon_meta']
[1.691s] Level 1:colcon.colcon_core.package_identification:_identify(src) by extension 'colcon_meta'
[1.691s] Level 1:colcon.colcon_core.package_identification:_identify(src) by extensions ['ros']
[1.691s] Level 1:colcon.colcon_core.package_identification:_identify(src) by extension 'ros'
[1.691s] Level 1:colcon.colcon_core.package_identification:_identify(src) by extensions ['cmake', 'python']
[1.691s] Level 1:colcon.colcon_core.package_identification:_identify(src) by extension 'cmake'
[1.691s] Level 1:colcon.colcon_core.package_identification:_identify(src) by extension 'python'
[1.691s] Level 1:colcon.colcon_core.package_identification:_identify(src) by extensions ['python_setup_py']
[1.692s] Level 1:colcon.colcon_core.package_identification:_identify(src) by extension 'python_setup_py'
[1.692s] Level 1:colcon.colcon_core.package_identification:_identify(src/Erum_pde4430) by extensions ['ignore', 'ignore_ament_install']
[1.692s] Level 1:colcon.colcon_core.package_identification:_identify(src/Erum_pde4430) by extension 'ignore'
[1.692s] Level 1:colcon.colcon_core.package_identification:_identify(src/Erum_pde4430) by extension 'ignore_ament_install'
[1.692s] Level 1:colcon.colcon_core.package_identification:_identify(src/Erum_pde4430) by extensions ['colcon_pkg']
[1.692s] Level 1:colcon.colcon_core.package_identification:_identify(src/Erum_pde4430) by extension 'colcon_pkg'
[1.692s] Level 1:colcon.colcon_core.package_identification:_identify(src/Erum_pde4430) by extensions ['colcon_meta']
[1.692s] Level 1:colcon.colcon_core.package_identification:_identify(src/Erum_pde4430) by extension 'colcon_meta'
[1.692s] Level 1:colcon.colcon_core.package_identification:_identify(src/Erum_pde4430) by extensions ['ros']
[1.692s] Level 1:colcon.colcon_core.package_identification:_identify(src/Erum_pde4430) by extension 'ros'
[1.715s] DEBUG:colcon.colcon_core.package_identification:Package 'src/Erum_pde4430' with type 'ros.ament_python' and name 'Erum_pde4430'
[1.715s] Level 1:colcon.colcon_core.package_identification:_identify(src/add_two_ints_pkg) by extensions ['ignore', 'ignore_ament_install']
[1.716s] Level 1:colcon.colcon_core.package_identification:_identify(src/add_two_ints_pkg) by extension 'ignore'
[1.717s] Level 1:colcon.colcon_core.package_identification:_identify(src/add_two_ints_pkg) by extension 'ignore_ament_install'
[1.717s] Level 1:colcon.colcon_core.package_identification:_identify(src/add_two_ints_pkg) by extensions ['colcon_pkg']
[1.717s] Level 1:colcon.colcon_core.package_identification:_identify(src/add_two_ints_pkg) by extension 'colcon_pkg'
[1.717s] Level 1:colcon.colcon_core.package_identification:_identify(src/add_two_ints_pkg) by extensions ['colcon_meta']
[1.717s] Level 1:colcon.colcon_core.package_identification:_identify(src/add_two_ints_pkg) by extension 'colcon_meta'
[1.717s] Level 1:colcon.colcon_core.package_identification:_identify(src/add_two_ints_pkg) by extensions ['ros']
[1.717s] Level 1:colcon.colcon_core.package_identification:_identify(src/add_two_ints_pkg) by extension 'ros'
[1.720s] DEBUG:colcon.colcon_core.package_identification:Package 'src/add_two_ints_pkg' with type 'ros.ament_python' and name 'add_two_ints_pkg'
[1.720s] Level 1:colcon.colcon_core.package_identification:_identify(src/mobile_robot) by extensions ['ignore', 'ignore_ament_install']
[1.721s] Level 1:colcon.colcon_core.package_identification:_identify(src/mobile_robot) by extension 'ignore'
[1.721s] Level 1:colcon.colcon_core.package_identification:_identify(src/mobile_robot) by extension 'ignore_ament_install'
[1.721s] Level 1:colcon.colcon_core.package_identification:_identify(src/mobile_robot) by extensions ['colcon_pkg']
[1.721s] Level 1:colcon.colcon_core.package_identification:_identify(src/mobile_robot) by extension 'colcon_pkg'
[1.721s] Level 1:colcon.colcon_core.package_identification:_identify(src/mobile_robot) by extensions ['colcon_meta']
[1.721s] Level 1:colcon.colcon_core.package_identification:_identify(src/mobile_robot) by extension 'colcon_meta'
[1.721s] Level 1:colcon.colcon_core.package_identification:_identify(src/mobile_robot) by extensions ['ros']
[1.721s] Level 1:colcon.colcon_core.package_identification:_identify(src/mobile_robot) by extension 'ros'
[1.725s] DEBUG:colcon.colcon_core.package_identification:Package 'src/mobile_robot' with type 'ros.ament_python' and name 'mobile_robot'
[1.725s] Level 1:colcon.colcon_core.package_identification:_identify(src/my_first_pkg) by extensions ['ignore', 'ignore_ament_install']
[1.726s] Level 1:colcon.colcon_core.package_identification:_identify(src/my_first_pkg) by extension 'ignore'
[1.726s] Level 1:colcon.colcon_core.package_identification:_identify(src/my_first_pkg) by extension 'ignore_ament_install'
[1.726s] Level 1:colcon.colcon_core.package_identification:_identify(src/my_first_pkg) by extensions ['colcon_pkg']
[1.727s] Level 1:colcon.colcon_core.package_identification:_identify(src/my_first_pkg) by extension 'colcon_pkg'
[1.727s] Level 1:colcon.colcon_core.package_identification:_identify(src/my_first_pkg) by extensions ['colcon_meta']
[1.727s] Level 1:colcon.colcon_core.package_identification:_identify(src/my_first_pkg) by extension 'colcon_meta'
[1.727s] Level 1:colcon.colcon_core.package_identification:_identify(src/my_first_pkg) by extensions ['ros']
[1.727s] Level 1:colcon.colcon_core.package_identification:_identify(src/my_first_pkg) by extension 'ros'
[1.730s] DEBUG:colcon.colcon_core.package_identification:Package 'src/my_first_pkg' with type 'ros.ament_python' and name 'my_first_pkg'
[1.730s] Level 1:colcon.colcon_core.package_identification:_identify(src/my_robot_description) by extensions ['ignore', 'ignore_ament_install']
[1.730s] Level 1:colcon.colcon_core.package_identification:_identify(src/my_robot_description) by extension 'ignore'
[1.730s] Level 1:colcon.colcon_core.package_identification:_identify(src/my_robot_description) by extension 'ignore_ament_install'
[1.730s] Level 1:colcon.colcon_core.package_identification:_identify(src/my_robot_description) by extensions ['colcon_pkg']
[1.730s] Level 1:colcon.colcon_core.package_identification:_identify(src/my_robot_description) by extension 'colcon_pkg'
[1.730s] Level 1:colcon.colcon_core.package_identification:_identify(src/my_robot_description) by extensions ['colcon_meta']
[1.731s] Level 1:colcon.colcon_core.package_identification:_identify(src/my_robot_description) by extension 'colcon_meta'
[1.731s] Level 1:colcon.colcon_core.package_identification:_identify(src/my_robot_description) by extensions ['ros']
[1.731s] Level 1:colcon.colcon_core.package_identification:_identify(src/my_robot_description) by extension 'ros'
[1.732s] DEBUG:colcon.colcon_core.package_identification:Package 'src/my_robot_description' with type 'ros.ament_cmake' and name 'my_robot_description'
[1.732s] Level 1:colcon.colcon_core.package_identification:_identify(src/new_interfaces) by extensions ['ignore', 'ignore_ament_install']
[1.733s] Level 1:colcon.colcon_core.package_identification:_identify(src/new_interfaces) by extension 'ignore'
[1.733s] Level 1:colcon.colcon_core.package_identification:_identify(src/new_interfaces) by extension 'ignore_ament_install'
[1.733s] Level 1:colcon.colcon_core.package_identification:_identify(src/new_interfaces) by extensions ['colcon_pkg']
[1.733s] Level 1:colcon.colcon_core.package_identification:_identify(src/new_interfaces) by extension 'colcon_pkg'
[1.733s] Level 1:colcon.colcon_core.package_identification:_identify(src/new_interfaces) by extensions ['colcon_meta']
[1.733s] Level 1:colcon.colcon_core.package_identification:_identify(src/new_interfaces) by extension 'colcon_meta'
[1.733s] Level 1:colcon.colcon_core.package_identification:_identify(src/new_interfaces) by extensions ['ros']
[1.733s] Level 1:colcon.colcon_core.package_identification:_identify(src/new_interfaces) by extension 'ros'
[1.735s] DEBUG:colcon.colcon_core.package_identification:Package 'src/new_interfaces' with type 'ros.ament_cmake' and name 'new_interfaces'
[1.735s] Level 1:colcon.colcon_core.package_identification:_identify(src/rect_area_pkg) by extensions ['ignore', 'ignore_ament_install']
[1.735s] Level 1:colcon.colcon_core.package_identification:_identify(src/rect_area_pkg) by extension 'ignore'
[1.735s] Level 1:colcon.colcon_core.package_identification:_identify(src/rect_area_pkg) by extension 'ignore_ament_install'
[1.735s] Level 1:colcon.colcon_core.package_identification:_identify(src/rect_area_pkg) by extensions ['colcon_pkg']
[1.735s] Level 1:colcon.colcon_core.package_identification:_identify(src/rect_area_pkg) by extension 'colcon_pkg'
[1.735s] Level 1:colcon.colcon_core.package_identification:_identify(src/rect_area_pkg) by extensions ['colcon_meta']
[1.736s] Level 1:colcon.colcon_core.package_identification:_identify(src/rect_area_pkg) by extension 'colcon_meta'
[1.736s] Level 1:colcon.colcon_core.package_identification:_identify(src/rect_area_pkg) by extensions ['ros']
[1.736s] Level 1:colcon.colcon_core.package_identification:_identify(src/rect_area_pkg) by extension 'ros'
[1.737s] DEBUG:colcon.colcon_core.package_identification:Package 'src/rect_area_pkg' with type 'ros.ament_python' and name 'rect_area_pkg'
[1.737s] Level 1:colcon.colcon_core.package_discovery:discover_packages(recursive) using defaults
[1.737s] Level 1:colcon.colcon_core.package_discovery:discover_packages(ignore) discover
[1.737s] Level 1:colcon.colcon_core.package_discovery:discover_packages(ignore) using defaults
[1.737s] Level 1:colcon.colcon_core.package_discovery:discover_packages(path) discover
[1.737s] Level 1:colcon.colcon_core.package_discovery:discover_packages(path) using defaults
[1.898s] Level 1:colcon.colcon_core.package_discovery:discover_packages(prefix_path) check parameters
[1.898s] Level 1:colcon.colcon_core.package_discovery:discover_packages(prefix_path) discover
[1.915s] DEBUG:colcon.colcon_installed_package_information.package_discovery:Found 9 installed packages in /home/erum/ros2_workspace/install
[1.919s] DEBUG:colcon.colcon_installed_package_information.package_discovery:Found 2 installed packages in /home/erum/install
[1.926s] DEBUG:colcon.colcon_installed_package_information.package_discovery:Found 498 installed packages in /opt/ros/jazzy
[1.928s] Level 1:colcon.colcon_core.package_discovery:discover_packages(prefix_path) using defaults
[2.581s] Level 5:colcon.colcon_core.verb:set package 'Erum_pde4430' build argument 'cmake_args' from command line to 'None'
[2.582s] Level 5:colcon.colcon_core.verb:set package 'Erum_pde4430' build argument 'cmake_target' from command line to 'None'
[2.582s] Level 5:colcon.colcon_core.verb:set package 'Erum_pde4430' build argument 'cmake_target_skip_unavailable' from command line to 'False'
[2.582s] Level 5:colcon.colcon_core.verb:set package 'Erum_pde4430' build argument 'cmake_clean_cache' from command line to 'False'
[2.582s] Level 5:colcon.colcon_core.verb:set package 'Erum_pde4430' build argument 'cmake_clean_first' from command line to 'False'
[2.582s] Level 5:colcon.colcon_core.verb:set package 'Erum_pde4430' build argument 'cmake_force_configure' from command line to 'False'
[2.582s] Level 5:colcon.colcon_core.verb:set package 'Erum_pde4430' build argument 'ament_cmake_args' from command line to 'None'
[2.582s] Level 5:colcon.colcon_core.verb:set package 'Erum_pde4430' build argument 'catkin_cmake_args' from command line to 'None'
[2.582s] Level 5:colcon.colcon_core.verb:set package 'Erum_pde4430' build argument 'catkin_skip_building_tests' from command line to 'False'
[2.582s] DEBUG:colcon.colcon_core.verb:Building package 'Erum_pde4430' with the following arguments: {'ament_cmake_args': None, 'build_base': '/home/erum/ros2_workspace/build/Erum_pde4430', 'catkin_cmake_args': None, 'catkin_skip_building_tests': False, 'cmake_args': None, 'cmake_clean_cache': False, 'cmake_clean_first': False, 'cmake_force_configure': False, 'cmake_target': None, 'cmake_target_skip_unavailable': False, 'install_base': '/home/erum/ros2_workspace/install/Erum_pde4430', 'merge_install': False, 'path': '/home/erum/ros2_workspace/src/Erum_pde4430', 'symlink_install': False, 'test_result_base': None}
[2.583s] Level 5:colcon.colcon_core.verb:set package 'mobile_robot' build argument 'cmake_args' from command line to 'None'
[2.583s] Level 5:colcon.colcon_core.verb:set package 'mobile_robot' build argument 'cmake_target' from command line to 'None'
[2.583s] Level 5:colcon.colcon_core.verb:set package 'mobile_robot' build argument 'cmake_target_skip_unavailable' from command line to 'False'
[2.583s] Level 5:colcon.colcon_core.verb:set package 'mobile_robot' build argument 'cmake_clean_cache' from command line to 'False'
[2.583s] Level 5:colcon.colcon_core.verb:set package 'mobile_robot' build argument 'cmake_clean_first' from command line to 'False'
[2.583s] Level 5:colcon.colcon_core.verb:set package 'mobile_robot' build argument 'cmake_force_configure' from command line to 'False'
[2.583s] Level 5:colcon.colcon_core.verb:set package 'mobile_robot' build argument 'ament_cmake_args' from command line to 'None'
[2.583s] Level 5:colcon.colcon_core.verb:set package 'mobile_robot' build argument 'catkin_cmake_args' from command line to 'None'
[2.583s] Level 5:colcon.colcon_core.verb:set package 'mobile_robot' build argument 'catkin_skip_building_tests' from command line to 'False'
[2.583s] DEBUG:colcon.colcon_core.verb:Building package 'mobile_robot' with the following arguments: {'ament_cmake_args': None, 'build_base': '/home/erum/ros2_workspace/build/mobile_robot', 'catkin_cmake_args': None, 'catkin_skip_building_tests': False, 'cmake_args': None, 'cmake_clean_cache': False, 'cmake_clean_first': False, 'cmake_force_configure': False, 'cmake_target': None, 'cmake_target_skip_unavailable': False, 'install_base': '/home/erum/ros2_workspace/install/mobile_robot', 'merge_install': False, 'path': '/home/erum/ros2_workspace/src/mobile_robot', 'symlink_install': False, 'test_result_base': None}
[2.583s] Level 5:colcon.colcon_core.verb:set package 'my_first_pkg' build argument 'cmake_args' from command line to 'None'
[2.583s] Level 5:colcon.colcon_core.verb:set package 'my_first_pkg' build argument 'cmake_target' from command line to 'None'
[2.584s] Level 5:colcon.colcon_core.verb:set package 'my_first_pkg' build argument 'cmake_target_skip_unavailable' from command line to 'False'
[2.584s] Level 5:colcon.colcon_core.verb:set package 'my_first_pkg' build argument 'cmake_clean_cache' from command line to 'False'
[2.584s] Level 5:colcon.colcon_core.verb:set package 'my_first_pkg' build argument 'cmake_clean_first' from command line to 'False'
[2.584s] Level 5:colcon.colcon_core.verb:set package 'my_first_pkg' build argument 'cmake_force_configure' from command line to 'False'
[2.584s] Level 5:colcon.colcon_core.verb:set package 'my_first_pkg' build argument 'ament_cmake_args' from command line to 'None'
[2.584s] Level 5:colcon.colcon_core.verb:set package 'my_first_pkg' build argument 'catkin_cmake_args' from command line to 'None'
[2.584s] Level 5:colcon.colcon_core.verb:set package 'my_first_pkg' build argument 'catkin_skip_building_tests' from command line to 'False'
[2.584s] DEBUG:colcon.colcon_core.verb:Building package 'my_first_pkg' with the following arguments: {'ament_cmake_args': None, 'build_base': '/home/erum/ros2_workspace/build/my_first_pkg', 'catkin_cmake_args': None, 'catkin_skip_building_tests': False, 'cmake_args': None, 'cmake_clean_cache': False, 'cmake_clean_first': False, 'cmake_force_configure': False, 'cmake_target': None, 'cmake_target_skip_unavailable': False, 'install_base': '/home/erum/ros2_workspace/install/my_first_pkg', 'merge_install': False, 'path': '/home/erum/ros2_workspace/src/my_first_pkg', 'symlink_install': False, 'test_result_base': None}
[2.584s] Level 5:colcon.colcon_core.verb:set package 'my_robot_description' build argument 'cmake_args' from command line to 'None'
[2.584s] Level 5:colcon.colcon_core.verb:set package 'my_robot_description' build argument 'cmake_target' from command line to 'None'
[2.584s] Level 5:colcon.colcon_core.verb:set package 'my_robot_description' build argument 'cmake_target_skip_unavailable' from command line to 'False'
[2.584s] Level 5:colcon.colcon_core.verb:set package 'my_robot_description' build argument 'cmake_clean_cache' from command line to 'False'
[2.584s] Level 5:colcon.colcon_core.verb:set package 'my_robot_description' build argument 'cmake_clean_first' from command line to 'False'
[2.584s] Level 5:colcon.colcon_core.verb:set package 'my_robot_description' build argument 'cmake_force_configure' from command line to 'False'
[2.584s] Level 5:colcon.colcon_core.verb:set package 'my_robot_description' build argument 'ament_cmake_args' from command line to 'None'
[2.584s] Level 5:colcon.colcon_core.verb:set package 'my_robot_description' build argument 'catkin_cmake_args' from command line to 'None'
[2.584s] Level 5:colcon.colcon_core.verb:set package 'my_robot_description' build argument 'catkin_skip_building_tests' from command line to 'False'
[2.584s] DEBUG:colcon.colcon_core.verb:Building package 'my_robot_description' with the following arguments: {'ament_cmake_args': None, 'build_base': '/home/erum/ros2_workspace/build/my_robot_description', 'catkin_cmake_args': None, 'catkin_skip_building_tests': False, 'cmake_args': None, 'cmake_clean_cache': False, 'cmake_clean_first': False, 'cmake_force_configure': False, 'cmake_target': None, 'cmake_target_skip_unavailable': False, 'install_base': '/home/erum/ros2_workspace/install/my_robot_description', 'merge_install': False, 'path': '/home/erum/ros2_workspace/src/my_robot_description', 'symlink_install': False, 'test_result_base': None}
[2.585s] Level 5:colcon.colcon_core.verb:set package 'new_interfaces' build argument 'cmake_args' from command line to 'None'
[2.585s] Level 5:colcon.colcon_core.verb:set package 'new_interfaces' build argument 'cmake_target' from command line to 'None'
[2.585s] Level 5:colcon.colcon_core.verb:set package 'new_interfaces' build argument 'cmake_target_skip_unavailable' from command line to 'False'
[2.585s] Level 5:colcon.colcon_core.verb:set package 'new_interfaces' build argument 'cmake_clean_cache' from command line to 'False'
[2.585s] Level 5:colcon.colcon_core.verb:set package 'new_interfaces' build argument 'cmake_clean_first' from command line to 'False'
[2.585s] Level 5:colcon.colcon_core.verb:set package 'new_interfaces' build argument 'cmake_force_configure' from command line to 'False'
[2.585s] Level 5:colcon.colcon_core.verb:set package 'new_interfaces' build argument 'ament_cmake_args' from command line to 'None'
[2.585s] Level 5:colcon.colcon_core.verb:set package 'new_interfaces' build argument 'catkin_cmake_args' from command line to 'None'
[2.585s] Level 5:colcon.colcon_core.verb:set package 'new_interfaces' build argument 'catkin_skip_building_tests' from command line to 'False'
[2.585s] DEBUG:colcon.colcon_core.verb:Building package 'new_interfaces' with the following arguments: {'ament_cmake_args': None, 'build_base': '/home/erum/ros2_workspace/build/new_interfaces', 'catkin_cmake_args': None, 'catkin_skip_building_tests': False, 'cmake_args': None, 'cmake_clean_cache': False, 'cmake_clean_first': False, 'cmake_force_configure': False, 'cmake_target': None, 'cmake_target_skip_unavailable': False, 'install_base': '/home/erum/ros2_workspace/install/new_interfaces', 'merge_install': False, 'path': '/home/erum/ros2_workspace/src/new_interfaces', 'symlink_install': False, 'test_result_base': None}
[2.585s] Level 5:colcon.colcon_core.verb:set package 'rect_area_pkg' build argument 'cmake_args' from command line to 'None'
[2.585s] Level 5:colcon.colcon_core.verb:set package 'rect_area_pkg' build argument 'cmake_target' from command line to 'None'
[2.586s] Level 5:colcon.colcon_core.verb:set package 'rect_area_pkg' build argument 'cmake_target_skip_unavailable' from command line to 'False'
[2.586s] Level 5:colcon.colcon_core.verb:set package 'rect_area_pkg' build argument 'cmake_clean_cache' from command line to 'False'
[2.586s] Level 5:colcon.colcon_core.verb:set package 'rect_area_pkg' build argument 'cmake_clean_first' from command line to 'False'
[2.586s] Level 5:colcon.colcon_core.verb:set package 'rect_area_pkg' build argument 'cmake_force_configure' from command line to 'False'
[2.586s] Level 5:colcon.colcon_core.verb:set package 'rect_area_pkg' build argument 'ament_cmake_args' from command line to 'None'
[2.586s] Level 5:colcon.colcon_core.verb:set package 'rect_area_pkg' build argument 'catkin_cmake_args' from command line to 'None'
[2.586s] Level 5:colcon.colcon_core.verb:set package 'rect_area_pkg' build argument 'catkin_skip_building_tests' from command line to 'False'
[2.586s] DEBUG:colcon.colcon_core.verb:Building package 'rect_area_pkg' with the following arguments: {'ament_cmake_args': None, 'build_base': '/home/erum/ros2_workspace/build/rect_area_pkg', 'catkin_cmake_args': None, 'catkin_skip_building_tests': False, 'cmake_args': None, 'cmake_clean_cache': False, 'cmake_clean_first': False, 'cmake_force_configure': False, 'cmake_target': None, 'cmake_target_skip_unavailable': False, 'install_base': '/home/erum/ros2_workspace/install/rect_area_pkg', 'merge_install': False, 'path': '/home/erum/ros2_workspace/src/rect_area_pkg', 'symlink_install': False, 'test_result_base': None}
[2.586s] Level 5:colcon.colcon_core.verb:set package 'add_two_ints_pkg' build argument 'cmake_args' from command line to 'None'
[2.586s] Level 5:colcon.colcon_core.verb:set package 'add_two_ints_pkg' build argument 'cmake_target' from command line to 'None'
[2.586s] Level 5:colcon.colcon_core.verb:set package 'add_two_ints_pkg' build argument 'cmake_target_skip_unavailable' from command line to 'False'
[2.586s] Level 5:colcon.colcon_core.verb:set package 'add_two_ints_pkg' build argument 'cmake_clean_cache' from command line to 'False'
[2.586s] Level 5:colcon.colcon_core.verb:set package 'add_two_ints_pkg' build argument 'cmake_clean_first' from command line to 'False'
[2.586s] Level 5:colcon.colcon_core.verb:set package 'add_two_ints_pkg' build argument 'cmake_force_configure' from command line to 'False'
[2.586s] Level 5:colcon.colcon_core.verb:set package 'add_two_ints_pkg' build argument 'ament_cmake_args' from command line to 'None'
[2.586s] Level 5:colcon.colcon_core.verb:set package 'add_two_ints_pkg' build argument 'catkin_cmake_args' from command line to 'None'
[2.586s] Level 5:colcon.colcon_core.verb:set package 'add_two_ints_pkg' build argument 'catkin_skip_building_tests' from command line to 'False'
[2.586s] DEBUG:colcon.colcon_core.verb:Building package 'add_two_ints_pkg' with the following arguments: {'ament_cmake_args': None, 'build_base': '/home/erum/ros2_workspace/build/add_two_ints_pkg', 'catkin_cmake_args': None, 'catkin_skip_building_tests': False, 'cmake_args': None, 'cmake_clean_cache': False, 'cmake_clean_first': False, 'cmake_force_configure': False, 'cmake_target': None, 'cmake_target_skip_unavailable': False, 'install_base': '/home/erum/ros2_workspace/install/add_two_ints_pkg', 'merge_install': False, 'path': '/home/erum/ros2_workspace/src/add_two_ints_pkg', 'symlink_install': False, 'test_result_base': None}
[2.586s] INFO:colcon.colcon_core.executor:Executing jobs using 'parallel' executor
[2.591s] DEBUG:colcon.colcon_parallel_executor.executor.parallel:run_until_complete
[2.592s] INFO:colcon.colcon_ros.task.ament_cmake.build:Building ROS package in '/home/erum/ros2_workspace/src/new_interfaces' with build type 'ament_cmake'
[2.593s] INFO:colcon.colcon_cmake.task.cmake.build:Building CMake package in '/home/erum/ros2_workspace/src/new_interfaces'
[2.606s] INFO:colcon.colcon_core.plugin_system:Skipping extension 'colcon_core.shell.bat': Not used on non-Windows systems
[2.606s] INFO:colcon.colcon_core.shell:Skip shell extension 'powershell' for command environment: Not usable outside of PowerShell
[2.606s] DEBUG:colcon.colcon_core.shell:Skip shell extension 'dsv' for command environment
[2.620s] INFO:colcon.colcon_ros.task.ament_python.build:Building ROS package in '/home/erum/ros2_workspace/src/Erum_pde4430' with build type 'ament_python'
[2.621s] Level 1:colcon.colcon_core.shell:create_environment_hook('Erum_pde4430', 'ament_prefix_path')
[2.621s] INFO:colcon.colcon_core.shell:Creating environment hook '/home/erum/ros2_workspace/install/Erum_pde4430/share/Erum_pde4430/hook/ament_prefix_path.ps1'
[2.626s] INFO:colcon.colcon_core.shell:Creating environment descriptor '/home/erum/ros2_workspace/install/Erum_pde4430/share/Erum_pde4430/hook/ament_prefix_path.dsv'
[2.630s] INFO:colcon.colcon_core.shell:Creating environment hook '/home/erum/ros2_workspace/install/Erum_pde4430/share/Erum_pde4430/hook/ament_prefix_path.sh'
[2.639s] INFO:colcon.colcon_core.shell:Skip shell extension 'powershell' for command environment: Not usable outside of PowerShell
[2.639s] DEBUG:colcon.colcon_core.shell:Skip shell extension 'dsv' for command environment
[2.706s] DEBUG:colcon.colcon_core.event_handler.log_command:Invoking command in '/home/erum/ros2_workspace/build/new_interfaces': CMAKE_PREFIX_PATH=${CMAKE_PREFIX_PATH}:/home/erum/ros2_workspace/install/rect_area_pkg:/home/erum/ros2_workspace/install/add_two_ints_pkg:/home/erum/ros2_workspace/install/my_first_pkg:/home/erum/ros2_workspace/install/mobile_robot:/home/erum/ros2_workspace/install/Erum_pde4430:/home/erum/install/my_first_pkg:/opt/ros/jazzy DEBUGINFOD_URLS=https://debuginfod.ubuntu.com /usr/bin/cmake --build /home/erum/ros2_workspace/build/new_interfaces -- -j2 -l2
[3.279s] INFO:colcon.colcon_core.task.python.build:Building Python package in '/home/erum/ros2_workspace/src/Erum_pde4430'
[3.279s] INFO:colcon.colcon_core.shell:Skip shell extension 'powershell' for command environment: Not usable outside of PowerShell
[3.280s] DEBUG:colcon.colcon_core.shell:Skip shell extension 'dsv' for command environment
[4.485s] DEBUG:colcon.colcon_core.event_handler.log_command:Invoked command in '/home/erum/ros2_workspace/build/new_interfaces' returned '0': CMAKE_PREFIX_PATH=${CMAKE_PREFIX_PATH}:/home/erum/ros2_workspace/install/rect_area_pkg:/home/erum/ros2_workspace/install/add_two_ints_pkg:/home/erum/ros2_workspace/install/my_first_pkg:/home/erum/ros2_workspace/install/mobile_robot:/home/erum/ros2_workspace/install/Erum_pde4430:/home/erum/install/my_first_pkg:/opt/ros/jazzy DEBUGINFOD_URLS=https://debuginfod.ubuntu.com /usr/bin/cmake --build /home/erum/ros2_workspace/build/new_interfaces -- -j2 -l2
[4.540s] DEBUG:colcon.colcon_core.event_handler.log_command:Invoking command in '/home/erum/ros2_workspace/build/new_interfaces': CMAKE_PREFIX_PATH=${CMAKE_PREFIX_PATH}:/home/erum/ros2_workspace/install/rect_area_pkg:/home/erum/ros2_workspace/install/add_two_ints_pkg:/home/erum/ros2_workspace/install/my_first_pkg:/home/erum/ros2_workspace/install/mobile_robot:/home/erum/ros2_workspace/install/Erum_pde4430:/home/erum/install/my_first_pkg:/opt/ros/jazzy DEBUGINFOD_URLS=https://debuginfod.ubuntu.com /usr/bin/cmake --install /home/erum/ros2_workspace/build/new_interfaces
[4.862s] Level 1:colcon.colcon_core.environment:create_environment_scripts_only(new_interfaces)
[4.864s] DEBUG:colcon.colcon_core.event_handler.log_command:Invoked command in '/home/erum/ros2_workspace/build/new_interfaces' returned '0': CMAKE_PREFIX_PATH=${CMAKE_PREFIX_PATH}:/home/erum/ros2_workspace/install/rect_area_pkg:/home/erum/ros2_workspace/install/add_two_ints_pkg:/home/erum/ros2_workspace/install/my_first_pkg:/home/erum/ros2_workspace/install/mobile_robot:/home/erum/ros2_workspace/install/Erum_pde4430:/home/erum/install/my_first_pkg:/opt/ros/jazzy DEBUGINFOD_URLS=https://debuginfod.ubuntu.com /usr/bin/cmake --install /home/erum/ros2_workspace/build/new_interfaces
[4.880s] Level 1:colcon.colcon_core.environment:checking '/home/erum/ros2_workspace/install/new_interfaces' for CMake module files
[4.882s] Level 1:colcon.colcon_core.environment:checking '/home/erum/ros2_workspace/install/new_interfaces' for CMake config files
[4.883s] Level 1:colcon.colcon_core.shell:create_environment_hook('new_interfaces', 'cmake_prefix_path')
[4.883s] INFO:colcon.colcon_core.shell:Creating environment hook '/home/erum/ros2_workspace/install/new_interfaces/share/new_interfaces/hook/cmake_prefix_path.ps1'
[4.885s] INFO:colcon.colcon_core.shell:Creating environment descriptor '/home/erum/ros2_workspace/install/new_interfaces/share/new_interfaces/hook/cmake_prefix_path.dsv'
[4.886s] INFO:colcon.colcon_core.shell:Creating environment hook '/home/erum/ros2_workspace/install/new_interfaces/share/new_interfaces/hook/cmake_prefix_path.sh'
[4.889s] Level 1:colcon.colcon_core.environment:checking '/home/erum/ros2_workspace/install/new_interfaces/lib'
[4.889s] Level 1:colcon.colcon_core.shell:create_environment_hook('new_interfaces', 'ld_library_path_lib')
[4.889s] INFO:colcon.colcon_core.shell:Creating environment hook '/home/erum/ros2_workspace/install/new_interfaces/share/new_interfaces/hook/ld_library_path_lib.ps1'
[4.890s] INFO:colcon.colcon_core.shell:Creating environment descriptor '/home/erum/ros2_workspace/install/new_interfaces/share/new_interfaces/hook/ld_library_path_lib.dsv'
[4.892s] INFO:colcon.colcon_core.shell:Creating environment hook '/home/erum/ros2_workspace/install/new_interfaces/share/new_interfaces/hook/ld_library_path_lib.sh'
[4.893s] Level 1:colcon.colcon_core.environment:checking '/home/erum/ros2_workspace/install/new_interfaces/bin'
[4.894s] Level 1:colcon.colcon_core.environment:checking '/home/erum/ros2_workspace/install/new_interfaces/lib/pkgconfig/new_interfaces.pc'
[4.894s] Level 1:colcon.colcon_core.environment:checking '/home/erum/ros2_workspace/install/new_interfaces/lib/python3.12/site-packages'
[4.894s] Level 1:colcon.colcon_core.shell:create_environment_hook('new_interfaces', 'pythonpath')
[4.894s] INFO:colcon.colcon_core.shell:Creating environment hook '/home/erum/ros2_workspace/install/new_interfaces/share/new_interfaces/hook/pythonpath.ps1'
[4.896s] INFO:colcon.colcon_core.shell:Creating environment descriptor '/home/erum/ros2_workspace/install/new_interfaces/share/new_interfaces/hook/pythonpath.dsv'
[4.897s] INFO:colcon.colcon_core.shell:Creating environment hook '/home/erum/ros2_workspace/install/new_interfaces/share/new_interfaces/hook/pythonpath.sh'
[4.899s] Level 1:colcon.colcon_core.environment:checking '/home/erum/ros2_workspace/install/new_interfaces/bin'
[4.900s] INFO:colcon.colcon_core.shell:Creating package script '/home/erum/ros2_workspace/install/new_interfaces/share/new_interfaces/package.ps1'
[4.901s] INFO:colcon.colcon_core.shell:Creating package descriptor '/home/erum/ros2_workspace/install/new_interfaces/share/new_interfaces/package.dsv'
[4.904s] INFO:colcon.colcon_core.shell:Creating package script '/home/erum/ros2_workspace/install/new_interfaces/share/new_interfaces/package.sh'
[4.905s] INFO:colcon.colcon_core.shell:Creating package script '/home/erum/ros2_workspace/install/new_interfaces/share/new_interfaces/package.bash'
[4.909s] INFO:colcon.colcon_core.shell:Creating package script '/home/erum/ros2_workspace/install/new_interfaces/share/new_interfaces/package.zsh'
[4.916s] Level 1:colcon.colcon_core.environment:create_file_with_runtime_dependencies(/home/erum/ros2_workspace/install/new_interfaces/share/colcon-core/packages/new_interfaces)
[4.918s] Level 1:colcon.colcon_core.environment:create_environment_scripts_only(new_interfaces)
[4.918s] Level 1:colcon.colcon_core.environment:checking '/home/erum/ros2_workspace/install/new_interfaces' for CMake module files
[4.919s] Level 1:colcon.colcon_core.environment:checking '/home/erum/ros2_workspace/install/new_interfaces' for CMake config files
[4.919s] Level 1:colcon.colcon_core.shell:create_environment_hook('new_interfaces', 'cmake_prefix_path')
[4.920s] INFO:colcon.colcon_core.shell:Creating environment hook '/home/erum/ros2_workspace/install/new_interfaces/share/new_interfaces/hook/cmake_prefix_path.ps1'
[4.920s] INFO:colcon.colcon_core.shell:Creating environment descriptor '/home/erum/ros2_workspace/install/new_interfaces/share/new_interfaces/hook/cmake_prefix_path.dsv'
[4.921s] INFO:colcon.colcon_core.shell:Creating environment hook '/home/erum/ros2_workspace/install/new_interfaces/share/new_interfaces/hook/cmake_prefix_path.sh'
[4.922s] Level 1:colcon.colcon_core.environment:checking '/home/erum/ros2_workspace/install/new_interfaces/lib'
[4.923s] Level 1:colcon.colcon_core.shell:create_environment_hook('new_interfaces', 'ld_library_path_lib')
[4.923s] INFO:colcon.colcon_core.shell:Creating environment hook '/home/erum/ros2_workspace/install/new_interfaces/share/new_interfaces/hook/ld_library_path_lib.ps1'
[4.924s] INFO:colcon.colcon_core.shell:Creating environment descriptor '/home/erum/ros2_workspace/install/new_interfaces/share/new_interfaces/hook/ld_library_path_lib.dsv'
[4.925s] INFO:colcon.colcon_core.shell:Creating environment hook '/home/erum/ros2_workspace/install/new_interfaces/share/new_interfaces/hook/ld_library_path_lib.sh'
[4.925s] Level 1:colcon.colcon_core.environment:checking '/home/erum/ros2_workspace/install/new_interfaces/bin'
[4.926s] Level 1:colcon.colcon_core.environment:checking '/home/erum/ros2_workspace/install/new_interfaces/lib/pkgconfig/new_interfaces.pc'
[4.926s] Level 1:colcon.colcon_core.environment:checking '/home/erum/ros2_workspace/install/new_interfaces/lib/python3.12/site-packages'
[4.926s] Level 1:colcon.colcon_core.shell:create_environment_hook('new_interfaces', 'pythonpath')
[4.926s] INFO:colcon.colcon_core.shell:Creating environment hook '/home/erum/ros2_workspace/install/new_interfaces/share/new_interfaces/hook/pythonpath.ps1'
[4.927s] INFO:colcon.colcon_core.shell:Creating environment descriptor '/home/erum/ros2_workspace/install/new_interfaces/share/new_interfaces/hook/pythonpath.dsv'
[4.928s] INFO:colcon.colcon_core.shell:Creating environment hook '/home/erum/ros2_workspace/install/new_interfaces/share/new_interfaces/hook/pythonpath.sh'
[4.929s] Level 1:colcon.colcon_core.environment:checking '/home/erum/ros2_workspace/install/new_interfaces/bin'
[4.929s] INFO:colcon.colcon_core.shell:Creating package script '/home/erum/ros2_workspace/install/new_interfaces/share/new_interfaces/package.ps1'
[4.931s] INFO:colcon.colcon_core.shell:Creating package descriptor '/home/erum/ros2_workspace/install/new_interfaces/share/new_interfaces/package.dsv'
[4.932s] INFO:colcon.colcon_core.shell:Creating package script '/home/erum/ros2_workspace/install/new_interfaces/share/new_interfaces/package.sh'
[4.933s] INFO:colcon.colcon_core.shell:Creating package script '/home/erum/ros2_workspace/install/new_interfaces/share/new_interfaces/package.bash'
[4.933s] INFO:colcon.colcon_core.shell:Creating package script '/home/erum/ros2_workspace/install/new_interfaces/share/new_interfaces/package.zsh'
[4.934s] Level 1:colcon.colcon_core.environment:create_file_with_runtime_dependencies(/home/erum/ros2_workspace/install/new_interfaces/share/colcon-core/packages/new_interfaces)
[4.935s] INFO:colcon.colcon_ros.task.ament_python.build:Building ROS package in '/home/erum/ros2_workspace/src/mobile_robot' with build type 'ament_python'
[4.936s] Level 1:colcon.colcon_core.shell:create_environment_hook('mobile_robot', 'ament_prefix_path')
[4.946s] INFO:colcon.colcon_core.shell:Creating environment hook '/home/erum/ros2_workspace/install/mobile_robot/share/mobile_robot/hook/ament_prefix_path.ps1'
[4.949s] INFO:colcon.colcon_core.shell:Creating environment descriptor '/home/erum/ros2_workspace/install/mobile_robot/share/mobile_robot/hook/ament_prefix_path.dsv'
[4.950s] INFO:colcon.colcon_core.shell:Creating environment hook '/home/erum/ros2_workspace/install/mobile_robot/share/mobile_robot/hook/ament_prefix_path.sh'
[4.961s] INFO:colcon.colcon_core.shell:Skip shell extension 'powershell' for command environment: Not usable outside of PowerShell
[4.961s] DEBUG:colcon.colcon_core.shell:Skip shell extension 'dsv' for command environment
[4.989s] WARNING:colcon.colcon_ros.task.ament_python.build:Package 'mobile_robot' doesn't explicitly install a marker in the package index (colcon-ros currently does it implicitly but that fallback will be removed in the future)
[4.990s] WARNING:colcon.colcon_ros.task.ament_python.build:Package 'mobile_robot' doesn't explicitly install the 'package.xml' file (colcon-ros currently does it implicitly but that fallback will be removed in the future)
[4.993s] INFO:colcon.colcon_core.task.python.build:Building Python package in '/home/erum/ros2_workspace/src/mobile_robot'
[5.005s] INFO:colcon.colcon_core.shell:Skip shell extension 'powershell' for command environment: Not usable outside of PowerShell
[5.005s] DEBUG:colcon.colcon_core.shell:Skip shell extension 'dsv' for command environment
[6.668s] DEBUG:colcon.colcon_parallel_executor.executor.parallel:closing loop
[6.670s] DEBUG:colcon.colcon_parallel_executor.executor.parallel:loop closed
[6.670s] DEBUG:colcon.colcon_parallel_executor.executor.parallel:run_until_complete finished with 'Expected ['/usr/bin/python3', '-W', 'ignore:setup.py install is deprecated', '-W', 'ignore:easy_install command is deprecated', 'setup.py', '--help-commands'] to pass: /usr/bin/python3: can't open file '/home/erum/ros2_workspace/src/mobile_robot/setup.py': [Errno 2] No such file or directory
'
[6.671s] DEBUG:colcon.colcon_core.event_reactor:joining thread
[6.741s] INFO:colcon.colcon_core.plugin_system:Skipping extension 'colcon_notification.desktop_notification.terminal_notifier': Not used on non-Darwin systems
[6.741s] INFO:colcon.colcon_core.plugin_system:Skipping extension 'colcon_notification.desktop_notification.win32': Not used on non-Windows systems
[6.741s] INFO:colcon.colcon_notification.desktop_notification:Sending desktop notification using 'notify2'
[7.555s] DEBUG:colcon.colcon_core.event_reactor:joined thread
[7.556s] INFO:colcon.colcon_core.shell:Creating prefix script '/home/erum/ros2_workspace/install/local_setup.ps1'
[7.559s] INFO:colcon.colcon_core.shell:Creating prefix util module '/home/erum/ros2_workspace/install/_local_setup_util_ps1.py'
[7.562s] INFO:colcon.colcon_core.shell:Creating prefix chain script '/home/erum/ros2_workspace/install/setup.ps1'
[7.567s] INFO:colcon.colcon_core.shell:Creating prefix script '/home/erum/ros2_workspace/install/local_setup.sh'
[7.569s] INFO:colcon.colcon_core.shell:Creating prefix util module '/home/erum/ros2_workspace/install/_local_setup_util_sh.py'
[7.620s] INFO:colcon.colcon_core.shell:Creating prefix chain script '/home/erum/ros2_workspace/install/setup.sh'
[7.672s] INFO:colcon.colcon_core.shell:Creating prefix script '/home/erum/ros2_workspace/install/local_setup.bash'
[7.677s] INFO:colcon.colcon_core.shell:Creating prefix chain script '/home/erum/ros2_workspace/install/setup.bash'
[7.700s] INFO:colcon.colcon_core.shell:Creating prefix script '/home/erum/ros2_workspace/install/local_setup.zsh'
[7.714s] INFO:colcon.colcon_core.shell:Creating prefix chain script '/home/erum/ros2_workspace/install/setup.zsh'
