[0.113s] Invoking command in '/home/erum/ros2/ros2_ws/build/new_interfaces': CMAKE_PREFIX_PATH=${CMAKE_PREFIX_PATH}:/opt/ros/jazzy DEBUGINFOD_URLS=https://debuginfod.ubuntu.com /usr/bin/cmake /home/erum/ros2/ros2_ws/src/new_interfaces -DCMAKE_INSTALL_PREFIX=/home/erum/ros2/ros2_ws/install/new_interfaces
[2.511s] -- The C compiler identification is GNU 13.3.0
[3.219s] -- The CXX compiler identification is GNU 13.3.0
[3.351s] -- Detecting C compiler ABI info
[3.953s] -- Detecting C compiler ABI info - done
[3.962s] -- Check for working C compiler: /usr/bin/cc - skipped
[3.963s] -- Detecting C compile features
[3.966s] -- Detecting C compile features - done
[3.998s] -- Detecting CXX compiler ABI info
[4.614s] -- Detecting CXX compiler ABI info - done
[4.633s] -- Check for working CXX compiler: /usr/bin/c++ - skipped
[4.633s] -- Detecting CXX compile features
[4.636s] -- Detecting CXX compile features - done
[4.704s] -- Found ament_cmake: 2.5.4 (/opt/ros/jazzy/share/ament_cmake/cmake)
[5.470s] -- Found Python3: /usr/bin/python3 (found version "3.12.3") found components: Interpreter 
[6.415s] -- Found rosidl_default_generators: 1.6.0 (/opt/ros/jazzy/share/rosidl_default_generators/cmake)
[6.474s] -- Using all available rosidl_typesupport_c: rosidl_typesupport_fastrtps_c;rosidl_typesupport_introspection_c
[6.783s] -- Using all available rosidl_typesupport_cpp: rosidl_typesupport_fastrtps_cpp;rosidl_typesupport_introspection_cpp
[7.019s] -- Found rosidl_adapter: 4.6.6 (/opt/ros/jazzy/share/rosidl_adapter/cmake)
[8.192s] -- Found ament_cmake_ros: 0.12.0 (/opt/ros/jazzy/share/ament_cmake_ros/cmake)
[9.043s] -- Using all available rosidl_typesupport_c: rosidl_typesupport_fastrtps_c;rosidl_typesupport_introspection_c
[10.159s] -- Using all available rosidl_typesupport_cpp: rosidl_typesupport_fastrtps_cpp;rosidl_typesupport_introspection_cpp
[10.170s] -- Found python_cmake_module: 0.11.1 (/opt/ros/jazzy/share/python_cmake_module/cmake)
[10.418s] -- Found PythonExtra: /usr/bin/python3  
[11.874s] -- Found Python3: /usr/bin/python3 (found version "3.12.3") found components: Interpreter Development NumPy Development.Module Development.Embed 
[11.940s] -- Found ament_lint_auto: 0.17.3 (/opt/ros/jazzy/share/ament_lint_auto/cmake)
[12.097s] -- Added test 'lint_cmake' to check CMake code style
[12.108s] -- Added test 'xmllint' to check XML markup files
[12.127s] -- Configuring done (11.0s)
[12.243s] -- Generating done (0.1s)
[12.275s] -- Build files have been written to: /home/erum/ros2/ros2_ws/build/new_interfaces
[12.322s] Invoked command in '/home/erum/ros2/ros2_ws/build/new_interfaces' returned '0': CMAKE_PREFIX_PATH=${CMAKE_PREFIX_PATH}:/opt/ros/jazzy DEBUGINFOD_URLS=https://debuginfod.ubuntu.com /usr/bin/cmake /home/erum/ros2/ros2_ws/src/new_interfaces -DCMAKE_INSTALL_PREFIX=/home/erum/ros2/ros2_ws/install/new_interfaces
[12.323s] Invoking command in '/home/erum/ros2/ros2_ws/build/new_interfaces': CMAKE_PREFIX_PATH=${CMAKE_PREFIX_PATH}:/opt/ros/jazzy DEBUGINFOD_URLS=https://debuginfod.ubuntu.com /usr/bin/cmake --build /home/erum/ros2/ros2_ws/build/new_interfaces -- -j2 -l2
[12.479s] [  2%] [34m[1mGenerating type hashes for ROS interfaces[0m
[12.481s] [  2%] Built target ament_cmake_python_copy_new_interfaces
[12.825s] running egg_info
[12.828s] creating new_interfaces.egg-info
[12.857s] writing new_interfaces.egg-info/PKG-INFO
[12.857s] writing dependency_links to new_interfaces.egg-info/dependency_links.txt
[12.858s] writing top-level names to new_interfaces.egg-info/top_level.txt
[12.860s] writing manifest file 'new_interfaces.egg-info/SOURCES.txt'
[12.939s] reading manifest file 'new_interfaces.egg-info/SOURCES.txt'
[12.939s] writing manifest file 'new_interfaces.egg-info/SOURCES.txt'
[12.956s] [  2%] Built target new_interfaces__rosidl_generator_type_description
[12.982s] [  2%] Built target ament_cmake_python_build_new_interfaces_egg
[12.995s] [  5%] [34m[1mGenerating C++ code for ROS interfaces[0m
[13.000s] [  8%] [34m[1mGenerating C code for ROS interfaces[0m
[13.410s] [ 11%] [32mBuilding C object CMakeFiles/new_interfaces__rosidl_generator_c.dir/rosidl_generator_c/new_interfaces/msg/detail/iot_sensor__description.c.o[0m
[13.419s] [ 11%] Built target new_interfaces__cpp
[13.443s] [ 14%] [32mBuilding C object CMakeFiles/new_interfaces__rosidl_generator_c.dir/rosidl_generator_c/new_interfaces/msg/detail/iot_sensor__functions.c.o[0m
[13.596s] [ 17%] [32mBuilding C object CMakeFiles/new_interfaces__rosidl_generator_c.dir/rosidl_generator_c/new_interfaces/msg/detail/iot_sensor__type_support.c.o[0m
[13.657s] [ 20%] [32m[1mLinking C shared library libnew_interfaces__rosidl_generator_c.so[0m
[13.726s] [ 20%] Built target new_interfaces__rosidl_generator_c
[13.746s] [ 23%] [34m[1mGenerating C type support for eProsima Fast-RTPS[0m
[13.746s] [ 26%] [34m[1mGenerating C++ type support dispatch for ROS interfaces[0m
[14.071s] [ 29%] [32mBuilding CXX object CMakeFiles/new_interfaces__rosidl_typesupport_fastrtps_c.dir/rosidl_typesupport_fastrtps_c/new_interfaces/msg/detail/iot_sensor__type_support_c.cpp.o[0m
[14.125s] [ 32%] [32mBuilding CXX object CMakeFiles/new_interfaces__rosidl_typesupport_cpp.dir/rosidl_typesupport_cpp/new_interfaces/msg/iot_sensor__type_support.cpp.o[0m
[16.222s] [ 35%] [32m[1mLinking CXX shared library libnew_interfaces__rosidl_typesupport_cpp.so[0m
[16.309s] [ 35%] Built target new_interfaces__rosidl_typesupport_cpp
[16.328s] [ 38%] [34m[1mGenerating C introspection for ROS interfaces[0m
[16.701s] [ 41%] [32mBuilding C object CMakeFiles/new_interfaces__rosidl_typesupport_introspection_c.dir/rosidl_typesupport_introspection_c/new_interfaces/msg/detail/iot_sensor__type_support.c.o[0m
[16.776s] [ 44%] [32m[1mLinking C shared library libnew_interfaces__rosidl_typesupport_introspection_c.so[0m
[16.793s] [ 47%] [32m[1mLinking CXX shared library libnew_interfaces__rosidl_typesupport_fastrtps_c.so[0m
[16.845s] [ 47%] Built target new_interfaces__rosidl_typesupport_introspection_c
[16.869s] [ 50%] [34m[1mGenerating C type support dispatch for ROS interfaces[0m
[16.939s] [ 50%] Built target new_interfaces__rosidl_typesupport_fastrtps_c
[16.955s] [ 52%] [34m[1mGenerating C++ type support for eProsima Fast-RTPS[0m
[17.148s] [ 55%] [32mBuilding CXX object CMakeFiles/new_interfaces__rosidl_typesupport_c.dir/rosidl_typesupport_c/new_interfaces/msg/iot_sensor__type_support.cpp.o[0m
[17.208s] [ 58%] [32m[1mLinking CXX shared library libnew_interfaces__rosidl_typesupport_c.so[0m
[17.275s] [ 58%] Built target new_interfaces__rosidl_typesupport_c
[17.277s] [ 61%] [32mBuilding CXX object CMakeFiles/new_interfaces__rosidl_typesupport_fastrtps_cpp.dir/rosidl_typesupport_fastrtps_cpp/new_interfaces/msg/detail/dds_fastrtps/iot_sensor__type_support.cpp.o[0m
[17.292s] [ 64%] [34m[1mGenerating C++ introspection for ROS interfaces[0m
[17.620s] [ 67%] [32mBuilding CXX object CMakeFiles/new_interfaces__rosidl_typesupport_introspection_cpp.dir/rosidl_typesupport_introspection_cpp/new_interfaces/msg/detail/iot_sensor__type_support.cpp.o[0m
[17.978s] [ 70%] [32m[1mLinking CXX shared library libnew_interfaces__rosidl_typesupport_fastrtps_cpp.so[0m
[18.080s] [ 73%] [32m[1mLinking CXX shared library libnew_interfaces__rosidl_typesupport_introspection_cpp.so[0m
[18.089s] [ 73%] Built target new_interfaces__rosidl_typesupport_fastrtps_cpp
[18.193s] [ 73%] Built target new_interfaces__rosidl_typesupport_introspection_cpp
[18.233s] [ 73%] Built target new_interfaces
[18.279s] [ 76%] [34m[1mGenerating Python code for ROS interfaces[0m
[18.715s] [ 76%] Built target new_interfaces__py
[18.756s] [ 79%] [32mBuilding C object CMakeFiles/new_interfaces__rosidl_generator_py.dir/rosidl_generator_py/new_interfaces/msg/_iot_sensor_s.c.o[0m
[19.143s] [ 82%] [32m[1mLinking C shared library libnew_interfaces__rosidl_generator_py.so[0m
[19.229s] [ 82%] Built target new_interfaces__rosidl_generator_py
[19.265s] [ 85%] [32mBuilding C object CMakeFiles/new_interfaces_s__rosidl_typesupport_fastrtps_c.dir/rosidl_generator_py/new_interfaces/_new_interfaces_s.ep.rosidl_typesupport_fastrtps_c.c.o[0m
[19.267s] [ 88%] [32mBuilding C object CMakeFiles/new_interfaces_s__rosidl_typesupport_introspection_c.dir/rosidl_generator_py/new_interfaces/_new_interfaces_s.ep.rosidl_typesupport_introspection_c.c.o[0m
[19.396s] [ 91%] [32m[1mLinking C shared module rosidl_generator_py/new_interfaces/new_interfaces_s__rosidl_typesupport_fastrtps_c.so[0m
[19.398s] [ 94%] [32m[1mLinking C shared module rosidl_generator_py/new_interfaces/new_interfaces_s__rosidl_typesupport_introspection_c.so[0m
[19.451s] [ 94%] Built target new_interfaces_s__rosidl_typesupport_fastrtps_c
[19.454s] [ 94%] Built target new_interfaces_s__rosidl_typesupport_introspection_c
[19.493s] [ 97%] [32mBuilding C object CMakeFiles/new_interfaces_s__rosidl_typesupport_c.dir/rosidl_generator_py/new_interfaces/_new_interfaces_s.ep.rosidl_typesupport_c.c.o[0m
[19.638s] [100%] [32m[1mLinking C shared module rosidl_generator_py/new_interfaces/new_interfaces_s__rosidl_typesupport_c.so[0m
[19.688s] [100%] Built target new_interfaces_s__rosidl_typesupport_c
[19.709s] Invoked command in '/home/erum/ros2/ros2_ws/build/new_interfaces' returned '0': CMAKE_PREFIX_PATH=${CMAKE_PREFIX_PATH}:/opt/ros/jazzy DEBUGINFOD_URLS=https://debuginfod.ubuntu.com /usr/bin/cmake --build /home/erum/ros2/ros2_ws/build/new_interfaces -- -j2 -l2
[19.732s] Invoking command in '/home/erum/ros2/ros2_ws/build/new_interfaces': CMAKE_PREFIX_PATH=${CMAKE_PREFIX_PATH}:/opt/ros/jazzy DEBUGINFOD_URLS=https://debuginfod.ubuntu.com /usr/bin/cmake --install /home/erum/ros2/ros2_ws/build/new_interfaces
[19.751s] -- Install configuration: ""
[19.752s] -- Installing: /home/erum/ros2/ros2_ws/install/new_interfaces/share/ament_index/resource_index/rosidl_interfaces/new_interfaces
[19.752s] -- Installing: /home/erum/ros2/ros2_ws/install/new_interfaces/share/new_interfaces/msg/IotSensor.json
[19.753s] -- Installing: /home/erum/ros2/ros2_ws/install/new_interfaces/include/new_interfaces/new_interfaces
[19.754s] -- Installing: /home/erum/ros2/ros2_ws/install/new_interfaces/include/new_interfaces/new_interfaces/msg
[19.754s] -- Installing: /home/erum/ros2/ros2_ws/install/new_interfaces/include/new_interfaces/new_interfaces/msg/rosidl_generator_c__visibility_control.h
[19.754s] -- Installing: /home/erum/ros2/ros2_ws/install/new_interfaces/include/new_interfaces/new_interfaces/msg/iot_sensor.h
[19.755s] -- Installing: /home/erum/ros2/ros2_ws/install/new_interfaces/include/new_interfaces/new_interfaces/msg/detail
[19.755s] -- Installing: /home/erum/ros2/ros2_ws/install/new_interfaces/include/new_interfaces/new_interfaces/msg/detail/iot_sensor__functions.c
[19.756s] -- Installing: /home/erum/ros2/ros2_ws/install/new_interfaces/include/new_interfaces/new_interfaces/msg/detail/iot_sensor__type_support.h
[19.756s] -- Installing: /home/erum/ros2/ros2_ws/install/new_interfaces/include/new_interfaces/new_interfaces/msg/detail/iot_sensor__struct.h
[19.757s] -- Installing: /home/erum/ros2/ros2_ws/install/new_interfaces/include/new_interfaces/new_interfaces/msg/detail/iot_sensor__type_support.c
[19.757s] -- Installing: /home/erum/ros2/ros2_ws/install/new_interfaces/include/new_interfaces/new_interfaces/msg/detail/iot_sensor__description.c
[19.757s] -- Installing: /home/erum/ros2/ros2_ws/install/new_interfaces/include/new_interfaces/new_interfaces/msg/detail/iot_sensor__functions.h
[19.757s] -- Installing: /home/erum/ros2/ros2_ws/install/new_interfaces/share/new_interfaces/environment/library_path.sh
[19.758s] -- Installing: /home/erum/ros2/ros2_ws/install/new_interfaces/share/new_interfaces/environment/library_path.dsv
[19.759s] -- Installing: /home/erum/ros2/ros2_ws/install/new_interfaces/lib/libnew_interfaces__rosidl_generator_c.so
[19.759s] -- Set non-toolchain portion of runtime path of "/home/erum/ros2/ros2_ws/install/new_interfaces/lib/libnew_interfaces__rosidl_generator_c.so" to ""
[19.760s] -- Up-to-date: /home/erum/ros2/ros2_ws/install/new_interfaces/include/new_interfaces/new_interfaces
[19.760s] -- Up-to-date: /home/erum/ros2/ros2_ws/install/new_interfaces/include/new_interfaces/new_interfaces/msg
[19.760s] -- Installing: /home/erum/ros2/ros2_ws/install/new_interfaces/include/new_interfaces/new_interfaces/msg/rosidl_typesupport_fastrtps_c__visibility_control.h
[19.760s] -- Up-to-date: /home/erum/ros2/ros2_ws/install/new_interfaces/include/new_interfaces/new_interfaces/msg/detail
[19.761s] -- Installing: /home/erum/ros2/ros2_ws/install/new_interfaces/include/new_interfaces/new_interfaces/msg/detail/iot_sensor__rosidl_typesupport_fastrtps_c.h
[19.761s] -- Installing: /home/erum/ros2/ros2_ws/install/new_interfaces/lib/libnew_interfaces__rosidl_typesupport_fastrtps_c.so
[19.761s] -- Set non-toolchain portion of runtime path of "/home/erum/ros2/ros2_ws/install/new_interfaces/lib/libnew_interfaces__rosidl_typesupport_fastrtps_c.so" to ""
[19.761s] -- Up-to-date: /home/erum/ros2/ros2_ws/install/new_interfaces/include/new_interfaces/new_interfaces
[19.762s] -- Up-to-date: /home/erum/ros2/ros2_ws/install/new_interfaces/include/new_interfaces/new_interfaces/msg
[19.762s] -- Installing: /home/erum/ros2/ros2_ws/install/new_interfaces/include/new_interfaces/new_interfaces/msg/rosidl_typesupport_introspection_c__visibility_control.h
[19.762s] -- Up-to-date: /home/erum/ros2/ros2_ws/install/new_interfaces/include/new_interfaces/new_interfaces/msg/detail
[19.762s] -- Installing: /home/erum/ros2/ros2_ws/install/new_interfaces/include/new_interfaces/new_interfaces/msg/detail/iot_sensor__rosidl_typesupport_introspection_c.h
[19.762s] -- Installing: /home/erum/ros2/ros2_ws/install/new_interfaces/include/new_interfaces/new_interfaces/msg/detail/iot_sensor__type_support.c
[19.763s] -- Installing: /home/erum/ros2/ros2_ws/install/new_interfaces/lib/libnew_interfaces__rosidl_typesupport_introspection_c.so
[19.763s] -- Set non-toolchain portion of runtime path of "/home/erum/ros2/ros2_ws/install/new_interfaces/lib/libnew_interfaces__rosidl_typesupport_introspection_c.so" to ""
[19.763s] -- Installing: /home/erum/ros2/ros2_ws/install/new_interfaces/lib/libnew_interfaces__rosidl_typesupport_c.so
[19.764s] -- Set non-toolchain portion of runtime path of "/home/erum/ros2/ros2_ws/install/new_interfaces/lib/libnew_interfaces__rosidl_typesupport_c.so" to ""
[19.764s] -- Up-to-date: /home/erum/ros2/ros2_ws/install/new_interfaces/include/new_interfaces/new_interfaces
[19.765s] -- Up-to-date: /home/erum/ros2/ros2_ws/install/new_interfaces/include/new_interfaces/new_interfaces/msg
[19.765s] -- Installing: /home/erum/ros2/ros2_ws/install/new_interfaces/include/new_interfaces/new_interfaces/msg/iot_sensor.hpp
[19.765s] -- Installing: /home/erum/ros2/ros2_ws/install/new_interfaces/include/new_interfaces/new_interfaces/msg/rosidl_generator_cpp__visibility_control.hpp
[19.765s] -- Up-to-date: /home/erum/ros2/ros2_ws/install/new_interfaces/include/new_interfaces/new_interfaces/msg/detail
[19.766s] -- Installing: /home/erum/ros2/ros2_ws/install/new_interfaces/include/new_interfaces/new_interfaces/msg/detail/iot_sensor__builder.hpp
[19.766s] -- Installing: /home/erum/ros2/ros2_ws/install/new_interfaces/include/new_interfaces/new_interfaces/msg/detail/iot_sensor__type_support.hpp
[19.766s] -- Installing: /home/erum/ros2/ros2_ws/install/new_interfaces/include/new_interfaces/new_interfaces/msg/detail/iot_sensor__struct.hpp
[19.767s] -- Installing: /home/erum/ros2/ros2_ws/install/new_interfaces/include/new_interfaces/new_interfaces/msg/detail/iot_sensor__traits.hpp
[19.767s] -- Up-to-date: /home/erum/ros2/ros2_ws/install/new_interfaces/include/new_interfaces/new_interfaces
[19.768s] -- Up-to-date: /home/erum/ros2/ros2_ws/install/new_interfaces/include/new_interfaces/new_interfaces/msg
[19.768s] -- Up-to-date: /home/erum/ros2/ros2_ws/install/new_interfaces/include/new_interfaces/new_interfaces/msg/detail
[19.768s] -- Installing: /home/erum/ros2/ros2_ws/install/new_interfaces/include/new_interfaces/new_interfaces/msg/detail/dds_fastrtps
[19.768s] -- Installing: /home/erum/ros2/ros2_ws/install/new_interfaces/include/new_interfaces/new_interfaces/msg/detail/iot_sensor__rosidl_typesupport_fastrtps_cpp.hpp
[19.768s] -- Installing: /home/erum/ros2/ros2_ws/install/new_interfaces/include/new_interfaces/new_interfaces/msg/rosidl_typesupport_fastrtps_cpp__visibility_control.h
[19.769s] -- Installing: /home/erum/ros2/ros2_ws/install/new_interfaces/lib/libnew_interfaces__rosidl_typesupport_fastrtps_cpp.so
[19.770s] -- Set non-toolchain portion of runtime path of "/home/erum/ros2/ros2_ws/install/new_interfaces/lib/libnew_interfaces__rosidl_typesupport_fastrtps_cpp.so" to ""
[19.770s] -- Up-to-date: /home/erum/ros2/ros2_ws/install/new_interfaces/include/new_interfaces/new_interfaces
[19.770s] -- Up-to-date: /home/erum/ros2/ros2_ws/install/new_interfaces/include/new_interfaces/new_interfaces/msg
[19.770s] -- Up-to-date: /home/erum/ros2/ros2_ws/install/new_interfaces/include/new_interfaces/new_interfaces/msg/detail
[19.771s] -- Installing: /home/erum/ros2/ros2_ws/install/new_interfaces/include/new_interfaces/new_interfaces/msg/detail/iot_sensor__type_support.cpp
[19.771s] -- Installing: /home/erum/ros2/ros2_ws/install/new_interfaces/include/new_interfaces/new_interfaces/msg/detail/iot_sensor__rosidl_typesupport_introspection_cpp.hpp
[19.771s] -- Installing: /home/erum/ros2/ros2_ws/install/new_interfaces/lib/libnew_interfaces__rosidl_typesupport_introspection_cpp.so
[19.771s] -- Set non-toolchain portion of runtime path of "/home/erum/ros2/ros2_ws/install/new_interfaces/lib/libnew_interfaces__rosidl_typesupport_introspection_cpp.so" to ""
[19.772s] -- Installing: /home/erum/ros2/ros2_ws/install/new_interfaces/lib/libnew_interfaces__rosidl_typesupport_cpp.so
[19.772s] -- Set non-toolchain portion of runtime path of "/home/erum/ros2/ros2_ws/install/new_interfaces/lib/libnew_interfaces__rosidl_typesupport_cpp.so" to ""
[19.772s] -- Installing: /home/erum/ros2/ros2_ws/install/new_interfaces/share/new_interfaces/environment/pythonpath.sh
[19.773s] -- Installing: /home/erum/ros2/ros2_ws/install/new_interfaces/share/new_interfaces/environment/pythonpath.dsv
[19.774s] -- Installing: /home/erum/ros2/ros2_ws/install/new_interfaces/lib/python3.12/site-packages/new_interfaces-0.0.0-py3.12.egg-info
[19.775s] -- Installing: /home/erum/ros2/ros2_ws/install/new_interfaces/lib/python3.12/site-packages/new_interfaces-0.0.0-py3.12.egg-info/SOURCES.txt
[19.775s] -- Installing: /home/erum/ros2/ros2_ws/install/new_interfaces/lib/python3.12/site-packages/new_interfaces-0.0.0-py3.12.egg-info/top_level.txt
[19.775s] -- Installing: /home/erum/ros2/ros2_ws/install/new_interfaces/lib/python3.12/site-packages/new_interfaces-0.0.0-py3.12.egg-info/dependency_links.txt
[19.775s] -- Installing: /home/erum/ros2/ros2_ws/install/new_interfaces/lib/python3.12/site-packages/new_interfaces-0.0.0-py3.12.egg-info/PKG-INFO
[19.775s] -- Installing: /home/erum/ros2/ros2_ws/install/new_interfaces/lib/python3.12/site-packages/new_interfaces
[19.775s] -- Installing: /home/erum/ros2/ros2_ws/install/new_interfaces/lib/python3.12/site-packages/new_interfaces/_new_interfaces_s.ep.rosidl_typesupport_c.c
[19.775s] -- Installing: /home/erum/ros2/ros2_ws/install/new_interfaces/lib/python3.12/site-packages/new_interfaces/__init__.py
[19.776s] -- Installing: /home/erum/ros2/ros2_ws/install/new_interfaces/lib/python3.12/site-packages/new_interfaces/_new_interfaces_s.ep.rosidl_typesupport_introspection_c.c
[19.776s] -- Installing: /home/erum/ros2/ros2_ws/install/new_interfaces/lib/python3.12/site-packages/new_interfaces/_new_interfaces_s.ep.rosidl_typesupport_fastrtps_c.c
[19.776s] -- Installing: /home/erum/ros2/ros2_ws/install/new_interfaces/lib/python3.12/site-packages/new_interfaces/new_interfaces_s__rosidl_typesupport_fastrtps_c.so
[19.776s] -- Installing: /home/erum/ros2/ros2_ws/install/new_interfaces/lib/python3.12/site-packages/new_interfaces/new_interfaces_s__rosidl_typesupport_c.so
[19.776s] -- Installing: /home/erum/ros2/ros2_ws/install/new_interfaces/lib/python3.12/site-packages/new_interfaces/msg
[19.777s] -- Installing: /home/erum/ros2/ros2_ws/install/new_interfaces/lib/python3.12/site-packages/new_interfaces/msg/_iot_sensor.py
[19.777s] -- Installing: /home/erum/ros2/ros2_ws/install/new_interfaces/lib/python3.12/site-packages/new_interfaces/msg/__init__.py
[19.777s] -- Installing: /home/erum/ros2/ros2_ws/install/new_interfaces/lib/python3.12/site-packages/new_interfaces/msg/_iot_sensor_s.c
[19.777s] -- Installing: /home/erum/ros2/ros2_ws/install/new_interfaces/lib/python3.12/site-packages/new_interfaces/new_interfaces_s__rosidl_typesupport_introspection_c.so
[19.840s] Listing '/home/erum/ros2/ros2_ws/install/new_interfaces/lib/python3.12/site-packages/new_interfaces'...
[19.840s] Compiling '/home/erum/ros2/ros2_ws/install/new_interfaces/lib/python3.12/site-packages/new_interfaces/__init__.py'...
[19.840s] Listing '/home/erum/ros2/ros2_ws/install/new_interfaces/lib/python3.12/site-packages/new_interfaces/msg'...
[19.840s] Compiling '/home/erum/ros2/ros2_ws/install/new_interfaces/lib/python3.12/site-packages/new_interfaces/msg/__init__.py'...
[19.840s] Compiling '/home/erum/ros2/ros2_ws/install/new_interfaces/lib/python3.12/site-packages/new_interfaces/msg/_iot_sensor.py'...
[19.849s] -- Installing: /home/erum/ros2/ros2_ws/install/new_interfaces/lib/python3.12/site-packages/new_interfaces/new_interfaces_s__rosidl_typesupport_fastrtps_c.so
[19.850s] -- Set non-toolchain portion of runtime path of "/home/erum/ros2/ros2_ws/install/new_interfaces/lib/python3.12/site-packages/new_interfaces/new_interfaces_s__rosidl_typesupport_fastrtps_c.so" to ""
[19.851s] -- Installing: /home/erum/ros2/ros2_ws/install/new_interfaces/lib/python3.12/site-packages/new_interfaces/new_interfaces_s__rosidl_typesupport_introspection_c.so
[19.852s] -- Set non-toolchain portion of runtime path of "/home/erum/ros2/ros2_ws/install/new_interfaces/lib/python3.12/site-packages/new_interfaces/new_interfaces_s__rosidl_typesupport_introspection_c.so" to ""
[19.854s] -- Installing: /home/erum/ros2/ros2_ws/install/new_interfaces/lib/python3.12/site-packages/new_interfaces/new_interfaces_s__rosidl_typesupport_c.so
[19.855s] -- Set non-toolchain portion of runtime path of "/home/erum/ros2/ros2_ws/install/new_interfaces/lib/python3.12/site-packages/new_interfaces/new_interfaces_s__rosidl_typesupport_c.so" to ""
[19.856s] -- Installing: /home/erum/ros2/ros2_ws/install/new_interfaces/lib/libnew_interfaces__rosidl_generator_py.so
[19.857s] -- Set non-toolchain portion of runtime path of "/home/erum/ros2/ros2_ws/install/new_interfaces/lib/libnew_interfaces__rosidl_generator_py.so" to ""
[19.858s] -- Installing: /home/erum/ros2/ros2_ws/install/new_interfaces/share/new_interfaces/msg/IotSensor.idl
[19.858s] -- Installing: /home/erum/ros2/ros2_ws/install/new_interfaces/share/new_interfaces/msg/IotSensor.msg
[19.860s] -- Installing: /home/erum/ros2/ros2_ws/install/new_interfaces/share/ament_index/resource_index/package_run_dependencies/new_interfaces
[19.860s] -- Installing: /home/erum/ros2/ros2_ws/install/new_interfaces/share/ament_index/resource_index/parent_prefix_path/new_interfaces
[19.861s] -- Installing: /home/erum/ros2/ros2_ws/install/new_interfaces/share/new_interfaces/environment/ament_prefix_path.sh
[19.862s] -- Installing: /home/erum/ros2/ros2_ws/install/new_interfaces/share/new_interfaces/environment/ament_prefix_path.dsv
[19.862s] -- Installing: /home/erum/ros2/ros2_ws/install/new_interfaces/share/new_interfaces/environment/path.sh
[19.863s] -- Installing: /home/erum/ros2/ros2_ws/install/new_interfaces/share/new_interfaces/environment/path.dsv
[19.863s] -- Installing: /home/erum/ros2/ros2_ws/install/new_interfaces/share/new_interfaces/local_setup.bash
[19.864s] -- Installing: /home/erum/ros2/ros2_ws/install/new_interfaces/share/new_interfaces/local_setup.sh
[19.864s] -- Installing: /home/erum/ros2/ros2_ws/install/new_interfaces/share/new_interfaces/local_setup.zsh
[19.864s] -- Installing: /home/erum/ros2/ros2_ws/install/new_interfaces/share/new_interfaces/local_setup.dsv
[19.865s] -- Installing: /home/erum/ros2/ros2_ws/install/new_interfaces/share/new_interfaces/package.dsv
[19.866s] -- Installing: /home/erum/ros2/ros2_ws/install/new_interfaces/share/ament_index/resource_index/packages/new_interfaces
[19.867s] -- Installing: /home/erum/ros2/ros2_ws/install/new_interfaces/share/new_interfaces/cmake/export_new_interfaces__rosidl_generator_cExport.cmake
[19.868s] -- Installing: /home/erum/ros2/ros2_ws/install/new_interfaces/share/new_interfaces/cmake/export_new_interfaces__rosidl_generator_cExport-noconfig.cmake
[19.868s] -- Installing: /home/erum/ros2/ros2_ws/install/new_interfaces/share/new_interfaces/cmake/export_new_interfaces__rosidl_typesupport_fastrtps_cExport.cmake
[19.869s] -- Installing: /home/erum/ros2/ros2_ws/install/new_interfaces/share/new_interfaces/cmake/export_new_interfaces__rosidl_typesupport_fastrtps_cExport-noconfig.cmake
[19.870s] -- Installing: /home/erum/ros2/ros2_ws/install/new_interfaces/share/new_interfaces/cmake/new_interfaces__rosidl_typesupport_introspection_cExport.cmake
[19.871s] -- Installing: /home/erum/ros2/ros2_ws/install/new_interfaces/share/new_interfaces/cmake/new_interfaces__rosidl_typesupport_introspection_cExport-noconfig.cmake
[19.872s] -- Installing: /home/erum/ros2/ros2_ws/install/new_interfaces/share/new_interfaces/cmake/new_interfaces__rosidl_typesupport_cExport.cmake
[19.873s] -- Installing: /home/erum/ros2/ros2_ws/install/new_interfaces/share/new_interfaces/cmake/new_interfaces__rosidl_typesupport_cExport-noconfig.cmake
[19.874s] -- Installing: /home/erum/ros2/ros2_ws/install/new_interfaces/share/new_interfaces/cmake/export_new_interfaces__rosidl_generator_cppExport.cmake
[19.875s] -- Installing: /home/erum/ros2/ros2_ws/install/new_interfaces/share/new_interfaces/cmake/export_new_interfaces__rosidl_typesupport_fastrtps_cppExport.cmake
[19.876s] -- Installing: /home/erum/ros2/ros2_ws/install/new_interfaces/share/new_interfaces/cmake/export_new_interfaces__rosidl_typesupport_fastrtps_cppExport-noconfig.cmake
[19.876s] -- Installing: /home/erum/ros2/ros2_ws/install/new_interfaces/share/new_interfaces/cmake/new_interfaces__rosidl_typesupport_introspection_cppExport.cmake
[19.877s] -- Installing: /home/erum/ros2/ros2_ws/install/new_interfaces/share/new_interfaces/cmake/new_interfaces__rosidl_typesupport_introspection_cppExport-noconfig.cmake
[19.877s] -- Installing: /home/erum/ros2/ros2_ws/install/new_interfaces/share/new_interfaces/cmake/new_interfaces__rosidl_typesupport_cppExport.cmake
[19.879s] -- Installing: /home/erum/ros2/ros2_ws/install/new_interfaces/share/new_interfaces/cmake/new_interfaces__rosidl_typesupport_cppExport-noconfig.cmake
[19.879s] -- Installing: /home/erum/ros2/ros2_ws/install/new_interfaces/share/new_interfaces/cmake/export_new_interfaces__rosidl_generator_pyExport.cmake
[19.880s] -- Installing: /home/erum/ros2/ros2_ws/install/new_interfaces/share/new_interfaces/cmake/export_new_interfaces__rosidl_generator_pyExport-noconfig.cmake
[19.882s] -- Installing: /home/erum/ros2/ros2_ws/install/new_interfaces/share/new_interfaces/cmake/rosidl_cmake-extras.cmake
[19.882s] -- Installing: /home/erum/ros2/ros2_ws/install/new_interfaces/share/new_interfaces/cmake/ament_cmake_export_include_directories-extras.cmake
[19.882s] -- Installing: /home/erum/ros2/ros2_ws/install/new_interfaces/share/new_interfaces/cmake/ament_cmake_export_libraries-extras.cmake
[19.882s] -- Installing: /home/erum/ros2/ros2_ws/install/new_interfaces/share/new_interfaces/cmake/ament_cmake_export_targets-extras.cmake
[19.882s] -- Installing: /home/erum/ros2/ros2_ws/install/new_interfaces/share/new_interfaces/cmake/rosidl_cmake_export_typesupport_targets-extras.cmake
[19.884s] -- Installing: /home/erum/ros2/ros2_ws/install/new_interfaces/share/new_interfaces/cmake/ament_cmake_export_dependencies-extras.cmake
[19.884s] -- Installing: /home/erum/ros2/ros2_ws/install/new_interfaces/share/new_interfaces/cmake/rosidl_cmake_export_typesupport_libraries-extras.cmake
[19.884s] -- Installing: /home/erum/ros2/ros2_ws/install/new_interfaces/share/new_interfaces/cmake/new_interfacesConfig.cmake
[19.885s] -- Installing: /home/erum/ros2/ros2_ws/install/new_interfaces/share/new_interfaces/cmake/new_interfacesConfig-version.cmake
[19.886s] -- Installing: /home/erum/ros2/ros2_ws/install/new_interfaces/share/new_interfaces/package.xml
[19.889s] Invoked command in '/home/erum/ros2/ros2_ws/build/new_interfaces' returned '0': CMAKE_PREFIX_PATH=${CMAKE_PREFIX_PATH}:/opt/ros/jazzy DEBUGINFOD_URLS=https://debuginfod.ubuntu.com /usr/bin/cmake --install /home/erum/ros2/ros2_ws/build/new_interfaces
