[0.024s] Invoking command in '/home/erum/ros2_workspace/src/mobile_robot/build/mobile_robot': CMAKE_PREFIX_PATH=${CMAKE_PREFIX_PATH}:/home/erum/ros2_workspace/install/rect_area_pkg:/home/erum/ros2_workspace/install/add_two_ints_pkg:/home/erum/ros2_workspace/install/my_first_pkg:/home/erum/ros2_workspace/install/Erum_pde4430:/home/erum/install/my_first_pkg:/opt/ros/jazzy DEBUGINFOD_URLS=https://debuginfod.ubuntu.com /usr/bin/cmake /home/erum/ros2_workspace/src/mobile_robot -DCMAKE_INSTALL_PREFIX=/home/erum/ros2_workspace/src/mobile_robot/install/mobile_robot
[0.496s] -- The C compiler identification is GNU 13.3.0
[0.780s] -- The CXX compiler identification is GNU 13.3.0
[0.811s] -- Detecting C compiler ABI info
[0.995s] -- Detecting C compiler ABI info - done
[1.003s] -- Check for working C compiler: /usr/bin/cc - skipped
[1.005s] -- Detecting C compile features
[1.006s] -- Detecting C compile features - done
[1.019s] -- Detecting CXX compiler ABI info
[1.159s] -- Detecting CXX compiler ABI info - done
[1.165s] -- Check for working CXX compiler: /usr/bin/c++ - skipped
[1.165s] -- Detecting CXX compile features
[1.165s] -- Detecting CXX compile features - done
[1.195s] -- Found ament_cmake: 2.5.4 (/opt/ros/jazzy/share/ament_cmake/cmake)
[1.360s] -- Found Python3: /usr/bin/python3 (found version "3.12.3") found components: Interpreter 
[1.533s] -- Found rclpy: 7.1.6 (/opt/ros/jazzy/share/rclpy/cmake)
[1.624s] [31mCMake Error at /opt/ros/jazzy/share/ament_cmake_python/cmake/ament_python_install_package.cmake:66 (message):
[1.624s]   ament_python_install_package() the Python package folder
[1.624s]   '/home/erum/ros2_workspace/src/mobile_robot/mobile_robot' doesn't contain
[1.624s]   an '__init__.py' file
[1.624s] Call Stack (most recent call first):
[1.624s]   /opt/ros/jazzy/share/ament_cmake_python/cmake/ament_python_install_package.cmake:39 (_ament_cmake_python_install_package)
[1.624s]   CMakeLists.txt:13 (ament_python_install_package)
[1.624s] 
[1.624s] [0m
[1.624s] -- Configuring incomplete, errors occurred!
[1.632s] Invoked command in '/home/erum/ros2_workspace/src/mobile_robot/build/mobile_robot' returned '1': CMAKE_PREFIX_PATH=${CMAKE_PREFIX_PATH}:/home/erum/ros2_workspace/install/rect_area_pkg:/home/erum/ros2_workspace/install/add_two_ints_pkg:/home/erum/ros2_workspace/install/my_first_pkg:/home/erum/ros2_workspace/install/Erum_pde4430:/home/erum/install/my_first_pkg:/opt/ros/jazzy DEBUGINFOD_URLS=https://debuginfod.ubuntu.com /usr/bin/cmake /home/erum/ros2_workspace/src/mobile_robot -DCMAKE_INSTALL_PREFIX=/home/erum/ros2_workspace/src/mobile_robot/install/mobile_robot
