[2.651s] Invoking command in '/home/erum/ros2_workspace/src/Erum_pde4430': DEBUGINFOD_URLS=https://debuginfod.ubuntu.com PYTHONPATH=/home/erum/ros2_workspace/src/build/Erum_pde4430/prefix_override:/usr/lib/python3/dist-packages/colcon_core/task/python/colcon_distutils_commands:/home/erum/ros2_workspace/src/install/Erum_pde4430/lib/python3.12/site-packages:${PYTHONPATH} /usr/bin/python3 -W ignore:setup.py install is deprecated -W ignore:easy_install command is deprecated setup.py egg_info --egg-base ../build/Erum_pde4430 build --build-base /home/erum/ros2_workspace/src/build/Erum_pde4430/build install --record /home/erum/ros2_workspace/src/build/Erum_pde4430/install.log --single-version-externally-managed install_data
[3.156s] running egg_info
[3.188s] writing ../build/Erum_pde4430/Erum_pde4430.egg-info/PKG-INFO
[3.189s] writing dependency_links to ../build/Erum_pde4430/Erum_pde4430.egg-info/dependency_links.txt
[3.189s] writing entry points to ../build/Erum_pde4430/Erum_pde4430.egg-info/entry_points.txt
[3.193s] writing requirements to ../build/Erum_pde4430/Erum_pde4430.egg-info/requires.txt
[3.193s] writing top-level names to ../build/Erum_pde4430/Erum_pde4430.egg-info/top_level.txt
[3.285s] reading manifest file '../build/Erum_pde4430/Erum_pde4430.egg-info/SOURCES.txt'
[3.289s] writing manifest file '../build/Erum_pde4430/Erum_pde4430.egg-info/SOURCES.txt'
[3.289s] running build
[3.289s] running build_py
[3.296s] running install
[3.313s] running install_lib
[3.366s] running install_data
[3.366s] running install_egg_info
[3.456s] removing '/home/erum/ros2_workspace/src/install/Erum_pde4430/lib/python3.12/site-packages/Erum_pde4430-0.0.0-py3.12.egg-info' (and everything under it)
[3.469s] Copying ../build/Erum_pde4430/Erum_pde4430.egg-info to /home/erum/ros2_workspace/src/install/Erum_pde4430/lib/python3.12/site-packages/Erum_pde4430-0.0.0-py3.12.egg-info
[3.473s] running install_scripts
[3.729s] Installing 4bots script to /home/erum/ros2_workspace/src/install/Erum_pde4430/lib/Erum_pde4430
[3.731s] Installing circular_move script to /home/erum/ros2_workspace/src/install/Erum_pde4430/lib/Erum_pde4430
[3.731s] Installing figure8_move script to /home/erum/ros2_workspace/src/install/Erum_pde4430/lib/Erum_pde4430
[3.731s] Installing roomba_cleaner script to /home/erum/ros2_workspace/src/install/Erum_pde4430/lib/Erum_pde4430
[3.731s] Installing straightmove script to /home/erum/ros2_workspace/src/install/Erum_pde4430/lib/Erum_pde4430
[3.733s] Installing user_coordinates script to /home/erum/ros2_workspace/src/install/Erum_pde4430/lib/Erum_pde4430
[3.733s] Installing userinput script to /home/erum/ros2_workspace/src/install/Erum_pde4430/lib/Erum_pde4430
[3.734s] writing list of installed files to '/home/erum/ros2_workspace/src/build/Erum_pde4430/install.log'
[3.774s] Invoked command in '/home/erum/ros2_workspace/src/Erum_pde4430' returned '0': DEBUGINFOD_URLS=https://debuginfod.ubuntu.com PYTHONPATH=/home/erum/ros2_workspace/src/build/Erum_pde4430/prefix_override:/usr/lib/python3/dist-packages/colcon_core/task/python/colcon_distutils_commands:/home/erum/ros2_workspace/src/install/Erum_pde4430/lib/python3.12/site-packages:${PYTHONPATH} /usr/bin/python3 -W ignore:setup.py install is deprecated -W ignore:easy_install command is deprecated setup.py egg_info --egg-base ../build/Erum_pde4430 build --build-base /home/erum/ros2_workspace/src/build/Erum_pde4430/build install --record /home/erum/ros2_workspace/src/build/Erum_pde4430/install.log --single-version-externally-managed install_data
