[0.196s] Invoking command in '/home/erum/ros2_workspace/build/new_interfaces': CMAKE_PREFIX_PATH=${CMAKE_PREFIX_PATH}:/home/erum/ros2_workspace/install/add_two_ints_pkg:/home/erum/ros2_workspace/install/my_first_pkg:/home/erum/ros2_workspace/install/Erum_pde4430:/opt/ros/jazzy DEBUGINFOD_URLS=https://debuginfod.ubuntu.com /usr/bin/cmake /home/erum/ros2_workspace/src/new_interfaces -DCMAKE_INSTALL_PREFIX=/home/erum/ros2_workspace/install/new_interfaces
[2.602s] -- The C compiler identification is GNU 13.3.0
[3.175s] -- The CXX compiler identification is GNU 13.3.0
[3.252s] -- Detecting C compiler ABI info
[4.165s] -- Detecting C compiler ABI info - done
[4.235s] -- Check for working C compiler: /usr/bin/cc - skipped
[4.243s] -- Detecting C compile features
[4.247s] -- Detecting C compile features - done
[4.347s] -- Detecting CXX compiler ABI info
[5.726s] -- Detecting CXX compiler ABI info - done
[5.793s] -- Check for working CXX compiler: /usr/bin/c++ - skipped
[5.793s] -- Detecting CXX compile features
[5.803s] -- Detecting CXX compile features - done
[6.043s] -- Found ament_cmake: 2.5.4 (/opt/ros/jazzy/share/ament_cmake/cmake)
[7.153s] -- Found Python3: /usr/bin/python3 (found version "3.12.3") found components: Interpreter 
[8.063s] -- Found rosidl_default_generators: 1.6.0 (/opt/ros/jazzy/share/rosidl_default_generators/cmake)
[8.142s] -- Using all available rosidl_typesupport_c: rosidl_typesupport_fastrtps_c;rosidl_typesupport_introspection_c
[8.628s] -- Using all available rosidl_typesupport_cpp: rosidl_typesupport_fastrtps_cpp;rosidl_typesupport_introspection_cpp
[8.934s] -- Found rosidl_adapter: 4.6.6 (/opt/ros/jazzy/share/rosidl_adapter/cmake)
[13.417s] -- Found ament_cmake_ros: 0.12.0 (/opt/ros/jazzy/share/ament_cmake_ros/cmake)
[15.369s] -- Using all available rosidl_typesupport_c: rosidl_typesupport_fastrtps_c;rosidl_typesupport_introspection_c
[24.991s] -- Using all available rosidl_typesupport_cpp: rosidl_typesupport_fastrtps_cpp;rosidl_typesupport_introspection_cpp
[25.035s] -- Found python_cmake_module: 0.11.1 (/opt/ros/jazzy/share/python_cmake_module/cmake)
[25.690s] -- Found PythonExtra: /usr/bin/python3  
[27.731s] -- Found Python3: /usr/bin/python3 (found version "3.12.3") found components: Interpreter Development NumPy Development.Module Development.Embed 
[27.811s] -- Found ament_lint_auto: 0.17.3 (/opt/ros/jazzy/share/ament_lint_auto/cmake)
[27.920s] -- Added test 'lint_cmake' to check CMake code style
[27.932s] -- Added test 'xmllint' to check XML markup files
[27.952s] -- Configuring done (26.4s)
[28.100s] -- Generating done (0.1s)
[28.147s] -- Build files have been written to: /home/erum/ros2_workspace/build/new_interfaces
[28.204s] Invoked command in '/home/erum/ros2_workspace/build/new_interfaces' returned '0': CMAKE_PREFIX_PATH=${CMAKE_PREFIX_PATH}:/home/erum/ros2_workspace/install/add_two_ints_pkg:/home/erum/ros2_workspace/install/my_first_pkg:/home/erum/ros2_workspace/install/Erum_pde4430:/opt/ros/jazzy DEBUGINFOD_URLS=https://debuginfod.ubuntu.com /usr/bin/cmake /home/erum/ros2_workspace/src/new_interfaces -DCMAKE_INSTALL_PREFIX=/home/erum/ros2_workspace/install/new_interfaces
[28.205s] Invoking command in '/home/erum/ros2_workspace/build/new_interfaces': CMAKE_PREFIX_PATH=${CMAKE_PREFIX_PATH}:/home/erum/ros2_workspace/install/add_two_ints_pkg:/home/erum/ros2_workspace/install/my_first_pkg:/home/erum/ros2_workspace/install/Erum_pde4430:/opt/ros/jazzy DEBUGINFOD_URLS=https://debuginfod.ubuntu.com /usr/bin/cmake --build /home/erum/ros2_workspace/build/new_interfaces -- -j2 -l2
[28.408s] [  2%] [34m[1mGenerating type hashes for ROS interfaces[0m
[28.823s] [  2%] Built target new_interfaces__rosidl_generator_type_description
[28.894s] [  2%] Built target ament_cmake_python_copy_new_interfaces
[28.930s] [  4%] [34m[1mGenerating C code for ROS interfaces[0m
[29.765s] [  6%] [32mBuilding C object CMakeFiles/new_interfaces__rosidl_generator_c.dir/rosidl_generator_c/new_interfaces/msg/detail/iot_sensor__description.c.o[0m
[29.985s] [  9%] [32mBuilding C object CMakeFiles/new_interfaces__rosidl_generator_c.dir/rosidl_generator_c/new_interfaces/msg/detail/iot_sensor__functions.c.o[0m
[30.111s] [ 11%] [32mBuilding C object CMakeFiles/new_interfaces__rosidl_generator_c.dir/rosidl_generator_c/new_interfaces/msg/detail/iot_sensor__type_support.c.o[0m
[30.193s] [ 13%] [32mBuilding C object CMakeFiles/new_interfaces__rosidl_generator_c.dir/rosidl_generator_c/new_interfaces/srv/detail/add_two_ints__description.c.o[0m
[30.333s] [ 15%] [32mBuilding C object CMakeFiles/new_interfaces__rosidl_generator_c.dir/rosidl_generator_c/new_interfaces/srv/detail/add_two_ints__functions.c.o[0m
[30.449s] [ 18%] [32mBuilding C object CMakeFiles/new_interfaces__rosidl_generator_c.dir/rosidl_generator_c/new_interfaces/srv/detail/add_two_ints__type_support.c.o[0m
[30.509s] [ 20%] [32m[1mLinking C shared library libnew_interfaces__rosidl_generator_c.so[0m
[30.611s] [ 20%] Built target new_interfaces__rosidl_generator_c
[30.657s] [ 22%] [34m[1mGenerating C++ code for ROS interfaces[0m
[31.479s] [ 22%] Built target new_interfaces__cpp
[31.819s] running egg_info
[31.820s] creating new_interfaces.egg-info
[31.843s] writing new_interfaces.egg-info/PKG-INFO
[31.843s] writing dependency_links to new_interfaces.egg-info/dependency_links.txt
[31.844s] writing top-level names to new_interfaces.egg-info/top_level.txt
[31.844s] writing manifest file 'new_interfaces.egg-info/SOURCES.txt'
[31.917s] reading manifest file 'new_interfaces.egg-info/SOURCES.txt'
[31.919s] writing manifest file 'new_interfaces.egg-info/SOURCES.txt'
[31.959s] [ 22%] Built target ament_cmake_python_build_new_interfaces_egg
[31.991s] [ 25%] [34m[1mGenerating C type support for eProsima Fast-RTPS[0m
[32.624s] [ 27%] [32mBuilding CXX object CMakeFiles/new_interfaces__rosidl_typesupport_fastrtps_c.dir/rosidl_typesupport_fastrtps_c/new_interfaces/msg/detail/iot_sensor__type_support_c.cpp.o[0m
[36.249s] [ 29%] [32mBuilding CXX object CMakeFiles/new_interfaces__rosidl_typesupport_fastrtps_c.dir/rosidl_typesupport_fastrtps_c/new_interfaces/srv/detail/add_two_ints__type_support_c.cpp.o[0m
[38.363s] [ 31%] [32m[1mLinking CXX shared library libnew_interfaces__rosidl_typesupport_fastrtps_c.so[0m
[38.598s] [ 31%] Built target new_interfaces__rosidl_typesupport_fastrtps_c
[38.645s] [ 34%] [34m[1mGenerating C introspection for ROS interfaces[0m
[39.140s] [ 36%] [32mBuilding C object CMakeFiles/new_interfaces__rosidl_typesupport_introspection_c.dir/rosidl_typesupport_introspection_c/new_interfaces/msg/detail/iot_sensor__type_support.c.o[0m
[39.225s] [ 38%] [32mBuilding C object CMakeFiles/new_interfaces__rosidl_typesupport_introspection_c.dir/rosidl_typesupport_introspection_c/new_interfaces/srv/detail/add_two_ints__type_support.c.o[0m
[39.325s] [ 40%] [32m[1mLinking C shared library libnew_interfaces__rosidl_typesupport_introspection_c.so[0m
[39.405s] [ 40%] Built target new_interfaces__rosidl_typesupport_introspection_c
[39.432s] [ 43%] [34m[1mGenerating C type support dispatch for ROS interfaces[0m
[39.829s] [ 45%] [32mBuilding CXX object CMakeFiles/new_interfaces__rosidl_typesupport_c.dir/rosidl_typesupport_c/new_interfaces/msg/iot_sensor__type_support.cpp.o[0m
[39.922s] [ 47%] [32mBuilding CXX object CMakeFiles/new_interfaces__rosidl_typesupport_c.dir/rosidl_typesupport_c/new_interfaces/srv/add_two_ints__type_support.cpp.o[0m
[40.024s] [ 50%] [32m[1mLinking CXX shared library libnew_interfaces__rosidl_typesupport_c.so[0m
[40.130s] [ 50%] Built target new_interfaces__rosidl_typesupport_c
[40.153s] [ 52%] [34m[1mGenerating C++ type support for eProsima Fast-RTPS[0m
[40.684s] [ 54%] [32mBuilding CXX object CMakeFiles/new_interfaces__rosidl_typesupport_fastrtps_cpp.dir/rosidl_typesupport_fastrtps_cpp/new_interfaces/msg/detail/dds_fastrtps/iot_sensor__type_support.cpp.o[0m
[43.258s] [ 56%] [32mBuilding CXX object CMakeFiles/new_interfaces__rosidl_typesupport_fastrtps_cpp.dir/rosidl_typesupport_fastrtps_cpp/new_interfaces/srv/detail/dds_fastrtps/add_two_ints__type_support.cpp.o[0m
[44.368s] [ 59%] [32m[1mLinking CXX shared library libnew_interfaces__rosidl_typesupport_fastrtps_cpp.so[0m
[44.591s] [ 59%] Built target new_interfaces__rosidl_typesupport_fastrtps_cpp
[44.614s] [ 61%] [34m[1mGenerating C++ introspection for ROS interfaces[0m
[45.128s] [ 63%] [32mBuilding CXX object CMakeFiles/new_interfaces__rosidl_typesupport_introspection_cpp.dir/rosidl_typesupport_introspection_cpp/new_interfaces/msg/detail/iot_sensor__type_support.cpp.o[0m
[45.721s] [ 65%] [32mBuilding CXX object CMakeFiles/new_interfaces__rosidl_typesupport_introspection_cpp.dir/rosidl_typesupport_introspection_cpp/new_interfaces/srv/detail/add_two_ints__type_support.cpp.o[0m
[46.521s] [ 68%] [32m[1mLinking CXX shared library libnew_interfaces__rosidl_typesupport_introspection_cpp.so[0m
[46.687s] [ 68%] Built target new_interfaces__rosidl_typesupport_introspection_cpp
[46.708s] [ 70%] [34m[1mGenerating C++ type support dispatch for ROS interfaces[0m
[47.139s] [ 72%] [32mBuilding CXX object CMakeFiles/new_interfaces__rosidl_typesupport_cpp.dir/rosidl_typesupport_cpp/new_interfaces/msg/iot_sensor__type_support.cpp.o[0m
[47.620s] [ 75%] [32mBuilding CXX object CMakeFiles/new_interfaces__rosidl_typesupport_cpp.dir/rosidl_typesupport_cpp/new_interfaces/srv/add_two_ints__type_support.cpp.o[0m
[48.210s] [ 77%] [32m[1mLinking CXX shared library libnew_interfaces__rosidl_typesupport_cpp.so[0m
[48.365s] [ 77%] Built target new_interfaces__rosidl_typesupport_cpp
[48.408s] [ 77%] Built target new_interfaces
[48.450s] [ 79%] [34m[1mGenerating Python code for ROS interfaces[0m
[49.116s] [ 79%] Built target new_interfaces__py
[49.157s] [ 81%] [32mBuilding C object CMakeFiles/new_interfaces__rosidl_generator_py.dir/rosidl_generator_py/new_interfaces/msg/_iot_sensor_s.c.o[0m
[49.630s] [ 84%] [32mBuilding C object CMakeFiles/new_interfaces__rosidl_generator_py.dir/rosidl_generator_py/new_interfaces/srv/_add_two_ints_s.c.o[0m
[49.843s] [ 86%] [32m[1mLinking C shared library libnew_interfaces__rosidl_generator_py.so[0m
[49.926s] [ 86%] Built target new_interfaces__rosidl_generator_py
[49.975s] [ 88%] [32mBuilding C object CMakeFiles/new_interfaces_s__rosidl_typesupport_fastrtps_c.dir/rosidl_generator_py/new_interfaces/_new_interfaces_s.ep.rosidl_typesupport_fastrtps_c.c.o[0m
[50.165s] [ 90%] [32m[1mLinking C shared module rosidl_generator_py/new_interfaces/new_interfaces_s__rosidl_typesupport_fastrtps_c.so[0m
[50.233s] [ 90%] Built target new_interfaces_s__rosidl_typesupport_fastrtps_c
[50.285s] [ 93%] [32mBuilding C object CMakeFiles/new_interfaces_s__rosidl_typesupport_introspection_c.dir/rosidl_generator_py/new_interfaces/_new_interfaces_s.ep.rosidl_typesupport_introspection_c.c.o[0m
[50.475s] [ 95%] [32m[1mLinking C shared module rosidl_generator_py/new_interfaces/new_interfaces_s__rosidl_typesupport_introspection_c.so[0m
[50.547s] [ 95%] Built target new_interfaces_s__rosidl_typesupport_introspection_c
[50.595s] [ 97%] [32mBuilding C object CMakeFiles/new_interfaces_s__rosidl_typesupport_c.dir/rosidl_generator_py/new_interfaces/_new_interfaces_s.ep.rosidl_typesupport_c.c.o[0m
[50.775s] [100%] [32m[1mLinking C shared module rosidl_generator_py/new_interfaces/new_interfaces_s__rosidl_typesupport_c.so[0m
[50.838s] [100%] Built target new_interfaces_s__rosidl_typesupport_c
[50.862s] Invoked command in '/home/erum/ros2_workspace/build/new_interfaces' returned '0': CMAKE_PREFIX_PATH=${CMAKE_PREFIX_PATH}:/home/erum/ros2_workspace/install/add_two_ints_pkg:/home/erum/ros2_workspace/install/my_first_pkg:/home/erum/ros2_workspace/install/Erum_pde4430:/opt/ros/jazzy DEBUGINFOD_URLS=https://debuginfod.ubuntu.com /usr/bin/cmake --build /home/erum/ros2_workspace/build/new_interfaces -- -j2 -l2
[50.884s] Invoking command in '/home/erum/ros2_workspace/build/new_interfaces': CMAKE_PREFIX_PATH=${CMAKE_PREFIX_PATH}:/home/erum/ros2_workspace/install/add_two_ints_pkg:/home/erum/ros2_workspace/install/my_first_pkg:/home/erum/ros2_workspace/install/Erum_pde4430:/opt/ros/jazzy DEBUGINFOD_URLS=https://debuginfod.ubuntu.com /usr/bin/cmake --install /home/erum/ros2_workspace/build/new_interfaces
[50.903s] -- Install configuration: ""
[50.906s] -- Installing: /home/erum/ros2_workspace/install/new_interfaces/share/ament_index/resource_index/rosidl_interfaces/new_interfaces
[50.906s] -- Installing: /home/erum/ros2_workspace/install/new_interfaces/share/new_interfaces/msg/IOTSensor.json
[50.907s] -- Installing: /home/erum/ros2_workspace/install/new_interfaces/share/new_interfaces/srv/AddTwoInts.json
[50.907s] -- Installing: /home/erum/ros2_workspace/install/new_interfaces/include/new_interfaces/new_interfaces
[50.908s] -- Installing: /home/erum/ros2_workspace/install/new_interfaces/include/new_interfaces/new_interfaces/srv
[50.909s] -- Installing: /home/erum/ros2_workspace/install/new_interfaces/include/new_interfaces/new_interfaces/srv/add_two_ints.h
[50.909s] -- Installing: /home/erum/ros2_workspace/install/new_interfaces/include/new_interfaces/new_interfaces/srv/detail
[50.910s] -- Installing: /home/erum/ros2_workspace/install/new_interfaces/include/new_interfaces/new_interfaces/srv/detail/add_two_ints__functions.h
[50.910s] -- Installing: /home/erum/ros2_workspace/install/new_interfaces/include/new_interfaces/new_interfaces/srv/detail/add_two_ints__description.c
[50.910s] -- Installing: /home/erum/ros2_workspace/install/new_interfaces/include/new_interfaces/new_interfaces/srv/detail/add_two_ints__functions.c
[50.911s] -- Installing: /home/erum/ros2_workspace/install/new_interfaces/include/new_interfaces/new_interfaces/srv/detail/add_two_ints__type_support.h
[50.911s] -- Installing: /home/erum/ros2_workspace/install/new_interfaces/include/new_interfaces/new_interfaces/srv/detail/add_two_ints__struct.h
[50.911s] -- Installing: /home/erum/ros2_workspace/install/new_interfaces/include/new_interfaces/new_interfaces/srv/detail/add_two_ints__type_support.c
[50.912s] -- Installing: /home/erum/ros2_workspace/install/new_interfaces/include/new_interfaces/new_interfaces/msg
[50.912s] -- Installing: /home/erum/ros2_workspace/install/new_interfaces/include/new_interfaces/new_interfaces/msg/rosidl_generator_c__visibility_control.h
[50.912s] -- Installing: /home/erum/ros2_workspace/install/new_interfaces/include/new_interfaces/new_interfaces/msg/iot_sensor.h
[50.912s] -- Installing: /home/erum/ros2_workspace/install/new_interfaces/include/new_interfaces/new_interfaces/msg/detail
[50.912s] -- Installing: /home/erum/ros2_workspace/install/new_interfaces/include/new_interfaces/new_interfaces/msg/detail/iot_sensor__functions.c
[50.913s] -- Installing: /home/erum/ros2_workspace/install/new_interfaces/include/new_interfaces/new_interfaces/msg/detail/iot_sensor__type_support.h
[50.913s] -- Installing: /home/erum/ros2_workspace/install/new_interfaces/include/new_interfaces/new_interfaces/msg/detail/iot_sensor__struct.h
[50.914s] -- Installing: /home/erum/ros2_workspace/install/new_interfaces/include/new_interfaces/new_interfaces/msg/detail/iot_sensor__type_support.c
[50.914s] -- Installing: /home/erum/ros2_workspace/install/new_interfaces/include/new_interfaces/new_interfaces/msg/detail/iot_sensor__description.c
[50.915s] -- Installing: /home/erum/ros2_workspace/install/new_interfaces/include/new_interfaces/new_interfaces/msg/detail/iot_sensor__functions.h
[50.916s] -- Installing: /home/erum/ros2_workspace/install/new_interfaces/share/new_interfaces/environment/library_path.sh
[50.916s] -- Installing: /home/erum/ros2_workspace/install/new_interfaces/share/new_interfaces/environment/library_path.dsv
[50.916s] -- Installing: /home/erum/ros2_workspace/install/new_interfaces/lib/libnew_interfaces__rosidl_generator_c.so
[50.918s] -- Set non-toolchain portion of runtime path of "/home/erum/ros2_workspace/install/new_interfaces/lib/libnew_interfaces__rosidl_generator_c.so" to ""
[50.918s] -- Up-to-date: /home/erum/ros2_workspace/install/new_interfaces/include/new_interfaces/new_interfaces
[50.918s] -- Up-to-date: /home/erum/ros2_workspace/install/new_interfaces/include/new_interfaces/new_interfaces/srv
[50.918s] -- Up-to-date: /home/erum/ros2_workspace/install/new_interfaces/include/new_interfaces/new_interfaces/srv/detail
[50.918s] -- Installing: /home/erum/ros2_workspace/install/new_interfaces/include/new_interfaces/new_interfaces/srv/detail/add_two_ints__rosidl_typesupport_fastrtps_c.h
[50.919s] -- Up-to-date: /home/erum/ros2_workspace/install/new_interfaces/include/new_interfaces/new_interfaces/msg
[50.919s] -- Installing: /home/erum/ros2_workspace/install/new_interfaces/include/new_interfaces/new_interfaces/msg/rosidl_typesupport_fastrtps_c__visibility_control.h
[50.919s] -- Up-to-date: /home/erum/ros2_workspace/install/new_interfaces/include/new_interfaces/new_interfaces/msg/detail
[50.919s] -- Installing: /home/erum/ros2_workspace/install/new_interfaces/include/new_interfaces/new_interfaces/msg/detail/iot_sensor__rosidl_typesupport_fastrtps_c.h
[50.919s] -- Installing: /home/erum/ros2_workspace/install/new_interfaces/lib/libnew_interfaces__rosidl_typesupport_fastrtps_c.so
[50.920s] -- Set non-toolchain portion of runtime path of "/home/erum/ros2_workspace/install/new_interfaces/lib/libnew_interfaces__rosidl_typesupport_fastrtps_c.so" to ""
[50.920s] -- Up-to-date: /home/erum/ros2_workspace/install/new_interfaces/include/new_interfaces/new_interfaces
[50.920s] -- Up-to-date: /home/erum/ros2_workspace/install/new_interfaces/include/new_interfaces/new_interfaces/srv
[50.920s] -- Up-to-date: /home/erum/ros2_workspace/install/new_interfaces/include/new_interfaces/new_interfaces/srv/detail
[50.920s] -- Installing: /home/erum/ros2_workspace/install/new_interfaces/include/new_interfaces/new_interfaces/srv/detail/add_two_ints__rosidl_typesupport_introspection_c.h
[50.921s] -- Installing: /home/erum/ros2_workspace/install/new_interfaces/include/new_interfaces/new_interfaces/srv/detail/add_two_ints__type_support.c
[50.921s] -- Up-to-date: /home/erum/ros2_workspace/install/new_interfaces/include/new_interfaces/new_interfaces/msg
[50.921s] -- Installing: /home/erum/ros2_workspace/install/new_interfaces/include/new_interfaces/new_interfaces/msg/rosidl_typesupport_introspection_c__visibility_control.h
[50.921s] -- Up-to-date: /home/erum/ros2_workspace/install/new_interfaces/include/new_interfaces/new_interfaces/msg/detail
[50.921s] -- Installing: /home/erum/ros2_workspace/install/new_interfaces/include/new_interfaces/new_interfaces/msg/detail/iot_sensor__rosidl_typesupport_introspection_c.h
[50.922s] -- Installing: /home/erum/ros2_workspace/install/new_interfaces/include/new_interfaces/new_interfaces/msg/detail/iot_sensor__type_support.c
[50.922s] -- Installing: /home/erum/ros2_workspace/install/new_interfaces/lib/libnew_interfaces__rosidl_typesupport_introspection_c.so
[50.923s] -- Set non-toolchain portion of runtime path of "/home/erum/ros2_workspace/install/new_interfaces/lib/libnew_interfaces__rosidl_typesupport_introspection_c.so" to ""
[50.923s] -- Installing: /home/erum/ros2_workspace/install/new_interfaces/lib/libnew_interfaces__rosidl_typesupport_c.so
[50.924s] -- Set non-toolchain portion of runtime path of "/home/erum/ros2_workspace/install/new_interfaces/lib/libnew_interfaces__rosidl_typesupport_c.so" to ""
[50.924s] -- Up-to-date: /home/erum/ros2_workspace/install/new_interfaces/include/new_interfaces/new_interfaces
[50.924s] -- Up-to-date: /home/erum/ros2_workspace/install/new_interfaces/include/new_interfaces/new_interfaces/srv
[50.924s] -- Installing: /home/erum/ros2_workspace/install/new_interfaces/include/new_interfaces/new_interfaces/srv/add_two_ints.hpp
[50.924s] -- Up-to-date: /home/erum/ros2_workspace/install/new_interfaces/include/new_interfaces/new_interfaces/srv/detail
[50.924s] -- Installing: /home/erum/ros2_workspace/install/new_interfaces/include/new_interfaces/new_interfaces/srv/detail/add_two_ints__struct.hpp
[50.924s] -- Installing: /home/erum/ros2_workspace/install/new_interfaces/include/new_interfaces/new_interfaces/srv/detail/add_two_ints__type_support.hpp
[50.925s] -- Installing: /home/erum/ros2_workspace/install/new_interfaces/include/new_interfaces/new_interfaces/srv/detail/add_two_ints__traits.hpp
[50.925s] -- Installing: /home/erum/ros2_workspace/install/new_interfaces/include/new_interfaces/new_interfaces/srv/detail/add_two_ints__builder.hpp
[50.925s] -- Up-to-date: /home/erum/ros2_workspace/install/new_interfaces/include/new_interfaces/new_interfaces/msg
[50.925s] -- Installing: /home/erum/ros2_workspace/install/new_interfaces/include/new_interfaces/new_interfaces/msg/iot_sensor.hpp
[50.925s] -- Installing: /home/erum/ros2_workspace/install/new_interfaces/include/new_interfaces/new_interfaces/msg/rosidl_generator_cpp__visibility_control.hpp
[50.925s] -- Up-to-date: /home/erum/ros2_workspace/install/new_interfaces/include/new_interfaces/new_interfaces/msg/detail
[50.925s] -- Installing: /home/erum/ros2_workspace/install/new_interfaces/include/new_interfaces/new_interfaces/msg/detail/iot_sensor__builder.hpp
[50.925s] -- Installing: /home/erum/ros2_workspace/install/new_interfaces/include/new_interfaces/new_interfaces/msg/detail/iot_sensor__type_support.hpp
[50.925s] -- Installing: /home/erum/ros2_workspace/install/new_interfaces/include/new_interfaces/new_interfaces/msg/detail/iot_sensor__struct.hpp
[50.926s] -- Installing: /home/erum/ros2_workspace/install/new_interfaces/include/new_interfaces/new_interfaces/msg/detail/iot_sensor__traits.hpp
[50.926s] -- Up-to-date: /home/erum/ros2_workspace/install/new_interfaces/include/new_interfaces/new_interfaces
[50.926s] -- Up-to-date: /home/erum/ros2_workspace/install/new_interfaces/include/new_interfaces/new_interfaces/srv
[50.927s] -- Up-to-date: /home/erum/ros2_workspace/install/new_interfaces/include/new_interfaces/new_interfaces/srv/detail
[50.927s] -- Installing: /home/erum/ros2_workspace/install/new_interfaces/include/new_interfaces/new_interfaces/srv/detail/add_two_ints__rosidl_typesupport_fastrtps_cpp.hpp
[50.927s] -- Installing: /home/erum/ros2_workspace/install/new_interfaces/include/new_interfaces/new_interfaces/srv/detail/dds_fastrtps
[50.927s] -- Up-to-date: /home/erum/ros2_workspace/install/new_interfaces/include/new_interfaces/new_interfaces/msg
[50.928s] -- Up-to-date: /home/erum/ros2_workspace/install/new_interfaces/include/new_interfaces/new_interfaces/msg/detail
[50.928s] -- Installing: /home/erum/ros2_workspace/install/new_interfaces/include/new_interfaces/new_interfaces/msg/detail/dds_fastrtps
[50.928s] -- Installing: /home/erum/ros2_workspace/install/new_interfaces/include/new_interfaces/new_interfaces/msg/detail/iot_sensor__rosidl_typesupport_fastrtps_cpp.hpp
[50.928s] -- Installing: /home/erum/ros2_workspace/install/new_interfaces/include/new_interfaces/new_interfaces/msg/rosidl_typesupport_fastrtps_cpp__visibility_control.h
[50.928s] -- Installing: /home/erum/ros2_workspace/install/new_interfaces/lib/libnew_interfaces__rosidl_typesupport_fastrtps_cpp.so
[50.928s] -- Set non-toolchain portion of runtime path of "/home/erum/ros2_workspace/install/new_interfaces/lib/libnew_interfaces__rosidl_typesupport_fastrtps_cpp.so" to ""
[50.929s] -- Up-to-date: /home/erum/ros2_workspace/install/new_interfaces/include/new_interfaces/new_interfaces
[50.929s] -- Up-to-date: /home/erum/ros2_workspace/install/new_interfaces/include/new_interfaces/new_interfaces/srv
[50.929s] -- Up-to-date: /home/erum/ros2_workspace/install/new_interfaces/include/new_interfaces/new_interfaces/srv/detail
[50.929s] -- Installing: /home/erum/ros2_workspace/install/new_interfaces/include/new_interfaces/new_interfaces/srv/detail/add_two_ints__type_support.cpp
[50.929s] -- Installing: /home/erum/ros2_workspace/install/new_interfaces/include/new_interfaces/new_interfaces/srv/detail/add_two_ints__rosidl_typesupport_introspection_cpp.hpp
[50.929s] -- Up-to-date: /home/erum/ros2_workspace/install/new_interfaces/include/new_interfaces/new_interfaces/msg
[50.929s] -- Up-to-date: /home/erum/ros2_workspace/install/new_interfaces/include/new_interfaces/new_interfaces/msg/detail
[50.929s] -- Installing: /home/erum/ros2_workspace/install/new_interfaces/include/new_interfaces/new_interfaces/msg/detail/iot_sensor__type_support.cpp
[50.929s] -- Installing: /home/erum/ros2_workspace/install/new_interfaces/include/new_interfaces/new_interfaces/msg/detail/iot_sensor__rosidl_typesupport_introspection_cpp.hpp
[50.930s] -- Installing: /home/erum/ros2_workspace/install/new_interfaces/lib/libnew_interfaces__rosidl_typesupport_introspection_cpp.so
[50.930s] -- Set non-toolchain portion of runtime path of "/home/erum/ros2_workspace/install/new_interfaces/lib/libnew_interfaces__rosidl_typesupport_introspection_cpp.so" to ""
[50.931s] -- Installing: /home/erum/ros2_workspace/install/new_interfaces/lib/libnew_interfaces__rosidl_typesupport_cpp.so
[50.931s] -- Set non-toolchain portion of runtime path of "/home/erum/ros2_workspace/install/new_interfaces/lib/libnew_interfaces__rosidl_typesupport_cpp.so" to ""
[50.931s] -- Installing: /home/erum/ros2_workspace/install/new_interfaces/share/new_interfaces/environment/pythonpath.sh
[50.931s] -- Installing: /home/erum/ros2_workspace/install/new_interfaces/share/new_interfaces/environment/pythonpath.dsv
[50.932s] -- Installing: /home/erum/ros2_workspace/install/new_interfaces/lib/python3.12/site-packages/new_interfaces-0.0.0-py3.12.egg-info
[50.932s] -- Installing: /home/erum/ros2_workspace/install/new_interfaces/lib/python3.12/site-packages/new_interfaces-0.0.0-py3.12.egg-info/SOURCES.txt
[50.932s] -- Installing: /home/erum/ros2_workspace/install/new_interfaces/lib/python3.12/site-packages/new_interfaces-0.0.0-py3.12.egg-info/top_level.txt
[50.932s] -- Installing: /home/erum/ros2_workspace/install/new_interfaces/lib/python3.12/site-packages/new_interfaces-0.0.0-py3.12.egg-info/dependency_links.txt
[50.932s] -- Installing: /home/erum/ros2_workspace/install/new_interfaces/lib/python3.12/site-packages/new_interfaces-0.0.0-py3.12.egg-info/PKG-INFO
[50.933s] -- Installing: /home/erum/ros2_workspace/install/new_interfaces/lib/python3.12/site-packages/new_interfaces
[50.933s] -- Installing: /home/erum/ros2_workspace/install/new_interfaces/lib/python3.12/site-packages/new_interfaces/_new_interfaces_s.ep.rosidl_typesupport_c.c
[50.933s] -- Installing: /home/erum/ros2_workspace/install/new_interfaces/lib/python3.12/site-packages/new_interfaces/srv
[50.933s] -- Installing: /home/erum/ros2_workspace/install/new_interfaces/lib/python3.12/site-packages/new_interfaces/srv/_add_two_ints_s.c
[50.934s] -- Installing: /home/erum/ros2_workspace/install/new_interfaces/lib/python3.12/site-packages/new_interfaces/srv/__init__.py
[50.934s] -- Installing: /home/erum/ros2_workspace/install/new_interfaces/lib/python3.12/site-packages/new_interfaces/srv/_add_two_ints.py
[50.934s] -- Installing: /home/erum/ros2_workspace/install/new_interfaces/lib/python3.12/site-packages/new_interfaces/__init__.py
[50.934s] -- Installing: /home/erum/ros2_workspace/install/new_interfaces/lib/python3.12/site-packages/new_interfaces/_new_interfaces_s.ep.rosidl_typesupport_introspection_c.c
[50.935s] -- Installing: /home/erum/ros2_workspace/install/new_interfaces/lib/python3.12/site-packages/new_interfaces/_new_interfaces_s.ep.rosidl_typesupport_fastrtps_c.c
[50.936s] -- Installing: /home/erum/ros2_workspace/install/new_interfaces/lib/python3.12/site-packages/new_interfaces/new_interfaces_s__rosidl_typesupport_fastrtps_c.so
[50.936s] -- Installing: /home/erum/ros2_workspace/install/new_interfaces/lib/python3.12/site-packages/new_interfaces/new_interfaces_s__rosidl_typesupport_c.so
[50.936s] -- Installing: /home/erum/ros2_workspace/install/new_interfaces/lib/python3.12/site-packages/new_interfaces/msg
[50.936s] -- Installing: /home/erum/ros2_workspace/install/new_interfaces/lib/python3.12/site-packages/new_interfaces/msg/_iot_sensor.py
[50.937s] -- Installing: /home/erum/ros2_workspace/install/new_interfaces/lib/python3.12/site-packages/new_interfaces/msg/__init__.py
[50.937s] -- Installing: /home/erum/ros2_workspace/install/new_interfaces/lib/python3.12/site-packages/new_interfaces/msg/_iot_sensor_s.c
[50.937s] -- Installing: /home/erum/ros2_workspace/install/new_interfaces/lib/python3.12/site-packages/new_interfaces/new_interfaces_s__rosidl_typesupport_introspection_c.so
[51.017s] Listing '/home/erum/ros2_workspace/install/new_interfaces/lib/python3.12/site-packages/new_interfaces'...
[51.017s] Compiling '/home/erum/ros2_workspace/install/new_interfaces/lib/python3.12/site-packages/new_interfaces/__init__.py'...
[51.017s] Listing '/home/erum/ros2_workspace/install/new_interfaces/lib/python3.12/site-packages/new_interfaces/msg'...
[51.017s] Compiling '/home/erum/ros2_workspace/install/new_interfaces/lib/python3.12/site-packages/new_interfaces/msg/__init__.py'...
[51.017s] Compiling '/home/erum/ros2_workspace/install/new_interfaces/lib/python3.12/site-packages/new_interfaces/msg/_iot_sensor.py'...
[51.018s] Listing '/home/erum/ros2_workspace/install/new_interfaces/lib/python3.12/site-packages/new_interfaces/srv'...
[51.018s] Compiling '/home/erum/ros2_workspace/install/new_interfaces/lib/python3.12/site-packages/new_interfaces/srv/__init__.py'...
[51.018s] Compiling '/home/erum/ros2_workspace/install/new_interfaces/lib/python3.12/site-packages/new_interfaces/srv/_add_two_ints.py'...
[51.029s] -- Installing: /home/erum/ros2_workspace/install/new_interfaces/lib/python3.12/site-packages/new_interfaces/new_interfaces_s__rosidl_typesupport_fastrtps_c.so
[51.030s] -- Set non-toolchain portion of runtime path of "/home/erum/ros2_workspace/install/new_interfaces/lib/python3.12/site-packages/new_interfaces/new_interfaces_s__rosidl_typesupport_fastrtps_c.so" to ""
[51.031s] -- Installing: /home/erum/ros2_workspace/install/new_interfaces/lib/python3.12/site-packages/new_interfaces/new_interfaces_s__rosidl_typesupport_introspection_c.so
[51.031s] -- Set non-toolchain portion of runtime path of "/home/erum/ros2_workspace/install/new_interfaces/lib/python3.12/site-packages/new_interfaces/new_interfaces_s__rosidl_typesupport_introspection_c.so" to ""
[51.032s] -- Installing: /home/erum/ros2_workspace/install/new_interfaces/lib/python3.12/site-packages/new_interfaces/new_interfaces_s__rosidl_typesupport_c.so
[51.034s] -- Set non-toolchain portion of runtime path of "/home/erum/ros2_workspace/install/new_interfaces/lib/python3.12/site-packages/new_interfaces/new_interfaces_s__rosidl_typesupport_c.so" to ""
[51.034s] -- Installing: /home/erum/ros2_workspace/install/new_interfaces/lib/libnew_interfaces__rosidl_generator_py.so
[51.036s] -- Set non-toolchain portion of runtime path of "/home/erum/ros2_workspace/install/new_interfaces/lib/libnew_interfaces__rosidl_generator_py.so" to ""
[51.036s] -- Installing: /home/erum/ros2_workspace/install/new_interfaces/share/new_interfaces/msg/IOTSensor.idl
[51.036s] -- Installing: /home/erum/ros2_workspace/install/new_interfaces/share/new_interfaces/srv/AddTwoInts.idl
[51.037s] -- Installing: /home/erum/ros2_workspace/install/new_interfaces/share/new_interfaces/msg/IOTSensor.msg
[51.038s] -- Installing: /home/erum/ros2_workspace/install/new_interfaces/share/new_interfaces/srv/AddTwoInts.srv
[51.038s] -- Installing: /home/erum/ros2_workspace/install/new_interfaces/share/ament_index/resource_index/package_run_dependencies/new_interfaces
[51.038s] -- Installing: /home/erum/ros2_workspace/install/new_interfaces/share/ament_index/resource_index/parent_prefix_path/new_interfaces
[51.039s] -- Installing: /home/erum/ros2_workspace/install/new_interfaces/share/new_interfaces/environment/ament_prefix_path.sh
[51.044s] -- Installing: /home/erum/ros2_workspace/install/new_interfaces/share/new_interfaces/environment/ament_prefix_path.dsv
[51.045s] -- Installing: /home/erum/ros2_workspace/install/new_interfaces/share/new_interfaces/environment/path.sh
[51.045s] -- Installing: /home/erum/ros2_workspace/install/new_interfaces/share/new_interfaces/environment/path.dsv
[51.045s] -- Installing: /home/erum/ros2_workspace/install/new_interfaces/share/new_interfaces/local_setup.bash
[51.045s] -- Installing: /home/erum/ros2_workspace/install/new_interfaces/share/new_interfaces/local_setup.sh
[51.045s] -- Installing: /home/erum/ros2_workspace/install/new_interfaces/share/new_interfaces/local_setup.zsh
[51.045s] -- Installing: /home/erum/ros2_workspace/install/new_interfaces/share/new_interfaces/local_setup.dsv
[51.045s] -- Installing: /home/erum/ros2_workspace/install/new_interfaces/share/new_interfaces/package.dsv
[51.046s] -- Installing: /home/erum/ros2_workspace/install/new_interfaces/share/ament_index/resource_index/packages/new_interfaces
[51.046s] -- Installing: /home/erum/ros2_workspace/install/new_interfaces/share/new_interfaces/cmake/export_new_interfaces__rosidl_generator_cExport.cmake
[51.046s] -- Installing: /home/erum/ros2_workspace/install/new_interfaces/share/new_interfaces/cmake/export_new_interfaces__rosidl_generator_cExport-noconfig.cmake
[51.046s] -- Installing: /home/erum/ros2_workspace/install/new_interfaces/share/new_interfaces/cmake/export_new_interfaces__rosidl_typesupport_fastrtps_cExport.cmake
[51.046s] -- Installing: /home/erum/ros2_workspace/install/new_interfaces/share/new_interfaces/cmake/export_new_interfaces__rosidl_typesupport_fastrtps_cExport-noconfig.cmake
[51.046s] -- Installing: /home/erum/ros2_workspace/install/new_interfaces/share/new_interfaces/cmake/new_interfaces__rosidl_typesupport_introspection_cExport.cmake
[51.047s] -- Installing: /home/erum/ros2_workspace/install/new_interfaces/share/new_interfaces/cmake/new_interfaces__rosidl_typesupport_introspection_cExport-noconfig.cmake
[51.047s] -- Installing: /home/erum/ros2_workspace/install/new_interfaces/share/new_interfaces/cmake/new_interfaces__rosidl_typesupport_cExport.cmake
[51.047s] -- Installing: /home/erum/ros2_workspace/install/new_interfaces/share/new_interfaces/cmake/new_interfaces__rosidl_typesupport_cExport-noconfig.cmake
[51.050s] -- Installing: /home/erum/ros2_workspace/install/new_interfaces/share/new_interfaces/cmake/export_new_interfaces__rosidl_generator_cppExport.cmake
[51.050s] -- Installing: /home/erum/ros2_workspace/install/new_interfaces/share/new_interfaces/cmake/export_new_interfaces__rosidl_typesupport_fastrtps_cppExport.cmake
[51.051s] -- Installing: /home/erum/ros2_workspace/install/new_interfaces/share/new_interfaces/cmake/export_new_interfaces__rosidl_typesupport_fastrtps_cppExport-noconfig.cmake
[51.051s] -- Installing: /home/erum/ros2_workspace/install/new_interfaces/share/new_interfaces/cmake/new_interfaces__rosidl_typesupport_introspection_cppExport.cmake
[51.052s] -- Installing: /home/erum/ros2_workspace/install/new_interfaces/share/new_interfaces/cmake/new_interfaces__rosidl_typesupport_introspection_cppExport-noconfig.cmake
[51.053s] -- Installing: /home/erum/ros2_workspace/install/new_interfaces/share/new_interfaces/cmake/new_interfaces__rosidl_typesupport_cppExport.cmake
[51.054s] -- Installing: /home/erum/ros2_workspace/install/new_interfaces/share/new_interfaces/cmake/new_interfaces__rosidl_typesupport_cppExport-noconfig.cmake
[51.054s] -- Installing: /home/erum/ros2_workspace/install/new_interfaces/share/new_interfaces/cmake/export_new_interfaces__rosidl_generator_pyExport.cmake
[51.055s] -- Installing: /home/erum/ros2_workspace/install/new_interfaces/share/new_interfaces/cmake/export_new_interfaces__rosidl_generator_pyExport-noconfig.cmake
[51.055s] -- Installing: /home/erum/ros2_workspace/install/new_interfaces/share/new_interfaces/cmake/rosidl_cmake-extras.cmake
[51.056s] -- Installing: /home/erum/ros2_workspace/install/new_interfaces/share/new_interfaces/cmake/ament_cmake_export_dependencies-extras.cmake
[51.056s] -- Installing: /home/erum/ros2_workspace/install/new_interfaces/share/new_interfaces/cmake/ament_cmake_export_include_directories-extras.cmake
[51.056s] -- Installing: /home/erum/ros2_workspace/install/new_interfaces/share/new_interfaces/cmake/ament_cmake_export_libraries-extras.cmake
[51.057s] -- Installing: /home/erum/ros2_workspace/install/new_interfaces/share/new_interfaces/cmake/ament_cmake_export_targets-extras.cmake
[51.057s] -- Installing: /home/erum/ros2_workspace/install/new_interfaces/share/new_interfaces/cmake/rosidl_cmake_export_typesupport_targets-extras.cmake
[51.060s] -- Installing: /home/erum/ros2_workspace/install/new_interfaces/share/new_interfaces/cmake/rosidl_cmake_export_typesupport_libraries-extras.cmake
[51.060s] -- Installing: /home/erum/ros2_workspace/install/new_interfaces/share/new_interfaces/cmake/new_interfacesConfig.cmake
[51.060s] -- Installing: /home/erum/ros2_workspace/install/new_interfaces/share/new_interfaces/cmake/new_interfacesConfig-version.cmake
[51.061s] -- Installing: /home/erum/ros2_workspace/install/new_interfaces/share/new_interfaces/package.xml
[51.065s] Invoked command in '/home/erum/ros2_workspace/build/new_interfaces' returned '0': CMAKE_PREFIX_PATH=${CMAKE_PREFIX_PATH}:/home/erum/ros2_workspace/install/add_two_ints_pkg:/home/erum/ros2_workspace/install/my_first_pkg:/home/erum/ros2_workspace/install/Erum_pde4430:/opt/ros/jazzy DEBUGINFOD_URLS=https://debuginfod.ubuntu.com /usr/bin/cmake --install /home/erum/ros2_workspace/build/new_interfaces
