[0.743s] Invoking command in '/home/erum/ros2_workspace/src/add_two_ints_pkg': AMENT_PREFIX_PATH=/home/erum/ros2_workspace/src/install/new_interfaces:${AMENT_PREFIX_PATH} CMAKE_PREFIX_PATH=/home/erum/ros2_workspace/src/install/new_interfaces:${CMAKE_PREFIX_PATH} DEBUGINFOD_URLS=https://debuginfod.ubuntu.com LD_LIBRARY_PATH=/home/erum/ros2_workspace/src/install/new_interfaces/lib:${LD_LIBRARY_PATH} PYTHONPATH=/home/erum/ros2_workspace/src/build/add_two_ints_pkg/prefix_override:/usr/lib/python3/dist-packages/colcon_core/task/python/colcon_distutils_commands:/home/erum/ros2_workspace/src/install/add_two_ints_pkg/lib/python3.12/site-packages:/home/erum/ros2_workspace/src/install/new_interfaces/lib/python3.12/site-packages:${PYTHONPATH} /usr/bin/python3 -W ignore:setup.py install is deprecated -W ignore:easy_install command is deprecated setup.py egg_info --egg-base ../build/add_two_ints_pkg build --build-base /home/erum/ros2_workspace/src/build/add_two_ints_pkg/build install --record /home/erum/ros2_workspace/src/build/add_two_ints_pkg/install.log --single-version-externally-managed install_data
[0.964s] running egg_info
[0.981s] writing ../build/add_two_ints_pkg/add_two_ints_pkg.egg-info/PKG-INFO
[0.982s] writing dependency_links to ../build/add_two_ints_pkg/add_two_ints_pkg.egg-info/dependency_links.txt
[0.982s] writing entry points to ../build/add_two_ints_pkg/add_two_ints_pkg.egg-info/entry_points.txt
[0.983s] writing requirements to ../build/add_two_ints_pkg/add_two_ints_pkg.egg-info/requires.txt
[0.983s] writing top-level names to ../build/add_two_ints_pkg/add_two_ints_pkg.egg-info/top_level.txt
[1.012s] reading manifest file '../build/add_two_ints_pkg/add_two_ints_pkg.egg-info/SOURCES.txt'
[1.012s] writing manifest file '../build/add_two_ints_pkg/add_two_ints_pkg.egg-info/SOURCES.txt'
[1.013s] running build
[1.013s] running build_py
[1.014s] running install
[1.018s] running install_lib
[1.037s] running install_data
[1.038s] running install_egg_info
[1.054s] removing '/home/erum/ros2_workspace/src/install/add_two_ints_pkg/lib/python3.12/site-packages/add_two_ints_pkg-0.0.0-py3.12.egg-info' (and everything under it)
[1.057s] Copying ../build/add_two_ints_pkg/add_two_ints_pkg.egg-info to /home/erum/ros2_workspace/src/install/add_two_ints_pkg/lib/python3.12/site-packages/add_two_ints_pkg-0.0.0-py3.12.egg-info
[1.058s] running install_scripts
[1.171s] Installing minimal_client script to /home/erum/ros2_workspace/src/install/add_two_ints_pkg/lib/add_two_ints_pkg
[1.173s] Installing minimal_server script to /home/erum/ros2_workspace/src/install/add_two_ints_pkg/lib/add_two_ints_pkg
[1.173s] writing list of installed files to '/home/erum/ros2_workspace/src/build/add_two_ints_pkg/install.log'
[1.196s] Invoked command in '/home/erum/ros2_workspace/src/add_two_ints_pkg' returned '0': AMENT_PREFIX_PATH=/home/erum/ros2_workspace/src/install/new_interfaces:${AMENT_PREFIX_PATH} CMAKE_PREFIX_PATH=/home/erum/ros2_workspace/src/install/new_interfaces:${CMAKE_PREFIX_PATH} DEBUGINFOD_URLS=https://debuginfod.ubuntu.com LD_LIBRARY_PATH=/home/erum/ros2_workspace/src/install/new_interfaces/lib:${LD_LIBRARY_PATH} PYTHONPATH=/home/erum/ros2_workspace/src/build/add_two_ints_pkg/prefix_override:/usr/lib/python3/dist-packages/colcon_core/task/python/colcon_distutils_commands:/home/erum/ros2_workspace/src/install/add_two_ints_pkg/lib/python3.12/site-packages:/home/erum/ros2_workspace/src/install/new_interfaces/lib/python3.12/site-packages:${PYTHONPATH} /usr/bin/python3 -W ignore:setup.py install is deprecated -W ignore:easy_install command is deprecated setup.py egg_info --egg-base ../build/add_two_ints_pkg build --build-base /home/erum/ros2_workspace/src/build/add_two_ints_pkg/build install --record /home/erum/ros2_workspace/src/build/add_two_ints_pkg/install.log --single-version-externally-managed install_data
