[0.166s] Invoking command in '/home/erum/ros2_workspace/build/my_robot_description': CMAKE_PREFIX_PATH=${CMAKE_PREFIX_PATH}:/home/erum/ros2_workspace/install/rect_area_pkg:/home/erum/ros2_workspace/install/add_two_ints_pkg:/home/erum/ros2_workspace/install/my_first_pkg:/home/erum/ros2_workspace/install/Erum_pde4430:/home/erum/install/my_first_pkg:/opt/ros/jazzy DEBUGINFOD_URLS=https://debuginfod.ubuntu.com /usr/bin/cmake /home/erum/ros2_workspace/src/my_robot_description -DCMAKE_INSTALL_PREFIX=/home/erum/ros2_workspace/install/my_robot_description
[1.621s] -- The C compiler identification is GNU 13.3.0
[1.858s] -- The CXX compiler identification is GNU 13.3.0
[1.895s] -- Detecting C compiler ABI info
[2.387s] -- Detecting C compiler ABI info - done
[2.399s] -- Check for working C compiler: /usr/bin/cc - skipped
[2.400s] -- Detecting C compile features
[2.402s] -- Detecting C compile features - done
[2.440s] -- Detecting CXX compiler ABI info
[2.932s] -- Detecting CXX compiler ABI info - done
[2.940s] -- Check for working CXX compiler: /usr/bin/c++ - skipped
[2.940s] -- Detecting CXX compile features
[2.942s] -- Detecting CXX compile features - done
[2.968s] -- Found ament_cmake: 2.5.4 (/opt/ros/jazzy/share/ament_cmake/cmake)
[3.182s] -- Found Python3: /usr/bin/python3 (found version "3.12.3") found components: Interpreter 
[3.737s] -- Configuring done (2.7s)
[3.737s] -- Generating done (0.0s)
[3.738s] -- Build files have been written to: /home/erum/ros2_workspace/build/my_robot_description
[3.741s] Invoked command in '/home/erum/ros2_workspace/build/my_robot_description' returned '0': CMAKE_PREFIX_PATH=${CMAKE_PREFIX_PATH}:/home/erum/ros2_workspace/install/rect_area_pkg:/home/erum/ros2_workspace/install/add_two_ints_pkg:/home/erum/ros2_workspace/install/my_first_pkg:/home/erum/ros2_workspace/install/Erum_pde4430:/home/erum/install/my_first_pkg:/opt/ros/jazzy DEBUGINFOD_URLS=https://debuginfod.ubuntu.com /usr/bin/cmake /home/erum/ros2_workspace/src/my_robot_description -DCMAKE_INSTALL_PREFIX=/home/erum/ros2_workspace/install/my_robot_description
[3.744s] Invoking command in '/home/erum/ros2_workspace/build/my_robot_description': CMAKE_PREFIX_PATH=${CMAKE_PREFIX_PATH}:/home/erum/ros2_workspace/install/rect_area_pkg:/home/erum/ros2_workspace/install/add_two_ints_pkg:/home/erum/ros2_workspace/install/my_first_pkg:/home/erum/ros2_workspace/install/Erum_pde4430:/home/erum/install/my_first_pkg:/opt/ros/jazzy DEBUGINFOD_URLS=https://debuginfod.ubuntu.com /usr/bin/cmake --build /home/erum/ros2_workspace/build/my_robot_description -- -j2 -l2
[3.876s] Invoked command in '/home/erum/ros2_workspace/build/my_robot_description' returned '0': CMAKE_PREFIX_PATH=${CMAKE_PREFIX_PATH}:/home/erum/ros2_workspace/install/rect_area_pkg:/home/erum/ros2_workspace/install/add_two_ints_pkg:/home/erum/ros2_workspace/install/my_first_pkg:/home/erum/ros2_workspace/install/Erum_pde4430:/home/erum/install/my_first_pkg:/opt/ros/jazzy DEBUGINFOD_URLS=https://debuginfod.ubuntu.com /usr/bin/cmake --build /home/erum/ros2_workspace/build/my_robot_description -- -j2 -l2
[3.917s] Invoking command in '/home/erum/ros2_workspace/build/my_robot_description': CMAKE_PREFIX_PATH=${CMAKE_PREFIX_PATH}:/home/erum/ros2_workspace/install/rect_area_pkg:/home/erum/ros2_workspace/install/add_two_ints_pkg:/home/erum/ros2_workspace/install/my_first_pkg:/home/erum/ros2_workspace/install/Erum_pde4430:/home/erum/install/my_first_pkg:/opt/ros/jazzy DEBUGINFOD_URLS=https://debuginfod.ubuntu.com /usr/bin/cmake --install /home/erum/ros2_workspace/build/my_robot_description
[3.939s] -- Install configuration: ""
[3.941s] -- Installing: /home/erum/ros2_workspace/install/my_robot_description/share/my_robot_description//urdf
[3.942s] -- Installing: /home/erum/ros2_workspace/install/my_robot_description/share/my_robot_description//urdf/mobile_base.ros2_controller.xacro
[3.944s] -- Installing: /home/erum/ros2_workspace/install/my_robot_description/share/my_robot_description//urdf/my_robot.urdf.xacro
[3.946s] -- Installing: /home/erum/ros2_workspace/install/my_robot_description/share/my_robot_description//urdf/common_properties.xacro
[3.947s] -- Installing: /home/erum/ros2_workspace/install/my_robot_description/share/my_robot_description//urdf/mobile_base.xacro
[3.949s] -- Installing: /home/erum/ros2_workspace/install/my_robot_description/share/my_robot_description//launch
[3.949s] -- Installing: /home/erum/ros2_workspace/install/my_robot_description/share/my_robot_description//launch/gazebo.launch.py
[3.951s] -- Installing: /home/erum/ros2_workspace/install/my_robot_description/share/my_robot_description//launch/display.launch.xml
[3.952s] -- Installing: /home/erum/ros2_workspace/install/my_robot_description/share/my_robot_description//launch/display.launch.py
[3.953s] -- Installing: /home/erum/ros2_workspace/install/my_robot_description/share/my_robot_description//rviz
[3.953s] -- Installing: /home/erum/ros2_workspace/install/my_robot_description/share/my_robot_description//rviz/urdf_config.rviz
[3.955s] -- Installing: /home/erum/ros2_workspace/install/my_robot_description/share/ament_index/resource_index/package_run_dependencies/my_robot_description
[3.958s] -- Installing: /home/erum/ros2_workspace/install/my_robot_description/share/ament_index/resource_index/parent_prefix_path/my_robot_description
[3.962s] -- Installing: /home/erum/ros2_workspace/install/my_robot_description/share/my_robot_description/environment/ament_prefix_path.sh
[3.963s] -- Installing: /home/erum/ros2_workspace/install/my_robot_description/share/my_robot_description/environment/ament_prefix_path.dsv
[3.964s] -- Installing: /home/erum/ros2_workspace/install/my_robot_description/share/my_robot_description/environment/path.sh
[3.965s] -- Installing: /home/erum/ros2_workspace/install/my_robot_description/share/my_robot_description/environment/path.dsv
[3.965s] -- Installing: /home/erum/ros2_workspace/install/my_robot_description/share/my_robot_description/local_setup.bash
[3.967s] -- Installing: /home/erum/ros2_workspace/install/my_robot_description/share/my_robot_description/local_setup.sh
[3.967s] -- Installing: /home/erum/ros2_workspace/install/my_robot_description/share/my_robot_description/local_setup.zsh
[3.968s] -- Installing: /home/erum/ros2_workspace/install/my_robot_description/share/my_robot_description/local_setup.dsv
[3.969s] -- Installing: /home/erum/ros2_workspace/install/my_robot_description/share/my_robot_description/package.dsv
[3.971s] -- Installing: /home/erum/ros2_workspace/install/my_robot_description/share/ament_index/resource_index/packages/my_robot_description
[3.973s] -- Installing: /home/erum/ros2_workspace/install/my_robot_description/share/my_robot_description/cmake/my_robot_descriptionConfig.cmake
[3.975s] -- Installing: /home/erum/ros2_workspace/install/my_robot_description/share/my_robot_description/cmake/my_robot_descriptionConfig-version.cmake
[3.976s] -- Installing: /home/erum/ros2_workspace/install/my_robot_description/share/my_robot_description/package.xml
[3.979s] Invoked command in '/home/erum/ros2_workspace/build/my_robot_description' returned '0': CMAKE_PREFIX_PATH=${CMAKE_PREFIX_PATH}:/home/erum/ros2_workspace/install/rect_area_pkg:/home/erum/ros2_workspace/install/add_two_ints_pkg:/home/erum/ros2_workspace/install/my_first_pkg:/home/erum/ros2_workspace/install/Erum_pde4430:/home/erum/install/my_first_pkg:/opt/ros/jazzy DEBUGINFOD_URLS=https://debuginfod.ubuntu.com /usr/bin/cmake --install /home/erum/ros2_workspace/build/my_robot_description
