[5.240s] Invoking command in '/home/erum/ros2_workspace/src/rect_area_pkg': DEBUGINFOD_URLS=https://debuginfod.ubuntu.com PYTHONPATH=/home/erum/ros2_workspace/build/rect_area_pkg/prefix_override:/usr/lib/python3/dist-packages/colcon_core/task/python/colcon_distutils_commands:/home/erum/ros2_workspace/install/rect_area_pkg/lib/python3.12/site-packages:${PYTHONPATH} /usr/bin/python3 -W ignore:setup.py install is deprecated -W ignore:easy_install command is deprecated setup.py egg_info --egg-base ../../build/rect_area_pkg build --build-base /home/erum/ros2_workspace/build/rect_area_pkg/build install --record /home/erum/ros2_workspace/build/rect_area_pkg/install.log --single-version-externally-managed install_data
[6.855s] running egg_info
[6.891s] writing ../../build/rect_area_pkg/rect_area_pkg.egg-info/PKG-INFO
[6.892s] writing dependency_links to ../../build/rect_area_pkg/rect_area_pkg.egg-info/dependency_links.txt
[6.893s] writing entry points to ../../build/rect_area_pkg/rect_area_pkg.egg-info/entry_points.txt
[6.893s] writing requirements to ../../build/rect_area_pkg/rect_area_pkg.egg-info/requires.txt
[6.893s] writing top-level names to ../../build/rect_area_pkg/rect_area_pkg.egg-info/top_level.txt
[7.138s] reading manifest file '../../build/rect_area_pkg/rect_area_pkg.egg-info/SOURCES.txt'
[7.138s] writing manifest file '../../build/rect_area_pkg/rect_area_pkg.egg-info/SOURCES.txt'
[7.154s] running build
[7.154s] running build_py
[7.173s] running install
[7.245s] running install_lib
[7.572s] running install_data
[7.572s] running install_egg_info
[7.878s] removing '/home/erum/ros2_workspace/install/rect_area_pkg/lib/python3.12/site-packages/rect_area_pkg-0.0.0-py3.12.egg-info' (and everything under it)
[7.888s] Copying ../../build/rect_area_pkg/rect_area_pkg.egg-info to /home/erum/ros2_workspace/install/rect_area_pkg/lib/python3.12/site-packages/rect_area_pkg-0.0.0-py3.12.egg-info
[7.888s] running install_scripts
[9.425s] Installing rect_client script to /home/erum/ros2_workspace/install/rect_area_pkg/lib/rect_area_pkg
[9.425s] Installing rect_server script to /home/erum/ros2_workspace/install/rect_area_pkg/lib/rect_area_pkg
[9.431s] writing list of installed files to '/home/erum/ros2_workspace/build/rect_area_pkg/install.log'
[10.017s] Invoked command in '/home/erum/ros2_workspace/src/rect_area_pkg' returned '0': DEBUGINFOD_URLS=https://debuginfod.ubuntu.com PYTHONPATH=/home/erum/ros2_workspace/build/rect_area_pkg/prefix_override:/usr/lib/python3/dist-packages/colcon_core/task/python/colcon_distutils_commands:/home/erum/ros2_workspace/install/rect_area_pkg/lib/python3.12/site-packages:${PYTHONPATH} /usr/bin/python3 -W ignore:setup.py install is deprecated -W ignore:easy_install command is deprecated setup.py egg_info --egg-base ../../build/rect_area_pkg build --build-base /home/erum/ros2_workspace/build/rect_area_pkg/build install --record /home/erum/ros2_workspace/build/rect_area_pkg/install.log --single-version-externally-managed install_data
