[0.032s] Invoking command in '/home/erum/ros2_workspace/build/ball_bot_description': CMAKE_PREFIX_PATH=${CMAKE_PREFIX_PATH}:/home/erum/install/my_first_pkg:/opt/ros/jazzy DEBUGINFOD_URLS=https://debuginfod.ubuntu.com /usr/bin/cmake /home/erum/ros2_workspace/src/ball_bot_description -DCMAKE_INSTALL_PREFIX=/home/erum/ros2_workspace/install/ball_bot_description
[0.116s] -- The C compiler identification is GNU 13.3.0
[0.227s] -- The CXX compiler identification is GNU 13.3.0
[0.252s] -- Detecting C compiler ABI info
[0.467s] -- Detecting C compiler ABI info - done
[0.500s] -- Check for working C compiler: /usr/bin/cc - skipped
[0.503s] -- Detecting C compile features
[0.507s] -- Detecting C compile features - done
[0.544s] -- Detecting CXX compiler ABI info
[0.875s] -- Detecting CXX compiler ABI info - done
[0.897s] -- Check for working CXX compiler: /usr/bin/c++ - skipped
[0.897s] -- Detecting CXX compile features
[0.899s] -- Detecting CXX compile features - done
[0.909s] -- Found ament_cmake: 2.5.4 (/opt/ros/jazzy/share/ament_cmake/cmake)
[1.274s] -- Found Python3: /usr/bin/python3 (found version "3.12.3") found components: Interpreter 
[2.032s] -- Found ament_lint_auto: 0.17.3 (/opt/ros/jazzy/share/ament_lint_auto/cmake)
[2.584s] -- Added test 'flake8' to check Python code syntax and style conventions
[2.584s] -- Configured 'flake8' exclude dirs and/or files: 
[2.591s] -- Added test 'lint_cmake' to check CMake code style
[2.597s] -- Added test 'pep257' to check Python code against some of the docstring style conventions in PEP 257
[2.611s] -- Added test 'xmllint' to check XML markup files
[2.625s] -- Configuring done (2.6s)
[2.675s] -- Generating done (0.0s)
[2.678s] -- Build files have been written to: /home/erum/ros2_workspace/build/ball_bot_description
[2.709s] Invoked command in '/home/erum/ros2_workspace/build/ball_bot_description' returned '0': CMAKE_PREFIX_PATH=${CMAKE_PREFIX_PATH}:/home/erum/install/my_first_pkg:/opt/ros/jazzy DEBUGINFOD_URLS=https://debuginfod.ubuntu.com /usr/bin/cmake /home/erum/ros2_workspace/src/ball_bot_description -DCMAKE_INSTALL_PREFIX=/home/erum/ros2_workspace/install/ball_bot_description
[2.710s] Invoking command in '/home/erum/ros2_workspace/build/ball_bot_description': CMAKE_PREFIX_PATH=${CMAKE_PREFIX_PATH}:/home/erum/install/my_first_pkg:/opt/ros/jazzy DEBUGINFOD_URLS=https://debuginfod.ubuntu.com /usr/bin/cmake --build /home/erum/ros2_workspace/build/ball_bot_description -- -j2 -l2
[2.817s] Invoked command in '/home/erum/ros2_workspace/build/ball_bot_description' returned '0': CMAKE_PREFIX_PATH=${CMAKE_PREFIX_PATH}:/home/erum/install/my_first_pkg:/opt/ros/jazzy DEBUGINFOD_URLS=https://debuginfod.ubuntu.com /usr/bin/cmake --build /home/erum/ros2_workspace/build/ball_bot_description -- -j2 -l2
[2.837s] Invoking command in '/home/erum/ros2_workspace/build/ball_bot_description': CMAKE_PREFIX_PATH=${CMAKE_PREFIX_PATH}:/home/erum/install/my_first_pkg:/opt/ros/jazzy DEBUGINFOD_URLS=https://debuginfod.ubuntu.com /usr/bin/cmake --install /home/erum/ros2_workspace/build/ball_bot_description
[2.856s] -- Install configuration: ""
[2.857s] -- Installing: /home/erum/ros2_workspace/install/ball_bot_description/share/ament_index/resource_index/package_run_dependencies/ball_bot_description
[2.858s] -- Installing: /home/erum/ros2_workspace/install/ball_bot_description/share/ament_index/resource_index/parent_prefix_path/ball_bot_description
[2.862s] -- Installing: /home/erum/ros2_workspace/install/ball_bot_description/share/ball_bot_description/environment/ament_prefix_path.sh
[2.862s] -- Installing: /home/erum/ros2_workspace/install/ball_bot_description/share/ball_bot_description/environment/ament_prefix_path.dsv
[2.862s] -- Installing: /home/erum/ros2_workspace/install/ball_bot_description/share/ball_bot_description/environment/path.sh
[2.863s] -- Installing: /home/erum/ros2_workspace/install/ball_bot_description/share/ball_bot_description/environment/path.dsv
[2.865s] -- Installing: /home/erum/ros2_workspace/install/ball_bot_description/share/ball_bot_description/local_setup.bash
[2.866s] -- Installing: /home/erum/ros2_workspace/install/ball_bot_description/share/ball_bot_description/local_setup.sh
[2.869s] -- Installing: /home/erum/ros2_workspace/install/ball_bot_description/share/ball_bot_description/local_setup.zsh
[2.869s] -- Installing: /home/erum/ros2_workspace/install/ball_bot_description/share/ball_bot_description/local_setup.dsv
[2.869s] -- Installing: /home/erum/ros2_workspace/install/ball_bot_description/share/ball_bot_description/package.dsv
[2.870s] -- Installing: /home/erum/ros2_workspace/install/ball_bot_description/share/ament_index/resource_index/packages/ball_bot_description
[2.870s] -- Installing: /home/erum/ros2_workspace/install/ball_bot_description/share/ball_bot_description/cmake/ball_bot_descriptionConfig.cmake
[2.872s] -- Installing: /home/erum/ros2_workspace/install/ball_bot_description/share/ball_bot_description/cmake/ball_bot_descriptionConfig-version.cmake
[2.872s] -- Installing: /home/erum/ros2_workspace/install/ball_bot_description/share/ball_bot_description/package.xml
[2.875s] Invoked command in '/home/erum/ros2_workspace/build/ball_bot_description' returned '0': CMAKE_PREFIX_PATH=${CMAKE_PREFIX_PATH}:/home/erum/install/my_first_pkg:/opt/ros/jazzy DEBUGINFOD_URLS=https://debuginfod.ubuntu.com /usr/bin/cmake --install /home/erum/ros2_workspace/build/ball_bot_description
