[2.828s] Invoking command in '/home/erum/ros2_workspace/src/add_two_ints_pkg': AMENT_PREFIX_PATH=/home/erum/ros2_workspace/src/install/new_interfaces:${AMENT_PREFIX_PATH} CMAKE_PREFIX_PATH=/home/erum/ros2_workspace/src/install/new_interfaces:${CMAKE_PREFIX_PATH} DEBUGINFOD_URLS=https://debuginfod.ubuntu.com LD_LIBRARY_PATH=/home/erum/ros2_workspace/src/install/new_interfaces/lib:${LD_LIBRARY_PATH} PYTHONPATH=/home/erum/ros2_workspace/src/build/add_two_ints_pkg/prefix_override:/usr/lib/python3/dist-packages/colcon_core/task/python/colcon_distutils_commands:/home/erum/ros2_workspace/src/install/add_two_ints_pkg/lib/python3.12/site-packages:/home/erum/ros2_workspace/src/install/new_interfaces/lib/python3.12/site-packages:${PYTHONPATH} /usr/bin/python3 -W ignore:setup.py install is deprecated -W ignore:easy_install command is deprecated setup.py egg_info --egg-base ../build/add_two_ints_pkg build --build-base /home/erum/ros2_workspace/src/build/add_two_ints_pkg/build install --record /home/erum/ros2_workspace/src/build/add_two_ints_pkg/install.log --single-version-externally-managed install_data
[3.754s] running egg_info
[3.757s] creating ../build/add_two_ints_pkg/add_two_ints_pkg.egg-info
[3.789s] writing ../build/add_two_ints_pkg/add_two_ints_pkg.egg-info/PKG-INFO
[3.793s] writing dependency_links to ../build/add_two_ints_pkg/add_two_ints_pkg.egg-info/dependency_links.txt
[3.793s] writing entry points to ../build/add_two_ints_pkg/add_two_ints_pkg.egg-info/entry_points.txt
[3.793s] writing requirements to ../build/add_two_ints_pkg/add_two_ints_pkg.egg-info/requires.txt
[3.793s] writing top-level names to ../build/add_two_ints_pkg/add_two_ints_pkg.egg-info/top_level.txt
[3.793s] writing manifest file '../build/add_two_ints_pkg/add_two_ints_pkg.egg-info/SOURCES.txt'
[3.847s] reading manifest file '../build/add_two_ints_pkg/add_two_ints_pkg.egg-info/SOURCES.txt'
[3.848s] writing manifest file '../build/add_two_ints_pkg/add_two_ints_pkg.egg-info/SOURCES.txt'
[3.849s] running build
[3.849s] running build_py
[3.849s] creating /home/erum/ros2_workspace/src/build/add_two_ints_pkg/build
[3.849s] creating /home/erum/ros2_workspace/src/build/add_two_ints_pkg/build/lib
[3.850s] creating /home/erum/ros2_workspace/src/build/add_two_ints_pkg/build/lib/add_two_ints_pkg
[3.850s] copying add_two_ints_pkg/minimal_client.py -> /home/erum/ros2_workspace/src/build/add_two_ints_pkg/build/lib/add_two_ints_pkg
[3.851s] copying add_two_ints_pkg/__init__.py -> /home/erum/ros2_workspace/src/build/add_two_ints_pkg/build/lib/add_two_ints_pkg
[3.851s] copying add_two_ints_pkg/minimal_server.py -> /home/erum/ros2_workspace/src/build/add_two_ints_pkg/build/lib/add_two_ints_pkg
[3.854s] running install
[3.856s] running install_lib
[3.874s] creating /home/erum/ros2_workspace/src/install/add_two_ints_pkg/lib/python3.12/site-packages/add_two_ints_pkg
[3.876s] copying /home/erum/ros2_workspace/src/build/add_two_ints_pkg/build/lib/add_two_ints_pkg/minimal_client.py -> /home/erum/ros2_workspace/src/install/add_two_ints_pkg/lib/python3.12/site-packages/add_two_ints_pkg
[3.876s] copying /home/erum/ros2_workspace/src/build/add_two_ints_pkg/build/lib/add_two_ints_pkg/__init__.py -> /home/erum/ros2_workspace/src/install/add_two_ints_pkg/lib/python3.12/site-packages/add_two_ints_pkg
[3.876s] copying /home/erum/ros2_workspace/src/build/add_two_ints_pkg/build/lib/add_two_ints_pkg/minimal_server.py -> /home/erum/ros2_workspace/src/install/add_two_ints_pkg/lib/python3.12/site-packages/add_two_ints_pkg
[3.877s] byte-compiling /home/erum/ros2_workspace/src/install/add_two_ints_pkg/lib/python3.12/site-packages/add_two_ints_pkg/minimal_client.py to minimal_client.cpython-312.pyc
[3.878s] byte-compiling /home/erum/ros2_workspace/src/install/add_two_ints_pkg/lib/python3.12/site-packages/add_two_ints_pkg/__init__.py to __init__.cpython-312.pyc
[3.878s] byte-compiling /home/erum/ros2_workspace/src/install/add_two_ints_pkg/lib/python3.12/site-packages/add_two_ints_pkg/minimal_server.py to minimal_server.cpython-312.pyc
[3.879s] running install_data
[3.879s] creating /home/erum/ros2_workspace/src/install/add_two_ints_pkg/share/ament_index
[3.879s] creating /home/erum/ros2_workspace/src/install/add_two_ints_pkg/share/ament_index/resource_index
[3.879s] creating /home/erum/ros2_workspace/src/install/add_two_ints_pkg/share/ament_index/resource_index/packages
[3.879s] copying resource/add_two_ints_pkg -> /home/erum/ros2_workspace/src/install/add_two_ints_pkg/share/ament_index/resource_index/packages
[3.879s] copying package.xml -> /home/erum/ros2_workspace/src/install/add_two_ints_pkg/share/add_two_ints_pkg
[3.881s] running install_egg_info
[3.910s] Copying ../build/add_two_ints_pkg/add_two_ints_pkg.egg-info to /home/erum/ros2_workspace/src/install/add_two_ints_pkg/lib/python3.12/site-packages/add_two_ints_pkg-0.0.0-py3.12.egg-info
[3.910s] running install_scripts
[4.064s] Installing minimal_client script to /home/erum/ros2_workspace/src/install/add_two_ints_pkg/lib/add_two_ints_pkg
[4.067s] Installing minimal_server script to /home/erum/ros2_workspace/src/install/add_two_ints_pkg/lib/add_two_ints_pkg
[4.067s] writing list of installed files to '/home/erum/ros2_workspace/src/build/add_two_ints_pkg/install.log'
[4.126s] Invoked command in '/home/erum/ros2_workspace/src/add_two_ints_pkg' returned '0': AMENT_PREFIX_PATH=/home/erum/ros2_workspace/src/install/new_interfaces:${AMENT_PREFIX_PATH} CMAKE_PREFIX_PATH=/home/erum/ros2_workspace/src/install/new_interfaces:${CMAKE_PREFIX_PATH} DEBUGINFOD_URLS=https://debuginfod.ubuntu.com LD_LIBRARY_PATH=/home/erum/ros2_workspace/src/install/new_interfaces/lib:${LD_LIBRARY_PATH} PYTHONPATH=/home/erum/ros2_workspace/src/build/add_two_ints_pkg/prefix_override:/usr/lib/python3/dist-packages/colcon_core/task/python/colcon_distutils_commands:/home/erum/ros2_workspace/src/install/add_two_ints_pkg/lib/python3.12/site-packages:/home/erum/ros2_workspace/src/install/new_interfaces/lib/python3.12/site-packages:${PYTHONPATH} /usr/bin/python3 -W ignore:setup.py install is deprecated -W ignore:easy_install command is deprecated setup.py egg_info --egg-base ../build/add_two_ints_pkg build --build-base /home/erum/ros2_workspace/src/build/add_two_ints_pkg/build install --record /home/erum/ros2_workspace/src/build/add_two_ints_pkg/install.log --single-version-externally-managed install_data
