[0.165s] DEBUG:colcon:Command line arguments: ['/usr/bin/colcon', 'build']
[0.165s] DEBUG:colcon:Parsed command line arguments: Namespace(log_base=None, log_level=None, verb_name='build', build_base='build', install_base='install', merge_install=False, symlink_install=False, test_result_base=None, continue_on_error=False, executor='parallel', parallel_workers=2, event_handlers=None, ignore_user_meta=False, metas=['./colcon.meta'], base_paths=['.'], packages_ignore=None, packages_ignore_regex=None, paths=None, packages_up_to=None, packages_up_to_regex=None, packages_above=None, packages_above_and_dependencies=None, packages_above_depth=None, packages_select_by_dep=None, packages_skip_by_dep=None, packages_skip_up_to=None, packages_select_build_failed=False, packages_skip_build_finished=False, packages_select_test_failures=False, packages_skip_test_passed=False, packages_select=None, packages_skip=None, packages_select_regex=None, packages_skip_regex=None, packages_start=None, packages_end=None, allow_overriding=[], cmake_args=None, cmake_target=None, cmake_target_skip_unavailable=False, cmake_clean_cache=False, cmake_clean_first=False, cmake_force_configure=False, ament_cmake_args=None, catkin_cmake_args=None, catkin_skip_building_tests=False, mixin_files=None, mixin=None, verb_parser=<colcon_mixin.mixin.mixin_argument.MixinArgumentDecorator object at 0x7764676901a0>, verb_extension=<colcon_core.verb.build.BuildVerb object at 0x7764677b4470>, main=<bound method BuildVerb.main of <colcon_core.verb.build.BuildVerb object at 0x7764677b4470>>, mixin_verb=('build',))
[0.222s] Level 1:colcon.colcon_core.package_discovery:discover_packages(colcon_meta) check parameters
[0.222s] Level 1:colcon.colcon_core.package_discovery:discover_packages(recursive) check parameters
[0.222s] Level 1:colcon.colcon_core.package_discovery:discover_packages(ignore) check parameters
[0.222s] Level 1:colcon.colcon_core.package_discovery:discover_packages(path) check parameters
[0.222s] Level 1:colcon.colcon_core.package_discovery:discover_packages(colcon_meta) discover
[0.222s] Level 1:colcon.colcon_core.package_discovery:discover_packages(recursive) discover
[0.222s] INFO:colcon.colcon_core.package_discovery:Crawling recursively for packages in '/home/erum/ros2_workspace'
[0.223s] Level 1:colcon.colcon_core.package_identification:_identify(.) by extensions ['ignore', 'ignore_ament_install']
[0.223s] Level 1:colcon.colcon_core.package_identification:_identify(.) by extension 'ignore'
[0.223s] Level 1:colcon.colcon_core.package_identification:_identify(.) by extension 'ignore_ament_install'
[0.223s] Level 1:colcon.colcon_core.package_identification:_identify(.) by extensions ['colcon_pkg']
[0.223s] Level 1:colcon.colcon_core.package_identification:_identify(.) by extension 'colcon_pkg'
[0.223s] Level 1:colcon.colcon_core.package_identification:_identify(.) by extensions ['colcon_meta']
[0.223s] Level 1:colcon.colcon_core.package_identification:_identify(.) by extension 'colcon_meta'
[0.223s] Level 1:colcon.colcon_core.package_identification:_identify(.) by extensions ['ros']
[0.223s] Level 1:colcon.colcon_core.package_identification:_identify(.) by extension 'ros'
[0.278s] Level 1:colcon.colcon_core.package_identification:_identify(.) by extensions ['cmake', 'python']
[0.278s] Level 1:colcon.colcon_core.package_identification:_identify(.) by extension 'cmake'
[0.278s] Level 1:colcon.colcon_core.package_identification:_identify(.) by extension 'python'
[0.278s] Level 1:colcon.colcon_core.package_identification:_identify(.) by extensions ['python_setup_py']
[0.278s] Level 1:colcon.colcon_core.package_identification:_identify(.) by extension 'python_setup_py'
[0.278s] Level 1:colcon.colcon_core.package_identification:_identify(build) by extensions ['ignore', 'ignore_ament_install']
[0.278s] Level 1:colcon.colcon_core.package_identification:_identify(build) by extension 'ignore'
[0.278s] Level 1:colcon.colcon_core.package_identification:_identify(build) ignored
[0.279s] Level 1:colcon.colcon_core.package_identification:_identify(install) by extensions ['ignore', 'ignore_ament_install']
[0.279s] Level 1:colcon.colcon_core.package_identification:_identify(install) by extension 'ignore'
[0.279s] Level 1:colcon.colcon_core.package_identification:_identify(install) ignored
[0.279s] Level 1:colcon.colcon_core.package_identification:_identify(log) by extensions ['ignore', 'ignore_ament_install']
[0.279s] Level 1:colcon.colcon_core.package_identification:_identify(log) by extension 'ignore'
[0.279s] Level 1:colcon.colcon_core.package_identification:_identify(log) ignored
[0.279s] Level 1:colcon.colcon_core.package_identification:_identify(src) by extensions ['ignore', 'ignore_ament_install']
[0.280s] Level 1:colcon.colcon_core.package_identification:_identify(src) by extension 'ignore'
[0.280s] Level 1:colcon.colcon_core.package_identification:_identify(src) by extension 'ignore_ament_install'
[0.280s] Level 1:colcon.colcon_core.package_identification:_identify(src) by extensions ['colcon_pkg']
[0.280s] Level 1:colcon.colcon_core.package_identification:_identify(src) by extension 'colcon_pkg'
[0.280s] Level 1:colcon.colcon_core.package_identification:_identify(src) by extensions ['colcon_meta']
[0.280s] Level 1:colcon.colcon_core.package_identification:_identify(src) by extension 'colcon_meta'
[0.280s] Level 1:colcon.colcon_core.package_identification:_identify(src) by extensions ['ros']
[0.280s] Level 1:colcon.colcon_core.package_identification:_identify(src) by extension 'ros'
[0.280s] Level 1:colcon.colcon_core.package_identification:_identify(src) by extensions ['cmake', 'python']
[0.280s] Level 1:colcon.colcon_core.package_identification:_identify(src) by extension 'cmake'
[0.280s] Level 1:colcon.colcon_core.package_identification:_identify(src) by extension 'python'
[0.280s] Level 1:colcon.colcon_core.package_identification:_identify(src) by extensions ['python_setup_py']
[0.280s] Level 1:colcon.colcon_core.package_identification:_identify(src) by extension 'python_setup_py'
[0.280s] Level 1:colcon.colcon_core.package_identification:_identify(src/Erum_pde4430) by extensions ['ignore', 'ignore_ament_install']
[0.281s] Level 1:colcon.colcon_core.package_identification:_identify(src/Erum_pde4430) by extension 'ignore'
[0.281s] Level 1:colcon.colcon_core.package_identification:_identify(src/Erum_pde4430) by extension 'ignore_ament_install'
[0.281s] Level 1:colcon.colcon_core.package_identification:_identify(src/Erum_pde4430) by extensions ['colcon_pkg']
[0.281s] Level 1:colcon.colcon_core.package_identification:_identify(src/Erum_pde4430) by extension 'colcon_pkg'
[0.281s] Level 1:colcon.colcon_core.package_identification:_identify(src/Erum_pde4430) by extensions ['colcon_meta']
[0.281s] Level 1:colcon.colcon_core.package_identification:_identify(src/Erum_pde4430) by extension 'colcon_meta'
[0.281s] Level 1:colcon.colcon_core.package_identification:_identify(src/Erum_pde4430) by extensions ['ros']
[0.281s] Level 1:colcon.colcon_core.package_identification:_identify(src/Erum_pde4430) by extension 'ros'
[0.286s] DEBUG:colcon.colcon_core.package_identification:Package 'src/Erum_pde4430' with type 'ros.ament_python' and name 'Erum_pde4430'
[0.286s] Level 1:colcon.colcon_core.package_identification:_identify(src/add_two_ints_pkg) by extensions ['ignore', 'ignore_ament_install']
[0.286s] Level 1:colcon.colcon_core.package_identification:_identify(src/add_two_ints_pkg) by extension 'ignore'
[0.286s] Level 1:colcon.colcon_core.package_identification:_identify(src/add_two_ints_pkg) by extension 'ignore_ament_install'
[0.287s] Level 1:colcon.colcon_core.package_identification:_identify(src/add_two_ints_pkg) by extensions ['colcon_pkg']
[0.287s] Level 1:colcon.colcon_core.package_identification:_identify(src/add_two_ints_pkg) by extension 'colcon_pkg'
[0.287s] Level 1:colcon.colcon_core.package_identification:_identify(src/add_two_ints_pkg) by extensions ['colcon_meta']
[0.287s] Level 1:colcon.colcon_core.package_identification:_identify(src/add_two_ints_pkg) by extension 'colcon_meta'
[0.287s] Level 1:colcon.colcon_core.package_identification:_identify(src/add_two_ints_pkg) by extensions ['ros']
[0.287s] Level 1:colcon.colcon_core.package_identification:_identify(src/add_two_ints_pkg) by extension 'ros'
[0.288s] DEBUG:colcon.colcon_core.package_identification:Package 'src/add_two_ints_pkg' with type 'ros.ament_python' and name 'add_two_ints_pkg'
[0.288s] Level 1:colcon.colcon_core.package_identification:_identify(src/my_first_pkg) by extensions ['ignore', 'ignore_ament_install']
[0.288s] Level 1:colcon.colcon_core.package_identification:_identify(src/my_first_pkg) by extension 'ignore'
[0.288s] Level 1:colcon.colcon_core.package_identification:_identify(src/my_first_pkg) by extension 'ignore_ament_install'
[0.291s] Level 1:colcon.colcon_core.package_identification:_identify(src/my_first_pkg) by extensions ['colcon_pkg']
[0.291s] Level 1:colcon.colcon_core.package_identification:_identify(src/my_first_pkg) by extension 'colcon_pkg'
[0.291s] Level 1:colcon.colcon_core.package_identification:_identify(src/my_first_pkg) by extensions ['colcon_meta']
[0.291s] Level 1:colcon.colcon_core.package_identification:_identify(src/my_first_pkg) by extension 'colcon_meta'
[0.291s] Level 1:colcon.colcon_core.package_identification:_identify(src/my_first_pkg) by extensions ['ros']
[0.291s] Level 1:colcon.colcon_core.package_identification:_identify(src/my_first_pkg) by extension 'ros'
[0.291s] DEBUG:colcon.colcon_core.package_identification:Package 'src/my_first_pkg' with type 'ros.ament_python' and name 'my_first_pkg'
[0.292s] Level 1:colcon.colcon_core.package_identification:_identify(src/new_interfaces) by extensions ['ignore', 'ignore_ament_install']
[0.292s] Level 1:colcon.colcon_core.package_identification:_identify(src/new_interfaces) by extension 'ignore'
[0.292s] Level 1:colcon.colcon_core.package_identification:_identify(src/new_interfaces) by extension 'ignore_ament_install'
[0.292s] Level 1:colcon.colcon_core.package_identification:_identify(src/new_interfaces) by extensions ['colcon_pkg']
[0.292s] Level 1:colcon.colcon_core.package_identification:_identify(src/new_interfaces) by extension 'colcon_pkg'
[0.292s] Level 1:colcon.colcon_core.package_identification:_identify(src/new_interfaces) by extensions ['colcon_meta']
[0.292s] Level 1:colcon.colcon_core.package_identification:_identify(src/new_interfaces) by extension 'colcon_meta'
[0.292s] Level 1:colcon.colcon_core.package_identification:_identify(src/new_interfaces) by extensions ['ros']
[0.292s] Level 1:colcon.colcon_core.package_identification:_identify(src/new_interfaces) by extension 'ros'
[0.292s] DEBUG:colcon.colcon_core.package_identification:Package 'src/new_interfaces' with type 'ros.ament_cmake' and name 'new_interfaces'
[0.293s] Level 1:colcon.colcon_core.package_discovery:discover_packages(recursive) using defaults
[0.293s] Level 1:colcon.colcon_core.package_discovery:discover_packages(ignore) discover
[0.293s] Level 1:colcon.colcon_core.package_discovery:discover_packages(ignore) using defaults
[0.293s] Level 1:colcon.colcon_core.package_discovery:discover_packages(path) discover
[0.293s] Level 1:colcon.colcon_core.package_discovery:discover_packages(path) using defaults
[0.325s] Level 1:colcon.colcon_core.package_discovery:discover_packages(prefix_path) check parameters
[0.325s] Level 1:colcon.colcon_core.package_discovery:discover_packages(prefix_path) discover
[0.328s] DEBUG:colcon.colcon_installed_package_information.package_discovery:Found 4 installed packages in /home/erum/ros2_workspace/install
[0.330s] DEBUG:colcon.colcon_installed_package_information.package_discovery:Found 285 installed packages in /opt/ros/jazzy
[0.332s] Level 1:colcon.colcon_core.package_discovery:discover_packages(prefix_path) using defaults
[0.410s] Level 5:colcon.colcon_core.verb:set package 'Erum_pde4430' build argument 'cmake_args' from command line to 'None'
[0.410s] Level 5:colcon.colcon_core.verb:set package 'Erum_pde4430' build argument 'cmake_target' from command line to 'None'
[0.410s] Level 5:colcon.colcon_core.verb:set package 'Erum_pde4430' build argument 'cmake_target_skip_unavailable' from command line to 'False'
[0.410s] Level 5:colcon.colcon_core.verb:set package 'Erum_pde4430' build argument 'cmake_clean_cache' from command line to 'False'
[0.411s] Level 5:colcon.colcon_core.verb:set package 'Erum_pde4430' build argument 'cmake_clean_first' from command line to 'False'
[0.411s] Level 5:colcon.colcon_core.verb:set package 'Erum_pde4430' build argument 'cmake_force_configure' from command line to 'False'
[0.411s] Level 5:colcon.colcon_core.verb:set package 'Erum_pde4430' build argument 'ament_cmake_args' from command line to 'None'
[0.411s] Level 5:colcon.colcon_core.verb:set package 'Erum_pde4430' build argument 'catkin_cmake_args' from command line to 'None'
[0.411s] Level 5:colcon.colcon_core.verb:set package 'Erum_pde4430' build argument 'catkin_skip_building_tests' from command line to 'False'
[0.411s] DEBUG:colcon.colcon_core.verb:Building package 'Erum_pde4430' with the following arguments: {'ament_cmake_args': None, 'build_base': '/home/erum/ros2_workspace/build/Erum_pde4430', 'catkin_cmake_args': None, 'catkin_skip_building_tests': False, 'cmake_args': None, 'cmake_clean_cache': False, 'cmake_clean_first': False, 'cmake_force_configure': False, 'cmake_target': None, 'cmake_target_skip_unavailable': False, 'install_base': '/home/erum/ros2_workspace/install/Erum_pde4430', 'merge_install': False, 'path': '/home/erum/ros2_workspace/src/Erum_pde4430', 'symlink_install': False, 'test_result_base': None}
[0.412s] Level 5:colcon.colcon_core.verb:set package 'my_first_pkg' build argument 'cmake_args' from command line to 'None'
[0.412s] Level 5:colcon.colcon_core.verb:set package 'my_first_pkg' build argument 'cmake_target' from command line to 'None'
[0.412s] Level 5:colcon.colcon_core.verb:set package 'my_first_pkg' build argument 'cmake_target_skip_unavailable' from command line to 'False'
[0.412s] Level 5:colcon.colcon_core.verb:set package 'my_first_pkg' build argument 'cmake_clean_cache' from command line to 'False'
[0.412s] Level 5:colcon.colcon_core.verb:set package 'my_first_pkg' build argument 'cmake_clean_first' from command line to 'False'
[0.412s] Level 5:colcon.colcon_core.verb:set package 'my_first_pkg' build argument 'cmake_force_configure' from command line to 'False'
[0.412s] Level 5:colcon.colcon_core.verb:set package 'my_first_pkg' build argument 'ament_cmake_args' from command line to 'None'
[0.412s] Level 5:colcon.colcon_core.verb:set package 'my_first_pkg' build argument 'catkin_cmake_args' from command line to 'None'
[0.412s] Level 5:colcon.colcon_core.verb:set package 'my_first_pkg' build argument 'catkin_skip_building_tests' from command line to 'False'
[0.412s] DEBUG:colcon.colcon_core.verb:Building package 'my_first_pkg' with the following arguments: {'ament_cmake_args': None, 'build_base': '/home/erum/ros2_workspace/build/my_first_pkg', 'catkin_cmake_args': None, 'catkin_skip_building_tests': False, 'cmake_args': None, 'cmake_clean_cache': False, 'cmake_clean_first': False, 'cmake_force_configure': False, 'cmake_target': None, 'cmake_target_skip_unavailable': False, 'install_base': '/home/erum/ros2_workspace/install/my_first_pkg', 'merge_install': False, 'path': '/home/erum/ros2_workspace/src/my_first_pkg', 'symlink_install': False, 'test_result_base': None}
[0.413s] Level 5:colcon.colcon_core.verb:set package 'new_interfaces' build argument 'cmake_args' from command line to 'None'
[0.413s] Level 5:colcon.colcon_core.verb:set package 'new_interfaces' build argument 'cmake_target' from command line to 'None'
[0.413s] Level 5:colcon.colcon_core.verb:set package 'new_interfaces' build argument 'cmake_target_skip_unavailable' from command line to 'False'
[0.413s] Level 5:colcon.colcon_core.verb:set package 'new_interfaces' build argument 'cmake_clean_cache' from command line to 'False'
[0.413s] Level 5:colcon.colcon_core.verb:set package 'new_interfaces' build argument 'cmake_clean_first' from command line to 'False'
[0.413s] Level 5:colcon.colcon_core.verb:set package 'new_interfaces' build argument 'cmake_force_configure' from command line to 'False'
[0.413s] Level 5:colcon.colcon_core.verb:set package 'new_interfaces' build argument 'ament_cmake_args' from command line to 'None'
[0.413s] Level 5:colcon.colcon_core.verb:set package 'new_interfaces' build argument 'catkin_cmake_args' from command line to 'None'
[0.413s] Level 5:colcon.colcon_core.verb:set package 'new_interfaces' build argument 'catkin_skip_building_tests' from command line to 'False'
[0.413s] DEBUG:colcon.colcon_core.verb:Building package 'new_interfaces' with the following arguments: {'ament_cmake_args': None, 'build_base': '/home/erum/ros2_workspace/build/new_interfaces', 'catkin_cmake_args': None, 'catkin_skip_building_tests': False, 'cmake_args': None, 'cmake_clean_cache': False, 'cmake_clean_first': False, 'cmake_force_configure': False, 'cmake_target': None, 'cmake_target_skip_unavailable': False, 'install_base': '/home/erum/ros2_workspace/install/new_interfaces', 'merge_install': False, 'path': '/home/erum/ros2_workspace/src/new_interfaces', 'symlink_install': False, 'test_result_base': None}
[0.414s] Level 5:colcon.colcon_core.verb:set package 'add_two_ints_pkg' build argument 'cmake_args' from command line to 'None'
[0.414s] Level 5:colcon.colcon_core.verb:set package 'add_two_ints_pkg' build argument 'cmake_target' from command line to 'None'
[0.414s] Level 5:colcon.colcon_core.verb:set package 'add_two_ints_pkg' build argument 'cmake_target_skip_unavailable' from command line to 'False'
[0.414s] Level 5:colcon.colcon_core.verb:set package 'add_two_ints_pkg' build argument 'cmake_clean_cache' from command line to 'False'
[0.414s] Level 5:colcon.colcon_core.verb:set package 'add_two_ints_pkg' build argument 'cmake_clean_first' from command line to 'False'
[0.414s] Level 5:colcon.colcon_core.verb:set package 'add_two_ints_pkg' build argument 'cmake_force_configure' from command line to 'False'
[0.414s] Level 5:colcon.colcon_core.verb:set package 'add_two_ints_pkg' build argument 'ament_cmake_args' from command line to 'None'
[0.414s] Level 5:colcon.colcon_core.verb:set package 'add_two_ints_pkg' build argument 'catkin_cmake_args' from command line to 'None'
[0.414s] Level 5:colcon.colcon_core.verb:set package 'add_two_ints_pkg' build argument 'catkin_skip_building_tests' from command line to 'False'
[0.414s] DEBUG:colcon.colcon_core.verb:Building package 'add_two_ints_pkg' with the following arguments: {'ament_cmake_args': None, 'build_base': '/home/erum/ros2_workspace/build/add_two_ints_pkg', 'catkin_cmake_args': None, 'catkin_skip_building_tests': False, 'cmake_args': None, 'cmake_clean_cache': False, 'cmake_clean_first': False, 'cmake_force_configure': False, 'cmake_target': None, 'cmake_target_skip_unavailable': False, 'install_base': '/home/erum/ros2_workspace/install/add_two_ints_pkg', 'merge_install': False, 'path': '/home/erum/ros2_workspace/src/add_two_ints_pkg', 'symlink_install': False, 'test_result_base': None}
[0.414s] INFO:colcon.colcon_core.executor:Executing jobs using 'parallel' executor
[0.419s] DEBUG:colcon.colcon_parallel_executor.executor.parallel:run_until_complete
[0.419s] INFO:colcon.colcon_ros.task.ament_cmake.build:Building ROS package in '/home/erum/ros2_workspace/src/new_interfaces' with build type 'ament_cmake'
[0.419s] INFO:colcon.colcon_cmake.task.cmake.build:Building CMake package in '/home/erum/ros2_workspace/src/new_interfaces'
[0.426s] INFO:colcon.colcon_core.plugin_system:Skipping extension 'colcon_core.shell.bat': Not used on non-Windows systems
[0.427s] INFO:colcon.colcon_core.shell:Skip shell extension 'powershell' for command environment: Not usable outside of PowerShell
[0.427s] DEBUG:colcon.colcon_core.shell:Skip shell extension 'dsv' for command environment
[0.434s] INFO:colcon.colcon_ros.task.ament_python.build:Building ROS package in '/home/erum/ros2_workspace/src/Erum_pde4430' with build type 'ament_python'
[0.434s] Level 1:colcon.colcon_core.shell:create_environment_hook('Erum_pde4430', 'ament_prefix_path')
[0.434s] INFO:colcon.colcon_core.shell:Creating environment hook '/home/erum/ros2_workspace/install/Erum_pde4430/share/Erum_pde4430/hook/ament_prefix_path.ps1'
[0.438s] INFO:colcon.colcon_core.shell:Creating environment descriptor '/home/erum/ros2_workspace/install/Erum_pde4430/share/Erum_pde4430/hook/ament_prefix_path.dsv'
[0.442s] INFO:colcon.colcon_core.shell:Creating environment hook '/home/erum/ros2_workspace/install/Erum_pde4430/share/Erum_pde4430/hook/ament_prefix_path.sh'
[0.445s] INFO:colcon.colcon_core.shell:Skip shell extension 'powershell' for command environment: Not usable outside of PowerShell
[0.445s] DEBUG:colcon.colcon_core.shell:Skip shell extension 'dsv' for command environment
[0.464s] DEBUG:colcon.colcon_core.event_handler.log_command:Invoking command in '/home/erum/ros2_workspace/build/new_interfaces': CMAKE_PREFIX_PATH=${CMAKE_PREFIX_PATH}:/home/erum/ros2_workspace/install/add_two_ints_pkg:/home/erum/ros2_workspace/install/my_first_pkg:/home/erum/ros2_workspace/install/Erum_pde4430:/opt/ros/jazzy DEBUGINFOD_URLS=https://debuginfod.ubuntu.com /usr/bin/cmake --build /home/erum/ros2_workspace/build/new_interfaces -- -j2 -l2
[2.156s] INFO:colcon.colcon_core.task.python.build:Building Python package in '/home/erum/ros2_workspace/src/Erum_pde4430'
[2.178s] INFO:colcon.colcon_core.shell:Skip shell extension 'powershell' for command environment: Not usable outside of PowerShell
[2.178s] DEBUG:colcon.colcon_core.shell:Skip shell extension 'dsv' for command environment
[3.340s] DEBUG:colcon.colcon_core.event_handler.log_command:Invoking command in '/home/erum/ros2_workspace/src/Erum_pde4430': DEBUGINFOD_URLS=https://debuginfod.ubuntu.com PYTHONPATH=/home/erum/ros2_workspace/build/Erum_pde4430/prefix_override:/usr/lib/python3/dist-packages/colcon_core/task/python/colcon_distutils_commands:/home/erum/ros2_workspace/install/Erum_pde4430/lib/python3.12/site-packages:${PYTHONPATH} /usr/bin/python3 -W ignore:setup.py install is deprecated -W ignore:easy_install command is deprecated setup.py egg_info --egg-base ../../build/Erum_pde4430 build --build-base /home/erum/ros2_workspace/build/Erum_pde4430/build install --record /home/erum/ros2_workspace/build/Erum_pde4430/install.log --single-version-externally-managed install_data
[3.542s] DEBUG:colcon.colcon_core.event_handler.log_command:Invoked command in '/home/erum/ros2_workspace/build/new_interfaces' returned '0': CMAKE_PREFIX_PATH=${CMAKE_PREFIX_PATH}:/home/erum/ros2_workspace/install/add_two_ints_pkg:/home/erum/ros2_workspace/install/my_first_pkg:/home/erum/ros2_workspace/install/Erum_pde4430:/opt/ros/jazzy DEBUGINFOD_URLS=https://debuginfod.ubuntu.com /usr/bin/cmake --build /home/erum/ros2_workspace/build/new_interfaces -- -j2 -l2
[3.563s] DEBUG:colcon.colcon_core.event_handler.log_command:Invoking command in '/home/erum/ros2_workspace/build/new_interfaces': CMAKE_PREFIX_PATH=${CMAKE_PREFIX_PATH}:/home/erum/ros2_workspace/install/add_two_ints_pkg:/home/erum/ros2_workspace/install/my_first_pkg:/home/erum/ros2_workspace/install/Erum_pde4430:/opt/ros/jazzy DEBUGINFOD_URLS=https://debuginfod.ubuntu.com /usr/bin/cmake --install /home/erum/ros2_workspace/build/new_interfaces
[3.715s] Level 1:colcon.colcon_core.environment:create_environment_scripts_only(new_interfaces)
[3.717s] DEBUG:colcon.colcon_core.event_handler.log_command:Invoked command in '/home/erum/ros2_workspace/build/new_interfaces' returned '0': CMAKE_PREFIX_PATH=${CMAKE_PREFIX_PATH}:/home/erum/ros2_workspace/install/add_two_ints_pkg:/home/erum/ros2_workspace/install/my_first_pkg:/home/erum/ros2_workspace/install/Erum_pde4430:/opt/ros/jazzy DEBUGINFOD_URLS=https://debuginfod.ubuntu.com /usr/bin/cmake --install /home/erum/ros2_workspace/build/new_interfaces
[3.720s] Level 1:colcon.colcon_core.environment:checking '/home/erum/ros2_workspace/install/new_interfaces' for CMake module files
[3.721s] Level 1:colcon.colcon_core.environment:checking '/home/erum/ros2_workspace/install/new_interfaces' for CMake config files
[3.721s] Level 1:colcon.colcon_core.shell:create_environment_hook('new_interfaces', 'cmake_prefix_path')
[3.721s] INFO:colcon.colcon_core.shell:Creating environment hook '/home/erum/ros2_workspace/install/new_interfaces/share/new_interfaces/hook/cmake_prefix_path.ps1'
[3.729s] INFO:colcon.colcon_core.shell:Creating environment descriptor '/home/erum/ros2_workspace/install/new_interfaces/share/new_interfaces/hook/cmake_prefix_path.dsv'
[3.735s] INFO:colcon.colcon_core.shell:Creating environment hook '/home/erum/ros2_workspace/install/new_interfaces/share/new_interfaces/hook/cmake_prefix_path.sh'
[3.738s] Level 1:colcon.colcon_core.environment:checking '/home/erum/ros2_workspace/install/new_interfaces/lib'
[3.738s] Level 1:colcon.colcon_core.shell:create_environment_hook('new_interfaces', 'ld_library_path_lib')
[3.738s] INFO:colcon.colcon_core.shell:Creating environment hook '/home/erum/ros2_workspace/install/new_interfaces/share/new_interfaces/hook/ld_library_path_lib.ps1'
[3.739s] INFO:colcon.colcon_core.shell:Creating environment descriptor '/home/erum/ros2_workspace/install/new_interfaces/share/new_interfaces/hook/ld_library_path_lib.dsv'
[3.741s] INFO:colcon.colcon_core.shell:Creating environment hook '/home/erum/ros2_workspace/install/new_interfaces/share/new_interfaces/hook/ld_library_path_lib.sh'
[3.742s] Level 1:colcon.colcon_core.environment:checking '/home/erum/ros2_workspace/install/new_interfaces/bin'
[3.742s] Level 1:colcon.colcon_core.environment:checking '/home/erum/ros2_workspace/install/new_interfaces/lib/pkgconfig/new_interfaces.pc'
[3.742s] Level 1:colcon.colcon_core.environment:checking '/home/erum/ros2_workspace/install/new_interfaces/lib/python3.12/site-packages'
[3.742s] Level 1:colcon.colcon_core.shell:create_environment_hook('new_interfaces', 'pythonpath')
[3.743s] INFO:colcon.colcon_core.shell:Creating environment hook '/home/erum/ros2_workspace/install/new_interfaces/share/new_interfaces/hook/pythonpath.ps1'
[3.743s] INFO:colcon.colcon_core.shell:Creating environment descriptor '/home/erum/ros2_workspace/install/new_interfaces/share/new_interfaces/hook/pythonpath.dsv'
[3.744s] INFO:colcon.colcon_core.shell:Creating environment hook '/home/erum/ros2_workspace/install/new_interfaces/share/new_interfaces/hook/pythonpath.sh'
[3.746s] Level 1:colcon.colcon_core.environment:checking '/home/erum/ros2_workspace/install/new_interfaces/bin'
[3.747s] INFO:colcon.colcon_core.shell:Creating package script '/home/erum/ros2_workspace/install/new_interfaces/share/new_interfaces/package.ps1'
[3.748s] INFO:colcon.colcon_core.shell:Creating package descriptor '/home/erum/ros2_workspace/install/new_interfaces/share/new_interfaces/package.dsv'
[3.750s] INFO:colcon.colcon_core.shell:Creating package script '/home/erum/ros2_workspace/install/new_interfaces/share/new_interfaces/package.sh'
[3.751s] INFO:colcon.colcon_core.shell:Creating package script '/home/erum/ros2_workspace/install/new_interfaces/share/new_interfaces/package.bash'
[3.752s] INFO:colcon.colcon_core.shell:Creating package script '/home/erum/ros2_workspace/install/new_interfaces/share/new_interfaces/package.zsh'
[3.753s] Level 1:colcon.colcon_core.environment:create_file_with_runtime_dependencies(/home/erum/ros2_workspace/install/new_interfaces/share/colcon-core/packages/new_interfaces)
[3.754s] Level 1:colcon.colcon_core.environment:create_environment_scripts_only(new_interfaces)
[3.755s] Level 1:colcon.colcon_core.environment:checking '/home/erum/ros2_workspace/install/new_interfaces' for CMake module files
[3.756s] Level 1:colcon.colcon_core.environment:checking '/home/erum/ros2_workspace/install/new_interfaces' for CMake config files
[3.756s] Level 1:colcon.colcon_core.shell:create_environment_hook('new_interfaces', 'cmake_prefix_path')
[3.756s] INFO:colcon.colcon_core.shell:Creating environment hook '/home/erum/ros2_workspace/install/new_interfaces/share/new_interfaces/hook/cmake_prefix_path.ps1'
[3.757s] INFO:colcon.colcon_core.shell:Creating environment descriptor '/home/erum/ros2_workspace/install/new_interfaces/share/new_interfaces/hook/cmake_prefix_path.dsv'
[3.758s] INFO:colcon.colcon_core.shell:Creating environment hook '/home/erum/ros2_workspace/install/new_interfaces/share/new_interfaces/hook/cmake_prefix_path.sh'
[3.760s] Level 1:colcon.colcon_core.environment:checking '/home/erum/ros2_workspace/install/new_interfaces/lib'
[3.760s] Level 1:colcon.colcon_core.shell:create_environment_hook('new_interfaces', 'ld_library_path_lib')
[3.760s] INFO:colcon.colcon_core.shell:Creating environment hook '/home/erum/ros2_workspace/install/new_interfaces/share/new_interfaces/hook/ld_library_path_lib.ps1'
[3.761s] INFO:colcon.colcon_core.shell:Creating environment descriptor '/home/erum/ros2_workspace/install/new_interfaces/share/new_interfaces/hook/ld_library_path_lib.dsv'
[3.762s] INFO:colcon.colcon_core.shell:Creating environment hook '/home/erum/ros2_workspace/install/new_interfaces/share/new_interfaces/hook/ld_library_path_lib.sh'
[3.763s] Level 1:colcon.colcon_core.environment:checking '/home/erum/ros2_workspace/install/new_interfaces/bin'
[3.763s] Level 1:colcon.colcon_core.environment:checking '/home/erum/ros2_workspace/install/new_interfaces/lib/pkgconfig/new_interfaces.pc'
[3.763s] Level 1:colcon.colcon_core.environment:checking '/home/erum/ros2_workspace/install/new_interfaces/lib/python3.12/site-packages'
[3.764s] Level 1:colcon.colcon_core.shell:create_environment_hook('new_interfaces', 'pythonpath')
[3.764s] INFO:colcon.colcon_core.shell:Creating environment hook '/home/erum/ros2_workspace/install/new_interfaces/share/new_interfaces/hook/pythonpath.ps1'
[3.765s] INFO:colcon.colcon_core.shell:Creating environment descriptor '/home/erum/ros2_workspace/install/new_interfaces/share/new_interfaces/hook/pythonpath.dsv'
[3.766s] INFO:colcon.colcon_core.shell:Creating environment hook '/home/erum/ros2_workspace/install/new_interfaces/share/new_interfaces/hook/pythonpath.sh'
[3.767s] Level 1:colcon.colcon_core.environment:checking '/home/erum/ros2_workspace/install/new_interfaces/bin'
[3.767s] INFO:colcon.colcon_core.shell:Creating package script '/home/erum/ros2_workspace/install/new_interfaces/share/new_interfaces/package.ps1'
[3.768s] INFO:colcon.colcon_core.shell:Creating package descriptor '/home/erum/ros2_workspace/install/new_interfaces/share/new_interfaces/package.dsv'
[3.769s] INFO:colcon.colcon_core.shell:Creating package script '/home/erum/ros2_workspace/install/new_interfaces/share/new_interfaces/package.sh'
[3.770s] INFO:colcon.colcon_core.shell:Creating package script '/home/erum/ros2_workspace/install/new_interfaces/share/new_interfaces/package.bash'
[3.771s] INFO:colcon.colcon_core.shell:Creating package script '/home/erum/ros2_workspace/install/new_interfaces/share/new_interfaces/package.zsh'
[3.772s] Level 1:colcon.colcon_core.environment:create_file_with_runtime_dependencies(/home/erum/ros2_workspace/install/new_interfaces/share/colcon-core/packages/new_interfaces)
[3.780s] INFO:colcon.colcon_ros.task.ament_python.build:Building ROS package in '/home/erum/ros2_workspace/src/my_first_pkg' with build type 'ament_python'
[3.780s] Level 1:colcon.colcon_core.shell:create_environment_hook('my_first_pkg', 'ament_prefix_path')
[3.780s] INFO:colcon.colcon_core.shell:Creating environment hook '/home/erum/ros2_workspace/install/my_first_pkg/share/my_first_pkg/hook/ament_prefix_path.ps1'
[3.782s] INFO:colcon.colcon_core.shell:Creating environment descriptor '/home/erum/ros2_workspace/install/my_first_pkg/share/my_first_pkg/hook/ament_prefix_path.dsv'
[3.783s] INFO:colcon.colcon_core.shell:Creating environment hook '/home/erum/ros2_workspace/install/my_first_pkg/share/my_first_pkg/hook/ament_prefix_path.sh'
[3.784s] INFO:colcon.colcon_core.shell:Skip shell extension 'powershell' for command environment: Not usable outside of PowerShell
[3.785s] DEBUG:colcon.colcon_core.shell:Skip shell extension 'dsv' for command environment
[4.144s] INFO:colcon.colcon_core.task.python.build:Building Python package in '/home/erum/ros2_workspace/src/my_first_pkg'
[4.144s] INFO:colcon.colcon_core.shell:Skip shell extension 'powershell' for command environment: Not usable outside of PowerShell
[4.145s] DEBUG:colcon.colcon_core.shell:Skip shell extension 'dsv' for command environment
[4.163s] Level 1:colcon.colcon_core.environment:checking '/home/erum/ros2_workspace/install/Erum_pde4430' for CMake module files
[4.164s] DEBUG:colcon.colcon_core.event_handler.log_command:Invoked command in '/home/erum/ros2_workspace/src/Erum_pde4430' returned '0': DEBUGINFOD_URLS=https://debuginfod.ubuntu.com PYTHONPATH=/home/erum/ros2_workspace/build/Erum_pde4430/prefix_override:/usr/lib/python3/dist-packages/colcon_core/task/python/colcon_distutils_commands:/home/erum/ros2_workspace/install/Erum_pde4430/lib/python3.12/site-packages:${PYTHONPATH} /usr/bin/python3 -W ignore:setup.py install is deprecated -W ignore:easy_install command is deprecated setup.py egg_info --egg-base ../../build/Erum_pde4430 build --build-base /home/erum/ros2_workspace/build/Erum_pde4430/build install --record /home/erum/ros2_workspace/build/Erum_pde4430/install.log --single-version-externally-managed install_data
[4.164s] Level 1:colcon.colcon_core.environment:checking '/home/erum/ros2_workspace/install/Erum_pde4430' for CMake config files
[4.165s] Level 1:colcon.colcon_core.environment:checking '/home/erum/ros2_workspace/install/Erum_pde4430/lib'
[4.165s] Level 1:colcon.colcon_core.environment:checking '/home/erum/ros2_workspace/install/Erum_pde4430/bin'
[4.165s] Level 1:colcon.colcon_core.environment:checking '/home/erum/ros2_workspace/install/Erum_pde4430/lib/pkgconfig/Erum_pde4430.pc'
[4.166s] Level 1:colcon.colcon_core.environment:checking '/home/erum/ros2_workspace/install/Erum_pde4430/lib/python3.12/site-packages'
[4.166s] Level 1:colcon.colcon_core.shell:create_environment_hook('Erum_pde4430', 'pythonpath')
[4.166s] INFO:colcon.colcon_core.shell:Creating environment hook '/home/erum/ros2_workspace/install/Erum_pde4430/share/Erum_pde4430/hook/pythonpath.ps1'
[4.166s] INFO:colcon.colcon_core.shell:Creating environment descriptor '/home/erum/ros2_workspace/install/Erum_pde4430/share/Erum_pde4430/hook/pythonpath.dsv'
[4.167s] INFO:colcon.colcon_core.shell:Creating environment hook '/home/erum/ros2_workspace/install/Erum_pde4430/share/Erum_pde4430/hook/pythonpath.sh'
[4.168s] Level 1:colcon.colcon_core.environment:checking '/home/erum/ros2_workspace/install/Erum_pde4430/bin'
[4.168s] Level 1:colcon.colcon_core.environment:create_environment_scripts_only(Erum_pde4430)
[4.169s] INFO:colcon.colcon_core.shell:Creating package script '/home/erum/ros2_workspace/install/Erum_pde4430/share/Erum_pde4430/package.ps1'
[4.169s] INFO:colcon.colcon_core.shell:Creating package descriptor '/home/erum/ros2_workspace/install/Erum_pde4430/share/Erum_pde4430/package.dsv'
[4.170s] INFO:colcon.colcon_core.shell:Creating package script '/home/erum/ros2_workspace/install/Erum_pde4430/share/Erum_pde4430/package.sh'
[4.171s] INFO:colcon.colcon_core.shell:Creating package script '/home/erum/ros2_workspace/install/Erum_pde4430/share/Erum_pde4430/package.bash'
[4.171s] INFO:colcon.colcon_core.shell:Creating package script '/home/erum/ros2_workspace/install/Erum_pde4430/share/Erum_pde4430/package.zsh'
[4.172s] Level 1:colcon.colcon_core.environment:create_file_with_runtime_dependencies(/home/erum/ros2_workspace/install/Erum_pde4430/share/colcon-core/packages/Erum_pde4430)
[4.173s] INFO:colcon.colcon_ros.task.ament_python.build:Building ROS package in '/home/erum/ros2_workspace/src/add_two_ints_pkg' with build type 'ament_python'
[4.175s] Level 1:colcon.colcon_core.shell:create_environment_hook('add_two_ints_pkg', 'ament_prefix_path')
[4.175s] INFO:colcon.colcon_core.shell:Creating environment hook '/home/erum/ros2_workspace/install/add_two_ints_pkg/share/add_two_ints_pkg/hook/ament_prefix_path.ps1'
[4.176s] INFO:colcon.colcon_core.shell:Creating environment descriptor '/home/erum/ros2_workspace/install/add_two_ints_pkg/share/add_two_ints_pkg/hook/ament_prefix_path.dsv'
[4.182s] INFO:colcon.colcon_core.shell:Creating environment hook '/home/erum/ros2_workspace/install/add_two_ints_pkg/share/add_two_ints_pkg/hook/ament_prefix_path.sh'
[4.185s] INFO:colcon.colcon_core.shell:Skip shell extension 'powershell' for command environment: Not usable outside of PowerShell
[4.186s] DEBUG:colcon.colcon_core.shell:Skip shell extension 'dsv' for command environment
[4.566s] INFO:colcon.colcon_core.task.python.build:Building Python package in '/home/erum/ros2_workspace/src/add_two_ints_pkg'
[4.566s] INFO:colcon.colcon_core.shell:Skip shell extension 'powershell' for command environment: Not usable outside of PowerShell
[4.566s] DEBUG:colcon.colcon_core.shell:Skip shell extension 'dsv' for command environment
[4.993s] DEBUG:colcon.colcon_core.event_handler.log_command:Invoking command in '/home/erum/ros2_workspace/src/my_first_pkg': DEBUGINFOD_URLS=https://debuginfod.ubuntu.com PYTHONPATH=/home/erum/ros2_workspace/build/my_first_pkg/prefix_override:/usr/lib/python3/dist-packages/colcon_core/task/python/colcon_distutils_commands:/home/erum/ros2_workspace/install/my_first_pkg/lib/python3.12/site-packages:${PYTHONPATH} /usr/bin/python3 -W ignore:setup.py install is deprecated -W ignore:easy_install command is deprecated setup.py egg_info --egg-base ../../build/my_first_pkg build --build-base /home/erum/ros2_workspace/build/my_first_pkg/build install --record /home/erum/ros2_workspace/build/my_first_pkg/install.log --single-version-externally-managed install_data
[5.389s] DEBUG:colcon.colcon_core.event_handler.log_command:Invoking command in '/home/erum/ros2_workspace/src/add_two_ints_pkg': DEBUGINFOD_URLS=https://debuginfod.ubuntu.com PYTHONPATH=/home/erum/ros2_workspace/build/add_two_ints_pkg/prefix_override:/usr/lib/python3/dist-packages/colcon_core/task/python/colcon_distutils_commands:/home/erum/ros2_workspace/install/add_two_ints_pkg/lib/python3.12/site-packages:/home/erum/ros2_workspace/install/new_interfaces/lib/python3.12/site-packages:/home/erum/ros2_workspace/install/add_two_ints_pkg/lib/python3.12/site-packages:/home/erum/ros2_workspace/install/my_first_pkg/lib/python3.12/site-packages:/home/erum/ros2_workspace/install/Erum_pde4430/lib/python3.12/site-packages:/opt/ros/jazzy/lib/python3.12/site-packages /usr/bin/python3 -W ignore:setup.py install is deprecated -W ignore:easy_install command is deprecated setup.py egg_info --egg-base ../../build/add_two_ints_pkg build --build-base /home/erum/ros2_workspace/build/add_two_ints_pkg/build install --record /home/erum/ros2_workspace/build/add_two_ints_pkg/install.log --single-version-externally-managed install_data
[5.765s] Level 1:colcon.colcon_core.environment:checking '/home/erum/ros2_workspace/install/my_first_pkg' for CMake module files
[5.766s] Level 1:colcon.colcon_core.environment:checking '/home/erum/ros2_workspace/install/my_first_pkg' for CMake config files
[5.766s] DEBUG:colcon.colcon_core.event_handler.log_command:Invoked command in '/home/erum/ros2_workspace/src/my_first_pkg' returned '0': DEBUGINFOD_URLS=https://debuginfod.ubuntu.com PYTHONPATH=/home/erum/ros2_workspace/build/my_first_pkg/prefix_override:/usr/lib/python3/dist-packages/colcon_core/task/python/colcon_distutils_commands:/home/erum/ros2_workspace/install/my_first_pkg/lib/python3.12/site-packages:${PYTHONPATH} /usr/bin/python3 -W ignore:setup.py install is deprecated -W ignore:easy_install command is deprecated setup.py egg_info --egg-base ../../build/my_first_pkg build --build-base /home/erum/ros2_workspace/build/my_first_pkg/build install --record /home/erum/ros2_workspace/build/my_first_pkg/install.log --single-version-externally-managed install_data
[5.767s] Level 1:colcon.colcon_core.environment:checking '/home/erum/ros2_workspace/install/my_first_pkg/lib'
[5.767s] Level 1:colcon.colcon_core.environment:checking '/home/erum/ros2_workspace/install/my_first_pkg/bin'
[5.767s] Level 1:colcon.colcon_core.environment:checking '/home/erum/ros2_workspace/install/my_first_pkg/lib/pkgconfig/my_first_pkg.pc'
[5.768s] Level 1:colcon.colcon_core.environment:checking '/home/erum/ros2_workspace/install/my_first_pkg/lib/python3.12/site-packages'
[5.768s] Level 1:colcon.colcon_core.shell:create_environment_hook('my_first_pkg', 'pythonpath')
[5.768s] INFO:colcon.colcon_core.shell:Creating environment hook '/home/erum/ros2_workspace/install/my_first_pkg/share/my_first_pkg/hook/pythonpath.ps1'
[5.769s] INFO:colcon.colcon_core.shell:Creating environment descriptor '/home/erum/ros2_workspace/install/my_first_pkg/share/my_first_pkg/hook/pythonpath.dsv'
[5.770s] INFO:colcon.colcon_core.shell:Creating environment hook '/home/erum/ros2_workspace/install/my_first_pkg/share/my_first_pkg/hook/pythonpath.sh'
[5.771s] Level 1:colcon.colcon_core.environment:checking '/home/erum/ros2_workspace/install/my_first_pkg/bin'
[5.771s] Level 1:colcon.colcon_core.environment:create_environment_scripts_only(my_first_pkg)
[5.771s] INFO:colcon.colcon_core.shell:Creating package script '/home/erum/ros2_workspace/install/my_first_pkg/share/my_first_pkg/package.ps1'
[5.772s] INFO:colcon.colcon_core.shell:Creating package descriptor '/home/erum/ros2_workspace/install/my_first_pkg/share/my_first_pkg/package.dsv'
[5.774s] INFO:colcon.colcon_core.shell:Creating package script '/home/erum/ros2_workspace/install/my_first_pkg/share/my_first_pkg/package.sh'
[5.775s] INFO:colcon.colcon_core.shell:Creating package script '/home/erum/ros2_workspace/install/my_first_pkg/share/my_first_pkg/package.bash'
[5.776s] INFO:colcon.colcon_core.shell:Creating package script '/home/erum/ros2_workspace/install/my_first_pkg/share/my_first_pkg/package.zsh'
[5.778s] Level 1:colcon.colcon_core.environment:create_file_with_runtime_dependencies(/home/erum/ros2_workspace/install/my_first_pkg/share/colcon-core/packages/my_first_pkg)
[6.199s] Level 1:colcon.colcon_core.environment:checking '/home/erum/ros2_workspace/install/add_two_ints_pkg' for CMake module files
[6.199s] DEBUG:colcon.colcon_core.event_handler.log_command:Invoked command in '/home/erum/ros2_workspace/src/add_two_ints_pkg' returned '0': DEBUGINFOD_URLS=https://debuginfod.ubuntu.com PYTHONPATH=/home/erum/ros2_workspace/build/add_two_ints_pkg/prefix_override:/usr/lib/python3/dist-packages/colcon_core/task/python/colcon_distutils_commands:/home/erum/ros2_workspace/install/add_two_ints_pkg/lib/python3.12/site-packages:/home/erum/ros2_workspace/install/new_interfaces/lib/python3.12/site-packages:/home/erum/ros2_workspace/install/add_two_ints_pkg/lib/python3.12/site-packages:/home/erum/ros2_workspace/install/my_first_pkg/lib/python3.12/site-packages:/home/erum/ros2_workspace/install/Erum_pde4430/lib/python3.12/site-packages:/opt/ros/jazzy/lib/python3.12/site-packages /usr/bin/python3 -W ignore:setup.py install is deprecated -W ignore:easy_install command is deprecated setup.py egg_info --egg-base ../../build/add_two_ints_pkg build --build-base /home/erum/ros2_workspace/build/add_two_ints_pkg/build install --record /home/erum/ros2_workspace/build/add_two_ints_pkg/install.log --single-version-externally-managed install_data
[6.200s] Level 1:colcon.colcon_core.environment:checking '/home/erum/ros2_workspace/install/add_two_ints_pkg' for CMake config files
[6.201s] Level 1:colcon.colcon_core.environment:checking '/home/erum/ros2_workspace/install/add_two_ints_pkg/lib'
[6.201s] Level 1:colcon.colcon_core.environment:checking '/home/erum/ros2_workspace/install/add_two_ints_pkg/bin'
[6.202s] Level 1:colcon.colcon_core.environment:checking '/home/erum/ros2_workspace/install/add_two_ints_pkg/lib/pkgconfig/add_two_ints_pkg.pc'
[6.202s] Level 1:colcon.colcon_core.environment:checking '/home/erum/ros2_workspace/install/add_two_ints_pkg/lib/python3.12/site-packages'
[6.202s] Level 1:colcon.colcon_core.shell:create_environment_hook('add_two_ints_pkg', 'pythonpath')
[6.202s] INFO:colcon.colcon_core.shell:Creating environment hook '/home/erum/ros2_workspace/install/add_two_ints_pkg/share/add_two_ints_pkg/hook/pythonpath.ps1'
[6.203s] INFO:colcon.colcon_core.shell:Creating environment descriptor '/home/erum/ros2_workspace/install/add_two_ints_pkg/share/add_two_ints_pkg/hook/pythonpath.dsv'
[6.204s] INFO:colcon.colcon_core.shell:Creating environment hook '/home/erum/ros2_workspace/install/add_two_ints_pkg/share/add_two_ints_pkg/hook/pythonpath.sh'
[6.205s] Level 1:colcon.colcon_core.environment:checking '/home/erum/ros2_workspace/install/add_two_ints_pkg/bin'
[6.205s] Level 1:colcon.colcon_core.environment:create_environment_scripts_only(add_two_ints_pkg)
[6.206s] INFO:colcon.colcon_core.shell:Creating package script '/home/erum/ros2_workspace/install/add_two_ints_pkg/share/add_two_ints_pkg/package.ps1'
[6.207s] INFO:colcon.colcon_core.shell:Creating package descriptor '/home/erum/ros2_workspace/install/add_two_ints_pkg/share/add_two_ints_pkg/package.dsv'
[6.207s] INFO:colcon.colcon_core.shell:Creating package script '/home/erum/ros2_workspace/install/add_two_ints_pkg/share/add_two_ints_pkg/package.sh'
[6.208s] INFO:colcon.colcon_core.shell:Creating package script '/home/erum/ros2_workspace/install/add_two_ints_pkg/share/add_two_ints_pkg/package.bash'
[6.209s] INFO:colcon.colcon_core.shell:Creating package script '/home/erum/ros2_workspace/install/add_two_ints_pkg/share/add_two_ints_pkg/package.zsh'
[6.210s] Level 1:colcon.colcon_core.environment:create_file_with_runtime_dependencies(/home/erum/ros2_workspace/install/add_two_ints_pkg/share/colcon-core/packages/add_two_ints_pkg)
[6.211s] DEBUG:colcon.colcon_parallel_executor.executor.parallel:closing loop
[6.212s] DEBUG:colcon.colcon_parallel_executor.executor.parallel:loop closed
[6.213s] DEBUG:colcon.colcon_parallel_executor.executor.parallel:run_until_complete finished with '0'
[6.213s] DEBUG:colcon.colcon_core.event_reactor:joining thread
[6.222s] INFO:colcon.colcon_core.plugin_system:Skipping extension 'colcon_notification.desktop_notification.terminal_notifier': Not used on non-Darwin systems
[6.223s] INFO:colcon.colcon_core.plugin_system:Skipping extension 'colcon_notification.desktop_notification.win32': Not used on non-Windows systems
[6.223s] INFO:colcon.colcon_notification.desktop_notification:Sending desktop notification using 'notify2'
[6.265s] DEBUG:colcon.colcon_core.event_reactor:joined thread
[6.265s] INFO:colcon.colcon_core.shell:Creating prefix script '/home/erum/ros2_workspace/install/local_setup.ps1'
[6.267s] INFO:colcon.colcon_core.shell:Creating prefix util module '/home/erum/ros2_workspace/install/_local_setup_util_ps1.py'
[6.269s] INFO:colcon.colcon_core.shell:Creating prefix chain script '/home/erum/ros2_workspace/install/setup.ps1'
[6.270s] INFO:colcon.colcon_core.shell:Creating prefix script '/home/erum/ros2_workspace/install/local_setup.sh'
[6.271s] INFO:colcon.colcon_core.shell:Creating prefix util module '/home/erum/ros2_workspace/install/_local_setup_util_sh.py'
[6.272s] INFO:colcon.colcon_core.shell:Creating prefix chain script '/home/erum/ros2_workspace/install/setup.sh'
[6.274s] INFO:colcon.colcon_core.shell:Creating prefix script '/home/erum/ros2_workspace/install/local_setup.bash'
[6.275s] INFO:colcon.colcon_core.shell:Creating prefix chain script '/home/erum/ros2_workspace/install/setup.bash'
[6.276s] INFO:colcon.colcon_core.shell:Creating prefix script '/home/erum/ros2_workspace/install/local_setup.zsh'
[6.277s] INFO:colcon.colcon_core.shell:Creating prefix chain script '/home/erum/ros2_workspace/install/setup.zsh'
