running egg_info
creating ../../build/flap_teleop/flap_teleop.egg-info
writing ../../build/flap_teleop/flap_teleop.egg-info/PKG-INFO
writing dependency_links to ../../build/flap_teleop/flap_teleop.egg-info/dependency_links.txt
writing entry points to ../../build/flap_teleop/flap_teleop.egg-info/entry_points.txt
writing requirements to ../../build/flap_teleop/flap_teleop.egg-info/requires.txt
writing top-level names to ../../build/flap_teleop/flap_teleop.egg-info/top_level.txt
writing manifest file '../../build/flap_teleop/flap_teleop.egg-info/SOURCES.txt'
reading manifest file '../../build/flap_teleop/flap_teleop.egg-info/SOURCES.txt'
writing manifest file '../../build/flap_teleop/flap_teleop.egg-info/SOURCES.txt'
running build
running build_py
creating /home/erum/ros2_workspace/build/flap_teleop/build
creating /home/erum/ros2_workspace/build/flap_teleop/build/lib
creating /home/erum/ros2_workspace/build/flap_teleop/build/lib/flap_teleop
copying flap_teleop/flap_teleop_node.py -> /home/erum/ros2_workspace/build/flap_teleop/build/lib/flap_teleop
copying flap_teleop/__init__.py -> /home/erum/ros2_workspace/build/flap_teleop/build/lib/flap_teleop
running install
running install_lib
creating /home/erum/ros2_workspace/install/flap_teleop/lib/python3.12/site-packages/flap_teleop
copying /home/erum/ros2_workspace/build/flap_teleop/build/lib/flap_teleop/flap_teleop_node.py -> /home/erum/ros2_workspace/install/flap_teleop/lib/python3.12/site-packages/flap_teleop
copying /home/erum/ros2_workspace/build/flap_teleop/build/lib/flap_teleop/__init__.py -> /home/erum/ros2_workspace/install/flap_teleop/lib/python3.12/site-packages/flap_teleop
byte-compiling /home/erum/ros2_workspace/install/flap_teleop/lib/python3.12/site-packages/flap_teleop/flap_teleop_node.py to flap_teleop_node.cpython-312.pyc
byte-compiling /home/erum/ros2_workspace/install/flap_teleop/lib/python3.12/site-packages/flap_teleop/__init__.py to __init__.cpython-312.pyc
running install_egg_info
Copying ../../build/flap_teleop/flap_teleop.egg-info to /home/erum/ros2_workspace/install/flap_teleop/lib/python3.12/site-packages/flap_teleop-0.0.1-py3.12.egg-info
running install_scripts
Installing flap_teleop_node script to /home/erum/ros2_workspace/install/flap_teleop/lib/flap_teleop
writing list of installed files to '/home/erum/ros2_workspace/build/flap_teleop/install.log'
