[1.918s] Invoking command in '/home/erum/ros2_workspace/src/flap_teleop': DEBUGINFOD_URLS=https://debuginfod.ubuntu.com PYTHONPATH=/home/erum/ros2_workspace/build/flap_teleop/prefix_override:/usr/lib/python3/dist-packages/colcon_core/task/python/colcon_distutils_commands:/home/erum/ros2_workspace/install/flap_teleop/lib/python3.12/site-packages:${PYTHONPATH} /usr/bin/python3 -W ignore:setup.py install is deprecated -W ignore:easy_install command is deprecated setup.py egg_info --egg-base ../../build/flap_teleop build --build-base /home/erum/ros2_workspace/build/flap_teleop/build install --record /home/erum/ros2_workspace/build/flap_teleop/install.log --single-version-externally-managed
[2.404s] running egg_info
[2.405s] creating ../../build/flap_teleop/flap_teleop.egg-info
[2.431s] writing ../../build/flap_teleop/flap_teleop.egg-info/PKG-INFO
[2.433s] writing dependency_links to ../../build/flap_teleop/flap_teleop.egg-info/dependency_links.txt
[2.433s] writing entry points to ../../build/flap_teleop/flap_teleop.egg-info/entry_points.txt
[2.434s] writing requirements to ../../build/flap_teleop/flap_teleop.egg-info/requires.txt
[2.435s] writing top-level names to ../../build/flap_teleop/flap_teleop.egg-info/top_level.txt
[2.437s] writing manifest file '../../build/flap_teleop/flap_teleop.egg-info/SOURCES.txt'
[2.491s] reading manifest file '../../build/flap_teleop/flap_teleop.egg-info/SOURCES.txt'
[2.492s] writing manifest file '../../build/flap_teleop/flap_teleop.egg-info/SOURCES.txt'
[2.493s] running build
[2.493s] running build_py
[2.493s] creating /home/erum/ros2_workspace/build/flap_teleop/build
[2.496s] creating /home/erum/ros2_workspace/build/flap_teleop/build/lib
[2.496s] creating /home/erum/ros2_workspace/build/flap_teleop/build/lib/flap_teleop
[2.496s] copying flap_teleop/flap_teleop_node.py -> /home/erum/ros2_workspace/build/flap_teleop/build/lib/flap_teleop
[2.497s] copying flap_teleop/__init__.py -> /home/erum/ros2_workspace/build/flap_teleop/build/lib/flap_teleop
[2.500s] running install
[2.506s] running install_lib
[2.528s] creating /home/erum/ros2_workspace/install/flap_teleop/lib/python3.12/site-packages/flap_teleop
[2.529s] copying /home/erum/ros2_workspace/build/flap_teleop/build/lib/flap_teleop/flap_teleop_node.py -> /home/erum/ros2_workspace/install/flap_teleop/lib/python3.12/site-packages/flap_teleop
[2.529s] copying /home/erum/ros2_workspace/build/flap_teleop/build/lib/flap_teleop/__init__.py -> /home/erum/ros2_workspace/install/flap_teleop/lib/python3.12/site-packages/flap_teleop
[2.531s] byte-compiling /home/erum/ros2_workspace/install/flap_teleop/lib/python3.12/site-packages/flap_teleop/flap_teleop_node.py to flap_teleop_node.cpython-312.pyc
[2.532s] byte-compiling /home/erum/ros2_workspace/install/flap_teleop/lib/python3.12/site-packages/flap_teleop/__init__.py to __init__.cpython-312.pyc
[2.532s] running install_egg_info
[2.581s] Copying ../../build/flap_teleop/flap_teleop.egg-info to /home/erum/ros2_workspace/install/flap_teleop/lib/python3.12/site-packages/flap_teleop-0.0.1-py3.12.egg-info
[2.586s] running install_scripts
[2.996s] Installing flap_teleop_node script to /home/erum/ros2_workspace/install/flap_teleop/lib/flap_teleop
[2.998s] writing list of installed files to '/home/erum/ros2_workspace/build/flap_teleop/install.log'
[3.149s] Invoked command in '/home/erum/ros2_workspace/src/flap_teleop' returned '0': DEBUGINFOD_URLS=https://debuginfod.ubuntu.com PYTHONPATH=/home/erum/ros2_workspace/build/flap_teleop/prefix_override:/usr/lib/python3/dist-packages/colcon_core/task/python/colcon_distutils_commands:/home/erum/ros2_workspace/install/flap_teleop/lib/python3.12/site-packages:${PYTHONPATH} /usr/bin/python3 -W ignore:setup.py install is deprecated -W ignore:easy_install command is deprecated setup.py egg_info --egg-base ../../build/flap_teleop build --build-base /home/erum/ros2_workspace/build/flap_teleop/build install --record /home/erum/ros2_workspace/build/flap_teleop/install.log --single-version-externally-managed
