[1.518s] Invoking command in '/home/erum/ros2_workspace/src/my_first_pkg': DEBUGINFOD_URLS=https://debuginfod.ubuntu.com PYTHONPATH=/home/erum/ros2_workspace/build/my_first_pkg/prefix_override:/usr/lib/python3/dist-packages/colcon_core/task/python/colcon_distutils_commands:/home/erum/ros2_workspace/install/my_first_pkg/lib/python3.12/site-packages:${PYTHONPATH} /usr/bin/python3 -W ignore:setup.py install is deprecated -W ignore:easy_install command is deprecated setup.py egg_info --egg-base ../../build/my_first_pkg build --build-base /home/erum/ros2_workspace/build/my_first_pkg/build install --record /home/erum/ros2_workspace/build/my_first_pkg/install.log --single-version-externally-managed install_data
[2.201s] running egg_info
[2.203s] creating ../../build/my_first_pkg/my_first_pkg.egg-info
[2.247s] writing ../../build/my_first_pkg/my_first_pkg.egg-info/PKG-INFO
[2.252s] writing dependency_links to ../../build/my_first_pkg/my_first_pkg.egg-info/dependency_links.txt
[2.255s] writing entry points to ../../build/my_first_pkg/my_first_pkg.egg-info/entry_points.txt
[2.255s] writing requirements to ../../build/my_first_pkg/my_first_pkg.egg-info/requires.txt
[2.262s] writing top-level names to ../../build/my_first_pkg/my_first_pkg.egg-info/top_level.txt
[2.262s] writing manifest file '../../build/my_first_pkg/my_first_pkg.egg-info/SOURCES.txt'
[2.333s] reading manifest file '../../build/my_first_pkg/my_first_pkg.egg-info/SOURCES.txt'
[2.334s] writing manifest file '../../build/my_first_pkg/my_first_pkg.egg-info/SOURCES.txt'
[2.334s] running build
[2.334s] running build_py
[2.342s] creating /home/erum/ros2_workspace/build/my_first_pkg/build
[2.342s] creating /home/erum/ros2_workspace/build/my_first_pkg/build/lib
[2.342s] creating /home/erum/ros2_workspace/build/my_first_pkg/build/lib/my_first_pkg
[2.343s] copying my_first_pkg/minimal_subscriber.py -> /home/erum/ros2_workspace/build/my_first_pkg/build/lib/my_first_pkg
[2.345s] copying my_first_pkg/__init__.py -> /home/erum/ros2_workspace/build/my_first_pkg/build/lib/my_first_pkg
[2.345s] copying my_first_pkg/minimal_publisher.py -> /home/erum/ros2_workspace/build/my_first_pkg/build/lib/my_first_pkg
[2.348s] running install
[2.368s] running install_lib
[2.400s] creating /home/erum/ros2_workspace/install/my_first_pkg/lib/python3.12/site-packages/my_first_pkg
[2.402s] copying /home/erum/ros2_workspace/build/my_first_pkg/build/lib/my_first_pkg/minimal_subscriber.py -> /home/erum/ros2_workspace/install/my_first_pkg/lib/python3.12/site-packages/my_first_pkg
[2.402s] copying /home/erum/ros2_workspace/build/my_first_pkg/build/lib/my_first_pkg/__init__.py -> /home/erum/ros2_workspace/install/my_first_pkg/lib/python3.12/site-packages/my_first_pkg
[2.402s] copying /home/erum/ros2_workspace/build/my_first_pkg/build/lib/my_first_pkg/minimal_publisher.py -> /home/erum/ros2_workspace/install/my_first_pkg/lib/python3.12/site-packages/my_first_pkg
[2.405s] byte-compiling /home/erum/ros2_workspace/install/my_first_pkg/lib/python3.12/site-packages/my_first_pkg/minimal_subscriber.py to minimal_subscriber.cpython-312.pyc
[2.407s] byte-compiling /home/erum/ros2_workspace/install/my_first_pkg/lib/python3.12/site-packages/my_first_pkg/__init__.py to __init__.cpython-312.pyc
[2.423s] byte-compiling /home/erum/ros2_workspace/install/my_first_pkg/lib/python3.12/site-packages/my_first_pkg/minimal_publisher.py to minimal_publisher.cpython-312.pyc
[2.423s] running install_data
[2.424s] creating /home/erum/ros2_workspace/install/my_first_pkg/share/ament_index
[2.424s] creating /home/erum/ros2_workspace/install/my_first_pkg/share/ament_index/resource_index
[2.424s] creating /home/erum/ros2_workspace/install/my_first_pkg/share/ament_index/resource_index/packages
[2.424s] copying resource/my_first_pkg -> /home/erum/ros2_workspace/install/my_first_pkg/share/ament_index/resource_index/packages
[2.424s] copying package.xml -> /home/erum/ros2_workspace/install/my_first_pkg/share/my_first_pkg
[2.424s] running install_egg_info
[2.486s] Copying ../../build/my_first_pkg/my_first_pkg.egg-info to /home/erum/ros2_workspace/install/my_first_pkg/lib/python3.12/site-packages/my_first_pkg-0.0.0-py3.12.egg-info
[2.486s] running install_scripts
[2.938s] Installing minimal_publisher script to /home/erum/ros2_workspace/install/my_first_pkg/lib/my_first_pkg
[2.944s] Installing minimal_subscriber script to /home/erum/ros2_workspace/install/my_first_pkg/lib/my_first_pkg
[2.944s] writing list of installed files to '/home/erum/ros2_workspace/build/my_first_pkg/install.log'
[3.039s] Invoked command in '/home/erum/ros2_workspace/src/my_first_pkg' returned '0': DEBUGINFOD_URLS=https://debuginfod.ubuntu.com PYTHONPATH=/home/erum/ros2_workspace/build/my_first_pkg/prefix_override:/usr/lib/python3/dist-packages/colcon_core/task/python/colcon_distutils_commands:/home/erum/ros2_workspace/install/my_first_pkg/lib/python3.12/site-packages:${PYTHONPATH} /usr/bin/python3 -W ignore:setup.py install is deprecated -W ignore:easy_install command is deprecated setup.py egg_info --egg-base ../../build/my_first_pkg build --build-base /home/erum/ros2_workspace/build/my_first_pkg/build install --record /home/erum/ros2_workspace/build/my_first_pkg/install.log --single-version-externally-managed install_data
