[6.332s] Invoking command in '/home/erum/ros2_workspace/src/rect_area_pkg': DEBUGINFOD_URLS=https://debuginfod.ubuntu.com PYTHONPATH=/home/erum/ros2_workspace/build/rect_area_pkg/prefix_override:/usr/lib/python3/dist-packages/colcon_core/task/python/colcon_distutils_commands:/home/erum/ros2_workspace/install/rect_area_pkg/lib/python3.12/site-packages:${PYTHONPATH} /usr/bin/python3 -W ignore:setup.py install is deprecated -W ignore:easy_install command is deprecated setup.py egg_info --egg-base ../../build/rect_area_pkg build --build-base /home/erum/ros2_workspace/build/rect_area_pkg/build install --record /home/erum/ros2_workspace/build/rect_area_pkg/install.log --single-version-externally-managed install_data
[7.579s] running egg_info
[7.780s] writing ../../build/rect_area_pkg/rect_area_pkg.egg-info/PKG-INFO
[7.782s] writing dependency_links to ../../build/rect_area_pkg/rect_area_pkg.egg-info/dependency_links.txt
[7.783s] writing entry points to ../../build/rect_area_pkg/rect_area_pkg.egg-info/entry_points.txt
[7.784s] writing requirements to ../../build/rect_area_pkg/rect_area_pkg.egg-info/requires.txt
[7.788s] writing top-level names to ../../build/rect_area_pkg/rect_area_pkg.egg-info/top_level.txt
[7.861s] reading manifest file '../../build/rect_area_pkg/rect_area_pkg.egg-info/SOURCES.txt'
[7.861s] writing manifest file '../../build/rect_area_pkg/rect_area_pkg.egg-info/SOURCES.txt'
[7.861s] running build
[7.862s] running build_py
[7.863s] running install
[7.874s] running install_lib
[7.925s] running install_data
[7.927s] running install_egg_info
[8.076s] removing '/home/erum/ros2_workspace/install/rect_area_pkg/lib/python3.12/site-packages/rect_area_pkg-0.0.0-py3.12.egg-info' (and everything under it)
[8.090s] Copying ../../build/rect_area_pkg/rect_area_pkg.egg-info to /home/erum/ros2_workspace/install/rect_area_pkg/lib/python3.12/site-packages/rect_area_pkg-0.0.0-py3.12.egg-info
[8.100s] running install_scripts
[8.948s] Installing rect_client script to /home/erum/ros2_workspace/install/rect_area_pkg/lib/rect_area_pkg
[8.959s] Installing rect_server script to /home/erum/ros2_workspace/install/rect_area_pkg/lib/rect_area_pkg
[8.970s] writing list of installed files to '/home/erum/ros2_workspace/build/rect_area_pkg/install.log'
[9.115s] Invoked command in '/home/erum/ros2_workspace/src/rect_area_pkg' returned '0': DEBUGINFOD_URLS=https://debuginfod.ubuntu.com PYTHONPATH=/home/erum/ros2_workspace/build/rect_area_pkg/prefix_override:/usr/lib/python3/dist-packages/colcon_core/task/python/colcon_distutils_commands:/home/erum/ros2_workspace/install/rect_area_pkg/lib/python3.12/site-packages:${PYTHONPATH} /usr/bin/python3 -W ignore:setup.py install is deprecated -W ignore:easy_install command is deprecated setup.py egg_info --egg-base ../../build/rect_area_pkg build --build-base /home/erum/ros2_workspace/build/rect_area_pkg/build install --record /home/erum/ros2_workspace/build/rect_area_pkg/install.log --single-version-externally-managed install_data
