[0.696s] Invoking command in '/home/erum/ros2_workspace/src/add_two_ints_pkg': DEBUGINFOD_URLS=https://debuginfod.ubuntu.com PYTHONPATH=/home/erum/ros2_workspace/build/add_two_ints_pkg/prefix_override:/usr/lib/python3/dist-packages/colcon_core/task/python/colcon_distutils_commands:/home/erum/ros2_workspace/install/add_two_ints_pkg/lib/python3.12/site-packages:/home/erum/ros2_workspace/install/new_interfaces/lib/python3.12/site-packages:/home/erum/ros2_workspace/install/rect_area_pkg/lib/python3.12/site-packages:/home/erum/ros2_workspace/install/add_two_ints_pkg/lib/python3.12/site-packages:/home/erum/ros2_workspace/install/my_first_pkg/lib/python3.12/site-packages:/home/erum/ros2_workspace/install/Erum_pde4430/lib/python3.12/site-packages:/opt/ros/jazzy/lib/python3.12/site-packages /usr/bin/python3 -W ignore:setup.py install is deprecated -W ignore:easy_install command is deprecated setup.py egg_info --egg-base ../../build/add_two_ints_pkg build --build-base /home/erum/ros2_workspace/build/add_two_ints_pkg/build install --record /home/erum/ros2_workspace/build/add_two_ints_pkg/install.log --single-version-externally-managed install_data
[0.890s] running egg_info
[0.902s] writing ../../build/add_two_ints_pkg/add_two_ints_pkg.egg-info/PKG-INFO
[0.903s] writing dependency_links to ../../build/add_two_ints_pkg/add_two_ints_pkg.egg-info/dependency_links.txt
[0.903s] writing entry points to ../../build/add_two_ints_pkg/add_two_ints_pkg.egg-info/entry_points.txt
[0.904s] writing requirements to ../../build/add_two_ints_pkg/add_two_ints_pkg.egg-info/requires.txt
[0.904s] writing top-level names to ../../build/add_two_ints_pkg/add_two_ints_pkg.egg-info/top_level.txt
[0.935s] reading manifest file '../../build/add_two_ints_pkg/add_two_ints_pkg.egg-info/SOURCES.txt'
[0.935s] writing manifest file '../../build/add_two_ints_pkg/add_two_ints_pkg.egg-info/SOURCES.txt'
[0.935s] running build
[0.936s] running build_py
[0.936s] running install
[0.940s] running install_lib
[0.953s] running install_data
[0.953s] running install_egg_info
[0.967s] removing '/home/erum/ros2_workspace/install/add_two_ints_pkg/lib/python3.12/site-packages/add_two_ints_pkg-0.0.0-py3.12.egg-info' (and everything under it)
[0.972s] Copying ../../build/add_two_ints_pkg/add_two_ints_pkg.egg-info to /home/erum/ros2_workspace/install/add_two_ints_pkg/lib/python3.12/site-packages/add_two_ints_pkg-0.0.0-py3.12.egg-info
[0.974s] running install_scripts
[1.075s] Installing minimal_client script to /home/erum/ros2_workspace/install/add_two_ints_pkg/lib/add_two_ints_pkg
[1.075s] Installing minimal_server script to /home/erum/ros2_workspace/install/add_two_ints_pkg/lib/add_two_ints_pkg
[1.075s] writing list of installed files to '/home/erum/ros2_workspace/build/add_two_ints_pkg/install.log'
[1.102s] Invoked command in '/home/erum/ros2_workspace/src/add_two_ints_pkg' returned '0': DEBUGINFOD_URLS=https://debuginfod.ubuntu.com PYTHONPATH=/home/erum/ros2_workspace/build/add_two_ints_pkg/prefix_override:/usr/lib/python3/dist-packages/colcon_core/task/python/colcon_distutils_commands:/home/erum/ros2_workspace/install/add_two_ints_pkg/lib/python3.12/site-packages:/home/erum/ros2_workspace/install/new_interfaces/lib/python3.12/site-packages:/home/erum/ros2_workspace/install/rect_area_pkg/lib/python3.12/site-packages:/home/erum/ros2_workspace/install/add_two_ints_pkg/lib/python3.12/site-packages:/home/erum/ros2_workspace/install/my_first_pkg/lib/python3.12/site-packages:/home/erum/ros2_workspace/install/Erum_pde4430/lib/python3.12/site-packages:/opt/ros/jazzy/lib/python3.12/site-packages /usr/bin/python3 -W ignore:setup.py install is deprecated -W ignore:easy_install command is deprecated setup.py egg_info --egg-base ../../build/add_two_ints_pkg build --build-base /home/erum/ros2_workspace/build/add_two_ints_pkg/build install --record /home/erum/ros2_workspace/build/add_two_ints_pkg/install.log --single-version-externally-managed install_data
