[0.376s] DEBUG:colcon:Command line arguments: ['/usr/bin/colcon', 'build']
[0.376s] DEBUG:colcon:Parsed command line arguments: Namespace(log_base=None, log_level=None, verb_name='build', build_base='build', install_base='install', merge_install=False, symlink_install=False, test_result_base=None, continue_on_error=False, executor='parallel', parallel_workers=2, event_handlers=None, ignore_user_meta=False, metas=['./colcon.meta'], base_paths=['.'], packages_ignore=None, packages_ignore_regex=None, paths=None, packages_up_to=None, packages_up_to_regex=None, packages_above=None, packages_above_and_dependencies=None, packages_above_depth=None, packages_select_by_dep=None, packages_skip_by_dep=None, packages_skip_up_to=None, packages_select_build_failed=False, packages_skip_build_finished=False, packages_select_test_failures=False, packages_skip_test_passed=False, packages_select=None, packages_skip=None, packages_select_regex=None, packages_skip_regex=None, packages_start=None, packages_end=None, allow_overriding=[], cmake_args=None, cmake_target=None, cmake_target_skip_unavailable=False, cmake_clean_cache=False, cmake_clean_first=False, cmake_force_configure=False, ament_cmake_args=None, catkin_cmake_args=None, catkin_skip_building_tests=False, mixin_files=None, mixin=None, verb_parser=<colcon_mixin.mixin.mixin_argument.MixinArgumentDecorator object at 0x7ea23869d2e0>, verb_extension=<colcon_core.verb.build.BuildVerb object at 0x7ea2387b9a60>, main=<bound method BuildVerb.main of <colcon_core.verb.build.BuildVerb object at 0x7ea2387b9a60>>, mixin_verb=('build',))
[0.483s] Level 1:colcon.colcon_core.package_discovery:discover_packages(colcon_meta) check parameters
[0.483s] Level 1:colcon.colcon_core.package_discovery:discover_packages(recursive) check parameters
[0.483s] Level 1:colcon.colcon_core.package_discovery:discover_packages(ignore) check parameters
[0.483s] Level 1:colcon.colcon_core.package_discovery:discover_packages(path) check parameters
[0.483s] Level 1:colcon.colcon_core.package_discovery:discover_packages(colcon_meta) discover
[0.483s] Level 1:colcon.colcon_core.package_discovery:discover_packages(recursive) discover
[0.483s] INFO:colcon.colcon_core.package_discovery:Crawling recursively for packages in '/home/erum/ros2_workspace/src'
[0.483s] Level 1:colcon.colcon_core.package_identification:_identify(.) by extensions ['ignore', 'ignore_ament_install']
[0.484s] Level 1:colcon.colcon_core.package_identification:_identify(.) by extension 'ignore'
[0.484s] Level 1:colcon.colcon_core.package_identification:_identify(.) by extension 'ignore_ament_install'
[0.484s] Level 1:colcon.colcon_core.package_identification:_identify(.) by extensions ['colcon_pkg']
[0.484s] Level 1:colcon.colcon_core.package_identification:_identify(.) by extension 'colcon_pkg'
[0.484s] Level 1:colcon.colcon_core.package_identification:_identify(.) by extensions ['colcon_meta']
[0.484s] Level 1:colcon.colcon_core.package_identification:_identify(.) by extension 'colcon_meta'
[0.484s] Level 1:colcon.colcon_core.package_identification:_identify(.) by extensions ['ros']
[0.494s] Level 1:colcon.colcon_core.package_identification:_identify(.) by extension 'ros'
[0.532s] Level 1:colcon.colcon_core.package_identification:_identify(.) by extensions ['cmake', 'python']
[0.532s] Level 1:colcon.colcon_core.package_identification:_identify(.) by extension 'cmake'
[0.532s] Level 1:colcon.colcon_core.package_identification:_identify(.) by extension 'python'
[0.532s] Level 1:colcon.colcon_core.package_identification:_identify(.) by extensions ['python_setup_py']
[0.532s] Level 1:colcon.colcon_core.package_identification:_identify(.) by extension 'python_setup_py'
[0.533s] Level 1:colcon.colcon_core.package_identification:_identify(Erum_pde4430) by extensions ['ignore', 'ignore_ament_install']
[0.533s] Level 1:colcon.colcon_core.package_identification:_identify(Erum_pde4430) by extension 'ignore'
[0.533s] Level 1:colcon.colcon_core.package_identification:_identify(Erum_pde4430) by extension 'ignore_ament_install'
[0.533s] Level 1:colcon.colcon_core.package_identification:_identify(Erum_pde4430) by extensions ['colcon_pkg']
[0.533s] Level 1:colcon.colcon_core.package_identification:_identify(Erum_pde4430) by extension 'colcon_pkg'
[0.533s] Level 1:colcon.colcon_core.package_identification:_identify(Erum_pde4430) by extensions ['colcon_meta']
[0.533s] Level 1:colcon.colcon_core.package_identification:_identify(Erum_pde4430) by extension 'colcon_meta'
[0.533s] Level 1:colcon.colcon_core.package_identification:_identify(Erum_pde4430) by extensions ['ros']
[0.533s] Level 1:colcon.colcon_core.package_identification:_identify(Erum_pde4430) by extension 'ros'
[0.537s] DEBUG:colcon.colcon_core.package_identification:Package 'Erum_pde4430' with type 'ros.ament_python' and name 'Erum_pde4430'
[0.537s] Level 1:colcon.colcon_core.package_identification:_identify(add_two_ints_pkg) by extensions ['ignore', 'ignore_ament_install']
[0.537s] Level 1:colcon.colcon_core.package_identification:_identify(add_two_ints_pkg) by extension 'ignore'
[0.537s] Level 1:colcon.colcon_core.package_identification:_identify(add_two_ints_pkg) by extension 'ignore_ament_install'
[0.537s] Level 1:colcon.colcon_core.package_identification:_identify(add_two_ints_pkg) by extensions ['colcon_pkg']
[0.538s] Level 1:colcon.colcon_core.package_identification:_identify(add_two_ints_pkg) by extension 'colcon_pkg'
[0.538s] Level 1:colcon.colcon_core.package_identification:_identify(add_two_ints_pkg) by extensions ['colcon_meta']
[0.538s] Level 1:colcon.colcon_core.package_identification:_identify(add_two_ints_pkg) by extension 'colcon_meta'
[0.538s] Level 1:colcon.colcon_core.package_identification:_identify(add_two_ints_pkg) by extensions ['ros']
[0.538s] Level 1:colcon.colcon_core.package_identification:_identify(add_two_ints_pkg) by extension 'ros'
[0.540s] DEBUG:colcon.colcon_core.package_identification:Package 'add_two_ints_pkg' with type 'ros.ament_python' and name 'add_two_ints_pkg'
[0.540s] Level 1:colcon.colcon_core.package_identification:_identify(build) by extensions ['ignore', 'ignore_ament_install']
[0.540s] Level 1:colcon.colcon_core.package_identification:_identify(build) by extension 'ignore'
[0.540s] Level 1:colcon.colcon_core.package_identification:_identify(build) ignored
[0.540s] Level 1:colcon.colcon_core.package_identification:_identify(gazebo_differential_drive_robot-main) by extensions ['ignore', 'ignore_ament_install']
[0.540s] Level 1:colcon.colcon_core.package_identification:_identify(gazebo_differential_drive_robot-main) by extension 'ignore'
[0.540s] Level 1:colcon.colcon_core.package_identification:_identify(gazebo_differential_drive_robot-main) by extension 'ignore_ament_install'
[0.540s] Level 1:colcon.colcon_core.package_identification:_identify(gazebo_differential_drive_robot-main) by extensions ['colcon_pkg']
[0.540s] Level 1:colcon.colcon_core.package_identification:_identify(gazebo_differential_drive_robot-main) by extension 'colcon_pkg'
[0.540s] Level 1:colcon.colcon_core.package_identification:_identify(gazebo_differential_drive_robot-main) by extensions ['colcon_meta']
[0.540s] Level 1:colcon.colcon_core.package_identification:_identify(gazebo_differential_drive_robot-main) by extension 'colcon_meta'
[0.540s] Level 1:colcon.colcon_core.package_identification:_identify(gazebo_differential_drive_robot-main) by extensions ['ros']
[0.540s] Level 1:colcon.colcon_core.package_identification:_identify(gazebo_differential_drive_robot-main) by extension 'ros'
[0.542s] DEBUG:colcon.colcon_core.package_identification:Package 'gazebo_differential_drive_robot-main' with type 'ros.ament_cmake' and name 'gazebo_differential_drive_robot'
[0.542s] Level 1:colcon.colcon_core.package_identification:_identify(install) by extensions ['ignore', 'ignore_ament_install']
[0.542s] Level 1:colcon.colcon_core.package_identification:_identify(install) by extension 'ignore'
[0.542s] Level 1:colcon.colcon_core.package_identification:_identify(install) ignored
[0.542s] Level 1:colcon.colcon_core.package_identification:_identify(log) by extensions ['ignore', 'ignore_ament_install']
[0.542s] Level 1:colcon.colcon_core.package_identification:_identify(log) by extension 'ignore'
[0.542s] Level 1:colcon.colcon_core.package_identification:_identify(log) ignored
[0.543s] Level 1:colcon.colcon_core.package_identification:_identify(my_first_pkg) by extensions ['ignore', 'ignore_ament_install']
[0.543s] Level 1:colcon.colcon_core.package_identification:_identify(my_first_pkg) by extension 'ignore'
[0.544s] Level 1:colcon.colcon_core.package_identification:_identify(my_first_pkg) by extension 'ignore_ament_install'
[0.544s] Level 1:colcon.colcon_core.package_identification:_identify(my_first_pkg) by extensions ['colcon_pkg']
[0.544s] Level 1:colcon.colcon_core.package_identification:_identify(my_first_pkg) by extension 'colcon_pkg'
[0.544s] Level 1:colcon.colcon_core.package_identification:_identify(my_first_pkg) by extensions ['colcon_meta']
[0.544s] Level 1:colcon.colcon_core.package_identification:_identify(my_first_pkg) by extension 'colcon_meta'
[0.544s] Level 1:colcon.colcon_core.package_identification:_identify(my_first_pkg) by extensions ['ros']
[0.544s] Level 1:colcon.colcon_core.package_identification:_identify(my_first_pkg) by extension 'ros'
[0.544s] DEBUG:colcon.colcon_core.package_identification:Package 'my_first_pkg' with type 'ros.ament_python' and name 'my_first_pkg'
[0.545s] Level 1:colcon.colcon_core.package_identification:_identify(my_robot_bringup) by extensions ['ignore', 'ignore_ament_install']
[0.545s] Level 1:colcon.colcon_core.package_identification:_identify(my_robot_bringup) by extension 'ignore'
[0.545s] Level 1:colcon.colcon_core.package_identification:_identify(my_robot_bringup) by extension 'ignore_ament_install'
[0.545s] Level 1:colcon.colcon_core.package_identification:_identify(my_robot_bringup) by extensions ['colcon_pkg']
[0.545s] Level 1:colcon.colcon_core.package_identification:_identify(my_robot_bringup) by extension 'colcon_pkg'
[0.545s] Level 1:colcon.colcon_core.package_identification:_identify(my_robot_bringup) by extensions ['colcon_meta']
[0.545s] Level 1:colcon.colcon_core.package_identification:_identify(my_robot_bringup) by extension 'colcon_meta'
[0.545s] Level 1:colcon.colcon_core.package_identification:_identify(my_robot_bringup) by extensions ['ros']
[0.545s] Level 1:colcon.colcon_core.package_identification:_identify(my_robot_bringup) by extension 'ros'
[0.545s] DEBUG:colcon.colcon_core.package_identification:Package 'my_robot_bringup' with type 'ros.ament_cmake' and name 'my_robot_bringup'
[0.545s] Level 1:colcon.colcon_core.package_identification:_identify(my_robot_description) by extensions ['ignore', 'ignore_ament_install']
[0.545s] Level 1:colcon.colcon_core.package_identification:_identify(my_robot_description) by extension 'ignore'
[0.545s] Level 1:colcon.colcon_core.package_identification:_identify(my_robot_description) by extension 'ignore_ament_install'
[0.546s] Level 1:colcon.colcon_core.package_identification:_identify(my_robot_description) by extensions ['colcon_pkg']
[0.554s] Level 1:colcon.colcon_core.package_identification:_identify(my_robot_description) by extension 'colcon_pkg'
[0.554s] Level 1:colcon.colcon_core.package_identification:_identify(my_robot_description) by extensions ['colcon_meta']
[0.554s] Level 1:colcon.colcon_core.package_identification:_identify(my_robot_description) by extension 'colcon_meta'
[0.554s] Level 1:colcon.colcon_core.package_identification:_identify(my_robot_description) by extensions ['ros']
[0.554s] Level 1:colcon.colcon_core.package_identification:_identify(my_robot_description) by extension 'ros'
[0.555s] DEBUG:colcon.colcon_core.package_identification:Package 'my_robot_description' with type 'ros.ament_cmake' and name 'my_robot_description'
[0.555s] Level 1:colcon.colcon_core.package_identification:_identify(new_interfaces) by extensions ['ignore', 'ignore_ament_install']
[0.555s] Level 1:colcon.colcon_core.package_identification:_identify(new_interfaces) by extension 'ignore'
[0.555s] Level 1:colcon.colcon_core.package_identification:_identify(new_interfaces) by extension 'ignore_ament_install'
[0.555s] Level 1:colcon.colcon_core.package_identification:_identify(new_interfaces) by extensions ['colcon_pkg']
[0.556s] Level 1:colcon.colcon_core.package_identification:_identify(new_interfaces) by extension 'colcon_pkg'
[0.556s] Level 1:colcon.colcon_core.package_identification:_identify(new_interfaces) by extensions ['colcon_meta']
[0.556s] Level 1:colcon.colcon_core.package_identification:_identify(new_interfaces) by extension 'colcon_meta'
[0.556s] Level 1:colcon.colcon_core.package_identification:_identify(new_interfaces) by extensions ['ros']
[0.556s] Level 1:colcon.colcon_core.package_identification:_identify(new_interfaces) by extension 'ros'
[0.557s] DEBUG:colcon.colcon_core.package_identification:Package 'new_interfaces' with type 'ros.ament_cmake' and name 'new_interfaces'
[0.557s] Level 1:colcon.colcon_core.package_identification:_identify(rect_area_pkg) by extensions ['ignore', 'ignore_ament_install']
[0.557s] Level 1:colcon.colcon_core.package_identification:_identify(rect_area_pkg) by extension 'ignore'
[0.557s] Level 1:colcon.colcon_core.package_identification:_identify(rect_area_pkg) by extension 'ignore_ament_install'
[0.557s] Level 1:colcon.colcon_core.package_identification:_identify(rect_area_pkg) by extensions ['colcon_pkg']
[0.557s] Level 1:colcon.colcon_core.package_identification:_identify(rect_area_pkg) by extension 'colcon_pkg'
[0.557s] Level 1:colcon.colcon_core.package_identification:_identify(rect_area_pkg) by extensions ['colcon_meta']
[0.557s] Level 1:colcon.colcon_core.package_identification:_identify(rect_area_pkg) by extension 'colcon_meta'
[0.557s] Level 1:colcon.colcon_core.package_identification:_identify(rect_area_pkg) by extensions ['ros']
[0.557s] Level 1:colcon.colcon_core.package_identification:_identify(rect_area_pkg) by extension 'ros'
[0.557s] DEBUG:colcon.colcon_core.package_identification:Package 'rect_area_pkg' with type 'ros.ament_python' and name 'rect_area_pkg'
[0.558s] Level 1:colcon.colcon_core.package_discovery:discover_packages(recursive) using defaults
[0.558s] Level 1:colcon.colcon_core.package_discovery:discover_packages(ignore) discover
[0.558s] Level 1:colcon.colcon_core.package_discovery:discover_packages(ignore) using defaults
[0.558s] Level 1:colcon.colcon_core.package_discovery:discover_packages(path) discover
[0.558s] Level 1:colcon.colcon_core.package_discovery:discover_packages(path) using defaults
[0.600s] Level 1:colcon.colcon_core.package_discovery:discover_packages(prefix_path) check parameters
[0.600s] Level 1:colcon.colcon_core.package_discovery:discover_packages(prefix_path) discover
[0.610s] DEBUG:colcon.colcon_installed_package_information.package_discovery:Found 1 installed packages in /home/erum/learn_ros2_ws/install
[0.611s] DEBUG:colcon.colcon_installed_package_information.package_discovery:Found 2 installed packages in /home/erum/install
[0.613s] DEBUG:colcon.colcon_installed_package_information.package_discovery:Found 498 installed packages in /opt/ros/jazzy
[0.615s] Level 1:colcon.colcon_core.package_discovery:discover_packages(prefix_path) using defaults
[0.769s] Level 5:colcon.colcon_core.verb:set package 'Erum_pde4430' build argument 'cmake_args' from command line to 'None'
[0.769s] Level 5:colcon.colcon_core.verb:set package 'Erum_pde4430' build argument 'cmake_target' from command line to 'None'
[0.770s] Level 5:colcon.colcon_core.verb:set package 'Erum_pde4430' build argument 'cmake_target_skip_unavailable' from command line to 'False'
[0.770s] Level 5:colcon.colcon_core.verb:set package 'Erum_pde4430' build argument 'cmake_clean_cache' from command line to 'False'
[0.770s] Level 5:colcon.colcon_core.verb:set package 'Erum_pde4430' build argument 'cmake_clean_first' from command line to 'False'
[0.770s] Level 5:colcon.colcon_core.verb:set package 'Erum_pde4430' build argument 'cmake_force_configure' from command line to 'False'
[0.770s] Level 5:colcon.colcon_core.verb:set package 'Erum_pde4430' build argument 'ament_cmake_args' from command line to 'None'
[0.770s] Level 5:colcon.colcon_core.verb:set package 'Erum_pde4430' build argument 'catkin_cmake_args' from command line to 'None'
[0.770s] Level 5:colcon.colcon_core.verb:set package 'Erum_pde4430' build argument 'catkin_skip_building_tests' from command line to 'False'
[0.770s] DEBUG:colcon.colcon_core.verb:Building package 'Erum_pde4430' with the following arguments: {'ament_cmake_args': None, 'build_base': '/home/erum/ros2_workspace/src/build/Erum_pde4430', 'catkin_cmake_args': None, 'catkin_skip_building_tests': False, 'cmake_args': None, 'cmake_clean_cache': False, 'cmake_clean_first': False, 'cmake_force_configure': False, 'cmake_target': None, 'cmake_target_skip_unavailable': False, 'install_base': '/home/erum/ros2_workspace/src/install/Erum_pde4430', 'merge_install': False, 'path': '/home/erum/ros2_workspace/src/Erum_pde4430', 'symlink_install': False, 'test_result_base': None}
[0.770s] Level 5:colcon.colcon_core.verb:set package 'gazebo_differential_drive_robot' build argument 'cmake_args' from command line to 'None'
[0.770s] Level 5:colcon.colcon_core.verb:set package 'gazebo_differential_drive_robot' build argument 'cmake_target' from command line to 'None'
[0.770s] Level 5:colcon.colcon_core.verb:set package 'gazebo_differential_drive_robot' build argument 'cmake_target_skip_unavailable' from command line to 'False'
[0.770s] Level 5:colcon.colcon_core.verb:set package 'gazebo_differential_drive_robot' build argument 'cmake_clean_cache' from command line to 'False'
[0.770s] Level 5:colcon.colcon_core.verb:set package 'gazebo_differential_drive_robot' build argument 'cmake_clean_first' from command line to 'False'
[0.770s] Level 5:colcon.colcon_core.verb:set package 'gazebo_differential_drive_robot' build argument 'cmake_force_configure' from command line to 'False'
[0.770s] Level 5:colcon.colcon_core.verb:set package 'gazebo_differential_drive_robot' build argument 'ament_cmake_args' from command line to 'None'
[0.770s] Level 5:colcon.colcon_core.verb:set package 'gazebo_differential_drive_robot' build argument 'catkin_cmake_args' from command line to 'None'
[0.770s] Level 5:colcon.colcon_core.verb:set package 'gazebo_differential_drive_robot' build argument 'catkin_skip_building_tests' from command line to 'False'
[0.770s] DEBUG:colcon.colcon_core.verb:Building package 'gazebo_differential_drive_robot' with the following arguments: {'ament_cmake_args': None, 'build_base': '/home/erum/ros2_workspace/src/build/gazebo_differential_drive_robot', 'catkin_cmake_args': None, 'catkin_skip_building_tests': False, 'cmake_args': None, 'cmake_clean_cache': False, 'cmake_clean_first': False, 'cmake_force_configure': False, 'cmake_target': None, 'cmake_target_skip_unavailable': False, 'install_base': '/home/erum/ros2_workspace/src/install/gazebo_differential_drive_robot', 'merge_install': False, 'path': '/home/erum/ros2_workspace/src/gazebo_differential_drive_robot-main', 'symlink_install': False, 'test_result_base': None}
[0.770s] Level 5:colcon.colcon_core.verb:set package 'my_first_pkg' build argument 'cmake_args' from command line to 'None'
[0.770s] Level 5:colcon.colcon_core.verb:set package 'my_first_pkg' build argument 'cmake_target' from command line to 'None'
[0.770s] Level 5:colcon.colcon_core.verb:set package 'my_first_pkg' build argument 'cmake_target_skip_unavailable' from command line to 'False'
[0.770s] Level 5:colcon.colcon_core.verb:set package 'my_first_pkg' build argument 'cmake_clean_cache' from command line to 'False'
[0.770s] Level 5:colcon.colcon_core.verb:set package 'my_first_pkg' build argument 'cmake_clean_first' from command line to 'False'
[0.770s] Level 5:colcon.colcon_core.verb:set package 'my_first_pkg' build argument 'cmake_force_configure' from command line to 'False'
[0.770s] Level 5:colcon.colcon_core.verb:set package 'my_first_pkg' build argument 'ament_cmake_args' from command line to 'None'
[0.771s] Level 5:colcon.colcon_core.verb:set package 'my_first_pkg' build argument 'catkin_cmake_args' from command line to 'None'
[0.771s] Level 5:colcon.colcon_core.verb:set package 'my_first_pkg' build argument 'catkin_skip_building_tests' from command line to 'False'
[0.771s] DEBUG:colcon.colcon_core.verb:Building package 'my_first_pkg' with the following arguments: {'ament_cmake_args': None, 'build_base': '/home/erum/ros2_workspace/src/build/my_first_pkg', 'catkin_cmake_args': None, 'catkin_skip_building_tests': False, 'cmake_args': None, 'cmake_clean_cache': False, 'cmake_clean_first': False, 'cmake_force_configure': False, 'cmake_target': None, 'cmake_target_skip_unavailable': False, 'install_base': '/home/erum/ros2_workspace/src/install/my_first_pkg', 'merge_install': False, 'path': '/home/erum/ros2_workspace/src/my_first_pkg', 'symlink_install': False, 'test_result_base': None}
[0.771s] Level 5:colcon.colcon_core.verb:set package 'my_robot_description' build argument 'cmake_args' from command line to 'None'
[0.771s] Level 5:colcon.colcon_core.verb:set package 'my_robot_description' build argument 'cmake_target' from command line to 'None'
[0.771s] Level 5:colcon.colcon_core.verb:set package 'my_robot_description' build argument 'cmake_target_skip_unavailable' from command line to 'False'
[0.771s] Level 5:colcon.colcon_core.verb:set package 'my_robot_description' build argument 'cmake_clean_cache' from command line to 'False'
[0.771s] Level 5:colcon.colcon_core.verb:set package 'my_robot_description' build argument 'cmake_clean_first' from command line to 'False'
[0.771s] Level 5:colcon.colcon_core.verb:set package 'my_robot_description' build argument 'cmake_force_configure' from command line to 'False'
[0.771s] Level 5:colcon.colcon_core.verb:set package 'my_robot_description' build argument 'ament_cmake_args' from command line to 'None'
[0.771s] Level 5:colcon.colcon_core.verb:set package 'my_robot_description' build argument 'catkin_cmake_args' from command line to 'None'
[0.771s] Level 5:colcon.colcon_core.verb:set package 'my_robot_description' build argument 'catkin_skip_building_tests' from command line to 'False'
[0.771s] DEBUG:colcon.colcon_core.verb:Building package 'my_robot_description' with the following arguments: {'ament_cmake_args': None, 'build_base': '/home/erum/ros2_workspace/src/build/my_robot_description', 'catkin_cmake_args': None, 'catkin_skip_building_tests': False, 'cmake_args': None, 'cmake_clean_cache': False, 'cmake_clean_first': False, 'cmake_force_configure': False, 'cmake_target': None, 'cmake_target_skip_unavailable': False, 'install_base': '/home/erum/ros2_workspace/src/install/my_robot_description', 'merge_install': False, 'path': '/home/erum/ros2_workspace/src/my_robot_description', 'symlink_install': False, 'test_result_base': None}
[0.771s] Level 5:colcon.colcon_core.verb:set package 'new_interfaces' build argument 'cmake_args' from command line to 'None'
[0.771s] Level 5:colcon.colcon_core.verb:set package 'new_interfaces' build argument 'cmake_target' from command line to 'None'
[0.771s] Level 5:colcon.colcon_core.verb:set package 'new_interfaces' build argument 'cmake_target_skip_unavailable' from command line to 'False'
[0.771s] Level 5:colcon.colcon_core.verb:set package 'new_interfaces' build argument 'cmake_clean_cache' from command line to 'False'
[0.771s] Level 5:colcon.colcon_core.verb:set package 'new_interfaces' build argument 'cmake_clean_first' from command line to 'False'
[0.771s] Level 5:colcon.colcon_core.verb:set package 'new_interfaces' build argument 'cmake_force_configure' from command line to 'False'
[0.771s] Level 5:colcon.colcon_core.verb:set package 'new_interfaces' build argument 'ament_cmake_args' from command line to 'None'
[0.771s] Level 5:colcon.colcon_core.verb:set package 'new_interfaces' build argument 'catkin_cmake_args' from command line to 'None'
[0.771s] Level 5:colcon.colcon_core.verb:set package 'new_interfaces' build argument 'catkin_skip_building_tests' from command line to 'False'
[0.771s] DEBUG:colcon.colcon_core.verb:Building package 'new_interfaces' with the following arguments: {'ament_cmake_args': None, 'build_base': '/home/erum/ros2_workspace/src/build/new_interfaces', 'catkin_cmake_args': None, 'catkin_skip_building_tests': False, 'cmake_args': None, 'cmake_clean_cache': False, 'cmake_clean_first': False, 'cmake_force_configure': False, 'cmake_target': None, 'cmake_target_skip_unavailable': False, 'install_base': '/home/erum/ros2_workspace/src/install/new_interfaces', 'merge_install': False, 'path': '/home/erum/ros2_workspace/src/new_interfaces', 'symlink_install': False, 'test_result_base': None}
[0.771s] Level 5:colcon.colcon_core.verb:set package 'rect_area_pkg' build argument 'cmake_args' from command line to 'None'
[0.771s] Level 5:colcon.colcon_core.verb:set package 'rect_area_pkg' build argument 'cmake_target' from command line to 'None'
[0.771s] Level 5:colcon.colcon_core.verb:set package 'rect_area_pkg' build argument 'cmake_target_skip_unavailable' from command line to 'False'
[0.771s] Level 5:colcon.colcon_core.verb:set package 'rect_area_pkg' build argument 'cmake_clean_cache' from command line to 'False'
[0.771s] Level 5:colcon.colcon_core.verb:set package 'rect_area_pkg' build argument 'cmake_clean_first' from command line to 'False'
[0.771s] Level 5:colcon.colcon_core.verb:set package 'rect_area_pkg' build argument 'cmake_force_configure' from command line to 'False'
[0.771s] Level 5:colcon.colcon_core.verb:set package 'rect_area_pkg' build argument 'ament_cmake_args' from command line to 'None'
[0.771s] Level 5:colcon.colcon_core.verb:set package 'rect_area_pkg' build argument 'catkin_cmake_args' from command line to 'None'
[0.771s] Level 5:colcon.colcon_core.verb:set package 'rect_area_pkg' build argument 'catkin_skip_building_tests' from command line to 'False'
[0.771s] DEBUG:colcon.colcon_core.verb:Building package 'rect_area_pkg' with the following arguments: {'ament_cmake_args': None, 'build_base': '/home/erum/ros2_workspace/src/build/rect_area_pkg', 'catkin_cmake_args': None, 'catkin_skip_building_tests': False, 'cmake_args': None, 'cmake_clean_cache': False, 'cmake_clean_first': False, 'cmake_force_configure': False, 'cmake_target': None, 'cmake_target_skip_unavailable': False, 'install_base': '/home/erum/ros2_workspace/src/install/rect_area_pkg', 'merge_install': False, 'path': '/home/erum/ros2_workspace/src/rect_area_pkg', 'symlink_install': False, 'test_result_base': None}
[0.772s] Level 5:colcon.colcon_core.verb:set package 'add_two_ints_pkg' build argument 'cmake_args' from command line to 'None'
[0.772s] Level 5:colcon.colcon_core.verb:set package 'add_two_ints_pkg' build argument 'cmake_target' from command line to 'None'
[0.772s] Level 5:colcon.colcon_core.verb:set package 'add_two_ints_pkg' build argument 'cmake_target_skip_unavailable' from command line to 'False'
[0.772s] Level 5:colcon.colcon_core.verb:set package 'add_two_ints_pkg' build argument 'cmake_clean_cache' from command line to 'False'
[0.772s] Level 5:colcon.colcon_core.verb:set package 'add_two_ints_pkg' build argument 'cmake_clean_first' from command line to 'False'
[0.772s] Level 5:colcon.colcon_core.verb:set package 'add_two_ints_pkg' build argument 'cmake_force_configure' from command line to 'False'
[0.772s] Level 5:colcon.colcon_core.verb:set package 'add_two_ints_pkg' build argument 'ament_cmake_args' from command line to 'None'
[0.772s] Level 5:colcon.colcon_core.verb:set package 'add_two_ints_pkg' build argument 'catkin_cmake_args' from command line to 'None'
[0.772s] Level 5:colcon.colcon_core.verb:set package 'add_two_ints_pkg' build argument 'catkin_skip_building_tests' from command line to 'False'
[0.772s] DEBUG:colcon.colcon_core.verb:Building package 'add_two_ints_pkg' with the following arguments: {'ament_cmake_args': None, 'build_base': '/home/erum/ros2_workspace/src/build/add_two_ints_pkg', 'catkin_cmake_args': None, 'catkin_skip_building_tests': False, 'cmake_args': None, 'cmake_clean_cache': False, 'cmake_clean_first': False, 'cmake_force_configure': False, 'cmake_target': None, 'cmake_target_skip_unavailable': False, 'install_base': '/home/erum/ros2_workspace/src/install/add_two_ints_pkg', 'merge_install': False, 'path': '/home/erum/ros2_workspace/src/add_two_ints_pkg', 'symlink_install': False, 'test_result_base': None}
[0.773s] Level 5:colcon.colcon_core.verb:set package 'my_robot_bringup' build argument 'cmake_args' from command line to 'None'
[0.773s] Level 5:colcon.colcon_core.verb:set package 'my_robot_bringup' build argument 'cmake_target' from command line to 'None'
[0.773s] Level 5:colcon.colcon_core.verb:set package 'my_robot_bringup' build argument 'cmake_target_skip_unavailable' from command line to 'False'
[0.773s] Level 5:colcon.colcon_core.verb:set package 'my_robot_bringup' build argument 'cmake_clean_cache' from command line to 'False'
[0.773s] Level 5:colcon.colcon_core.verb:set package 'my_robot_bringup' build argument 'cmake_clean_first' from command line to 'False'
[0.773s] Level 5:colcon.colcon_core.verb:set package 'my_robot_bringup' build argument 'cmake_force_configure' from command line to 'False'
[0.773s] Level 5:colcon.colcon_core.verb:set package 'my_robot_bringup' build argument 'ament_cmake_args' from command line to 'None'
[0.773s] Level 5:colcon.colcon_core.verb:set package 'my_robot_bringup' build argument 'catkin_cmake_args' from command line to 'None'
[0.773s] Level 5:colcon.colcon_core.verb:set package 'my_robot_bringup' build argument 'catkin_skip_building_tests' from command line to 'False'
[0.773s] DEBUG:colcon.colcon_core.verb:Building package 'my_robot_bringup' with the following arguments: {'ament_cmake_args': None, 'build_base': '/home/erum/ros2_workspace/src/build/my_robot_bringup', 'catkin_cmake_args': None, 'catkin_skip_building_tests': False, 'cmake_args': None, 'cmake_clean_cache': False, 'cmake_clean_first': False, 'cmake_force_configure': False, 'cmake_target': None, 'cmake_target_skip_unavailable': False, 'install_base': '/home/erum/ros2_workspace/src/install/my_robot_bringup', 'merge_install': False, 'path': '/home/erum/ros2_workspace/src/my_robot_bringup', 'symlink_install': False, 'test_result_base': None}
[0.773s] INFO:colcon.colcon_core.executor:Executing jobs using 'parallel' executor
[0.774s] DEBUG:colcon.colcon_parallel_executor.executor.parallel:run_until_complete
[0.774s] INFO:colcon.colcon_ros.task.ament_cmake.build:Building ROS package in '/home/erum/ros2_workspace/src/my_robot_description' with build type 'ament_cmake'
[0.774s] INFO:colcon.colcon_cmake.task.cmake.build:Building CMake package in '/home/erum/ros2_workspace/src/my_robot_description'
[0.788s] INFO:colcon.colcon_core.plugin_system:Skipping extension 'colcon_core.shell.bat': Not used on non-Windows systems
[0.788s] INFO:colcon.colcon_core.shell:Skip shell extension 'powershell' for command environment: Not usable outside of PowerShell
[0.788s] DEBUG:colcon.colcon_core.shell:Skip shell extension 'dsv' for command environment
[0.795s] INFO:colcon.colcon_ros.task.ament_cmake.build:Building ROS package in '/home/erum/ros2_workspace/src/new_interfaces' with build type 'ament_cmake'
[0.795s] INFO:colcon.colcon_cmake.task.cmake.build:Building CMake package in '/home/erum/ros2_workspace/src/new_interfaces'
[0.795s] INFO:colcon.colcon_core.shell:Skip shell extension 'powershell' for command environment: Not usable outside of PowerShell
[0.795s] DEBUG:colcon.colcon_core.shell:Skip shell extension 'dsv' for command environment
[0.817s] DEBUG:colcon.colcon_core.event_handler.log_command:Invoking command in '/home/erum/ros2_workspace/src/build/my_robot_description': CMAKE_PREFIX_PATH=${CMAKE_PREFIX_PATH}:/home/erum/install/my_first_pkg:/opt/ros/jazzy DEBUGINFOD_URLS=https://debuginfod.ubuntu.com /usr/bin/cmake /home/erum/ros2_workspace/src/my_robot_description -DCMAKE_INSTALL_PREFIX=/home/erum/ros2_workspace/src/install/my_robot_description
[0.839s] DEBUG:colcon.colcon_core.event_handler.log_command:Invoking command in '/home/erum/ros2_workspace/src/build/new_interfaces': CMAKE_PREFIX_PATH=${CMAKE_PREFIX_PATH}:/home/erum/install/my_first_pkg:/opt/ros/jazzy DEBUGINFOD_URLS=https://debuginfod.ubuntu.com /usr/bin/cmake /home/erum/ros2_workspace/src/new_interfaces -DCMAKE_INSTALL_PREFIX=/home/erum/ros2_workspace/src/install/new_interfaces
[3.145s] DEBUG:colcon.colcon_core.event_handler.log_command:Invoked command in '/home/erum/ros2_workspace/src/build/my_robot_description' returned '0': CMAKE_PREFIX_PATH=${CMAKE_PREFIX_PATH}:/home/erum/install/my_first_pkg:/opt/ros/jazzy DEBUGINFOD_URLS=https://debuginfod.ubuntu.com /usr/bin/cmake /home/erum/ros2_workspace/src/my_robot_description -DCMAKE_INSTALL_PREFIX=/home/erum/ros2_workspace/src/install/my_robot_description
[3.147s] DEBUG:colcon.colcon_core.event_handler.log_command:Invoking command in '/home/erum/ros2_workspace/src/build/my_robot_description': CMAKE_PREFIX_PATH=${CMAKE_PREFIX_PATH}:/home/erum/install/my_first_pkg:/opt/ros/jazzy DEBUGINFOD_URLS=https://debuginfod.ubuntu.com /usr/bin/cmake --build /home/erum/ros2_workspace/src/build/my_robot_description -- -j2 -l2
[3.228s] DEBUG:colcon.colcon_core.event_handler.log_command:Invoked command in '/home/erum/ros2_workspace/src/build/my_robot_description' returned '0': CMAKE_PREFIX_PATH=${CMAKE_PREFIX_PATH}:/home/erum/install/my_first_pkg:/opt/ros/jazzy DEBUGINFOD_URLS=https://debuginfod.ubuntu.com /usr/bin/cmake --build /home/erum/ros2_workspace/src/build/my_robot_description -- -j2 -l2
[3.256s] DEBUG:colcon.colcon_core.event_handler.log_command:Invoking command in '/home/erum/ros2_workspace/src/build/my_robot_description': CMAKE_PREFIX_PATH=${CMAKE_PREFIX_PATH}:/home/erum/install/my_first_pkg:/opt/ros/jazzy DEBUGINFOD_URLS=https://debuginfod.ubuntu.com /usr/bin/cmake --install /home/erum/ros2_workspace/src/build/my_robot_description
[3.322s] Level 1:colcon.colcon_core.environment:create_environment_scripts_only(my_robot_description)
[3.322s] DEBUG:colcon.colcon_core.event_handler.log_command:Invoked command in '/home/erum/ros2_workspace/src/build/my_robot_description' returned '0': CMAKE_PREFIX_PATH=${CMAKE_PREFIX_PATH}:/home/erum/install/my_first_pkg:/opt/ros/jazzy DEBUGINFOD_URLS=https://debuginfod.ubuntu.com /usr/bin/cmake --install /home/erum/ros2_workspace/src/build/my_robot_description
[3.334s] Level 1:colcon.colcon_core.environment:checking '/home/erum/ros2_workspace/src/install/my_robot_description' for CMake module files
[3.335s] Level 1:colcon.colcon_core.environment:checking '/home/erum/ros2_workspace/src/install/my_robot_description' for CMake config files
[3.335s] Level 1:colcon.colcon_core.shell:create_environment_hook('my_robot_description', 'cmake_prefix_path')
[3.337s] INFO:colcon.colcon_core.shell:Creating environment hook '/home/erum/ros2_workspace/src/install/my_robot_description/share/my_robot_description/hook/cmake_prefix_path.ps1'
[3.340s] INFO:colcon.colcon_core.shell:Creating environment descriptor '/home/erum/ros2_workspace/src/install/my_robot_description/share/my_robot_description/hook/cmake_prefix_path.dsv'
[3.341s] INFO:colcon.colcon_core.shell:Creating environment hook '/home/erum/ros2_workspace/src/install/my_robot_description/share/my_robot_description/hook/cmake_prefix_path.sh'
[3.342s] Level 1:colcon.colcon_core.environment:checking '/home/erum/ros2_workspace/src/install/my_robot_description/bin'
[3.342s] Level 1:colcon.colcon_core.environment:checking '/home/erum/ros2_workspace/src/install/my_robot_description/lib/pkgconfig/my_robot_description.pc'
[3.342s] Level 1:colcon.colcon_core.environment:checking '/home/erum/ros2_workspace/src/install/my_robot_description/lib/python3.12/site-packages'
[3.342s] Level 1:colcon.colcon_core.environment:checking '/home/erum/ros2_workspace/src/install/my_robot_description/bin'
[3.345s] INFO:colcon.colcon_core.shell:Creating package script '/home/erum/ros2_workspace/src/install/my_robot_description/share/my_robot_description/package.ps1'
[3.346s] INFO:colcon.colcon_core.shell:Creating package descriptor '/home/erum/ros2_workspace/src/install/my_robot_description/share/my_robot_description/package.dsv'
[3.348s] INFO:colcon.colcon_core.shell:Creating package script '/home/erum/ros2_workspace/src/install/my_robot_description/share/my_robot_description/package.sh'
[3.350s] INFO:colcon.colcon_core.shell:Creating package script '/home/erum/ros2_workspace/src/install/my_robot_description/share/my_robot_description/package.bash'
[3.351s] INFO:colcon.colcon_core.shell:Creating package script '/home/erum/ros2_workspace/src/install/my_robot_description/share/my_robot_description/package.zsh'
[3.355s] Level 1:colcon.colcon_core.environment:create_file_with_runtime_dependencies(/home/erum/ros2_workspace/src/install/my_robot_description/share/colcon-core/packages/my_robot_description)
[3.358s] Level 1:colcon.colcon_core.environment:create_environment_scripts_only(my_robot_description)
[3.358s] Level 1:colcon.colcon_core.environment:checking '/home/erum/ros2_workspace/src/install/my_robot_description' for CMake module files
[3.359s] Level 1:colcon.colcon_core.environment:checking '/home/erum/ros2_workspace/src/install/my_robot_description' for CMake config files
[3.359s] Level 1:colcon.colcon_core.shell:create_environment_hook('my_robot_description', 'cmake_prefix_path')
[3.359s] INFO:colcon.colcon_core.shell:Creating environment hook '/home/erum/ros2_workspace/src/install/my_robot_description/share/my_robot_description/hook/cmake_prefix_path.ps1'
[3.360s] INFO:colcon.colcon_core.shell:Creating environment descriptor '/home/erum/ros2_workspace/src/install/my_robot_description/share/my_robot_description/hook/cmake_prefix_path.dsv'
[3.360s] INFO:colcon.colcon_core.shell:Creating environment hook '/home/erum/ros2_workspace/src/install/my_robot_description/share/my_robot_description/hook/cmake_prefix_path.sh'
[3.362s] Level 1:colcon.colcon_core.environment:checking '/home/erum/ros2_workspace/src/install/my_robot_description/bin'
[3.362s] Level 1:colcon.colcon_core.environment:checking '/home/erum/ros2_workspace/src/install/my_robot_description/lib/pkgconfig/my_robot_description.pc'
[3.363s] Level 1:colcon.colcon_core.environment:checking '/home/erum/ros2_workspace/src/install/my_robot_description/lib/python3.12/site-packages'
[3.363s] Level 1:colcon.colcon_core.environment:checking '/home/erum/ros2_workspace/src/install/my_robot_description/bin'
[3.363s] INFO:colcon.colcon_core.shell:Creating package script '/home/erum/ros2_workspace/src/install/my_robot_description/share/my_robot_description/package.ps1'
[3.364s] INFO:colcon.colcon_core.shell:Creating package descriptor '/home/erum/ros2_workspace/src/install/my_robot_description/share/my_robot_description/package.dsv'
[3.366s] INFO:colcon.colcon_core.shell:Creating package script '/home/erum/ros2_workspace/src/install/my_robot_description/share/my_robot_description/package.sh'
[3.367s] INFO:colcon.colcon_core.shell:Creating package script '/home/erum/ros2_workspace/src/install/my_robot_description/share/my_robot_description/package.bash'
[3.367s] INFO:colcon.colcon_core.shell:Creating package script '/home/erum/ros2_workspace/src/install/my_robot_description/share/my_robot_description/package.zsh'
[3.370s] Level 1:colcon.colcon_core.environment:create_file_with_runtime_dependencies(/home/erum/ros2_workspace/src/install/my_robot_description/share/colcon-core/packages/my_robot_description)
[3.370s] INFO:colcon.colcon_ros.task.ament_python.build:Building ROS package in '/home/erum/ros2_workspace/src/Erum_pde4430' with build type 'ament_python'
[3.371s] Level 1:colcon.colcon_core.shell:create_environment_hook('Erum_pde4430', 'ament_prefix_path')
[3.371s] INFO:colcon.colcon_core.shell:Creating environment hook '/home/erum/ros2_workspace/src/install/Erum_pde4430/share/Erum_pde4430/hook/ament_prefix_path.ps1'
[3.371s] INFO:colcon.colcon_core.shell:Creating environment descriptor '/home/erum/ros2_workspace/src/install/Erum_pde4430/share/Erum_pde4430/hook/ament_prefix_path.dsv'
[3.371s] INFO:colcon.colcon_core.shell:Creating environment hook '/home/erum/ros2_workspace/src/install/Erum_pde4430/share/Erum_pde4430/hook/ament_prefix_path.sh'
[3.373s] INFO:colcon.colcon_core.shell:Skip shell extension 'powershell' for command environment: Not usable outside of PowerShell
[3.373s] DEBUG:colcon.colcon_core.shell:Skip shell extension 'dsv' for command environment
[3.723s] INFO:colcon.colcon_core.task.python.build:Building Python package in '/home/erum/ros2_workspace/src/Erum_pde4430'
[3.724s] INFO:colcon.colcon_core.shell:Skip shell extension 'powershell' for command environment: Not usable outside of PowerShell
[3.724s] DEBUG:colcon.colcon_core.shell:Skip shell extension 'dsv' for command environment
[6.056s] DEBUG:colcon.colcon_core.event_handler.log_command:Invoking command in '/home/erum/ros2_workspace/src/Erum_pde4430': DEBUGINFOD_URLS=https://debuginfod.ubuntu.com PYTHONPATH=/home/erum/ros2_workspace/src/build/Erum_pde4430/prefix_override:/usr/lib/python3/dist-packages/colcon_core/task/python/colcon_distutils_commands:/home/erum/ros2_workspace/src/install/Erum_pde4430/lib/python3.12/site-packages:${PYTHONPATH} /usr/bin/python3 -W ignore:setup.py install is deprecated -W ignore:easy_install command is deprecated setup.py egg_info --egg-base ../build/Erum_pde4430 build --build-base /home/erum/ros2_workspace/src/build/Erum_pde4430/build install --record /home/erum/ros2_workspace/src/build/Erum_pde4430/install.log --single-version-externally-managed install_data
[6.942s] Level 1:colcon.colcon_core.environment:checking '/home/erum/ros2_workspace/src/install/Erum_pde4430' for CMake module files
[6.943s] DEBUG:colcon.colcon_core.event_handler.log_command:Invoked command in '/home/erum/ros2_workspace/src/Erum_pde4430' returned '0': DEBUGINFOD_URLS=https://debuginfod.ubuntu.com PYTHONPATH=/home/erum/ros2_workspace/src/build/Erum_pde4430/prefix_override:/usr/lib/python3/dist-packages/colcon_core/task/python/colcon_distutils_commands:/home/erum/ros2_workspace/src/install/Erum_pde4430/lib/python3.12/site-packages:${PYTHONPATH} /usr/bin/python3 -W ignore:setup.py install is deprecated -W ignore:easy_install command is deprecated setup.py egg_info --egg-base ../build/Erum_pde4430 build --build-base /home/erum/ros2_workspace/src/build/Erum_pde4430/build install --record /home/erum/ros2_workspace/src/build/Erum_pde4430/install.log --single-version-externally-managed install_data
[6.945s] Level 1:colcon.colcon_core.environment:checking '/home/erum/ros2_workspace/src/install/Erum_pde4430' for CMake config files
[6.946s] Level 1:colcon.colcon_core.environment:checking '/home/erum/ros2_workspace/src/install/Erum_pde4430/lib'
[6.946s] Level 1:colcon.colcon_core.environment:checking '/home/erum/ros2_workspace/src/install/Erum_pde4430/bin'
[6.946s] Level 1:colcon.colcon_core.environment:checking '/home/erum/ros2_workspace/src/install/Erum_pde4430/lib/pkgconfig/Erum_pde4430.pc'
[6.946s] Level 1:colcon.colcon_core.environment:checking '/home/erum/ros2_workspace/src/install/Erum_pde4430/lib/python3.12/site-packages'
[6.946s] Level 1:colcon.colcon_core.shell:create_environment_hook('Erum_pde4430', 'pythonpath')
[6.946s] INFO:colcon.colcon_core.shell:Creating environment hook '/home/erum/ros2_workspace/src/install/Erum_pde4430/share/Erum_pde4430/hook/pythonpath.ps1'
[6.947s] INFO:colcon.colcon_core.shell:Creating environment descriptor '/home/erum/ros2_workspace/src/install/Erum_pde4430/share/Erum_pde4430/hook/pythonpath.dsv'
[6.947s] INFO:colcon.colcon_core.shell:Creating environment hook '/home/erum/ros2_workspace/src/install/Erum_pde4430/share/Erum_pde4430/hook/pythonpath.sh'
[6.948s] Level 1:colcon.colcon_core.environment:checking '/home/erum/ros2_workspace/src/install/Erum_pde4430/bin'
[6.948s] Level 1:colcon.colcon_core.environment:create_environment_scripts_only(Erum_pde4430)
[6.948s] INFO:colcon.colcon_core.shell:Creating package script '/home/erum/ros2_workspace/src/install/Erum_pde4430/share/Erum_pde4430/package.ps1'
[6.948s] INFO:colcon.colcon_core.shell:Creating package descriptor '/home/erum/ros2_workspace/src/install/Erum_pde4430/share/Erum_pde4430/package.dsv'
[6.949s] INFO:colcon.colcon_core.shell:Creating package script '/home/erum/ros2_workspace/src/install/Erum_pde4430/share/Erum_pde4430/package.sh'
[6.949s] INFO:colcon.colcon_core.shell:Creating package script '/home/erum/ros2_workspace/src/install/Erum_pde4430/share/Erum_pde4430/package.bash'
[6.949s] INFO:colcon.colcon_core.shell:Creating package script '/home/erum/ros2_workspace/src/install/Erum_pde4430/share/Erum_pde4430/package.zsh'
[6.950s] Level 1:colcon.colcon_core.environment:create_file_with_runtime_dependencies(/home/erum/ros2_workspace/src/install/Erum_pde4430/share/colcon-core/packages/Erum_pde4430)
[6.950s] INFO:colcon.colcon_ros.task.ament_cmake.build:Building ROS package in '/home/erum/ros2_workspace/src/gazebo_differential_drive_robot-main' with build type 'ament_cmake'
[6.950s] INFO:colcon.colcon_cmake.task.cmake.build:Building CMake package in '/home/erum/ros2_workspace/src/gazebo_differential_drive_robot-main'
[6.950s] INFO:colcon.colcon_core.shell:Skip shell extension 'powershell' for command environment: Not usable outside of PowerShell
[6.950s] DEBUG:colcon.colcon_core.shell:Skip shell extension 'dsv' for command environment
[6.970s] DEBUG:colcon.colcon_core.event_handler.log_command:Invoking command in '/home/erum/ros2_workspace/src/build/gazebo_differential_drive_robot': CMAKE_PREFIX_PATH=${CMAKE_PREFIX_PATH}:/home/erum/install/my_first_pkg:/opt/ros/jazzy DEBUGINFOD_URLS=https://debuginfod.ubuntu.com /usr/bin/cmake /home/erum/ros2_workspace/src/gazebo_differential_drive_robot-main -DCMAKE_INSTALL_PREFIX=/home/erum/ros2_workspace/src/install/gazebo_differential_drive_robot
[8.704s] DEBUG:colcon.colcon_core.event_handler.log_command:Invoked command in '/home/erum/ros2_workspace/src/build/gazebo_differential_drive_robot' returned '0': CMAKE_PREFIX_PATH=${CMAKE_PREFIX_PATH}:/home/erum/install/my_first_pkg:/opt/ros/jazzy DEBUGINFOD_URLS=https://debuginfod.ubuntu.com /usr/bin/cmake /home/erum/ros2_workspace/src/gazebo_differential_drive_robot-main -DCMAKE_INSTALL_PREFIX=/home/erum/ros2_workspace/src/install/gazebo_differential_drive_robot
[8.705s] DEBUG:colcon.colcon_core.event_handler.log_command:Invoking command in '/home/erum/ros2_workspace/src/build/gazebo_differential_drive_robot': CMAKE_PREFIX_PATH=${CMAKE_PREFIX_PATH}:/home/erum/install/my_first_pkg:/opt/ros/jazzy DEBUGINFOD_URLS=https://debuginfod.ubuntu.com /usr/bin/cmake --build /home/erum/ros2_workspace/src/build/gazebo_differential_drive_robot -- -j2 -l2
[8.798s] DEBUG:colcon.colcon_core.event_handler.log_command:Invoked command in '/home/erum/ros2_workspace/src/build/gazebo_differential_drive_robot' returned '0': CMAKE_PREFIX_PATH=${CMAKE_PREFIX_PATH}:/home/erum/install/my_first_pkg:/opt/ros/jazzy DEBUGINFOD_URLS=https://debuginfod.ubuntu.com /usr/bin/cmake --build /home/erum/ros2_workspace/src/build/gazebo_differential_drive_robot -- -j2 -l2
[8.802s] DEBUG:colcon.colcon_core.event_handler.log_command:Invoking command in '/home/erum/ros2_workspace/src/build/gazebo_differential_drive_robot': CMAKE_PREFIX_PATH=${CMAKE_PREFIX_PATH}:/home/erum/install/my_first_pkg:/opt/ros/jazzy DEBUGINFOD_URLS=https://debuginfod.ubuntu.com /usr/bin/cmake --install /home/erum/ros2_workspace/src/build/gazebo_differential_drive_robot
[8.832s] Level 1:colcon.colcon_core.environment:create_environment_scripts_only(gazebo_differential_drive_robot)
[8.832s] Level 1:colcon.colcon_core.environment:checking '/home/erum/ros2_workspace/src/install/gazebo_differential_drive_robot' for CMake module files
[8.833s] Level 1:colcon.colcon_core.environment:checking '/home/erum/ros2_workspace/src/install/gazebo_differential_drive_robot' for CMake config files
[8.833s] Level 1:colcon.colcon_core.shell:create_environment_hook('gazebo_differential_drive_robot', 'cmake_prefix_path')
[8.833s] INFO:colcon.colcon_core.shell:Creating environment hook '/home/erum/ros2_workspace/src/install/gazebo_differential_drive_robot/share/gazebo_differential_drive_robot/hook/cmake_prefix_path.ps1'
[8.833s] INFO:colcon.colcon_core.shell:Creating environment descriptor '/home/erum/ros2_workspace/src/install/gazebo_differential_drive_robot/share/gazebo_differential_drive_robot/hook/cmake_prefix_path.dsv'
[8.833s] INFO:colcon.colcon_core.shell:Creating environment hook '/home/erum/ros2_workspace/src/install/gazebo_differential_drive_robot/share/gazebo_differential_drive_robot/hook/cmake_prefix_path.sh'
[8.834s] DEBUG:colcon.colcon_core.event_handler.log_command:Invoked command in '/home/erum/ros2_workspace/src/build/gazebo_differential_drive_robot' returned '0': CMAKE_PREFIX_PATH=${CMAKE_PREFIX_PATH}:/home/erum/install/my_first_pkg:/opt/ros/jazzy DEBUGINFOD_URLS=https://debuginfod.ubuntu.com /usr/bin/cmake --install /home/erum/ros2_workspace/src/build/gazebo_differential_drive_robot
[8.839s] Level 1:colcon.colcon_core.environment:checking '/home/erum/ros2_workspace/src/install/gazebo_differential_drive_robot/bin'
[8.839s] Level 1:colcon.colcon_core.environment:checking '/home/erum/ros2_workspace/src/install/gazebo_differential_drive_robot/lib/pkgconfig/gazebo_differential_drive_robot.pc'
[8.839s] Level 1:colcon.colcon_core.environment:checking '/home/erum/ros2_workspace/src/install/gazebo_differential_drive_robot/lib/python3.12/site-packages'
[8.839s] Level 1:colcon.colcon_core.environment:checking '/home/erum/ros2_workspace/src/install/gazebo_differential_drive_robot/bin'
[8.840s] INFO:colcon.colcon_core.shell:Creating package script '/home/erum/ros2_workspace/src/install/gazebo_differential_drive_robot/share/gazebo_differential_drive_robot/package.ps1'
[8.840s] INFO:colcon.colcon_core.shell:Creating package descriptor '/home/erum/ros2_workspace/src/install/gazebo_differential_drive_robot/share/gazebo_differential_drive_robot/package.dsv'
[8.840s] INFO:colcon.colcon_core.shell:Creating package script '/home/erum/ros2_workspace/src/install/gazebo_differential_drive_robot/share/gazebo_differential_drive_robot/package.sh'
[8.843s] INFO:colcon.colcon_core.shell:Creating package script '/home/erum/ros2_workspace/src/install/gazebo_differential_drive_robot/share/gazebo_differential_drive_robot/package.bash'
[8.845s] INFO:colcon.colcon_core.shell:Creating package script '/home/erum/ros2_workspace/src/install/gazebo_differential_drive_robot/share/gazebo_differential_drive_robot/package.zsh'
[8.845s] Level 1:colcon.colcon_core.environment:create_file_with_runtime_dependencies(/home/erum/ros2_workspace/src/install/gazebo_differential_drive_robot/share/colcon-core/packages/gazebo_differential_drive_robot)
[8.845s] Level 1:colcon.colcon_core.environment:create_environment_scripts_only(gazebo_differential_drive_robot)
[8.846s] Level 1:colcon.colcon_core.environment:checking '/home/erum/ros2_workspace/src/install/gazebo_differential_drive_robot' for CMake module files
[8.848s] Level 1:colcon.colcon_core.environment:checking '/home/erum/ros2_workspace/src/install/gazebo_differential_drive_robot' for CMake config files
[8.848s] Level 1:colcon.colcon_core.shell:create_environment_hook('gazebo_differential_drive_robot', 'cmake_prefix_path')
[8.848s] INFO:colcon.colcon_core.shell:Creating environment hook '/home/erum/ros2_workspace/src/install/gazebo_differential_drive_robot/share/gazebo_differential_drive_robot/hook/cmake_prefix_path.ps1'
[8.849s] INFO:colcon.colcon_core.shell:Creating environment descriptor '/home/erum/ros2_workspace/src/install/gazebo_differential_drive_robot/share/gazebo_differential_drive_robot/hook/cmake_prefix_path.dsv'
[8.849s] INFO:colcon.colcon_core.shell:Creating environment hook '/home/erum/ros2_workspace/src/install/gazebo_differential_drive_robot/share/gazebo_differential_drive_robot/hook/cmake_prefix_path.sh'
[8.853s] Level 1:colcon.colcon_core.environment:checking '/home/erum/ros2_workspace/src/install/gazebo_differential_drive_robot/bin'
[8.853s] Level 1:colcon.colcon_core.environment:checking '/home/erum/ros2_workspace/src/install/gazebo_differential_drive_robot/lib/pkgconfig/gazebo_differential_drive_robot.pc'
[8.853s] Level 1:colcon.colcon_core.environment:checking '/home/erum/ros2_workspace/src/install/gazebo_differential_drive_robot/lib/python3.12/site-packages'
[8.853s] Level 1:colcon.colcon_core.environment:checking '/home/erum/ros2_workspace/src/install/gazebo_differential_drive_robot/bin'
[8.853s] INFO:colcon.colcon_core.shell:Creating package script '/home/erum/ros2_workspace/src/install/gazebo_differential_drive_robot/share/gazebo_differential_drive_robot/package.ps1'
[8.854s] INFO:colcon.colcon_core.shell:Creating package descriptor '/home/erum/ros2_workspace/src/install/gazebo_differential_drive_robot/share/gazebo_differential_drive_robot/package.dsv'
[8.858s] INFO:colcon.colcon_core.shell:Creating package script '/home/erum/ros2_workspace/src/install/gazebo_differential_drive_robot/share/gazebo_differential_drive_robot/package.sh'
[8.860s] INFO:colcon.colcon_core.shell:Creating package script '/home/erum/ros2_workspace/src/install/gazebo_differential_drive_robot/share/gazebo_differential_drive_robot/package.bash'
[8.861s] INFO:colcon.colcon_core.shell:Creating package script '/home/erum/ros2_workspace/src/install/gazebo_differential_drive_robot/share/gazebo_differential_drive_robot/package.zsh'
[8.862s] Level 1:colcon.colcon_core.environment:create_file_with_runtime_dependencies(/home/erum/ros2_workspace/src/install/gazebo_differential_drive_robot/share/colcon-core/packages/gazebo_differential_drive_robot)
[8.864s] INFO:colcon.colcon_ros.task.ament_python.build:Building ROS package in '/home/erum/ros2_workspace/src/my_first_pkg' with build type 'ament_python'
[8.865s] Level 1:colcon.colcon_core.shell:create_environment_hook('my_first_pkg', 'ament_prefix_path')
[8.865s] INFO:colcon.colcon_core.shell:Creating environment hook '/home/erum/ros2_workspace/src/install/my_first_pkg/share/my_first_pkg/hook/ament_prefix_path.ps1'
[8.865s] INFO:colcon.colcon_core.shell:Creating environment descriptor '/home/erum/ros2_workspace/src/install/my_first_pkg/share/my_first_pkg/hook/ament_prefix_path.dsv'
[8.866s] INFO:colcon.colcon_core.shell:Creating environment hook '/home/erum/ros2_workspace/src/install/my_first_pkg/share/my_first_pkg/hook/ament_prefix_path.sh'
[8.866s] INFO:colcon.colcon_core.shell:Skip shell extension 'powershell' for command environment: Not usable outside of PowerShell
[8.866s] DEBUG:colcon.colcon_core.shell:Skip shell extension 'dsv' for command environment
[9.233s] INFO:colcon.colcon_core.task.python.build:Building Python package in '/home/erum/ros2_workspace/src/my_first_pkg'
[9.234s] INFO:colcon.colcon_core.shell:Skip shell extension 'powershell' for command environment: Not usable outside of PowerShell
[9.234s] DEBUG:colcon.colcon_core.shell:Skip shell extension 'dsv' for command environment
[9.984s] DEBUG:colcon.colcon_core.event_handler.log_command:Invoked command in '/home/erum/ros2_workspace/src/build/new_interfaces' returned '0': CMAKE_PREFIX_PATH=${CMAKE_PREFIX_PATH}:/home/erum/install/my_first_pkg:/opt/ros/jazzy DEBUGINFOD_URLS=https://debuginfod.ubuntu.com /usr/bin/cmake /home/erum/ros2_workspace/src/new_interfaces -DCMAKE_INSTALL_PREFIX=/home/erum/ros2_workspace/src/install/new_interfaces
[9.985s] DEBUG:colcon.colcon_core.event_handler.log_command:Invoking command in '/home/erum/ros2_workspace/src/build/new_interfaces': CMAKE_PREFIX_PATH=${CMAKE_PREFIX_PATH}:/home/erum/install/my_first_pkg:/opt/ros/jazzy DEBUGINFOD_URLS=https://debuginfod.ubuntu.com /usr/bin/cmake --build /home/erum/ros2_workspace/src/build/new_interfaces -- -j2 -l2
[10.805s] DEBUG:colcon.colcon_core.event_handler.log_command:Invoking command in '/home/erum/ros2_workspace/src/my_first_pkg': DEBUGINFOD_URLS=https://debuginfod.ubuntu.com PYTHONPATH=/home/erum/ros2_workspace/src/build/my_first_pkg/prefix_override:/usr/lib/python3/dist-packages/colcon_core/task/python/colcon_distutils_commands:/home/erum/ros2_workspace/src/install/my_first_pkg/lib/python3.12/site-packages:${PYTHONPATH} /usr/bin/python3 -W ignore:setup.py install is deprecated -W ignore:easy_install command is deprecated setup.py egg_info --egg-base ../build/my_first_pkg build --build-base /home/erum/ros2_workspace/src/build/my_first_pkg/build install --record /home/erum/ros2_workspace/src/build/my_first_pkg/install.log --single-version-externally-managed install_data
[12.971s] Level 1:colcon.colcon_core.environment:checking '/home/erum/ros2_workspace/src/install/my_first_pkg' for CMake module files
[12.971s] Level 1:colcon.colcon_core.environment:checking '/home/erum/ros2_workspace/src/install/my_first_pkg' for CMake config files
[12.971s] Level 1:colcon.colcon_core.environment:checking '/home/erum/ros2_workspace/src/install/my_first_pkg/lib'
[12.971s] Level 1:colcon.colcon_core.environment:checking '/home/erum/ros2_workspace/src/install/my_first_pkg/bin'
[12.972s] Level 1:colcon.colcon_core.environment:checking '/home/erum/ros2_workspace/src/install/my_first_pkg/lib/pkgconfig/my_first_pkg.pc'
[12.974s] Level 1:colcon.colcon_core.environment:checking '/home/erum/ros2_workspace/src/install/my_first_pkg/lib/python3.12/site-packages'
[12.974s] DEBUG:colcon.colcon_core.event_handler.log_command:Invoked command in '/home/erum/ros2_workspace/src/my_first_pkg' returned '0': DEBUGINFOD_URLS=https://debuginfod.ubuntu.com PYTHONPATH=/home/erum/ros2_workspace/src/build/my_first_pkg/prefix_override:/usr/lib/python3/dist-packages/colcon_core/task/python/colcon_distutils_commands:/home/erum/ros2_workspace/src/install/my_first_pkg/lib/python3.12/site-packages:${PYTHONPATH} /usr/bin/python3 -W ignore:setup.py install is deprecated -W ignore:easy_install command is deprecated setup.py egg_info --egg-base ../build/my_first_pkg build --build-base /home/erum/ros2_workspace/src/build/my_first_pkg/build install --record /home/erum/ros2_workspace/src/build/my_first_pkg/install.log --single-version-externally-managed install_data
[12.974s] Level 1:colcon.colcon_core.shell:create_environment_hook('my_first_pkg', 'pythonpath')
[12.974s] INFO:colcon.colcon_core.shell:Creating environment hook '/home/erum/ros2_workspace/src/install/my_first_pkg/share/my_first_pkg/hook/pythonpath.ps1'
[12.975s] INFO:colcon.colcon_core.shell:Creating environment descriptor '/home/erum/ros2_workspace/src/install/my_first_pkg/share/my_first_pkg/hook/pythonpath.dsv'
[12.975s] INFO:colcon.colcon_core.shell:Creating environment hook '/home/erum/ros2_workspace/src/install/my_first_pkg/share/my_first_pkg/hook/pythonpath.sh'
[12.975s] Level 1:colcon.colcon_core.environment:checking '/home/erum/ros2_workspace/src/install/my_first_pkg/bin'
[12.975s] Level 1:colcon.colcon_core.environment:create_environment_scripts_only(my_first_pkg)
[12.978s] INFO:colcon.colcon_core.shell:Creating package script '/home/erum/ros2_workspace/src/install/my_first_pkg/share/my_first_pkg/package.ps1'
[12.979s] INFO:colcon.colcon_core.shell:Creating package descriptor '/home/erum/ros2_workspace/src/install/my_first_pkg/share/my_first_pkg/package.dsv'
[12.986s] INFO:colcon.colcon_core.shell:Creating package script '/home/erum/ros2_workspace/src/install/my_first_pkg/share/my_first_pkg/package.sh'
[12.987s] INFO:colcon.colcon_core.shell:Creating package script '/home/erum/ros2_workspace/src/install/my_first_pkg/share/my_first_pkg/package.bash'
[12.987s] INFO:colcon.colcon_core.shell:Creating package script '/home/erum/ros2_workspace/src/install/my_first_pkg/share/my_first_pkg/package.zsh'
[12.987s] Level 1:colcon.colcon_core.environment:create_file_with_runtime_dependencies(/home/erum/ros2_workspace/src/install/my_first_pkg/share/colcon-core/packages/my_first_pkg)
[12.988s] INFO:colcon.colcon_ros.task.ament_python.build:Building ROS package in '/home/erum/ros2_workspace/src/rect_area_pkg' with build type 'ament_python'
[12.995s] Level 1:colcon.colcon_core.shell:create_environment_hook('rect_area_pkg', 'ament_prefix_path')
[12.995s] INFO:colcon.colcon_core.shell:Creating environment hook '/home/erum/ros2_workspace/src/install/rect_area_pkg/share/rect_area_pkg/hook/ament_prefix_path.ps1'
[12.996s] INFO:colcon.colcon_core.shell:Creating environment descriptor '/home/erum/ros2_workspace/src/install/rect_area_pkg/share/rect_area_pkg/hook/ament_prefix_path.dsv'
[12.997s] INFO:colcon.colcon_core.shell:Creating environment hook '/home/erum/ros2_workspace/src/install/rect_area_pkg/share/rect_area_pkg/hook/ament_prefix_path.sh'
[12.999s] INFO:colcon.colcon_core.shell:Skip shell extension 'powershell' for command environment: Not usable outside of PowerShell
[12.999s] DEBUG:colcon.colcon_core.shell:Skip shell extension 'dsv' for command environment
[14.075s] INFO:colcon.colcon_core.task.python.build:Building Python package in '/home/erum/ros2_workspace/src/rect_area_pkg'
[14.076s] INFO:colcon.colcon_core.shell:Skip shell extension 'powershell' for command environment: Not usable outside of PowerShell
[14.076s] DEBUG:colcon.colcon_core.shell:Skip shell extension 'dsv' for command environment
[15.628s] DEBUG:colcon.colcon_core.event_handler.log_command:Invoking command in '/home/erum/ros2_workspace/src/rect_area_pkg': DEBUGINFOD_URLS=https://debuginfod.ubuntu.com PYTHONPATH=/home/erum/ros2_workspace/src/build/rect_area_pkg/prefix_override:/usr/lib/python3/dist-packages/colcon_core/task/python/colcon_distutils_commands:/home/erum/ros2_workspace/src/install/rect_area_pkg/lib/python3.12/site-packages:${PYTHONPATH} /usr/bin/python3 -W ignore:setup.py install is deprecated -W ignore:easy_install command is deprecated setup.py egg_info --egg-base ../build/rect_area_pkg build --build-base /home/erum/ros2_workspace/src/build/rect_area_pkg/build install --record /home/erum/ros2_workspace/src/build/rect_area_pkg/install.log --single-version-externally-managed install_data
[16.590s] Level 1:colcon.colcon_core.environment:checking '/home/erum/ros2_workspace/src/install/rect_area_pkg' for CMake module files
[16.591s] DEBUG:colcon.colcon_core.event_handler.log_command:Invoked command in '/home/erum/ros2_workspace/src/rect_area_pkg' returned '0': DEBUGINFOD_URLS=https://debuginfod.ubuntu.com PYTHONPATH=/home/erum/ros2_workspace/src/build/rect_area_pkg/prefix_override:/usr/lib/python3/dist-packages/colcon_core/task/python/colcon_distutils_commands:/home/erum/ros2_workspace/src/install/rect_area_pkg/lib/python3.12/site-packages:${PYTHONPATH} /usr/bin/python3 -W ignore:setup.py install is deprecated -W ignore:easy_install command is deprecated setup.py egg_info --egg-base ../build/rect_area_pkg build --build-base /home/erum/ros2_workspace/src/build/rect_area_pkg/build install --record /home/erum/ros2_workspace/src/build/rect_area_pkg/install.log --single-version-externally-managed install_data
[16.593s] Level 1:colcon.colcon_core.environment:checking '/home/erum/ros2_workspace/src/install/rect_area_pkg' for CMake config files
[16.593s] Level 1:colcon.colcon_core.environment:checking '/home/erum/ros2_workspace/src/install/rect_area_pkg/lib'
[16.593s] Level 1:colcon.colcon_core.environment:checking '/home/erum/ros2_workspace/src/install/rect_area_pkg/bin'
[16.593s] Level 1:colcon.colcon_core.environment:checking '/home/erum/ros2_workspace/src/install/rect_area_pkg/lib/pkgconfig/rect_area_pkg.pc'
[16.594s] Level 1:colcon.colcon_core.environment:checking '/home/erum/ros2_workspace/src/install/rect_area_pkg/lib/python3.12/site-packages'
[16.594s] Level 1:colcon.colcon_core.shell:create_environment_hook('rect_area_pkg', 'pythonpath')
[16.595s] INFO:colcon.colcon_core.shell:Creating environment hook '/home/erum/ros2_workspace/src/install/rect_area_pkg/share/rect_area_pkg/hook/pythonpath.ps1'
[16.595s] INFO:colcon.colcon_core.shell:Creating environment descriptor '/home/erum/ros2_workspace/src/install/rect_area_pkg/share/rect_area_pkg/hook/pythonpath.dsv'
[16.596s] INFO:colcon.colcon_core.shell:Creating environment hook '/home/erum/ros2_workspace/src/install/rect_area_pkg/share/rect_area_pkg/hook/pythonpath.sh'
[16.596s] Level 1:colcon.colcon_core.environment:checking '/home/erum/ros2_workspace/src/install/rect_area_pkg/bin'
[16.596s] Level 1:colcon.colcon_core.environment:create_environment_scripts_only(rect_area_pkg)
[16.597s] INFO:colcon.colcon_core.shell:Creating package script '/home/erum/ros2_workspace/src/install/rect_area_pkg/share/rect_area_pkg/package.ps1'
[16.597s] INFO:colcon.colcon_core.shell:Creating package descriptor '/home/erum/ros2_workspace/src/install/rect_area_pkg/share/rect_area_pkg/package.dsv'
[16.599s] INFO:colcon.colcon_core.shell:Creating package script '/home/erum/ros2_workspace/src/install/rect_area_pkg/share/rect_area_pkg/package.sh'
[16.599s] INFO:colcon.colcon_core.shell:Creating package script '/home/erum/ros2_workspace/src/install/rect_area_pkg/share/rect_area_pkg/package.bash'
[16.599s] INFO:colcon.colcon_core.shell:Creating package script '/home/erum/ros2_workspace/src/install/rect_area_pkg/share/rect_area_pkg/package.zsh'
[16.601s] Level 1:colcon.colcon_core.environment:create_file_with_runtime_dependencies(/home/erum/ros2_workspace/src/install/rect_area_pkg/share/colcon-core/packages/rect_area_pkg)
[16.602s] INFO:colcon.colcon_ros.task.ament_cmake.build:Building ROS package in '/home/erum/ros2_workspace/src/my_robot_bringup' with build type 'ament_cmake'
[16.602s] INFO:colcon.colcon_cmake.task.cmake.build:Building CMake package in '/home/erum/ros2_workspace/src/my_robot_bringup'
[16.602s] INFO:colcon.colcon_core.shell:Skip shell extension 'powershell' for command environment: Not usable outside of PowerShell
[16.602s] DEBUG:colcon.colcon_core.shell:Skip shell extension 'dsv' for command environment
[16.660s] DEBUG:colcon.colcon_core.event_handler.log_command:Invoking command in '/home/erum/ros2_workspace/src/build/my_robot_bringup': AMENT_PREFIX_PATH=/home/erum/ros2_workspace/src/install/my_robot_description:${AMENT_PREFIX_PATH} CMAKE_PREFIX_PATH=/home/erum/ros2_workspace/src/install/my_robot_description:/home/erum/install/ball_bot_description:/home/erum/learn_ros2_ws/install/my_first_package:/opt/ros/jazzy/opt/gz_sim_vendor:/opt/ros/jazzy/opt/gz_sensors_vendor:/opt/ros/jazzy/opt/gz_physics_vendor:/opt/ros/jazzy/opt/sdformat_vendor:/opt/ros/jazzy/opt/gz_gui_vendor:/opt/ros/jazzy/opt/gz_transport_vendor:/opt/ros/jazzy/opt/gz_rendering_vendor:/opt/ros/jazzy/opt/gz_plugin_vendor:/opt/ros/jazzy/opt/gz_fuel_tools_vendor:/opt/ros/jazzy/opt/gz_msgs_vendor:/opt/ros/jazzy/opt/gz_common_vendor:/opt/ros/jazzy/opt/gz_math_vendor:/opt/ros/jazzy/opt/gz_utils_vendor:/opt/ros/jazzy/opt/gz_tools_vendor:/opt/ros/jazzy/opt/gz_ogre_next_vendor:/opt/ros/jazzy/opt/gz_dartsim_vendor:/opt/ros/jazzy/opt/gz_cmake_vendor:/home/erum/install/my_first_pkg:/opt/ros/jazzy DEBUGINFOD_URLS=https://debuginfod.ubuntu.com /usr/bin/cmake /home/erum/ros2_workspace/src/my_robot_bringup -DCMAKE_INSTALL_PREFIX=/home/erum/ros2_workspace/src/install/my_robot_bringup
[18.810s] DEBUG:colcon.colcon_core.event_handler.log_command:Invoked command in '/home/erum/ros2_workspace/src/build/my_robot_bringup' returned '0': AMENT_PREFIX_PATH=/home/erum/ros2_workspace/src/install/my_robot_description:${AMENT_PREFIX_PATH} CMAKE_PREFIX_PATH=/home/erum/ros2_workspace/src/install/my_robot_description:/home/erum/install/ball_bot_description:/home/erum/learn_ros2_ws/install/my_first_package:/opt/ros/jazzy/opt/gz_sim_vendor:/opt/ros/jazzy/opt/gz_sensors_vendor:/opt/ros/jazzy/opt/gz_physics_vendor:/opt/ros/jazzy/opt/sdformat_vendor:/opt/ros/jazzy/opt/gz_gui_vendor:/opt/ros/jazzy/opt/gz_transport_vendor:/opt/ros/jazzy/opt/gz_rendering_vendor:/opt/ros/jazzy/opt/gz_plugin_vendor:/opt/ros/jazzy/opt/gz_fuel_tools_vendor:/opt/ros/jazzy/opt/gz_msgs_vendor:/opt/ros/jazzy/opt/gz_common_vendor:/opt/ros/jazzy/opt/gz_math_vendor:/opt/ros/jazzy/opt/gz_utils_vendor:/opt/ros/jazzy/opt/gz_tools_vendor:/opt/ros/jazzy/opt/gz_ogre_next_vendor:/opt/ros/jazzy/opt/gz_dartsim_vendor:/opt/ros/jazzy/opt/gz_cmake_vendor:/home/erum/install/my_first_pkg:/opt/ros/jazzy DEBUGINFOD_URLS=https://debuginfod.ubuntu.com /usr/bin/cmake /home/erum/ros2_workspace/src/my_robot_bringup -DCMAKE_INSTALL_PREFIX=/home/erum/ros2_workspace/src/install/my_robot_bringup
[18.815s] DEBUG:colcon.colcon_core.event_handler.log_command:Invoking command in '/home/erum/ros2_workspace/src/build/my_robot_bringup': AMENT_PREFIX_PATH=/home/erum/ros2_workspace/src/install/my_robot_description:${AMENT_PREFIX_PATH} CMAKE_PREFIX_PATH=/home/erum/ros2_workspace/src/install/my_robot_description:/home/erum/install/ball_bot_description:/home/erum/learn_ros2_ws/install/my_first_package:/opt/ros/jazzy/opt/gz_sim_vendor:/opt/ros/jazzy/opt/gz_sensors_vendor:/opt/ros/jazzy/opt/gz_physics_vendor:/opt/ros/jazzy/opt/sdformat_vendor:/opt/ros/jazzy/opt/gz_gui_vendor:/opt/ros/jazzy/opt/gz_transport_vendor:/opt/ros/jazzy/opt/gz_rendering_vendor:/opt/ros/jazzy/opt/gz_plugin_vendor:/opt/ros/jazzy/opt/gz_fuel_tools_vendor:/opt/ros/jazzy/opt/gz_msgs_vendor:/opt/ros/jazzy/opt/gz_common_vendor:/opt/ros/jazzy/opt/gz_math_vendor:/opt/ros/jazzy/opt/gz_utils_vendor:/opt/ros/jazzy/opt/gz_tools_vendor:/opt/ros/jazzy/opt/gz_ogre_next_vendor:/opt/ros/jazzy/opt/gz_dartsim_vendor:/opt/ros/jazzy/opt/gz_cmake_vendor:/home/erum/install/my_first_pkg:/opt/ros/jazzy DEBUGINFOD_URLS=https://debuginfod.ubuntu.com /usr/bin/cmake --build /home/erum/ros2_workspace/src/build/my_robot_bringup -- -j2 -l2
[19.398s] DEBUG:colcon.colcon_core.event_handler.log_command:Invoked command in '/home/erum/ros2_workspace/src/build/my_robot_bringup' returned '0': AMENT_PREFIX_PATH=/home/erum/ros2_workspace/src/install/my_robot_description:${AMENT_PREFIX_PATH} CMAKE_PREFIX_PATH=/home/erum/ros2_workspace/src/install/my_robot_description:/home/erum/install/ball_bot_description:/home/erum/learn_ros2_ws/install/my_first_package:/opt/ros/jazzy/opt/gz_sim_vendor:/opt/ros/jazzy/opt/gz_sensors_vendor:/opt/ros/jazzy/opt/gz_physics_vendor:/opt/ros/jazzy/opt/sdformat_vendor:/opt/ros/jazzy/opt/gz_gui_vendor:/opt/ros/jazzy/opt/gz_transport_vendor:/opt/ros/jazzy/opt/gz_rendering_vendor:/opt/ros/jazzy/opt/gz_plugin_vendor:/opt/ros/jazzy/opt/gz_fuel_tools_vendor:/opt/ros/jazzy/opt/gz_msgs_vendor:/opt/ros/jazzy/opt/gz_common_vendor:/opt/ros/jazzy/opt/gz_math_vendor:/opt/ros/jazzy/opt/gz_utils_vendor:/opt/ros/jazzy/opt/gz_tools_vendor:/opt/ros/jazzy/opt/gz_ogre_next_vendor:/opt/ros/jazzy/opt/gz_dartsim_vendor:/opt/ros/jazzy/opt/gz_cmake_vendor:/home/erum/install/my_first_pkg:/opt/ros/jazzy DEBUGINFOD_URLS=https://debuginfod.ubuntu.com /usr/bin/cmake --build /home/erum/ros2_workspace/src/build/my_robot_bringup -- -j2 -l2
[19.400s] DEBUG:colcon.colcon_core.event_handler.log_command:Invoking command in '/home/erum/ros2_workspace/src/build/my_robot_bringup': AMENT_PREFIX_PATH=/home/erum/ros2_workspace/src/install/my_robot_description:${AMENT_PREFIX_PATH} CMAKE_PREFIX_PATH=/home/erum/ros2_workspace/src/install/my_robot_description:/home/erum/install/ball_bot_description:/home/erum/learn_ros2_ws/install/my_first_package:/opt/ros/jazzy/opt/gz_sim_vendor:/opt/ros/jazzy/opt/gz_sensors_vendor:/opt/ros/jazzy/opt/gz_physics_vendor:/opt/ros/jazzy/opt/sdformat_vendor:/opt/ros/jazzy/opt/gz_gui_vendor:/opt/ros/jazzy/opt/gz_transport_vendor:/opt/ros/jazzy/opt/gz_rendering_vendor:/opt/ros/jazzy/opt/gz_plugin_vendor:/opt/ros/jazzy/opt/gz_fuel_tools_vendor:/opt/ros/jazzy/opt/gz_msgs_vendor:/opt/ros/jazzy/opt/gz_common_vendor:/opt/ros/jazzy/opt/gz_math_vendor:/opt/ros/jazzy/opt/gz_utils_vendor:/opt/ros/jazzy/opt/gz_tools_vendor:/opt/ros/jazzy/opt/gz_ogre_next_vendor:/opt/ros/jazzy/opt/gz_dartsim_vendor:/opt/ros/jazzy/opt/gz_cmake_vendor:/home/erum/install/my_first_pkg:/opt/ros/jazzy DEBUGINFOD_URLS=https://debuginfod.ubuntu.com /usr/bin/cmake --install /home/erum/ros2_workspace/src/build/my_robot_bringup
[19.457s] Level 1:colcon.colcon_core.environment:create_environment_scripts_only(my_robot_bringup)
[19.457s] Level 1:colcon.colcon_core.environment:checking '/home/erum/ros2_workspace/src/install/my_robot_bringup' for CMake module files
[19.457s] DEBUG:colcon.colcon_core.event_handler.log_command:Invoked command in '/home/erum/ros2_workspace/src/build/my_robot_bringup' returned '0': AMENT_PREFIX_PATH=/home/erum/ros2_workspace/src/install/my_robot_description:${AMENT_PREFIX_PATH} CMAKE_PREFIX_PATH=/home/erum/ros2_workspace/src/install/my_robot_description:/home/erum/install/ball_bot_description:/home/erum/learn_ros2_ws/install/my_first_package:/opt/ros/jazzy/opt/gz_sim_vendor:/opt/ros/jazzy/opt/gz_sensors_vendor:/opt/ros/jazzy/opt/gz_physics_vendor:/opt/ros/jazzy/opt/sdformat_vendor:/opt/ros/jazzy/opt/gz_gui_vendor:/opt/ros/jazzy/opt/gz_transport_vendor:/opt/ros/jazzy/opt/gz_rendering_vendor:/opt/ros/jazzy/opt/gz_plugin_vendor:/opt/ros/jazzy/opt/gz_fuel_tools_vendor:/opt/ros/jazzy/opt/gz_msgs_vendor:/opt/ros/jazzy/opt/gz_common_vendor:/opt/ros/jazzy/opt/gz_math_vendor:/opt/ros/jazzy/opt/gz_utils_vendor:/opt/ros/jazzy/opt/gz_tools_vendor:/opt/ros/jazzy/opt/gz_ogre_next_vendor:/opt/ros/jazzy/opt/gz_dartsim_vendor:/opt/ros/jazzy/opt/gz_cmake_vendor:/home/erum/install/my_first_pkg:/opt/ros/jazzy DEBUGINFOD_URLS=https://debuginfod.ubuntu.com /usr/bin/cmake --install /home/erum/ros2_workspace/src/build/my_robot_bringup
[19.459s] Level 1:colcon.colcon_core.environment:checking '/home/erum/ros2_workspace/src/install/my_robot_bringup' for CMake config files
[19.459s] Level 1:colcon.colcon_core.shell:create_environment_hook('my_robot_bringup', 'cmake_prefix_path')
[19.459s] INFO:colcon.colcon_core.shell:Creating environment hook '/home/erum/ros2_workspace/src/install/my_robot_bringup/share/my_robot_bringup/hook/cmake_prefix_path.ps1'
[19.460s] INFO:colcon.colcon_core.shell:Creating environment descriptor '/home/erum/ros2_workspace/src/install/my_robot_bringup/share/my_robot_bringup/hook/cmake_prefix_path.dsv'
[19.460s] INFO:colcon.colcon_core.shell:Creating environment hook '/home/erum/ros2_workspace/src/install/my_robot_bringup/share/my_robot_bringup/hook/cmake_prefix_path.sh'
[19.460s] Level 1:colcon.colcon_core.environment:checking '/home/erum/ros2_workspace/src/install/my_robot_bringup/bin'
[19.460s] Level 1:colcon.colcon_core.environment:checking '/home/erum/ros2_workspace/src/install/my_robot_bringup/lib/pkgconfig/my_robot_bringup.pc'
[19.460s] Level 1:colcon.colcon_core.environment:checking '/home/erum/ros2_workspace/src/install/my_robot_bringup/lib/python3.12/site-packages'
[19.461s] Level 1:colcon.colcon_core.environment:checking '/home/erum/ros2_workspace/src/install/my_robot_bringup/bin'
[19.462s] INFO:colcon.colcon_core.shell:Creating package script '/home/erum/ros2_workspace/src/install/my_robot_bringup/share/my_robot_bringup/package.ps1'
[19.462s] INFO:colcon.colcon_core.shell:Creating package descriptor '/home/erum/ros2_workspace/src/install/my_robot_bringup/share/my_robot_bringup/package.dsv'
[19.462s] INFO:colcon.colcon_core.shell:Creating package script '/home/erum/ros2_workspace/src/install/my_robot_bringup/share/my_robot_bringup/package.sh'
[19.465s] INFO:colcon.colcon_core.shell:Creating package script '/home/erum/ros2_workspace/src/install/my_robot_bringup/share/my_robot_bringup/package.bash'
[19.465s] INFO:colcon.colcon_core.shell:Creating package script '/home/erum/ros2_workspace/src/install/my_robot_bringup/share/my_robot_bringup/package.zsh'
[19.465s] Level 1:colcon.colcon_core.environment:create_file_with_runtime_dependencies(/home/erum/ros2_workspace/src/install/my_robot_bringup/share/colcon-core/packages/my_robot_bringup)
[19.466s] Level 1:colcon.colcon_core.environment:create_environment_scripts_only(my_robot_bringup)
[19.466s] Level 1:colcon.colcon_core.environment:checking '/home/erum/ros2_workspace/src/install/my_robot_bringup' for CMake module files
[19.466s] Level 1:colcon.colcon_core.environment:checking '/home/erum/ros2_workspace/src/install/my_robot_bringup' for CMake config files
[19.466s] Level 1:colcon.colcon_core.shell:create_environment_hook('my_robot_bringup', 'cmake_prefix_path')
[19.466s] INFO:colcon.colcon_core.shell:Creating environment hook '/home/erum/ros2_workspace/src/install/my_robot_bringup/share/my_robot_bringup/hook/cmake_prefix_path.ps1'
[19.469s] INFO:colcon.colcon_core.shell:Creating environment descriptor '/home/erum/ros2_workspace/src/install/my_robot_bringup/share/my_robot_bringup/hook/cmake_prefix_path.dsv'
[19.469s] INFO:colcon.colcon_core.shell:Creating environment hook '/home/erum/ros2_workspace/src/install/my_robot_bringup/share/my_robot_bringup/hook/cmake_prefix_path.sh'
[19.471s] Level 1:colcon.colcon_core.environment:checking '/home/erum/ros2_workspace/src/install/my_robot_bringup/bin'
[19.471s] Level 1:colcon.colcon_core.environment:checking '/home/erum/ros2_workspace/src/install/my_robot_bringup/lib/pkgconfig/my_robot_bringup.pc'
[19.471s] Level 1:colcon.colcon_core.environment:checking '/home/erum/ros2_workspace/src/install/my_robot_bringup/lib/python3.12/site-packages'
[19.472s] Level 1:colcon.colcon_core.environment:checking '/home/erum/ros2_workspace/src/install/my_robot_bringup/bin'
[19.472s] INFO:colcon.colcon_core.shell:Creating package script '/home/erum/ros2_workspace/src/install/my_robot_bringup/share/my_robot_bringup/package.ps1'
[19.474s] INFO:colcon.colcon_core.shell:Creating package descriptor '/home/erum/ros2_workspace/src/install/my_robot_bringup/share/my_robot_bringup/package.dsv'
[19.477s] INFO:colcon.colcon_core.shell:Creating package script '/home/erum/ros2_workspace/src/install/my_robot_bringup/share/my_robot_bringup/package.sh'
[19.477s] INFO:colcon.colcon_core.shell:Creating package script '/home/erum/ros2_workspace/src/install/my_robot_bringup/share/my_robot_bringup/package.bash'
[19.480s] INFO:colcon.colcon_core.shell:Creating package script '/home/erum/ros2_workspace/src/install/my_robot_bringup/share/my_robot_bringup/package.zsh'
[19.482s] Level 1:colcon.colcon_core.environment:create_file_with_runtime_dependencies(/home/erum/ros2_workspace/src/install/my_robot_bringup/share/colcon-core/packages/my_robot_bringup)
[30.835s] DEBUG:colcon.colcon_core.event_handler.log_command:Invoked command in '/home/erum/ros2_workspace/src/build/new_interfaces' returned '0': CMAKE_PREFIX_PATH=${CMAKE_PREFIX_PATH}:/home/erum/install/my_first_pkg:/opt/ros/jazzy DEBUGINFOD_URLS=https://debuginfod.ubuntu.com /usr/bin/cmake --build /home/erum/ros2_workspace/src/build/new_interfaces -- -j2 -l2
[30.839s] DEBUG:colcon.colcon_core.event_handler.log_command:Invoking command in '/home/erum/ros2_workspace/src/build/new_interfaces': CMAKE_PREFIX_PATH=${CMAKE_PREFIX_PATH}:/home/erum/install/my_first_pkg:/opt/ros/jazzy DEBUGINFOD_URLS=https://debuginfod.ubuntu.com /usr/bin/cmake --install /home/erum/ros2_workspace/src/build/new_interfaces
[30.952s] Level 1:colcon.colcon_core.environment:create_environment_scripts_only(new_interfaces)
[30.952s] DEBUG:colcon.colcon_core.event_handler.log_command:Invoked command in '/home/erum/ros2_workspace/src/build/new_interfaces' returned '0': CMAKE_PREFIX_PATH=${CMAKE_PREFIX_PATH}:/home/erum/install/my_first_pkg:/opt/ros/jazzy DEBUGINFOD_URLS=https://debuginfod.ubuntu.com /usr/bin/cmake --install /home/erum/ros2_workspace/src/build/new_interfaces
[30.954s] Level 1:colcon.colcon_core.environment:checking '/home/erum/ros2_workspace/src/install/new_interfaces' for CMake module files
[30.955s] Level 1:colcon.colcon_core.environment:checking '/home/erum/ros2_workspace/src/install/new_interfaces' for CMake config files
[30.955s] Level 1:colcon.colcon_core.shell:create_environment_hook('new_interfaces', 'cmake_prefix_path')
[30.955s] INFO:colcon.colcon_core.shell:Creating environment hook '/home/erum/ros2_workspace/src/install/new_interfaces/share/new_interfaces/hook/cmake_prefix_path.ps1'
[30.957s] INFO:colcon.colcon_core.shell:Creating environment descriptor '/home/erum/ros2_workspace/src/install/new_interfaces/share/new_interfaces/hook/cmake_prefix_path.dsv'
[30.957s] INFO:colcon.colcon_core.shell:Creating environment hook '/home/erum/ros2_workspace/src/install/new_interfaces/share/new_interfaces/hook/cmake_prefix_path.sh'
[30.957s] Level 1:colcon.colcon_core.environment:checking '/home/erum/ros2_workspace/src/install/new_interfaces/lib'
[30.957s] Level 1:colcon.colcon_core.shell:create_environment_hook('new_interfaces', 'ld_library_path_lib')
[30.957s] INFO:colcon.colcon_core.shell:Creating environment hook '/home/erum/ros2_workspace/src/install/new_interfaces/share/new_interfaces/hook/ld_library_path_lib.ps1'
[30.958s] INFO:colcon.colcon_core.shell:Creating environment descriptor '/home/erum/ros2_workspace/src/install/new_interfaces/share/new_interfaces/hook/ld_library_path_lib.dsv'
[30.959s] INFO:colcon.colcon_core.shell:Creating environment hook '/home/erum/ros2_workspace/src/install/new_interfaces/share/new_interfaces/hook/ld_library_path_lib.sh'
[30.959s] Level 1:colcon.colcon_core.environment:checking '/home/erum/ros2_workspace/src/install/new_interfaces/bin'
[30.959s] Level 1:colcon.colcon_core.environment:checking '/home/erum/ros2_workspace/src/install/new_interfaces/lib/pkgconfig/new_interfaces.pc'
[30.959s] Level 1:colcon.colcon_core.environment:checking '/home/erum/ros2_workspace/src/install/new_interfaces/lib/python3.12/site-packages'
[30.959s] Level 1:colcon.colcon_core.shell:create_environment_hook('new_interfaces', 'pythonpath')
[30.959s] INFO:colcon.colcon_core.shell:Creating environment hook '/home/erum/ros2_workspace/src/install/new_interfaces/share/new_interfaces/hook/pythonpath.ps1'
[30.966s] INFO:colcon.colcon_core.shell:Creating environment descriptor '/home/erum/ros2_workspace/src/install/new_interfaces/share/new_interfaces/hook/pythonpath.dsv'
[30.966s] INFO:colcon.colcon_core.shell:Creating environment hook '/home/erum/ros2_workspace/src/install/new_interfaces/share/new_interfaces/hook/pythonpath.sh'
[30.967s] Level 1:colcon.colcon_core.environment:checking '/home/erum/ros2_workspace/src/install/new_interfaces/bin'
[30.967s] INFO:colcon.colcon_core.shell:Creating package script '/home/erum/ros2_workspace/src/install/new_interfaces/share/new_interfaces/package.ps1'
[30.967s] INFO:colcon.colcon_core.shell:Creating package descriptor '/home/erum/ros2_workspace/src/install/new_interfaces/share/new_interfaces/package.dsv'
[30.969s] INFO:colcon.colcon_core.shell:Creating package script '/home/erum/ros2_workspace/src/install/new_interfaces/share/new_interfaces/package.sh'
[30.969s] INFO:colcon.colcon_core.shell:Creating package script '/home/erum/ros2_workspace/src/install/new_interfaces/share/new_interfaces/package.bash'
[30.969s] INFO:colcon.colcon_core.shell:Creating package script '/home/erum/ros2_workspace/src/install/new_interfaces/share/new_interfaces/package.zsh'
[30.970s] Level 1:colcon.colcon_core.environment:create_file_with_runtime_dependencies(/home/erum/ros2_workspace/src/install/new_interfaces/share/colcon-core/packages/new_interfaces)
[30.970s] Level 1:colcon.colcon_core.environment:create_environment_scripts_only(new_interfaces)
[30.970s] Level 1:colcon.colcon_core.environment:checking '/home/erum/ros2_workspace/src/install/new_interfaces' for CMake module files
[30.971s] Level 1:colcon.colcon_core.environment:checking '/home/erum/ros2_workspace/src/install/new_interfaces' for CMake config files
[30.971s] Level 1:colcon.colcon_core.shell:create_environment_hook('new_interfaces', 'cmake_prefix_path')
[30.971s] INFO:colcon.colcon_core.shell:Creating environment hook '/home/erum/ros2_workspace/src/install/new_interfaces/share/new_interfaces/hook/cmake_prefix_path.ps1'
[30.973s] INFO:colcon.colcon_core.shell:Creating environment descriptor '/home/erum/ros2_workspace/src/install/new_interfaces/share/new_interfaces/hook/cmake_prefix_path.dsv'
[30.976s] INFO:colcon.colcon_core.shell:Creating environment hook '/home/erum/ros2_workspace/src/install/new_interfaces/share/new_interfaces/hook/cmake_prefix_path.sh'
[30.976s] Level 1:colcon.colcon_core.environment:checking '/home/erum/ros2_workspace/src/install/new_interfaces/lib'
[30.976s] Level 1:colcon.colcon_core.shell:create_environment_hook('new_interfaces', 'ld_library_path_lib')
[30.976s] INFO:colcon.colcon_core.shell:Creating environment hook '/home/erum/ros2_workspace/src/install/new_interfaces/share/new_interfaces/hook/ld_library_path_lib.ps1'
[30.977s] INFO:colcon.colcon_core.shell:Creating environment descriptor '/home/erum/ros2_workspace/src/install/new_interfaces/share/new_interfaces/hook/ld_library_path_lib.dsv'
[30.977s] INFO:colcon.colcon_core.shell:Creating environment hook '/home/erum/ros2_workspace/src/install/new_interfaces/share/new_interfaces/hook/ld_library_path_lib.sh'
[30.977s] Level 1:colcon.colcon_core.environment:checking '/home/erum/ros2_workspace/src/install/new_interfaces/bin'
[30.977s] Level 1:colcon.colcon_core.environment:checking '/home/erum/ros2_workspace/src/install/new_interfaces/lib/pkgconfig/new_interfaces.pc'
[30.977s] Level 1:colcon.colcon_core.environment:checking '/home/erum/ros2_workspace/src/install/new_interfaces/lib/python3.12/site-packages'
[30.978s] Level 1:colcon.colcon_core.shell:create_environment_hook('new_interfaces', 'pythonpath')
[30.978s] INFO:colcon.colcon_core.shell:Creating environment hook '/home/erum/ros2_workspace/src/install/new_interfaces/share/new_interfaces/hook/pythonpath.ps1'
[30.982s] INFO:colcon.colcon_core.shell:Creating environment descriptor '/home/erum/ros2_workspace/src/install/new_interfaces/share/new_interfaces/hook/pythonpath.dsv'
[30.982s] INFO:colcon.colcon_core.shell:Creating environment hook '/home/erum/ros2_workspace/src/install/new_interfaces/share/new_interfaces/hook/pythonpath.sh'
[30.983s] Level 1:colcon.colcon_core.environment:checking '/home/erum/ros2_workspace/src/install/new_interfaces/bin'
[30.983s] INFO:colcon.colcon_core.shell:Creating package script '/home/erum/ros2_workspace/src/install/new_interfaces/share/new_interfaces/package.ps1'
[30.983s] INFO:colcon.colcon_core.shell:Creating package descriptor '/home/erum/ros2_workspace/src/install/new_interfaces/share/new_interfaces/package.dsv'
[30.986s] INFO:colcon.colcon_core.shell:Creating package script '/home/erum/ros2_workspace/src/install/new_interfaces/share/new_interfaces/package.sh'
[30.986s] INFO:colcon.colcon_core.shell:Creating package script '/home/erum/ros2_workspace/src/install/new_interfaces/share/new_interfaces/package.bash'
[30.987s] INFO:colcon.colcon_core.shell:Creating package script '/home/erum/ros2_workspace/src/install/new_interfaces/share/new_interfaces/package.zsh'
[30.987s] Level 1:colcon.colcon_core.environment:create_file_with_runtime_dependencies(/home/erum/ros2_workspace/src/install/new_interfaces/share/colcon-core/packages/new_interfaces)
[30.988s] INFO:colcon.colcon_ros.task.ament_python.build:Building ROS package in '/home/erum/ros2_workspace/src/add_two_ints_pkg' with build type 'ament_python'
[30.988s] Level 1:colcon.colcon_core.shell:create_environment_hook('add_two_ints_pkg', 'ament_prefix_path')
[30.989s] INFO:colcon.colcon_core.shell:Creating environment hook '/home/erum/ros2_workspace/src/install/add_two_ints_pkg/share/add_two_ints_pkg/hook/ament_prefix_path.ps1'
[30.995s] INFO:colcon.colcon_core.shell:Creating environment descriptor '/home/erum/ros2_workspace/src/install/add_two_ints_pkg/share/add_two_ints_pkg/hook/ament_prefix_path.dsv'
[30.996s] INFO:colcon.colcon_core.shell:Creating environment hook '/home/erum/ros2_workspace/src/install/add_two_ints_pkg/share/add_two_ints_pkg/hook/ament_prefix_path.sh'
[30.998s] INFO:colcon.colcon_core.shell:Skip shell extension 'powershell' for command environment: Not usable outside of PowerShell
[30.998s] DEBUG:colcon.colcon_core.shell:Skip shell extension 'dsv' for command environment
[31.394s] INFO:colcon.colcon_core.task.python.build:Building Python package in '/home/erum/ros2_workspace/src/add_two_ints_pkg'
[31.394s] INFO:colcon.colcon_core.shell:Skip shell extension 'powershell' for command environment: Not usable outside of PowerShell
[31.394s] DEBUG:colcon.colcon_core.shell:Skip shell extension 'dsv' for command environment
[33.819s] DEBUG:colcon.colcon_core.event_handler.log_command:Invoking command in '/home/erum/ros2_workspace/src/add_two_ints_pkg': AMENT_PREFIX_PATH=/home/erum/ros2_workspace/src/install/new_interfaces:${AMENT_PREFIX_PATH} CMAKE_PREFIX_PATH=/home/erum/ros2_workspace/src/install/new_interfaces:${CMAKE_PREFIX_PATH} DEBUGINFOD_URLS=https://debuginfod.ubuntu.com LD_LIBRARY_PATH=/home/erum/ros2_workspace/src/install/new_interfaces/lib:${LD_LIBRARY_PATH} PYTHONPATH=/home/erum/ros2_workspace/src/build/add_two_ints_pkg/prefix_override:/usr/lib/python3/dist-packages/colcon_core/task/python/colcon_distutils_commands:/home/erum/ros2_workspace/src/install/add_two_ints_pkg/lib/python3.12/site-packages:/home/erum/ros2_workspace/src/install/new_interfaces/lib/python3.12/site-packages:${PYTHONPATH} /usr/bin/python3 -W ignore:setup.py install is deprecated -W ignore:easy_install command is deprecated setup.py egg_info --egg-base ../build/add_two_ints_pkg build --build-base /home/erum/ros2_workspace/src/build/add_two_ints_pkg/build install --record /home/erum/ros2_workspace/src/build/add_two_ints_pkg/install.log --single-version-externally-managed install_data
[35.117s] Level 1:colcon.colcon_core.environment:checking '/home/erum/ros2_workspace/src/install/add_two_ints_pkg' for CMake module files
[35.117s] DEBUG:colcon.colcon_core.event_handler.log_command:Invoked command in '/home/erum/ros2_workspace/src/add_two_ints_pkg' returned '0': AMENT_PREFIX_PATH=/home/erum/ros2_workspace/src/install/new_interfaces:${AMENT_PREFIX_PATH} CMAKE_PREFIX_PATH=/home/erum/ros2_workspace/src/install/new_interfaces:${CMAKE_PREFIX_PATH} DEBUGINFOD_URLS=https://debuginfod.ubuntu.com LD_LIBRARY_PATH=/home/erum/ros2_workspace/src/install/new_interfaces/lib:${LD_LIBRARY_PATH} PYTHONPATH=/home/erum/ros2_workspace/src/build/add_two_ints_pkg/prefix_override:/usr/lib/python3/dist-packages/colcon_core/task/python/colcon_distutils_commands:/home/erum/ros2_workspace/src/install/add_two_ints_pkg/lib/python3.12/site-packages:/home/erum/ros2_workspace/src/install/new_interfaces/lib/python3.12/site-packages:${PYTHONPATH} /usr/bin/python3 -W ignore:setup.py install is deprecated -W ignore:easy_install command is deprecated setup.py egg_info --egg-base ../build/add_two_ints_pkg build --build-base /home/erum/ros2_workspace/src/build/add_two_ints_pkg/build install --record /home/erum/ros2_workspace/src/build/add_two_ints_pkg/install.log --single-version-externally-managed install_data
[35.117s] Level 1:colcon.colcon_core.environment:checking '/home/erum/ros2_workspace/src/install/add_two_ints_pkg' for CMake config files
[35.118s] Level 1:colcon.colcon_core.environment:checking '/home/erum/ros2_workspace/src/install/add_two_ints_pkg/lib'
[35.118s] Level 1:colcon.colcon_core.environment:checking '/home/erum/ros2_workspace/src/install/add_two_ints_pkg/bin'
[35.118s] Level 1:colcon.colcon_core.environment:checking '/home/erum/ros2_workspace/src/install/add_two_ints_pkg/lib/pkgconfig/add_two_ints_pkg.pc'
[35.118s] Level 1:colcon.colcon_core.environment:checking '/home/erum/ros2_workspace/src/install/add_two_ints_pkg/lib/python3.12/site-packages'
[35.118s] Level 1:colcon.colcon_core.shell:create_environment_hook('add_two_ints_pkg', 'pythonpath')
[35.118s] INFO:colcon.colcon_core.shell:Creating environment hook '/home/erum/ros2_workspace/src/install/add_two_ints_pkg/share/add_two_ints_pkg/hook/pythonpath.ps1'
[35.121s] INFO:colcon.colcon_core.shell:Creating environment descriptor '/home/erum/ros2_workspace/src/install/add_two_ints_pkg/share/add_two_ints_pkg/hook/pythonpath.dsv'
[35.121s] INFO:colcon.colcon_core.shell:Creating environment hook '/home/erum/ros2_workspace/src/install/add_two_ints_pkg/share/add_two_ints_pkg/hook/pythonpath.sh'
[35.122s] Level 1:colcon.colcon_core.environment:checking '/home/erum/ros2_workspace/src/install/add_two_ints_pkg/bin'
[35.122s] Level 1:colcon.colcon_core.environment:create_environment_scripts_only(add_two_ints_pkg)
[35.122s] INFO:colcon.colcon_core.shell:Creating package script '/home/erum/ros2_workspace/src/install/add_two_ints_pkg/share/add_two_ints_pkg/package.ps1'
[35.122s] INFO:colcon.colcon_core.shell:Creating package descriptor '/home/erum/ros2_workspace/src/install/add_two_ints_pkg/share/add_two_ints_pkg/package.dsv'
[35.123s] INFO:colcon.colcon_core.shell:Creating package script '/home/erum/ros2_workspace/src/install/add_two_ints_pkg/share/add_two_ints_pkg/package.sh'
[35.123s] INFO:colcon.colcon_core.shell:Creating package script '/home/erum/ros2_workspace/src/install/add_two_ints_pkg/share/add_two_ints_pkg/package.bash'
[35.124s] INFO:colcon.colcon_core.shell:Creating package script '/home/erum/ros2_workspace/src/install/add_two_ints_pkg/share/add_two_ints_pkg/package.zsh'
[35.124s] Level 1:colcon.colcon_core.environment:create_file_with_runtime_dependencies(/home/erum/ros2_workspace/src/install/add_two_ints_pkg/share/colcon-core/packages/add_two_ints_pkg)
[35.128s] DEBUG:colcon.colcon_parallel_executor.executor.parallel:closing loop
[35.128s] DEBUG:colcon.colcon_parallel_executor.executor.parallel:loop closed
[35.128s] DEBUG:colcon.colcon_parallel_executor.executor.parallel:run_until_complete finished with '0'
[35.129s] DEBUG:colcon.colcon_core.event_reactor:joining thread
[35.169s] INFO:colcon.colcon_core.plugin_system:Skipping extension 'colcon_notification.desktop_notification.terminal_notifier': Not used on non-Darwin systems
[35.169s] INFO:colcon.colcon_core.plugin_system:Skipping extension 'colcon_notification.desktop_notification.win32': Not used on non-Windows systems
[35.169s] INFO:colcon.colcon_notification.desktop_notification:Sending desktop notification using 'notify2'
[35.605s] DEBUG:colcon.colcon_core.event_reactor:joined thread
[35.606s] INFO:colcon.colcon_core.shell:Creating prefix script '/home/erum/ros2_workspace/src/install/local_setup.ps1'
[35.607s] INFO:colcon.colcon_core.shell:Creating prefix util module '/home/erum/ros2_workspace/src/install/_local_setup_util_ps1.py'
[35.610s] INFO:colcon.colcon_core.shell:Creating prefix chain script '/home/erum/ros2_workspace/src/install/setup.ps1'
[35.612s] INFO:colcon.colcon_core.shell:Creating prefix script '/home/erum/ros2_workspace/src/install/local_setup.sh'
[35.614s] INFO:colcon.colcon_core.shell:Creating prefix util module '/home/erum/ros2_workspace/src/install/_local_setup_util_sh.py'
[35.616s] INFO:colcon.colcon_core.shell:Creating prefix chain script '/home/erum/ros2_workspace/src/install/setup.sh'
[35.621s] INFO:colcon.colcon_core.shell:Creating prefix script '/home/erum/ros2_workspace/src/install/local_setup.bash'
[35.630s] INFO:colcon.colcon_core.shell:Creating prefix chain script '/home/erum/ros2_workspace/src/install/setup.bash'
[35.633s] INFO:colcon.colcon_core.shell:Creating prefix script '/home/erum/ros2_workspace/src/install/local_setup.zsh'
[35.638s] INFO:colcon.colcon_core.shell:Creating prefix chain script '/home/erum/ros2_workspace/src/install/setup.zsh'
