[0.053s] Invoking command in '/home/erum/ros2_workspace/src/build/my_robot_bringup': AMENT_PREFIX_PATH=/home/erum/ros2_workspace/src/install/my_robot_description:${AMENT_PREFIX_PATH} CMAKE_PREFIX_PATH=/home/erum/ros2_workspace/src/install/my_robot_description:/home/erum/install/ball_bot_description:/home/erum/learn_ros2_ws/install/my_first_package:/opt/ros/jazzy/opt/gz_sim_vendor:/opt/ros/jazzy/opt/gz_sensors_vendor:/opt/ros/jazzy/opt/gz_physics_vendor:/opt/ros/jazzy/opt/sdformat_vendor:/opt/ros/jazzy/opt/gz_gui_vendor:/opt/ros/jazzy/opt/gz_transport_vendor:/opt/ros/jazzy/opt/gz_rendering_vendor:/opt/ros/jazzy/opt/gz_plugin_vendor:/opt/ros/jazzy/opt/gz_fuel_tools_vendor:/opt/ros/jazzy/opt/gz_msgs_vendor:/opt/ros/jazzy/opt/gz_common_vendor:/opt/ros/jazzy/opt/gz_math_vendor:/opt/ros/jazzy/opt/gz_utils_vendor:/opt/ros/jazzy/opt/gz_tools_vendor:/opt/ros/jazzy/opt/gz_ogre_next_vendor:/opt/ros/jazzy/opt/gz_dartsim_vendor:/opt/ros/jazzy/opt/gz_cmake_vendor:/home/erum/install/my_first_pkg:/opt/ros/jazzy DEBUGINFOD_URLS=https://debuginfod.ubuntu.com /usr/bin/cmake /home/erum/ros2_workspace/src/my_robot_bringup -DCMAKE_INSTALL_PREFIX=/home/erum/ros2_workspace/src/install/my_robot_bringup
[0.214s] -- The C compiler identification is GNU 13.3.0
[0.337s] -- The CXX compiler identification is GNU 13.3.0
[0.380s] -- Detecting C compiler ABI info
[0.591s] -- Detecting C compiler ABI info - done
[0.604s] -- Check for working C compiler: /usr/bin/cc - skipped
[0.604s] -- Detecting C compile features
[0.604s] -- Detecting C compile features - done
[0.623s] -- Detecting CXX compiler ABI info
[0.966s] -- Detecting CXX compiler ABI info - done
[0.997s] -- Check for working CXX compiler: /usr/bin/c++ - skipped
[0.999s] -- Detecting CXX compile features
[0.999s] -- Detecting CXX compile features - done
[1.025s] -- Found ament_cmake: 2.5.4 (/opt/ros/jazzy/share/ament_cmake/cmake)
[1.633s] -- Found Python3: /usr/bin/python3 (found version "3.12.3") found components: Interpreter 
[2.148s] -- Configuring done (2.1s)
[2.170s] -- Generating done (0.0s)
[2.177s] -- Build files have been written to: /home/erum/ros2_workspace/src/build/my_robot_bringup
[2.203s] Invoked command in '/home/erum/ros2_workspace/src/build/my_robot_bringup' returned '0': AMENT_PREFIX_PATH=/home/erum/ros2_workspace/src/install/my_robot_description:${AMENT_PREFIX_PATH} CMAKE_PREFIX_PATH=/home/erum/ros2_workspace/src/install/my_robot_description:/home/erum/install/ball_bot_description:/home/erum/learn_ros2_ws/install/my_first_package:/opt/ros/jazzy/opt/gz_sim_vendor:/opt/ros/jazzy/opt/gz_sensors_vendor:/opt/ros/jazzy/opt/gz_physics_vendor:/opt/ros/jazzy/opt/sdformat_vendor:/opt/ros/jazzy/opt/gz_gui_vendor:/opt/ros/jazzy/opt/gz_transport_vendor:/opt/ros/jazzy/opt/gz_rendering_vendor:/opt/ros/jazzy/opt/gz_plugin_vendor:/opt/ros/jazzy/opt/gz_fuel_tools_vendor:/opt/ros/jazzy/opt/gz_msgs_vendor:/opt/ros/jazzy/opt/gz_common_vendor:/opt/ros/jazzy/opt/gz_math_vendor:/opt/ros/jazzy/opt/gz_utils_vendor:/opt/ros/jazzy/opt/gz_tools_vendor:/opt/ros/jazzy/opt/gz_ogre_next_vendor:/opt/ros/jazzy/opt/gz_dartsim_vendor:/opt/ros/jazzy/opt/gz_cmake_vendor:/home/erum/install/my_first_pkg:/opt/ros/jazzy DEBUGINFOD_URLS=https://debuginfod.ubuntu.com /usr/bin/cmake /home/erum/ros2_workspace/src/my_robot_bringup -DCMAKE_INSTALL_PREFIX=/home/erum/ros2_workspace/src/install/my_robot_bringup
[2.208s] Invoking command in '/home/erum/ros2_workspace/src/build/my_robot_bringup': AMENT_PREFIX_PATH=/home/erum/ros2_workspace/src/install/my_robot_description:${AMENT_PREFIX_PATH} CMAKE_PREFIX_PATH=/home/erum/ros2_workspace/src/install/my_robot_description:/home/erum/install/ball_bot_description:/home/erum/learn_ros2_ws/install/my_first_package:/opt/ros/jazzy/opt/gz_sim_vendor:/opt/ros/jazzy/opt/gz_sensors_vendor:/opt/ros/jazzy/opt/gz_physics_vendor:/opt/ros/jazzy/opt/sdformat_vendor:/opt/ros/jazzy/opt/gz_gui_vendor:/opt/ros/jazzy/opt/gz_transport_vendor:/opt/ros/jazzy/opt/gz_rendering_vendor:/opt/ros/jazzy/opt/gz_plugin_vendor:/opt/ros/jazzy/opt/gz_fuel_tools_vendor:/opt/ros/jazzy/opt/gz_msgs_vendor:/opt/ros/jazzy/opt/gz_common_vendor:/opt/ros/jazzy/opt/gz_math_vendor:/opt/ros/jazzy/opt/gz_utils_vendor:/opt/ros/jazzy/opt/gz_tools_vendor:/opt/ros/jazzy/opt/gz_ogre_next_vendor:/opt/ros/jazzy/opt/gz_dartsim_vendor:/opt/ros/jazzy/opt/gz_cmake_vendor:/home/erum/install/my_first_pkg:/opt/ros/jazzy DEBUGINFOD_URLS=https://debuginfod.ubuntu.com /usr/bin/cmake --build /home/erum/ros2_workspace/src/build/my_robot_bringup -- -j2 -l2
[2.791s] Invoked command in '/home/erum/ros2_workspace/src/build/my_robot_bringup' returned '0': AMENT_PREFIX_PATH=/home/erum/ros2_workspace/src/install/my_robot_description:${AMENT_PREFIX_PATH} CMAKE_PREFIX_PATH=/home/erum/ros2_workspace/src/install/my_robot_description:/home/erum/install/ball_bot_description:/home/erum/learn_ros2_ws/install/my_first_package:/opt/ros/jazzy/opt/gz_sim_vendor:/opt/ros/jazzy/opt/gz_sensors_vendor:/opt/ros/jazzy/opt/gz_physics_vendor:/opt/ros/jazzy/opt/sdformat_vendor:/opt/ros/jazzy/opt/gz_gui_vendor:/opt/ros/jazzy/opt/gz_transport_vendor:/opt/ros/jazzy/opt/gz_rendering_vendor:/opt/ros/jazzy/opt/gz_plugin_vendor:/opt/ros/jazzy/opt/gz_fuel_tools_vendor:/opt/ros/jazzy/opt/gz_msgs_vendor:/opt/ros/jazzy/opt/gz_common_vendor:/opt/ros/jazzy/opt/gz_math_vendor:/opt/ros/jazzy/opt/gz_utils_vendor:/opt/ros/jazzy/opt/gz_tools_vendor:/opt/ros/jazzy/opt/gz_ogre_next_vendor:/opt/ros/jazzy/opt/gz_dartsim_vendor:/opt/ros/jazzy/opt/gz_cmake_vendor:/home/erum/install/my_first_pkg:/opt/ros/jazzy DEBUGINFOD_URLS=https://debuginfod.ubuntu.com /usr/bin/cmake --build /home/erum/ros2_workspace/src/build/my_robot_bringup -- -j2 -l2
[2.793s] Invoking command in '/home/erum/ros2_workspace/src/build/my_robot_bringup': AMENT_PREFIX_PATH=/home/erum/ros2_workspace/src/install/my_robot_description:${AMENT_PREFIX_PATH} CMAKE_PREFIX_PATH=/home/erum/ros2_workspace/src/install/my_robot_description:/home/erum/install/ball_bot_description:/home/erum/learn_ros2_ws/install/my_first_package:/opt/ros/jazzy/opt/gz_sim_vendor:/opt/ros/jazzy/opt/gz_sensors_vendor:/opt/ros/jazzy/opt/gz_physics_vendor:/opt/ros/jazzy/opt/sdformat_vendor:/opt/ros/jazzy/opt/gz_gui_vendor:/opt/ros/jazzy/opt/gz_transport_vendor:/opt/ros/jazzy/opt/gz_rendering_vendor:/opt/ros/jazzy/opt/gz_plugin_vendor:/opt/ros/jazzy/opt/gz_fuel_tools_vendor:/opt/ros/jazzy/opt/gz_msgs_vendor:/opt/ros/jazzy/opt/gz_common_vendor:/opt/ros/jazzy/opt/gz_math_vendor:/opt/ros/jazzy/opt/gz_utils_vendor:/opt/ros/jazzy/opt/gz_tools_vendor:/opt/ros/jazzy/opt/gz_ogre_next_vendor:/opt/ros/jazzy/opt/gz_dartsim_vendor:/opt/ros/jazzy/opt/gz_cmake_vendor:/home/erum/install/my_first_pkg:/opt/ros/jazzy DEBUGINFOD_URLS=https://debuginfod.ubuntu.com /usr/bin/cmake --install /home/erum/ros2_workspace/src/build/my_robot_bringup
[2.837s] -- Install configuration: ""
[2.837s] -- Installing: /home/erum/ros2_workspace/src/install/my_robot_bringup/share/my_robot_bringup//config
[2.839s] -- Installing: /home/erum/ros2_workspace/src/install/my_robot_bringup/share/my_robot_bringup//config/my_robot_controllers.yaml
[2.841s] -- Installing: /home/erum/ros2_workspace/src/install/my_robot_bringup/share/my_robot_bringup//launch
[2.841s] -- Installing: /home/erum/ros2_workspace/src/install/my_robot_bringup/share/my_robot_bringup//launch/my_robot.launch.py
[2.841s] -- Installing: /home/erum/ros2_workspace/src/install/my_robot_bringup/share/my_robot_bringup//launch/my_robot.launch.xml
[2.841s] -- Installing: /home/erum/ros2_workspace/src/install/my_robot_bringup/share/ament_index/resource_index/package_run_dependencies/my_robot_bringup
[2.842s] -- Installing: /home/erum/ros2_workspace/src/install/my_robot_bringup/share/ament_index/resource_index/parent_prefix_path/my_robot_bringup
[2.842s] -- Installing: /home/erum/ros2_workspace/src/install/my_robot_bringup/share/my_robot_bringup/environment/ament_prefix_path.sh
[2.842s] -- Installing: /home/erum/ros2_workspace/src/install/my_robot_bringup/share/my_robot_bringup/environment/ament_prefix_path.dsv
[2.843s] -- Installing: /home/erum/ros2_workspace/src/install/my_robot_bringup/share/my_robot_bringup/environment/path.sh
[2.845s] -- Installing: /home/erum/ros2_workspace/src/install/my_robot_bringup/share/my_robot_bringup/environment/path.dsv
[2.845s] -- Installing: /home/erum/ros2_workspace/src/install/my_robot_bringup/share/my_robot_bringup/local_setup.bash
[2.845s] -- Installing: /home/erum/ros2_workspace/src/install/my_robot_bringup/share/my_robot_bringup/local_setup.sh
[2.845s] -- Installing: /home/erum/ros2_workspace/src/install/my_robot_bringup/share/my_robot_bringup/local_setup.zsh
[2.845s] -- Installing: /home/erum/ros2_workspace/src/install/my_robot_bringup/share/my_robot_bringup/local_setup.dsv
[2.845s] -- Installing: /home/erum/ros2_workspace/src/install/my_robot_bringup/share/my_robot_bringup/package.dsv
[2.845s] -- Installing: /home/erum/ros2_workspace/src/install/my_robot_bringup/share/ament_index/resource_index/packages/my_robot_bringup
[2.845s] -- Installing: /home/erum/ros2_workspace/src/install/my_robot_bringup/share/my_robot_bringup/cmake/my_robot_bringupConfig.cmake
[2.846s] -- Installing: /home/erum/ros2_workspace/src/install/my_robot_bringup/share/my_robot_bringup/cmake/my_robot_bringupConfig-version.cmake
[2.846s] -- Installing: /home/erum/ros2_workspace/src/install/my_robot_bringup/share/my_robot_bringup/package.xml
[2.850s] Invoked command in '/home/erum/ros2_workspace/src/build/my_robot_bringup' returned '0': AMENT_PREFIX_PATH=/home/erum/ros2_workspace/src/install/my_robot_description:${AMENT_PREFIX_PATH} CMAKE_PREFIX_PATH=/home/erum/ros2_workspace/src/install/my_robot_description:/home/erum/install/ball_bot_description:/home/erum/learn_ros2_ws/install/my_first_package:/opt/ros/jazzy/opt/gz_sim_vendor:/opt/ros/jazzy/opt/gz_sensors_vendor:/opt/ros/jazzy/opt/gz_physics_vendor:/opt/ros/jazzy/opt/sdformat_vendor:/opt/ros/jazzy/opt/gz_gui_vendor:/opt/ros/jazzy/opt/gz_transport_vendor:/opt/ros/jazzy/opt/gz_rendering_vendor:/opt/ros/jazzy/opt/gz_plugin_vendor:/opt/ros/jazzy/opt/gz_fuel_tools_vendor:/opt/ros/jazzy/opt/gz_msgs_vendor:/opt/ros/jazzy/opt/gz_common_vendor:/opt/ros/jazzy/opt/gz_math_vendor:/opt/ros/jazzy/opt/gz_utils_vendor:/opt/ros/jazzy/opt/gz_tools_vendor:/opt/ros/jazzy/opt/gz_ogre_next_vendor:/opt/ros/jazzy/opt/gz_dartsim_vendor:/opt/ros/jazzy/opt/gz_cmake_vendor:/home/erum/install/my_first_pkg:/opt/ros/jazzy DEBUGINFOD_URLS=https://debuginfod.ubuntu.com /usr/bin/cmake --install /home/erum/ros2_workspace/src/build/my_robot_bringup
