[0.015s] Invoking command in '/home/erum/ros2_workspace/build/ball_bot_description': CMAKE_PREFIX_PATH=${CMAKE_PREFIX_PATH}:/home/erum/ros2_workspace/install/rect_area_pkg:/home/erum/ros2_workspace/install/add_two_ints_pkg:/home/erum/ros2_workspace/install/my_first_pkg:/home/erum/ros2_workspace/install/Erum_pde4430:/home/erum/install/my_first_pkg:/opt/ros/jazzy DEBUGINFOD_URLS=https://debuginfod.ubuntu.com /usr/bin/cmake --build /home/erum/ros2_workspace/build/ball_bot_description -- -j2 -l2
[0.069s] Invoked command in '/home/erum/ros2_workspace/build/ball_bot_description' returned '0': CMAKE_PREFIX_PATH=${CMAKE_PREFIX_PATH}:/home/erum/ros2_workspace/install/rect_area_pkg:/home/erum/ros2_workspace/install/add_two_ints_pkg:/home/erum/ros2_workspace/install/my_first_pkg:/home/erum/ros2_workspace/install/Erum_pde4430:/home/erum/install/my_first_pkg:/opt/ros/jazzy DEBUGINFOD_URLS=https://debuginfod.ubuntu.com /usr/bin/cmake --build /home/erum/ros2_workspace/build/ball_bot_description -- -j2 -l2
[0.078s] Invoking command in '/home/erum/ros2_workspace/build/ball_bot_description': CMAKE_PREFIX_PATH=${CMAKE_PREFIX_PATH}:/home/erum/ros2_workspace/install/rect_area_pkg:/home/erum/ros2_workspace/install/add_two_ints_pkg:/home/erum/ros2_workspace/install/my_first_pkg:/home/erum/ros2_workspace/install/Erum_pde4430:/home/erum/install/my_first_pkg:/opt/ros/jazzy DEBUGINFOD_URLS=https://debuginfod.ubuntu.com /usr/bin/cmake --install /home/erum/ros2_workspace/build/ball_bot_description
[0.100s] -- Install configuration: ""
[0.100s] -- Up-to-date: /home/erum/ros2_workspace/install/ball_bot_description/share/ball_bot_description/urdf
[0.100s] -- Up-to-date: /home/erum/ros2_workspace/install/ball_bot_description/share/ball_bot_description/urdf/ball_bot.urdf
[0.100s] -- Up-to-date: /home/erum/ros2_workspace/install/ball_bot_description/share/ball_bot_description/meshes
[0.100s] -- Up-to-date: /home/erum/ros2_workspace/install/ball_bot_description/share/ball_bot_description/launch
[0.100s] -- Installing: /home/erum/ros2_workspace/install/ball_bot_description/share/ball_bot_description/launch/spawn_ball_bot.launch.py
[0.100s] -- Up-to-date: /home/erum/ros2_workspace/install/ball_bot_description/share/ament_index/resource_index/package_run_dependencies/ball_bot_description
[0.100s] -- Up-to-date: /home/erum/ros2_workspace/install/ball_bot_description/share/ament_index/resource_index/parent_prefix_path/ball_bot_description
[0.100s] -- Up-to-date: /home/erum/ros2_workspace/install/ball_bot_description/share/ball_bot_description/environment/ament_prefix_path.sh
[0.100s] -- Up-to-date: /home/erum/ros2_workspace/install/ball_bot_description/share/ball_bot_description/environment/ament_prefix_path.dsv
[0.100s] -- Up-to-date: /home/erum/ros2_workspace/install/ball_bot_description/share/ball_bot_description/environment/path.sh
[0.100s] -- Up-to-date: /home/erum/ros2_workspace/install/ball_bot_description/share/ball_bot_description/environment/path.dsv
[0.100s] -- Up-to-date: /home/erum/ros2_workspace/install/ball_bot_description/share/ball_bot_description/local_setup.bash
[0.100s] -- Up-to-date: /home/erum/ros2_workspace/install/ball_bot_description/share/ball_bot_description/local_setup.sh
[0.101s] -- Up-to-date: /home/erum/ros2_workspace/install/ball_bot_description/share/ball_bot_description/local_setup.zsh
[0.101s] -- Up-to-date: /home/erum/ros2_workspace/install/ball_bot_description/share/ball_bot_description/local_setup.dsv
[0.101s] -- Installing: /home/erum/ros2_workspace/install/ball_bot_description/share/ball_bot_description/package.dsv
[0.101s] -- Up-to-date: /home/erum/ros2_workspace/install/ball_bot_description/share/ament_index/resource_index/packages/ball_bot_description
[0.101s] -- Up-to-date: /home/erum/ros2_workspace/install/ball_bot_description/share/ball_bot_description/cmake/ball_bot_descriptionConfig.cmake
[0.101s] -- Up-to-date: /home/erum/ros2_workspace/install/ball_bot_description/share/ball_bot_description/cmake/ball_bot_descriptionConfig-version.cmake
[0.101s] -- Up-to-date: /home/erum/ros2_workspace/install/ball_bot_description/share/ball_bot_description/package.xml
[0.105s] Invoked command in '/home/erum/ros2_workspace/build/ball_bot_description' returned '0': CMAKE_PREFIX_PATH=${CMAKE_PREFIX_PATH}:/home/erum/ros2_workspace/install/rect_area_pkg:/home/erum/ros2_workspace/install/add_two_ints_pkg:/home/erum/ros2_workspace/install/my_first_pkg:/home/erum/ros2_workspace/install/Erum_pde4430:/home/erum/install/my_first_pkg:/opt/ros/jazzy DEBUGINFOD_URLS=https://debuginfod.ubuntu.com /usr/bin/cmake --install /home/erum/ros2_workspace/build/ball_bot_description
