[3.410s] Invoking command in '/home/erum/ros2_workspace/src/my_first_pkg': DEBUGINFOD_URLS=https://debuginfod.ubuntu.com PYTHONPATH=/home/erum/ros2_workspace/build/my_first_pkg/prefix_override:/usr/lib/python3/dist-packages/colcon_core/task/python/colcon_distutils_commands:/home/erum/ros2_workspace/install/my_first_pkg/lib/python3.12/site-packages:${PYTHONPATH} /usr/bin/python3 -W ignore:setup.py install is deprecated -W ignore:easy_install command is deprecated setup.py egg_info --egg-base ../../build/my_first_pkg build --build-base /home/erum/ros2_workspace/build/my_first_pkg/build install --record /home/erum/ros2_workspace/build/my_first_pkg/install.log --single-version-externally-managed install_data
[5.040s] running egg_info
[5.043s] creating ../../build/my_first_pkg/my_first_pkg.egg-info
[5.206s] writing ../../build/my_first_pkg/my_first_pkg.egg-info/PKG-INFO
[5.213s] writing dependency_links to ../../build/my_first_pkg/my_first_pkg.egg-info/dependency_links.txt
[5.215s] writing entry points to ../../build/my_first_pkg/my_first_pkg.egg-info/entry_points.txt
[5.216s] writing requirements to ../../build/my_first_pkg/my_first_pkg.egg-info/requires.txt
[5.217s] writing top-level names to ../../build/my_first_pkg/my_first_pkg.egg-info/top_level.txt
[5.220s] writing manifest file '../../build/my_first_pkg/my_first_pkg.egg-info/SOURCES.txt'
[5.337s] reading manifest file '../../build/my_first_pkg/my_first_pkg.egg-info/SOURCES.txt'
[5.366s] writing manifest file '../../build/my_first_pkg/my_first_pkg.egg-info/SOURCES.txt'
[5.366s] running build
[5.366s] running build_py
[5.366s] creating /home/erum/ros2_workspace/build/my_first_pkg/build
[5.366s] creating /home/erum/ros2_workspace/build/my_first_pkg/build/lib
[5.369s] creating /home/erum/ros2_workspace/build/my_first_pkg/build/lib/my_first_pkg
[5.370s] copying my_first_pkg/minimal_subscriber.py -> /home/erum/ros2_workspace/build/my_first_pkg/build/lib/my_first_pkg
[5.370s] copying my_first_pkg/__init__.py -> /home/erum/ros2_workspace/build/my_first_pkg/build/lib/my_first_pkg
[5.373s] copying my_first_pkg/minimal_publisher.py -> /home/erum/ros2_workspace/build/my_first_pkg/build/lib/my_first_pkg
[5.373s] running install
[5.387s] running install_lib
[5.449s] creating /home/erum/ros2_workspace/install/my_first_pkg/lib/python3.12/site-packages/my_first_pkg
[5.457s] copying /home/erum/ros2_workspace/build/my_first_pkg/build/lib/my_first_pkg/minimal_subscriber.py -> /home/erum/ros2_workspace/install/my_first_pkg/lib/python3.12/site-packages/my_first_pkg
[5.459s] copying /home/erum/ros2_workspace/build/my_first_pkg/build/lib/my_first_pkg/__init__.py -> /home/erum/ros2_workspace/install/my_first_pkg/lib/python3.12/site-packages/my_first_pkg
[5.469s] copying /home/erum/ros2_workspace/build/my_first_pkg/build/lib/my_first_pkg/minimal_publisher.py -> /home/erum/ros2_workspace/install/my_first_pkg/lib/python3.12/site-packages/my_first_pkg
[5.477s] byte-compiling /home/erum/ros2_workspace/install/my_first_pkg/lib/python3.12/site-packages/my_first_pkg/minimal_subscriber.py to minimal_subscriber.cpython-312.pyc
[5.485s] byte-compiling /home/erum/ros2_workspace/install/my_first_pkg/lib/python3.12/site-packages/my_first_pkg/__init__.py to __init__.cpython-312.pyc
[5.487s] byte-compiling /home/erum/ros2_workspace/install/my_first_pkg/lib/python3.12/site-packages/my_first_pkg/minimal_publisher.py to minimal_publisher.cpython-312.pyc
[5.488s] running install_data
[5.489s] creating /home/erum/ros2_workspace/install/my_first_pkg/share/ament_index
[5.489s] creating /home/erum/ros2_workspace/install/my_first_pkg/share/ament_index/resource_index
[5.490s] creating /home/erum/ros2_workspace/install/my_first_pkg/share/ament_index/resource_index/packages
[5.491s] copying resource/my_first_pkg -> /home/erum/ros2_workspace/install/my_first_pkg/share/ament_index/resource_index/packages
[5.495s] copying package.xml -> /home/erum/ros2_workspace/install/my_first_pkg/share/my_first_pkg
[5.495s] running install_egg_info
[5.552s] Copying ../../build/my_first_pkg/my_first_pkg.egg-info to /home/erum/ros2_workspace/install/my_first_pkg/lib/python3.12/site-packages/my_first_pkg-0.0.0-py3.12.egg-info
[5.561s] running install_scripts
[6.011s] Installing minimal_publisher script to /home/erum/ros2_workspace/install/my_first_pkg/lib/my_first_pkg
[6.012s] Installing minimal_subscriber script to /home/erum/ros2_workspace/install/my_first_pkg/lib/my_first_pkg
[6.013s] writing list of installed files to '/home/erum/ros2_workspace/build/my_first_pkg/install.log'
[6.099s] Invoked command in '/home/erum/ros2_workspace/src/my_first_pkg' returned '0': DEBUGINFOD_URLS=https://debuginfod.ubuntu.com PYTHONPATH=/home/erum/ros2_workspace/build/my_first_pkg/prefix_override:/usr/lib/python3/dist-packages/colcon_core/task/python/colcon_distutils_commands:/home/erum/ros2_workspace/install/my_first_pkg/lib/python3.12/site-packages:${PYTHONPATH} /usr/bin/python3 -W ignore:setup.py install is deprecated -W ignore:easy_install command is deprecated setup.py egg_info --egg-base ../../build/my_first_pkg build --build-base /home/erum/ros2_workspace/build/my_first_pkg/build install --record /home/erum/ros2_workspace/build/my_first_pkg/install.log --single-version-externally-managed install_data
