[2.237s] Invoking command in '/home/erum/ros2_workspace/src/add_two_ints_pkg': DEBUGINFOD_URLS=https://debuginfod.ubuntu.com PYTHONPATH=/home/erum/ros2_workspace/build/add_two_ints_pkg/prefix_override:/usr/lib/python3/dist-packages/colcon_core/task/python/colcon_distutils_commands:/home/erum/ros2_workspace/install/add_two_ints_pkg/lib/python3.12/site-packages:/home/erum/ros2_workspace/install/new_interfaces/lib/python3.12/site-packages:/home/erum/ros2_workspace/build/rect_area_pkg:/home/erum/ros2_workspace/build/add_two_ints_pkg:/home/erum/ros2_workspace/build/my_first_pkg:/home/erum/ros2_workspace/build/Erum_pde4430:/home/erum/ros2_workspace/install/rect_area_pkg/lib/python3.12/site-packages:/home/erum/ros2_workspace/install/add_two_ints_pkg/lib/python3.12/site-packages:/home/erum/ros2_workspace/install/my_first_pkg/lib/python3.12/site-packages:/home/erum/ros2_workspace/install/Erum_pde4430/lib/python3.12/site-packages:/home/erum/install/my_first_pkg/lib/python3.12/site-packages:/opt/ros/jazzy/lib/python3.12/site-packages /usr/bin/python3 -W ignore:setup.py install is deprecated -W ignore:easy_install command is deprecated setup.py egg_info --egg-base ../../build/add_two_ints_pkg build --build-base /home/erum/ros2_workspace/build/add_two_ints_pkg/build install --record /home/erum/ros2_workspace/build/add_two_ints_pkg/install.log --single-version-externally-managed install_data
[2.775s] running egg_info
[2.776s] creating ../../build/add_two_ints_pkg/add_two_ints_pkg.egg-info
[2.838s] writing ../../build/add_two_ints_pkg/add_two_ints_pkg.egg-info/PKG-INFO
[2.845s] writing dependency_links to ../../build/add_two_ints_pkg/add_two_ints_pkg.egg-info/dependency_links.txt
[2.845s] writing entry points to ../../build/add_two_ints_pkg/add_two_ints_pkg.egg-info/entry_points.txt
[2.847s] writing requirements to ../../build/add_two_ints_pkg/add_two_ints_pkg.egg-info/requires.txt
[2.848s] writing top-level names to ../../build/add_two_ints_pkg/add_two_ints_pkg.egg-info/top_level.txt
[2.852s] writing manifest file '../../build/add_two_ints_pkg/add_two_ints_pkg.egg-info/SOURCES.txt'
[2.993s] reading manifest file '../../build/add_two_ints_pkg/add_two_ints_pkg.egg-info/SOURCES.txt'
[2.994s] writing manifest file '../../build/add_two_ints_pkg/add_two_ints_pkg.egg-info/SOURCES.txt'
[2.997s] running build
[2.997s] running build_py
[2.997s] creating /home/erum/ros2_workspace/build/add_two_ints_pkg/build
[2.998s] creating /home/erum/ros2_workspace/build/add_two_ints_pkg/build/lib
[2.999s] creating /home/erum/ros2_workspace/build/add_two_ints_pkg/build/lib/add_two_ints_pkg
[3.002s] copying add_two_ints_pkg/minimal_client.py -> /home/erum/ros2_workspace/build/add_two_ints_pkg/build/lib/add_two_ints_pkg
[3.002s] copying add_two_ints_pkg/__init__.py -> /home/erum/ros2_workspace/build/add_two_ints_pkg/build/lib/add_two_ints_pkg
[3.002s] copying add_two_ints_pkg/minimal_server.py -> /home/erum/ros2_workspace/build/add_two_ints_pkg/build/lib/add_two_ints_pkg
[3.004s] running install
[3.018s] running install_lib
[3.046s] creating /home/erum/ros2_workspace/install/add_two_ints_pkg/lib/python3.12/site-packages/add_two_ints_pkg
[3.051s] copying /home/erum/ros2_workspace/build/add_two_ints_pkg/build/lib/add_two_ints_pkg/minimal_client.py -> /home/erum/ros2_workspace/install/add_two_ints_pkg/lib/python3.12/site-packages/add_two_ints_pkg
[3.051s] copying /home/erum/ros2_workspace/build/add_two_ints_pkg/build/lib/add_two_ints_pkg/__init__.py -> /home/erum/ros2_workspace/install/add_two_ints_pkg/lib/python3.12/site-packages/add_two_ints_pkg
[3.051s] copying /home/erum/ros2_workspace/build/add_two_ints_pkg/build/lib/add_two_ints_pkg/minimal_server.py -> /home/erum/ros2_workspace/install/add_two_ints_pkg/lib/python3.12/site-packages/add_two_ints_pkg
[3.052s] byte-compiling /home/erum/ros2_workspace/install/add_two_ints_pkg/lib/python3.12/site-packages/add_two_ints_pkg/minimal_client.py to minimal_client.cpython-312.pyc
[3.055s] byte-compiling /home/erum/ros2_workspace/install/add_two_ints_pkg/lib/python3.12/site-packages/add_two_ints_pkg/__init__.py to __init__.cpython-312.pyc
[3.056s] byte-compiling /home/erum/ros2_workspace/install/add_two_ints_pkg/lib/python3.12/site-packages/add_two_ints_pkg/minimal_server.py to minimal_server.cpython-312.pyc
[3.056s] running install_data
[3.057s] creating /home/erum/ros2_workspace/install/add_two_ints_pkg/share/ament_index
[3.058s] creating /home/erum/ros2_workspace/install/add_two_ints_pkg/share/ament_index/resource_index
[3.058s] creating /home/erum/ros2_workspace/install/add_two_ints_pkg/share/ament_index/resource_index/packages
[3.061s] copying resource/add_two_ints_pkg -> /home/erum/ros2_workspace/install/add_two_ints_pkg/share/ament_index/resource_index/packages
[3.061s] copying package.xml -> /home/erum/ros2_workspace/install/add_two_ints_pkg/share/add_two_ints_pkg
[3.061s] running install_egg_info
[3.096s] Copying ../../build/add_two_ints_pkg/add_two_ints_pkg.egg-info to /home/erum/ros2_workspace/install/add_two_ints_pkg/lib/python3.12/site-packages/add_two_ints_pkg-0.0.0-py3.12.egg-info
[3.099s] running install_scripts
[3.400s] Installing minimal_client script to /home/erum/ros2_workspace/install/add_two_ints_pkg/lib/add_two_ints_pkg
[3.402s] Installing minimal_server script to /home/erum/ros2_workspace/install/add_two_ints_pkg/lib/add_two_ints_pkg
[3.402s] writing list of installed files to '/home/erum/ros2_workspace/build/add_two_ints_pkg/install.log'
[3.477s] Invoked command in '/home/erum/ros2_workspace/src/add_two_ints_pkg' returned '0': DEBUGINFOD_URLS=https://debuginfod.ubuntu.com PYTHONPATH=/home/erum/ros2_workspace/build/add_two_ints_pkg/prefix_override:/usr/lib/python3/dist-packages/colcon_core/task/python/colcon_distutils_commands:/home/erum/ros2_workspace/install/add_two_ints_pkg/lib/python3.12/site-packages:/home/erum/ros2_workspace/install/new_interfaces/lib/python3.12/site-packages:/home/erum/ros2_workspace/build/rect_area_pkg:/home/erum/ros2_workspace/build/add_two_ints_pkg:/home/erum/ros2_workspace/build/my_first_pkg:/home/erum/ros2_workspace/build/Erum_pde4430:/home/erum/ros2_workspace/install/rect_area_pkg/lib/python3.12/site-packages:/home/erum/ros2_workspace/install/add_two_ints_pkg/lib/python3.12/site-packages:/home/erum/ros2_workspace/install/my_first_pkg/lib/python3.12/site-packages:/home/erum/ros2_workspace/install/Erum_pde4430/lib/python3.12/site-packages:/home/erum/install/my_first_pkg/lib/python3.12/site-packages:/opt/ros/jazzy/lib/python3.12/site-packages /usr/bin/python3 -W ignore:setup.py install is deprecated -W ignore:easy_install command is deprecated setup.py egg_info --egg-base ../../build/add_two_ints_pkg build --build-base /home/erum/ros2_workspace/build/add_two_ints_pkg/build install --record /home/erum/ros2_workspace/build/add_two_ints_pkg/install.log --single-version-externally-managed install_data
