[0.939s] Invoking command in '/home/erum/ros2/ros2_ws/src/my_first_pkg': DEBUGINFOD_URLS=https://debuginfod.ubuntu.com PYTHONPATH=/home/erum/ros2/ros2_ws/build/my_first_pkg/prefix_override:/usr/lib/python3/dist-packages/colcon_core/task/python/colcon_distutils_commands:/home/erum/ros2/ros2_ws/install/my_first_pkg/lib/python3.12/site-packages:${PYTHONPATH} /usr/bin/python3 -W ignore:setup.py install is deprecated -W ignore:easy_install command is deprecated setup.py egg_info --egg-base ../../build/my_first_pkg build --build-base /home/erum/ros2/ros2_ws/build/my_first_pkg/build install --record /home/erum/ros2/ros2_ws/build/my_first_pkg/install.log --single-version-externally-managed install_data
[1.112s] running egg_info
[1.125s] writing ../../build/my_first_pkg/my_first_pkg.egg-info/PKG-INFO
[1.125s] writing dependency_links to ../../build/my_first_pkg/my_first_pkg.egg-info/dependency_links.txt
[1.126s] writing entry points to ../../build/my_first_pkg/my_first_pkg.egg-info/entry_points.txt
[1.127s] writing requirements to ../../build/my_first_pkg/my_first_pkg.egg-info/requires.txt
[1.127s] writing top-level names to ../../build/my_first_pkg/my_first_pkg.egg-info/top_level.txt
[1.153s] reading manifest file '../../build/my_first_pkg/my_first_pkg.egg-info/SOURCES.txt'
[1.154s] writing manifest file '../../build/my_first_pkg/my_first_pkg.egg-info/SOURCES.txt'
[1.154s] running build
[1.154s] running build_py
[1.154s] running install
[1.158s] running install_lib
[1.171s] running install_data
[1.171s] running install_egg_info
[1.185s] removing '/home/erum/ros2/ros2_ws/install/my_first_pkg/lib/python3.12/site-packages/my_first_pkg-0.0.0-py3.12.egg-info' (and everything under it)
[1.187s] Copying ../../build/my_first_pkg/my_first_pkg.egg-info to /home/erum/ros2/ros2_ws/install/my_first_pkg/lib/python3.12/site-packages/my_first_pkg-0.0.0-py3.12.egg-info
[1.189s] running install_scripts
[1.280s] Installing minimal_publisher script to /home/erum/ros2/ros2_ws/install/my_first_pkg/lib/my_first_pkg
[1.281s] writing list of installed files to '/home/erum/ros2/ros2_ws/build/my_first_pkg/install.log'
[1.302s] Invoked command in '/home/erum/ros2/ros2_ws/src/my_first_pkg' returned '0': DEBUGINFOD_URLS=https://debuginfod.ubuntu.com PYTHONPATH=/home/erum/ros2/ros2_ws/build/my_first_pkg/prefix_override:/usr/lib/python3/dist-packages/colcon_core/task/python/colcon_distutils_commands:/home/erum/ros2/ros2_ws/install/my_first_pkg/lib/python3.12/site-packages:${PYTHONPATH} /usr/bin/python3 -W ignore:setup.py install is deprecated -W ignore:easy_install command is deprecated setup.py egg_info --egg-base ../../build/my_first_pkg build --build-base /home/erum/ros2/ros2_ws/build/my_first_pkg/build install --record /home/erum/ros2/ros2_ws/build/my_first_pkg/install.log --single-version-externally-managed install_data
