[0.945s] Invoking command in '/home/erum/ros2/ros2_ws/src/my_first_pkg': DEBUGINFOD_URLS=https://debuginfod.ubuntu.com PYTHONPATH=/home/erum/ros2/ros2_ws/build/my_first_pkg/prefix_override:/usr/lib/python3/dist-packages/colcon_core/task/python/colcon_distutils_commands:/home/erum/ros2/ros2_ws/install/my_first_pkg/lib/python3.12/site-packages:${PYTHONPATH} /usr/bin/python3 -W ignore:setup.py install is deprecated -W ignore:easy_install command is deprecated setup.py egg_info --egg-base ../../build/my_first_pkg build --build-base /home/erum/ros2/ros2_ws/build/my_first_pkg/build install --record /home/erum/ros2/ros2_ws/build/my_first_pkg/install.log --single-version-externally-managed install_data
[1.118s] running egg_info
[1.130s] writing ../../build/my_first_pkg/my_first_pkg.egg-info/PKG-INFO
[1.130s] writing dependency_links to ../../build/my_first_pkg/my_first_pkg.egg-info/dependency_links.txt
[1.130s] writing entry points to ../../build/my_first_pkg/my_first_pkg.egg-info/entry_points.txt
[1.131s] writing requirements to ../../build/my_first_pkg/my_first_pkg.egg-info/requires.txt
[1.131s] writing top-level names to ../../build/my_first_pkg/my_first_pkg.egg-info/top_level.txt
[1.156s] reading manifest file '../../build/my_first_pkg/my_first_pkg.egg-info/SOURCES.txt'
[1.157s] writing manifest file '../../build/my_first_pkg/my_first_pkg.egg-info/SOURCES.txt'
[1.157s] running build
[1.157s] running build_py
[1.157s] copying my_first_pkg/minimal_publisher.py -> /home/erum/ros2/ros2_ws/build/my_first_pkg/build/lib/my_first_pkg
[1.158s] running install
[1.162s] running install_lib
[1.174s] copying /home/erum/ros2/ros2_ws/build/my_first_pkg/build/lib/my_first_pkg/minimal_publisher.py -> /home/erum/ros2/ros2_ws/install/my_first_pkg/lib/python3.12/site-packages/my_first_pkg
[1.175s] byte-compiling /home/erum/ros2/ros2_ws/install/my_first_pkg/lib/python3.12/site-packages/my_first_pkg/minimal_publisher.py to minimal_publisher.cpython-312.pyc
[1.177s] running install_data
[1.177s] running install_egg_info
[1.190s] removing '/home/erum/ros2/ros2_ws/install/my_first_pkg/lib/python3.12/site-packages/my_first_pkg-0.0.0-py3.12.egg-info' (and everything under it)
[1.193s] Copying ../../build/my_first_pkg/my_first_pkg.egg-info to /home/erum/ros2/ros2_ws/install/my_first_pkg/lib/python3.12/site-packages/my_first_pkg-0.0.0-py3.12.egg-info
[1.194s] running install_scripts
[1.282s] Installing minimal_publisher script to /home/erum/ros2/ros2_ws/install/my_first_pkg/lib/my_first_pkg
[1.283s] writing list of installed files to '/home/erum/ros2/ros2_ws/build/my_first_pkg/install.log'
[1.305s] Invoked command in '/home/erum/ros2/ros2_ws/src/my_first_pkg' returned '0': DEBUGINFOD_URLS=https://debuginfod.ubuntu.com PYTHONPATH=/home/erum/ros2/ros2_ws/build/my_first_pkg/prefix_override:/usr/lib/python3/dist-packages/colcon_core/task/python/colcon_distutils_commands:/home/erum/ros2/ros2_ws/install/my_first_pkg/lib/python3.12/site-packages:${PYTHONPATH} /usr/bin/python3 -W ignore:setup.py install is deprecated -W ignore:easy_install command is deprecated setup.py egg_info --egg-base ../../build/my_first_pkg build --build-base /home/erum/ros2/ros2_ws/build/my_first_pkg/build install --record /home/erum/ros2/ros2_ws/build/my_first_pkg/install.log --single-version-externally-managed install_data
