[2.791s] Invoking command in '/home/erum/ros2_workspace/src/Erum_pde4430': DEBUGINFOD_URLS=https://debuginfod.ubuntu.com PYTHONPATH=/home/erum/ros2_workspace/build/Erum_pde4430/prefix_override:/usr/lib/python3/dist-packages/colcon_core/task/python/colcon_distutils_commands:/home/erum/ros2_workspace/install/Erum_pde4430/lib/python3.12/site-packages:${PYTHONPATH} /usr/bin/python3 -W ignore:setup.py install is deprecated -W ignore:easy_install command is deprecated setup.py egg_info --egg-base ../../build/Erum_pde4430 build --build-base /home/erum/ros2_workspace/build/Erum_pde4430/build install --record /home/erum/ros2_workspace/build/Erum_pde4430/install.log --single-version-externally-managed install_data
[3.228s] running egg_info
[3.254s] writing ../../build/Erum_pde4430/Erum_pde4430.egg-info/PKG-INFO
[3.256s] writing dependency_links to ../../build/Erum_pde4430/Erum_pde4430.egg-info/dependency_links.txt
[3.256s] writing entry points to ../../build/Erum_pde4430/Erum_pde4430.egg-info/entry_points.txt
[3.257s] writing requirements to ../../build/Erum_pde4430/Erum_pde4430.egg-info/requires.txt
[3.257s] writing top-level names to ../../build/Erum_pde4430/Erum_pde4430.egg-info/top_level.txt
[3.303s] reading manifest file '../../build/Erum_pde4430/Erum_pde4430.egg-info/SOURCES.txt'
[3.304s] writing manifest file '../../build/Erum_pde4430/Erum_pde4430.egg-info/SOURCES.txt'
[3.307s] running build
[3.307s] running build_py
[3.307s] copying Erum_pde4430/figure8_move.py -> /home/erum/ros2_workspace/build/Erum_pde4430/build/lib/Erum_pde4430
[3.307s] running install
[3.323s] running install_lib
[3.357s] copying /home/erum/ros2_workspace/build/Erum_pde4430/build/lib/Erum_pde4430/figure8_move.py -> /home/erum/ros2_workspace/install/Erum_pde4430/lib/python3.12/site-packages/Erum_pde4430
[3.358s] byte-compiling /home/erum/ros2_workspace/install/Erum_pde4430/lib/python3.12/site-packages/Erum_pde4430/figure8_move.py to figure8_move.cpython-312.pyc
[3.361s] running install_data
[3.361s] running install_egg_info
[3.388s] removing '/home/erum/ros2_workspace/install/Erum_pde4430/lib/python3.12/site-packages/Erum_pde4430-0.0.0-py3.12.egg-info' (and everything under it)
[3.392s] Copying ../../build/Erum_pde4430/Erum_pde4430.egg-info to /home/erum/ros2_workspace/install/Erum_pde4430/lib/python3.12/site-packages/Erum_pde4430-0.0.0-py3.12.egg-info
[3.398s] running install_scripts
[3.712s] Installing circular_move script to /home/erum/ros2_workspace/install/Erum_pde4430/lib/Erum_pde4430
[3.713s] Installing figure8_move script to /home/erum/ros2_workspace/install/Erum_pde4430/lib/Erum_pde4430
[3.716s] Installing straightmove script to /home/erum/ros2_workspace/install/Erum_pde4430/lib/Erum_pde4430
[3.720s] writing list of installed files to '/home/erum/ros2_workspace/build/Erum_pde4430/install.log'
[3.767s] Invoked command in '/home/erum/ros2_workspace/src/Erum_pde4430' returned '0': DEBUGINFOD_URLS=https://debuginfod.ubuntu.com PYTHONPATH=/home/erum/ros2_workspace/build/Erum_pde4430/prefix_override:/usr/lib/python3/dist-packages/colcon_core/task/python/colcon_distutils_commands:/home/erum/ros2_workspace/install/Erum_pde4430/lib/python3.12/site-packages:${PYTHONPATH} /usr/bin/python3 -W ignore:setup.py install is deprecated -W ignore:easy_install command is deprecated setup.py egg_info --egg-base ../../build/Erum_pde4430 build --build-base /home/erum/ros2_workspace/build/Erum_pde4430/build install --record /home/erum/ros2_workspace/build/Erum_pde4430/install.log --single-version-externally-managed install_data
