[5.136s] Invoking command in '/home/erum/ros2_workspace/src/Erum_pde4430': DEBUGINFOD_URLS=https://debuginfod.ubuntu.com PYTHONPATH=/home/erum/ros2_workspace/build/Erum_pde4430/prefix_override:/usr/lib/python3/dist-packages/colcon_core/task/python/colcon_distutils_commands:/home/erum/ros2_workspace/install/Erum_pde4430/lib/python3.12/site-packages:${PYTHONPATH} /usr/bin/python3 -W ignore:setup.py install is deprecated -W ignore:easy_install command is deprecated setup.py egg_info --egg-base ../../build/Erum_pde4430 build --build-base /home/erum/ros2_workspace/build/Erum_pde4430/build install --record /home/erum/ros2_workspace/build/Erum_pde4430/install.log --single-version-externally-managed install_data
[5.955s] running egg_info
[5.980s] writing ../../build/Erum_pde4430/Erum_pde4430.egg-info/PKG-INFO
[5.983s] writing dependency_links to ../../build/Erum_pde4430/Erum_pde4430.egg-info/dependency_links.txt
[5.983s] writing entry points to ../../build/Erum_pde4430/Erum_pde4430.egg-info/entry_points.txt
[5.984s] writing requirements to ../../build/Erum_pde4430/Erum_pde4430.egg-info/requires.txt
[5.984s] writing top-level names to ../../build/Erum_pde4430/Erum_pde4430.egg-info/top_level.txt
[6.039s] reading manifest file '../../build/Erum_pde4430/Erum_pde4430.egg-info/SOURCES.txt'
[6.042s] writing manifest file '../../build/Erum_pde4430/Erum_pde4430.egg-info/SOURCES.txt'
[6.042s] running build
[6.042s] running build_py
[6.042s] copying Erum_pde4430/figure8_move.py -> /home/erum/ros2_workspace/build/Erum_pde4430/build/lib/Erum_pde4430
[6.044s] running install
[6.051s] running install_lib
[6.073s] copying /home/erum/ros2_workspace/build/Erum_pde4430/build/lib/Erum_pde4430/figure8_move.py -> /home/erum/ros2_workspace/install/Erum_pde4430/lib/python3.12/site-packages/Erum_pde4430
[6.075s] byte-compiling /home/erum/ros2_workspace/install/Erum_pde4430/lib/python3.12/site-packages/Erum_pde4430/figure8_move.py to figure8_move.cpython-312.pyc
[6.077s] running install_data
[6.077s] running install_egg_info
[6.101s] removing '/home/erum/ros2_workspace/install/Erum_pde4430/lib/python3.12/site-packages/Erum_pde4430-0.0.0-py3.12.egg-info' (and everything under it)
[6.107s] Copying ../../build/Erum_pde4430/Erum_pde4430.egg-info to /home/erum/ros2_workspace/install/Erum_pde4430/lib/python3.12/site-packages/Erum_pde4430-0.0.0-py3.12.egg-info
[6.111s] running install_scripts
[6.367s] Installing circular_move script to /home/erum/ros2_workspace/install/Erum_pde4430/lib/Erum_pde4430
[6.369s] Installing figure8_move script to /home/erum/ros2_workspace/install/Erum_pde4430/lib/Erum_pde4430
[6.372s] Installing straightmove script to /home/erum/ros2_workspace/install/Erum_pde4430/lib/Erum_pde4430
[6.373s] writing list of installed files to '/home/erum/ros2_workspace/build/Erum_pde4430/install.log'
[6.421s] Invoked command in '/home/erum/ros2_workspace/src/Erum_pde4430' returned '0': DEBUGINFOD_URLS=https://debuginfod.ubuntu.com PYTHONPATH=/home/erum/ros2_workspace/build/Erum_pde4430/prefix_override:/usr/lib/python3/dist-packages/colcon_core/task/python/colcon_distutils_commands:/home/erum/ros2_workspace/install/Erum_pde4430/lib/python3.12/site-packages:${PYTHONPATH} /usr/bin/python3 -W ignore:setup.py install is deprecated -W ignore:easy_install command is deprecated setup.py egg_info --egg-base ../../build/Erum_pde4430 build --build-base /home/erum/ros2_workspace/build/Erum_pde4430/build install --record /home/erum/ros2_workspace/build/Erum_pde4430/install.log --single-version-externally-managed install_data
