running egg_info
creating ../../build/add_two_ints_pkg/add_two_ints_pkg.egg-info
writing ../../build/add_two_ints_pkg/add_two_ints_pkg.egg-info/PKG-INFO
writing dependency_links to ../../build/add_two_ints_pkg/add_two_ints_pkg.egg-info/dependency_links.txt
writing entry points to ../../build/add_two_ints_pkg/add_two_ints_pkg.egg-info/entry_points.txt
writing requirements to ../../build/add_two_ints_pkg/add_two_ints_pkg.egg-info/requires.txt
writing top-level names to ../../build/add_two_ints_pkg/add_two_ints_pkg.egg-info/top_level.txt
writing manifest file '../../build/add_two_ints_pkg/add_two_ints_pkg.egg-info/SOURCES.txt'
reading manifest file '../../build/add_two_ints_pkg/add_two_ints_pkg.egg-info/SOURCES.txt'
writing manifest file '../../build/add_two_ints_pkg/add_two_ints_pkg.egg-info/SOURCES.txt'
running build
running build_py
creating /home/erum/ros2_workspace/build/add_two_ints_pkg/build
creating /home/erum/ros2_workspace/build/add_two_ints_pkg/build/lib
creating /home/erum/ros2_workspace/build/add_two_ints_pkg/build/lib/add_two_ints_pkg
copying add_two_ints_pkg/minimal_client.py -> /home/erum/ros2_workspace/build/add_two_ints_pkg/build/lib/add_two_ints_pkg
copying add_two_ints_pkg/__init__.py -> /home/erum/ros2_workspace/build/add_two_ints_pkg/build/lib/add_two_ints_pkg
copying add_two_ints_pkg/minimal_server.py -> /home/erum/ros2_workspace/build/add_two_ints_pkg/build/lib/add_two_ints_pkg
running install
running install_lib
creating /home/erum/ros2_workspace/install/add_two_ints_pkg/lib/python3.12/site-packages/add_two_ints_pkg
copying /home/erum/ros2_workspace/build/add_two_ints_pkg/build/lib/add_two_ints_pkg/minimal_client.py -> /home/erum/ros2_workspace/install/add_two_ints_pkg/lib/python3.12/site-packages/add_two_ints_pkg
copying /home/erum/ros2_workspace/build/add_two_ints_pkg/build/lib/add_two_ints_pkg/__init__.py -> /home/erum/ros2_workspace/install/add_two_ints_pkg/lib/python3.12/site-packages/add_two_ints_pkg
copying /home/erum/ros2_workspace/build/add_two_ints_pkg/build/lib/add_two_ints_pkg/minimal_server.py -> /home/erum/ros2_workspace/install/add_two_ints_pkg/lib/python3.12/site-packages/add_two_ints_pkg
byte-compiling /home/erum/ros2_workspace/install/add_two_ints_pkg/lib/python3.12/site-packages/add_two_ints_pkg/minimal_client.py to minimal_client.cpython-312.pyc
byte-compiling /home/erum/ros2_workspace/install/add_two_ints_pkg/lib/python3.12/site-packages/add_two_ints_pkg/__init__.py to __init__.cpython-312.pyc
byte-compiling /home/erum/ros2_workspace/install/add_two_ints_pkg/lib/python3.12/site-packages/add_two_ints_pkg/minimal_server.py to minimal_server.cpython-312.pyc
running install_data
creating /home/erum/ros2_workspace/install/add_two_ints_pkg/share/ament_index
creating /home/erum/ros2_workspace/install/add_two_ints_pkg/share/ament_index/resource_index
creating /home/erum/ros2_workspace/install/add_two_ints_pkg/share/ament_index/resource_index/packages
copying resource/add_two_ints_pkg -> /home/erum/ros2_workspace/install/add_two_ints_pkg/share/ament_index/resource_index/packages
copying package.xml -> /home/erum/ros2_workspace/install/add_two_ints_pkg/share/add_two_ints_pkg
running install_egg_info
Copying ../../build/add_two_ints_pkg/add_two_ints_pkg.egg-info to /home/erum/ros2_workspace/install/add_two_ints_pkg/lib/python3.12/site-packages/add_two_ints_pkg-0.0.0-py3.12.egg-info
running install_scripts
Installing minimal_client script to /home/erum/ros2_workspace/install/add_two_ints_pkg/lib/add_two_ints_pkg
Installing minimal_server script to /home/erum/ros2_workspace/install/add_two_ints_pkg/lib/add_two_ints_pkg
writing list of installed files to '/home/erum/ros2_workspace/build/add_two_ints_pkg/install.log'
