[0.922s] Invoking command in '/home/erum/ros2_workspace/src/add_two_ints_pkg': AMENT_PREFIX_PATH=/home/erum/ros2_workspace/install/new_interfaces:${AMENT_PREFIX_PATH} CMAKE_PREFIX_PATH=/home/erum/ros2_workspace/install/new_interfaces:${CMAKE_PREFIX_PATH} DEBUGINFOD_URLS=https://debuginfod.ubuntu.com LD_LIBRARY_PATH=/home/erum/ros2_workspace/install/new_interfaces/lib:${LD_LIBRARY_PATH} PYTHONPATH=/home/erum/ros2_workspace/build/add_two_ints_pkg/prefix_override:/usr/lib/python3/dist-packages/colcon_core/task/python/colcon_distutils_commands:/home/erum/ros2_workspace/install/add_two_ints_pkg/lib/python3.12/site-packages:/home/erum/ros2_workspace/install/new_interfaces/lib/python3.12/site-packages:${PYTHONPATH} /usr/bin/python3 -W ignore:setup.py install is deprecated -W ignore:easy_install command is deprecated setup.py egg_info --egg-base ../../build/add_two_ints_pkg build --build-base /home/erum/ros2_workspace/build/add_two_ints_pkg/build install --record /home/erum/ros2_workspace/build/add_two_ints_pkg/install.log --single-version-externally-managed install_data
[1.120s] running egg_info
[1.121s] creating ../../build/add_two_ints_pkg/add_two_ints_pkg.egg-info
[1.132s] writing ../../build/add_two_ints_pkg/add_two_ints_pkg.egg-info/PKG-INFO
[1.136s] writing dependency_links to ../../build/add_two_ints_pkg/add_two_ints_pkg.egg-info/dependency_links.txt
[1.136s] writing entry points to ../../build/add_two_ints_pkg/add_two_ints_pkg.egg-info/entry_points.txt
[1.136s] writing requirements to ../../build/add_two_ints_pkg/add_two_ints_pkg.egg-info/requires.txt
[1.136s] writing top-level names to ../../build/add_two_ints_pkg/add_two_ints_pkg.egg-info/top_level.txt
[1.136s] writing manifest file '../../build/add_two_ints_pkg/add_two_ints_pkg.egg-info/SOURCES.txt'
[1.163s] reading manifest file '../../build/add_two_ints_pkg/add_two_ints_pkg.egg-info/SOURCES.txt'
[1.163s] writing manifest file '../../build/add_two_ints_pkg/add_two_ints_pkg.egg-info/SOURCES.txt'
[1.163s] running build
[1.163s] running build_py
[1.164s] creating /home/erum/ros2_workspace/build/add_two_ints_pkg/build
[1.164s] creating /home/erum/ros2_workspace/build/add_two_ints_pkg/build/lib
[1.164s] creating /home/erum/ros2_workspace/build/add_two_ints_pkg/build/lib/add_two_ints_pkg
[1.165s] copying add_two_ints_pkg/minimal_client.py -> /home/erum/ros2_workspace/build/add_two_ints_pkg/build/lib/add_two_ints_pkg
[1.165s] copying add_two_ints_pkg/__init__.py -> /home/erum/ros2_workspace/build/add_two_ints_pkg/build/lib/add_two_ints_pkg
[1.166s] copying add_two_ints_pkg/minimal_server.py -> /home/erum/ros2_workspace/build/add_two_ints_pkg/build/lib/add_two_ints_pkg
[1.171s] running install
[1.175s] running install_lib
[1.193s] creating /home/erum/ros2_workspace/install/add_two_ints_pkg/lib/python3.12/site-packages/add_two_ints_pkg
[1.194s] copying /home/erum/ros2_workspace/build/add_two_ints_pkg/build/lib/add_two_ints_pkg/minimal_client.py -> /home/erum/ros2_workspace/install/add_two_ints_pkg/lib/python3.12/site-packages/add_two_ints_pkg
[1.194s] copying /home/erum/ros2_workspace/build/add_two_ints_pkg/build/lib/add_two_ints_pkg/__init__.py -> /home/erum/ros2_workspace/install/add_two_ints_pkg/lib/python3.12/site-packages/add_two_ints_pkg
[1.194s] copying /home/erum/ros2_workspace/build/add_two_ints_pkg/build/lib/add_two_ints_pkg/minimal_server.py -> /home/erum/ros2_workspace/install/add_two_ints_pkg/lib/python3.12/site-packages/add_two_ints_pkg
[1.195s] byte-compiling /home/erum/ros2_workspace/install/add_two_ints_pkg/lib/python3.12/site-packages/add_two_ints_pkg/minimal_client.py to minimal_client.cpython-312.pyc
[1.196s] byte-compiling /home/erum/ros2_workspace/install/add_two_ints_pkg/lib/python3.12/site-packages/add_two_ints_pkg/__init__.py to __init__.cpython-312.pyc
[1.196s] byte-compiling /home/erum/ros2_workspace/install/add_two_ints_pkg/lib/python3.12/site-packages/add_two_ints_pkg/minimal_server.py to minimal_server.cpython-312.pyc
[1.196s] running install_data
[1.196s] creating /home/erum/ros2_workspace/install/add_two_ints_pkg/share/ament_index
[1.196s] creating /home/erum/ros2_workspace/install/add_two_ints_pkg/share/ament_index/resource_index
[1.197s] creating /home/erum/ros2_workspace/install/add_two_ints_pkg/share/ament_index/resource_index/packages
[1.197s] copying resource/add_two_ints_pkg -> /home/erum/ros2_workspace/install/add_two_ints_pkg/share/ament_index/resource_index/packages
[1.197s] copying package.xml -> /home/erum/ros2_workspace/install/add_two_ints_pkg/share/add_two_ints_pkg
[1.198s] running install_egg_info
[1.215s] Copying ../../build/add_two_ints_pkg/add_two_ints_pkg.egg-info to /home/erum/ros2_workspace/install/add_two_ints_pkg/lib/python3.12/site-packages/add_two_ints_pkg-0.0.0-py3.12.egg-info
[1.215s] running install_scripts
[1.311s] Installing minimal_client script to /home/erum/ros2_workspace/install/add_two_ints_pkg/lib/add_two_ints_pkg
[1.312s] Installing minimal_server script to /home/erum/ros2_workspace/install/add_two_ints_pkg/lib/add_two_ints_pkg
[1.312s] writing list of installed files to '/home/erum/ros2_workspace/build/add_two_ints_pkg/install.log'
[1.337s] Invoked command in '/home/erum/ros2_workspace/src/add_two_ints_pkg' returned '0': AMENT_PREFIX_PATH=/home/erum/ros2_workspace/install/new_interfaces:${AMENT_PREFIX_PATH} CMAKE_PREFIX_PATH=/home/erum/ros2_workspace/install/new_interfaces:${CMAKE_PREFIX_PATH} DEBUGINFOD_URLS=https://debuginfod.ubuntu.com LD_LIBRARY_PATH=/home/erum/ros2_workspace/install/new_interfaces/lib:${LD_LIBRARY_PATH} PYTHONPATH=/home/erum/ros2_workspace/build/add_two_ints_pkg/prefix_override:/usr/lib/python3/dist-packages/colcon_core/task/python/colcon_distutils_commands:/home/erum/ros2_workspace/install/add_two_ints_pkg/lib/python3.12/site-packages:/home/erum/ros2_workspace/install/new_interfaces/lib/python3.12/site-packages:${PYTHONPATH} /usr/bin/python3 -W ignore:setup.py install is deprecated -W ignore:easy_install command is deprecated setup.py egg_info --egg-base ../../build/add_two_ints_pkg build --build-base /home/erum/ros2_workspace/build/add_two_ints_pkg/build install --record /home/erum/ros2_workspace/build/add_two_ints_pkg/install.log --single-version-externally-managed install_data
