[0.060s] Invoking command in '/home/erum/ros2_workspace/build/new_interfaces': CMAKE_PREFIX_PATH=${CMAKE_PREFIX_PATH}:/home/erum/install/my_first_pkg:/opt/ros/jazzy DEBUGINFOD_URLS=https://debuginfod.ubuntu.com /usr/bin/cmake /home/erum/ros2_workspace/src/new_interfaces -DCMAKE_INSTALL_PREFIX=/home/erum/ros2_workspace/install/new_interfaces
[0.699s] -- The C compiler identification is GNU 13.3.0
[0.990s] -- The CXX compiler identification is GNU 13.3.0
[1.058s] -- Detecting C compiler ABI info
[1.245s] -- Detecting C compiler ABI info - done
[1.251s] -- Check for working C compiler: /usr/bin/cc - skipped
[1.251s] -- Detecting C compile features
[1.251s] -- Detecting C compile features - done
[1.268s] -- Detecting CXX compiler ABI info
[1.464s] -- Detecting CXX compiler ABI info - done
[1.480s] -- Check for working CXX compiler: /usr/bin/c++ - skipped
[1.481s] -- Detecting CXX compile features
[1.482s] -- Detecting CXX compile features - done
[1.559s] -- Found ament_cmake: 2.5.4 (/opt/ros/jazzy/share/ament_cmake/cmake)
[1.831s] -- Found Python3: /usr/bin/python3 (found version "3.12.3") found components: Interpreter 
[2.160s] -- Found rosidl_default_generators: 1.6.0 (/opt/ros/jazzy/share/rosidl_default_generators/cmake)
[2.186s] -- Using all available rosidl_typesupport_c: rosidl_typesupport_fastrtps_c;rosidl_typesupport_introspection_c
[2.354s] -- Using all available rosidl_typesupport_cpp: rosidl_typesupport_fastrtps_cpp;rosidl_typesupport_introspection_cpp
[2.480s] -- Found rosidl_adapter: 4.6.6 (/opt/ros/jazzy/share/rosidl_adapter/cmake)
[3.544s] -- Found ament_cmake_ros: 0.12.0 (/opt/ros/jazzy/share/ament_cmake_ros/cmake)
[5.369s] -- Using all available rosidl_typesupport_c: rosidl_typesupport_fastrtps_c;rosidl_typesupport_introspection_c
[6.448s] -- Using all available rosidl_typesupport_cpp: rosidl_typesupport_fastrtps_cpp;rosidl_typesupport_introspection_cpp
[6.457s] -- Found python_cmake_module: 0.11.1 (/opt/ros/jazzy/share/python_cmake_module/cmake)
[6.705s] -- Found PythonExtra: /usr/bin/python3  
[7.517s] -- Found Python3: /usr/bin/python3 (found version "3.12.3") found components: Interpreter Development NumPy Development.Module Development.Embed 
[7.568s] -- Found ament_lint_auto: 0.17.3 (/opt/ros/jazzy/share/ament_lint_auto/cmake)
[7.623s] -- Added test 'flake8' to check Python code syntax and style conventions
[7.624s] -- Configured 'flake8' exclude dirs and/or files: 
[7.625s] -- Added test 'lint_cmake' to check CMake code style
[7.629s] -- Added test 'pep257' to check Python code against some of the docstring style conventions in PEP 257
[7.632s] -- Added test 'xmllint' to check XML markup files
[7.641s] -- Configuring done (7.4s)
[7.731s] -- Generating done (0.1s)
[7.755s] -- Build files have been written to: /home/erum/ros2_workspace/build/new_interfaces
[7.767s] Invoked command in '/home/erum/ros2_workspace/build/new_interfaces' returned '0': CMAKE_PREFIX_PATH=${CMAKE_PREFIX_PATH}:/home/erum/install/my_first_pkg:/opt/ros/jazzy DEBUGINFOD_URLS=https://debuginfod.ubuntu.com /usr/bin/cmake /home/erum/ros2_workspace/src/new_interfaces -DCMAKE_INSTALL_PREFIX=/home/erum/ros2_workspace/install/new_interfaces
[7.768s] Invoking command in '/home/erum/ros2_workspace/build/new_interfaces': CMAKE_PREFIX_PATH=${CMAKE_PREFIX_PATH}:/home/erum/install/my_first_pkg:/opt/ros/jazzy DEBUGINFOD_URLS=https://debuginfod.ubuntu.com /usr/bin/cmake --build /home/erum/ros2_workspace/build/new_interfaces -- -j2 -l2
[7.872s] [  1%] [34m[1mGenerating type hashes for ROS interfaces[0m
[8.366s] [  1%] Built target new_interfaces__rosidl_generator_type_description
[8.462s] [  1%] Built target ament_cmake_python_copy_new_interfaces
[8.519s] [  3%] [34m[1mGenerating C++ code for ROS interfaces[0m
[9.657s] [  3%] Built target new_interfaces__cpp
[9.685s] [  5%] [34m[1mGenerating C code for ROS interfaces[0m
[10.551s] [  7%] [32mBuilding C object CMakeFiles/new_interfaces__rosidl_generator_c.dir/rosidl_generator_c/new_interfaces/msg/detail/iot_sensor__description.c.o[0m
[10.670s] [  9%] [32mBuilding C object CMakeFiles/new_interfaces__rosidl_generator_c.dir/rosidl_generator_c/new_interfaces/msg/detail/iot_sensor__functions.c.o[0m
[10.738s] [ 11%] [32mBuilding C object CMakeFiles/new_interfaces__rosidl_generator_c.dir/rosidl_generator_c/new_interfaces/msg/detail/iot_sensor__type_support.c.o[0m
[10.769s] [ 12%] [32mBuilding C object CMakeFiles/new_interfaces__rosidl_generator_c.dir/rosidl_generator_c/new_interfaces/srv/detail/add_two_ints__description.c.o[0m
[10.829s] [ 14%] [32mBuilding C object CMakeFiles/new_interfaces__rosidl_generator_c.dir/rosidl_generator_c/new_interfaces/srv/detail/add_two_ints__functions.c.o[0m
[10.919s] [ 16%] [32mBuilding C object CMakeFiles/new_interfaces__rosidl_generator_c.dir/rosidl_generator_c/new_interfaces/srv/detail/add_two_ints__type_support.c.o[0m
[11.016s] [ 18%] [32mBuilding C object CMakeFiles/new_interfaces__rosidl_generator_c.dir/rosidl_generator_c/new_interfaces/srv/detail/rectangle_area__description.c.o[0m
[11.118s] [ 20%] [32mBuilding C object CMakeFiles/new_interfaces__rosidl_generator_c.dir/rosidl_generator_c/new_interfaces/srv/detail/rectangle_area__functions.c.o[0m
[11.213s] [ 22%] [32mBuilding C object CMakeFiles/new_interfaces__rosidl_generator_c.dir/rosidl_generator_c/new_interfaces/srv/detail/rectangle_area__type_support.c.o[0m
[11.270s] [ 24%] [32m[1mLinking C shared library libnew_interfaces__rosidl_generator_c.so[0m
[11.332s] [ 24%] Built target new_interfaces__rosidl_generator_c
[11.689s] running egg_info
[11.690s] creating new_interfaces.egg-info
[11.710s] writing new_interfaces.egg-info/PKG-INFO
[11.711s] writing dependency_links to new_interfaces.egg-info/dependency_links.txt
[11.712s] writing top-level names to new_interfaces.egg-info/top_level.txt
[11.713s] writing manifest file 'new_interfaces.egg-info/SOURCES.txt'
[11.772s] reading manifest file 'new_interfaces.egg-info/SOURCES.txt'
[11.775s] writing manifest file 'new_interfaces.egg-info/SOURCES.txt'
[11.853s] [ 24%] Built target ament_cmake_python_build_new_interfaces_egg
[11.902s] [ 25%] [34m[1mGenerating C++ type support for eProsima Fast-RTPS[0m
[12.661s] [ 27%] [32mBuilding CXX object CMakeFiles/new_interfaces__rosidl_typesupport_fastrtps_cpp.dir/rosidl_typesupport_fastrtps_cpp/new_interfaces/msg/detail/dds_fastrtps/iot_sensor__type_support.cpp.o[0m
[13.875s] [ 29%] [32mBuilding CXX object CMakeFiles/new_interfaces__rosidl_typesupport_fastrtps_cpp.dir/rosidl_typesupport_fastrtps_cpp/new_interfaces/srv/detail/dds_fastrtps/add_two_ints__type_support.cpp.o[0m
[14.585s] [ 31%] [32mBuilding CXX object CMakeFiles/new_interfaces__rosidl_typesupport_fastrtps_cpp.dir/rosidl_typesupport_fastrtps_cpp/new_interfaces/srv/detail/dds_fastrtps/rectangle_area__type_support.cpp.o[0m
[15.029s] [ 33%] [32m[1mLinking CXX shared library libnew_interfaces__rosidl_typesupport_fastrtps_cpp.so[0m
[15.111s] [ 33%] Built target new_interfaces__rosidl_typesupport_fastrtps_cpp
[15.123s] [ 35%] [34m[1mGenerating C++ introspection for ROS interfaces[0m
[15.409s] [ 37%] [32mBuilding CXX object CMakeFiles/new_interfaces__rosidl_typesupport_introspection_cpp.dir/rosidl_typesupport_introspection_cpp/new_interfaces/msg/detail/iot_sensor__type_support.cpp.o[0m
[15.632s] [ 38%] [32mBuilding CXX object CMakeFiles/new_interfaces__rosidl_typesupport_introspection_cpp.dir/rosidl_typesupport_introspection_cpp/new_interfaces/srv/detail/add_two_ints__type_support.cpp.o[0m
[15.966s] [ 40%] [32mBuilding CXX object CMakeFiles/new_interfaces__rosidl_typesupport_introspection_cpp.dir/rosidl_typesupport_introspection_cpp/new_interfaces/srv/detail/rectangle_area__type_support.cpp.o[0m
[16.279s] [ 42%] [32m[1mLinking CXX shared library libnew_interfaces__rosidl_typesupport_introspection_cpp.so[0m
[16.354s] [ 42%] Built target new_interfaces__rosidl_typesupport_introspection_cpp
[16.366s] [ 44%] [34m[1mGenerating C++ type support dispatch for ROS interfaces[0m
[16.583s] [ 46%] [32mBuilding CXX object CMakeFiles/new_interfaces__rosidl_typesupport_cpp.dir/rosidl_typesupport_cpp/new_interfaces/msg/iot_sensor__type_support.cpp.o[0m
[16.807s] [ 48%] [32mBuilding CXX object CMakeFiles/new_interfaces__rosidl_typesupport_cpp.dir/rosidl_typesupport_cpp/new_interfaces/srv/add_two_ints__type_support.cpp.o[0m
[17.077s] [ 50%] [32mBuilding CXX object CMakeFiles/new_interfaces__rosidl_typesupport_cpp.dir/rosidl_typesupport_cpp/new_interfaces/srv/rectangle_area__type_support.cpp.o[0m
[17.394s] [ 51%] [32m[1mLinking CXX shared library libnew_interfaces__rosidl_typesupport_cpp.so[0m
[17.467s] [ 51%] Built target new_interfaces__rosidl_typesupport_cpp
[17.478s] [ 53%] [34m[1mGenerating C type support for eProsima Fast-RTPS[0m
[17.892s] [ 55%] [32mBuilding CXX object CMakeFiles/new_interfaces__rosidl_typesupport_fastrtps_c.dir/rosidl_typesupport_fastrtps_c/new_interfaces/msg/detail/iot_sensor__type_support_c.cpp.o[0m
[18.272s] [ 57%] [32mBuilding CXX object CMakeFiles/new_interfaces__rosidl_typesupport_fastrtps_c.dir/rosidl_typesupport_fastrtps_c/new_interfaces/srv/detail/add_two_ints__type_support_c.cpp.o[0m
[18.617s] [ 59%] [32mBuilding CXX object CMakeFiles/new_interfaces__rosidl_typesupport_fastrtps_c.dir/rosidl_typesupport_fastrtps_c/new_interfaces/srv/detail/rectangle_area__type_support_c.cpp.o[0m
[18.945s] [ 61%] [32m[1mLinking CXX shared library libnew_interfaces__rosidl_typesupport_fastrtps_c.so[0m
[19.037s] [ 61%] Built target new_interfaces__rosidl_typesupport_fastrtps_c
[19.046s] [ 62%] [34m[1mGenerating C introspection for ROS interfaces[0m
[19.323s] [ 64%] [32mBuilding C object CMakeFiles/new_interfaces__rosidl_typesupport_introspection_c.dir/rosidl_typesupport_introspection_c/new_interfaces/msg/detail/iot_sensor__type_support.c.o[0m
[19.366s] [ 66%] [32mBuilding C object CMakeFiles/new_interfaces__rosidl_typesupport_introspection_c.dir/rosidl_typesupport_introspection_c/new_interfaces/srv/detail/add_two_ints__type_support.c.o[0m
[19.418s] [ 68%] [32mBuilding C object CMakeFiles/new_interfaces__rosidl_typesupport_introspection_c.dir/rosidl_typesupport_introspection_c/new_interfaces/srv/detail/rectangle_area__type_support.c.o[0m
[19.456s] [ 70%] [32m[1mLinking C shared library libnew_interfaces__rosidl_typesupport_introspection_c.so[0m
[19.496s] [ 70%] Built target new_interfaces__rosidl_typesupport_introspection_c
[19.506s] [ 72%] [34m[1mGenerating C type support dispatch for ROS interfaces[0m
[19.706s] [ 74%] [32mBuilding CXX object CMakeFiles/new_interfaces__rosidl_typesupport_c.dir/rosidl_typesupport_c/new_interfaces/msg/iot_sensor__type_support.cpp.o[0m
[19.746s] [ 75%] [32mBuilding CXX object CMakeFiles/new_interfaces__rosidl_typesupport_c.dir/rosidl_typesupport_c/new_interfaces/srv/add_two_ints__type_support.cpp.o[0m
[19.795s] [ 77%] [32mBuilding CXX object CMakeFiles/new_interfaces__rosidl_typesupport_c.dir/rosidl_typesupport_c/new_interfaces/srv/rectangle_area__type_support.cpp.o[0m
[19.842s] [ 79%] [32m[1mLinking CXX shared library libnew_interfaces__rosidl_typesupport_c.so[0m
[19.884s] [ 79%] Built target new_interfaces__rosidl_typesupport_c
[19.959s] [ 79%] Built target new_interfaces
[20.007s] [ 81%] [34m[1mGenerating Python code for ROS interfaces[0m
[20.525s] [ 81%] Built target new_interfaces__py
[20.547s] [ 83%] [32mBuilding C object CMakeFiles/new_interfaces__rosidl_generator_py.dir/rosidl_generator_py/new_interfaces/msg/_iot_sensor_s.c.o[0m
[20.750s] [ 85%] [32mBuilding C object CMakeFiles/new_interfaces__rosidl_generator_py.dir/rosidl_generator_py/new_interfaces/srv/_add_two_ints_s.c.o[0m
[20.862s] [ 87%] [32mBuilding C object CMakeFiles/new_interfaces__rosidl_generator_py.dir/rosidl_generator_py/new_interfaces/srv/_rectangle_area_s.c.o[0m
[20.967s] [ 88%] [32m[1mLinking C shared library libnew_interfaces__rosidl_generator_py.so[0m
[21.017s] [ 88%] Built target new_interfaces__rosidl_generator_py
[21.041s] [ 90%] [32mBuilding C object CMakeFiles/new_interfaces_s__rosidl_typesupport_fastrtps_c.dir/rosidl_generator_py/new_interfaces/_new_interfaces_s.ep.rosidl_typesupport_fastrtps_c.c.o[0m
[21.139s] [ 92%] [32m[1mLinking C shared module rosidl_generator_py/new_interfaces/new_interfaces_s__rosidl_typesupport_fastrtps_c.so[0m
[21.182s] [ 92%] Built target new_interfaces_s__rosidl_typesupport_fastrtps_c
[21.205s] [ 94%] [32mBuilding C object CMakeFiles/new_interfaces_s__rosidl_typesupport_introspection_c.dir/rosidl_generator_py/new_interfaces/_new_interfaces_s.ep.rosidl_typesupport_introspection_c.c.o[0m
[21.310s] [ 96%] [32m[1mLinking C shared module rosidl_generator_py/new_interfaces/new_interfaces_s__rosidl_typesupport_introspection_c.so[0m
[21.351s] [ 96%] Built target new_interfaces_s__rosidl_typesupport_introspection_c
[21.382s] [ 98%] [32mBuilding C object CMakeFiles/new_interfaces_s__rosidl_typesupport_c.dir/rosidl_generator_py/new_interfaces/_new_interfaces_s.ep.rosidl_typesupport_c.c.o[0m
[21.597s] [100%] [32m[1mLinking C shared module rosidl_generator_py/new_interfaces/new_interfaces_s__rosidl_typesupport_c.so[0m
[21.652s] [100%] Built target new_interfaces_s__rosidl_typesupport_c
[21.672s] Invoked command in '/home/erum/ros2_workspace/build/new_interfaces' returned '0': CMAKE_PREFIX_PATH=${CMAKE_PREFIX_PATH}:/home/erum/install/my_first_pkg:/opt/ros/jazzy DEBUGINFOD_URLS=https://debuginfod.ubuntu.com /usr/bin/cmake --build /home/erum/ros2_workspace/build/new_interfaces -- -j2 -l2
[21.672s] Invoking command in '/home/erum/ros2_workspace/build/new_interfaces': CMAKE_PREFIX_PATH=${CMAKE_PREFIX_PATH}:/home/erum/install/my_first_pkg:/opt/ros/jazzy DEBUGINFOD_URLS=https://debuginfod.ubuntu.com /usr/bin/cmake --install /home/erum/ros2_workspace/build/new_interfaces
[21.698s] -- Install configuration: ""
[21.700s] -- Installing: /home/erum/ros2_workspace/install/new_interfaces/share/ament_index/resource_index/rosidl_interfaces/new_interfaces
[21.700s] -- Installing: /home/erum/ros2_workspace/install/new_interfaces/share/new_interfaces/msg/IOTSensor.json
[21.702s] -- Installing: /home/erum/ros2_workspace/install/new_interfaces/share/new_interfaces/srv/AddTwoInts.json
[21.702s] -- Installing: /home/erum/ros2_workspace/install/new_interfaces/share/new_interfaces/srv/RectangleArea.json
[21.702s] -- Installing: /home/erum/ros2_workspace/install/new_interfaces/include/new_interfaces/new_interfaces
[21.702s] -- Installing: /home/erum/ros2_workspace/install/new_interfaces/include/new_interfaces/new_interfaces/srv
[21.702s] -- Installing: /home/erum/ros2_workspace/install/new_interfaces/include/new_interfaces/new_interfaces/srv/add_two_ints.h
[21.702s] -- Installing: /home/erum/ros2_workspace/install/new_interfaces/include/new_interfaces/new_interfaces/srv/detail
[21.702s] -- Installing: /home/erum/ros2_workspace/install/new_interfaces/include/new_interfaces/new_interfaces/srv/detail/rectangle_area__description.c
[21.704s] -- Installing: /home/erum/ros2_workspace/install/new_interfaces/include/new_interfaces/new_interfaces/srv/detail/add_two_ints__functions.h
[21.704s] -- Installing: /home/erum/ros2_workspace/install/new_interfaces/include/new_interfaces/new_interfaces/srv/detail/add_two_ints__description.c
[21.704s] -- Installing: /home/erum/ros2_workspace/install/new_interfaces/include/new_interfaces/new_interfaces/srv/detail/rectangle_area__struct.h
[21.704s] -- Installing: /home/erum/ros2_workspace/install/new_interfaces/include/new_interfaces/new_interfaces/srv/detail/add_two_ints__functions.c
[21.704s] -- Installing: /home/erum/ros2_workspace/install/new_interfaces/include/new_interfaces/new_interfaces/srv/detail/rectangle_area__functions.h
[21.704s] -- Installing: /home/erum/ros2_workspace/install/new_interfaces/include/new_interfaces/new_interfaces/srv/detail/rectangle_area__functions.c
[21.706s] -- Installing: /home/erum/ros2_workspace/install/new_interfaces/include/new_interfaces/new_interfaces/srv/detail/rectangle_area__type_support.h
[21.706s] -- Installing: /home/erum/ros2_workspace/install/new_interfaces/include/new_interfaces/new_interfaces/srv/detail/rectangle_area__type_support.c
[21.706s] -- Installing: /home/erum/ros2_workspace/install/new_interfaces/include/new_interfaces/new_interfaces/srv/detail/add_two_ints__type_support.h
[21.706s] -- Installing: /home/erum/ros2_workspace/install/new_interfaces/include/new_interfaces/new_interfaces/srv/detail/add_two_ints__struct.h
[21.706s] -- Installing: /home/erum/ros2_workspace/install/new_interfaces/include/new_interfaces/new_interfaces/srv/detail/add_two_ints__type_support.c
[21.706s] -- Installing: /home/erum/ros2_workspace/install/new_interfaces/include/new_interfaces/new_interfaces/srv/rectangle_area.h
[21.706s] -- Installing: /home/erum/ros2_workspace/install/new_interfaces/include/new_interfaces/new_interfaces/msg
[21.710s] -- Installing: /home/erum/ros2_workspace/install/new_interfaces/include/new_interfaces/new_interfaces/msg/rosidl_generator_c__visibility_control.h
[21.710s] -- Installing: /home/erum/ros2_workspace/install/new_interfaces/include/new_interfaces/new_interfaces/msg/iot_sensor.h
[21.710s] -- Installing: /home/erum/ros2_workspace/install/new_interfaces/include/new_interfaces/new_interfaces/msg/detail
[21.710s] -- Installing: /home/erum/ros2_workspace/install/new_interfaces/include/new_interfaces/new_interfaces/msg/detail/iot_sensor__functions.c
[21.710s] -- Installing: /home/erum/ros2_workspace/install/new_interfaces/include/new_interfaces/new_interfaces/msg/detail/iot_sensor__type_support.h
[21.710s] -- Installing: /home/erum/ros2_workspace/install/new_interfaces/include/new_interfaces/new_interfaces/msg/detail/iot_sensor__struct.h
[21.710s] -- Installing: /home/erum/ros2_workspace/install/new_interfaces/include/new_interfaces/new_interfaces/msg/detail/iot_sensor__type_support.c
[21.710s] -- Installing: /home/erum/ros2_workspace/install/new_interfaces/include/new_interfaces/new_interfaces/msg/detail/iot_sensor__description.c
[21.710s] -- Installing: /home/erum/ros2_workspace/install/new_interfaces/include/new_interfaces/new_interfaces/msg/detail/iot_sensor__functions.h
[21.710s] -- Installing: /home/erum/ros2_workspace/install/new_interfaces/share/new_interfaces/environment/library_path.sh
[21.710s] -- Installing: /home/erum/ros2_workspace/install/new_interfaces/share/new_interfaces/environment/library_path.dsv
[21.710s] -- Installing: /home/erum/ros2_workspace/install/new_interfaces/lib/libnew_interfaces__rosidl_generator_c.so
[21.710s] -- Set non-toolchain portion of runtime path of "/home/erum/ros2_workspace/install/new_interfaces/lib/libnew_interfaces__rosidl_generator_c.so" to ""
[21.710s] -- Up-to-date: /home/erum/ros2_workspace/install/new_interfaces/include/new_interfaces/new_interfaces
[21.710s] -- Up-to-date: /home/erum/ros2_workspace/install/new_interfaces/include/new_interfaces/new_interfaces/srv
[21.710s] -- Up-to-date: /home/erum/ros2_workspace/install/new_interfaces/include/new_interfaces/new_interfaces/srv/detail
[21.712s] -- Installing: /home/erum/ros2_workspace/install/new_interfaces/include/new_interfaces/new_interfaces/srv/detail/rectangle_area__rosidl_typesupport_fastrtps_c.h
[21.712s] -- Installing: /home/erum/ros2_workspace/install/new_interfaces/include/new_interfaces/new_interfaces/srv/detail/add_two_ints__rosidl_typesupport_fastrtps_c.h
[21.712s] -- Up-to-date: /home/erum/ros2_workspace/install/new_interfaces/include/new_interfaces/new_interfaces/msg
[21.712s] -- Installing: /home/erum/ros2_workspace/install/new_interfaces/include/new_interfaces/new_interfaces/msg/rosidl_typesupport_fastrtps_c__visibility_control.h
[21.712s] -- Up-to-date: /home/erum/ros2_workspace/install/new_interfaces/include/new_interfaces/new_interfaces/msg/detail
[21.712s] -- Installing: /home/erum/ros2_workspace/install/new_interfaces/include/new_interfaces/new_interfaces/msg/detail/iot_sensor__rosidl_typesupport_fastrtps_c.h
[21.712s] -- Installing: /home/erum/ros2_workspace/install/new_interfaces/lib/libnew_interfaces__rosidl_typesupport_fastrtps_c.so
[21.713s] -- Set non-toolchain portion of runtime path of "/home/erum/ros2_workspace/install/new_interfaces/lib/libnew_interfaces__rosidl_typesupport_fastrtps_c.so" to ""
[21.713s] -- Up-to-date: /home/erum/ros2_workspace/install/new_interfaces/include/new_interfaces/new_interfaces
[21.713s] -- Up-to-date: /home/erum/ros2_workspace/install/new_interfaces/include/new_interfaces/new_interfaces/srv
[21.713s] -- Up-to-date: /home/erum/ros2_workspace/install/new_interfaces/include/new_interfaces/new_interfaces/srv/detail
[21.713s] -- Installing: /home/erum/ros2_workspace/install/new_interfaces/include/new_interfaces/new_interfaces/srv/detail/rectangle_area__rosidl_typesupport_introspection_c.h
[21.713s] -- Installing: /home/erum/ros2_workspace/install/new_interfaces/include/new_interfaces/new_interfaces/srv/detail/rectangle_area__type_support.c
[21.713s] -- Installing: /home/erum/ros2_workspace/install/new_interfaces/include/new_interfaces/new_interfaces/srv/detail/add_two_ints__rosidl_typesupport_introspection_c.h
[21.713s] -- Installing: /home/erum/ros2_workspace/install/new_interfaces/include/new_interfaces/new_interfaces/srv/detail/add_two_ints__type_support.c
[21.713s] -- Up-to-date: /home/erum/ros2_workspace/install/new_interfaces/include/new_interfaces/new_interfaces/msg
[21.713s] -- Installing: /home/erum/ros2_workspace/install/new_interfaces/include/new_interfaces/new_interfaces/msg/rosidl_typesupport_introspection_c__visibility_control.h
[21.713s] -- Up-to-date: /home/erum/ros2_workspace/install/new_interfaces/include/new_interfaces/new_interfaces/msg/detail
[21.713s] -- Installing: /home/erum/ros2_workspace/install/new_interfaces/include/new_interfaces/new_interfaces/msg/detail/iot_sensor__rosidl_typesupport_introspection_c.h
[21.715s] -- Installing: /home/erum/ros2_workspace/install/new_interfaces/include/new_interfaces/new_interfaces/msg/detail/iot_sensor__type_support.c
[21.715s] -- Installing: /home/erum/ros2_workspace/install/new_interfaces/lib/libnew_interfaces__rosidl_typesupport_introspection_c.so
[21.717s] -- Set non-toolchain portion of runtime path of "/home/erum/ros2_workspace/install/new_interfaces/lib/libnew_interfaces__rosidl_typesupport_introspection_c.so" to ""
[21.717s] -- Installing: /home/erum/ros2_workspace/install/new_interfaces/lib/libnew_interfaces__rosidl_typesupport_c.so
[21.717s] -- Set non-toolchain portion of runtime path of "/home/erum/ros2_workspace/install/new_interfaces/lib/libnew_interfaces__rosidl_typesupport_c.so" to ""
[21.717s] -- Up-to-date: /home/erum/ros2_workspace/install/new_interfaces/include/new_interfaces/new_interfaces
[21.717s] -- Up-to-date: /home/erum/ros2_workspace/install/new_interfaces/include/new_interfaces/new_interfaces/srv
[21.717s] -- Installing: /home/erum/ros2_workspace/install/new_interfaces/include/new_interfaces/new_interfaces/srv/rectangle_area.hpp
[21.717s] -- Installing: /home/erum/ros2_workspace/install/new_interfaces/include/new_interfaces/new_interfaces/srv/add_two_ints.hpp
[21.717s] -- Up-to-date: /home/erum/ros2_workspace/install/new_interfaces/include/new_interfaces/new_interfaces/srv/detail
[21.717s] -- Installing: /home/erum/ros2_workspace/install/new_interfaces/include/new_interfaces/new_interfaces/srv/detail/add_two_ints__struct.hpp
[21.717s] -- Installing: /home/erum/ros2_workspace/install/new_interfaces/include/new_interfaces/new_interfaces/srv/detail/rectangle_area__traits.hpp
[21.718s] -- Installing: /home/erum/ros2_workspace/install/new_interfaces/include/new_interfaces/new_interfaces/srv/detail/rectangle_area__struct.hpp
[21.718s] -- Installing: /home/erum/ros2_workspace/install/new_interfaces/include/new_interfaces/new_interfaces/srv/detail/add_two_ints__type_support.hpp
[21.718s] -- Installing: /home/erum/ros2_workspace/install/new_interfaces/include/new_interfaces/new_interfaces/srv/detail/rectangle_area__builder.hpp
[21.722s] -- Installing: /home/erum/ros2_workspace/install/new_interfaces/include/new_interfaces/new_interfaces/srv/detail/add_two_ints__traits.hpp
[21.722s] -- Installing: /home/erum/ros2_workspace/install/new_interfaces/include/new_interfaces/new_interfaces/srv/detail/add_two_ints__builder.hpp
[21.722s] -- Installing: /home/erum/ros2_workspace/install/new_interfaces/include/new_interfaces/new_interfaces/srv/detail/rectangle_area__type_support.hpp
[21.722s] -- Up-to-date: /home/erum/ros2_workspace/install/new_interfaces/include/new_interfaces/new_interfaces/msg
[21.722s] -- Installing: /home/erum/ros2_workspace/install/new_interfaces/include/new_interfaces/new_interfaces/msg/iot_sensor.hpp
[21.722s] -- Installing: /home/erum/ros2_workspace/install/new_interfaces/include/new_interfaces/new_interfaces/msg/rosidl_generator_cpp__visibility_control.hpp
[21.722s] -- Up-to-date: /home/erum/ros2_workspace/install/new_interfaces/include/new_interfaces/new_interfaces/msg/detail
[21.722s] -- Installing: /home/erum/ros2_workspace/install/new_interfaces/include/new_interfaces/new_interfaces/msg/detail/iot_sensor__builder.hpp
[21.722s] -- Installing: /home/erum/ros2_workspace/install/new_interfaces/include/new_interfaces/new_interfaces/msg/detail/iot_sensor__type_support.hpp
[21.723s] -- Installing: /home/erum/ros2_workspace/install/new_interfaces/include/new_interfaces/new_interfaces/msg/detail/iot_sensor__struct.hpp
[21.723s] -- Installing: /home/erum/ros2_workspace/install/new_interfaces/include/new_interfaces/new_interfaces/msg/detail/iot_sensor__traits.hpp
[21.723s] -- Up-to-date: /home/erum/ros2_workspace/install/new_interfaces/include/new_interfaces/new_interfaces
[21.723s] -- Up-to-date: /home/erum/ros2_workspace/install/new_interfaces/include/new_interfaces/new_interfaces/srv
[21.723s] -- Up-to-date: /home/erum/ros2_workspace/install/new_interfaces/include/new_interfaces/new_interfaces/srv/detail
[21.723s] -- Installing: /home/erum/ros2_workspace/install/new_interfaces/include/new_interfaces/new_interfaces/srv/detail/add_two_ints__rosidl_typesupport_fastrtps_cpp.hpp
[21.725s] -- Installing: /home/erum/ros2_workspace/install/new_interfaces/include/new_interfaces/new_interfaces/srv/detail/dds_fastrtps
[21.725s] -- Installing: /home/erum/ros2_workspace/install/new_interfaces/include/new_interfaces/new_interfaces/srv/detail/rectangle_area__rosidl_typesupport_fastrtps_cpp.hpp
[21.725s] -- Up-to-date: /home/erum/ros2_workspace/install/new_interfaces/include/new_interfaces/new_interfaces/msg
[21.725s] -- Up-to-date: /home/erum/ros2_workspace/install/new_interfaces/include/new_interfaces/new_interfaces/msg/detail
[21.726s] -- Installing: /home/erum/ros2_workspace/install/new_interfaces/include/new_interfaces/new_interfaces/msg/detail/dds_fastrtps
[21.726s] -- Installing: /home/erum/ros2_workspace/install/new_interfaces/include/new_interfaces/new_interfaces/msg/detail/iot_sensor__rosidl_typesupport_fastrtps_cpp.hpp
[21.726s] -- Installing: /home/erum/ros2_workspace/install/new_interfaces/include/new_interfaces/new_interfaces/msg/rosidl_typesupport_fastrtps_cpp__visibility_control.h
[21.726s] -- Installing: /home/erum/ros2_workspace/install/new_interfaces/lib/libnew_interfaces__rosidl_typesupport_fastrtps_cpp.so
[21.728s] -- Set non-toolchain portion of runtime path of "/home/erum/ros2_workspace/install/new_interfaces/lib/libnew_interfaces__rosidl_typesupport_fastrtps_cpp.so" to ""
[21.728s] -- Up-to-date: /home/erum/ros2_workspace/install/new_interfaces/include/new_interfaces/new_interfaces
[21.728s] -- Up-to-date: /home/erum/ros2_workspace/install/new_interfaces/include/new_interfaces/new_interfaces/srv
[21.728s] -- Up-to-date: /home/erum/ros2_workspace/install/new_interfaces/include/new_interfaces/new_interfaces/srv/detail
[21.728s] -- Installing: /home/erum/ros2_workspace/install/new_interfaces/include/new_interfaces/new_interfaces/srv/detail/rectangle_area__rosidl_typesupport_introspection_cpp.hpp
[21.728s] -- Installing: /home/erum/ros2_workspace/install/new_interfaces/include/new_interfaces/new_interfaces/srv/detail/add_two_ints__type_support.cpp
[21.729s] -- Installing: /home/erum/ros2_workspace/install/new_interfaces/include/new_interfaces/new_interfaces/srv/detail/rectangle_area__type_support.cpp
[21.732s] -- Installing: /home/erum/ros2_workspace/install/new_interfaces/include/new_interfaces/new_interfaces/srv/detail/add_two_ints__rosidl_typesupport_introspection_cpp.hpp
[21.732s] -- Up-to-date: /home/erum/ros2_workspace/install/new_interfaces/include/new_interfaces/new_interfaces/msg
[21.732s] -- Up-to-date: /home/erum/ros2_workspace/install/new_interfaces/include/new_interfaces/new_interfaces/msg/detail
[21.732s] -- Installing: /home/erum/ros2_workspace/install/new_interfaces/include/new_interfaces/new_interfaces/msg/detail/iot_sensor__type_support.cpp
[21.732s] -- Installing: /home/erum/ros2_workspace/install/new_interfaces/include/new_interfaces/new_interfaces/msg/detail/iot_sensor__rosidl_typesupport_introspection_cpp.hpp
[21.732s] -- Installing: /home/erum/ros2_workspace/install/new_interfaces/lib/libnew_interfaces__rosidl_typesupport_introspection_cpp.so
[21.734s] -- Set non-toolchain portion of runtime path of "/home/erum/ros2_workspace/install/new_interfaces/lib/libnew_interfaces__rosidl_typesupport_introspection_cpp.so" to ""
[21.734s] -- Installing: /home/erum/ros2_workspace/install/new_interfaces/lib/libnew_interfaces__rosidl_typesupport_cpp.so
[21.734s] -- Set non-toolchain portion of runtime path of "/home/erum/ros2_workspace/install/new_interfaces/lib/libnew_interfaces__rosidl_typesupport_cpp.so" to ""
[21.734s] -- Installing: /home/erum/ros2_workspace/install/new_interfaces/share/new_interfaces/environment/pythonpath.sh
[21.734s] -- Installing: /home/erum/ros2_workspace/install/new_interfaces/share/new_interfaces/environment/pythonpath.dsv
[21.734s] -- Installing: /home/erum/ros2_workspace/install/new_interfaces/lib/python3.12/site-packages/new_interfaces-0.0.0-py3.12.egg-info
[21.736s] -- Installing: /home/erum/ros2_workspace/install/new_interfaces/lib/python3.12/site-packages/new_interfaces-0.0.0-py3.12.egg-info/SOURCES.txt
[21.736s] -- Installing: /home/erum/ros2_workspace/install/new_interfaces/lib/python3.12/site-packages/new_interfaces-0.0.0-py3.12.egg-info/top_level.txt
[21.736s] -- Installing: /home/erum/ros2_workspace/install/new_interfaces/lib/python3.12/site-packages/new_interfaces-0.0.0-py3.12.egg-info/dependency_links.txt
[21.736s] -- Installing: /home/erum/ros2_workspace/install/new_interfaces/lib/python3.12/site-packages/new_interfaces-0.0.0-py3.12.egg-info/PKG-INFO
[21.736s] -- Installing: /home/erum/ros2_workspace/install/new_interfaces/lib/python3.12/site-packages/new_interfaces
[21.736s] -- Installing: /home/erum/ros2_workspace/install/new_interfaces/lib/python3.12/site-packages/new_interfaces/_new_interfaces_s.ep.rosidl_typesupport_c.c
[21.736s] -- Installing: /home/erum/ros2_workspace/install/new_interfaces/lib/python3.12/site-packages/new_interfaces/srv
[21.736s] -- Installing: /home/erum/ros2_workspace/install/new_interfaces/lib/python3.12/site-packages/new_interfaces/srv/_rectangle_area_s.c
[21.738s] -- Installing: /home/erum/ros2_workspace/install/new_interfaces/lib/python3.12/site-packages/new_interfaces/srv/_add_two_ints_s.c
[21.738s] -- Installing: /home/erum/ros2_workspace/install/new_interfaces/lib/python3.12/site-packages/new_interfaces/srv/__init__.py
[21.738s] -- Installing: /home/erum/ros2_workspace/install/new_interfaces/lib/python3.12/site-packages/new_interfaces/srv/_add_two_ints.py
[21.738s] -- Installing: /home/erum/ros2_workspace/install/new_interfaces/lib/python3.12/site-packages/new_interfaces/srv/_rectangle_area.py
[21.738s] -- Installing: /home/erum/ros2_workspace/install/new_interfaces/lib/python3.12/site-packages/new_interfaces/__init__.py
[21.738s] -- Installing: /home/erum/ros2_workspace/install/new_interfaces/lib/python3.12/site-packages/new_interfaces/_new_interfaces_s.ep.rosidl_typesupport_introspection_c.c
[21.738s] -- Installing: /home/erum/ros2_workspace/install/new_interfaces/lib/python3.12/site-packages/new_interfaces/_new_interfaces_s.ep.rosidl_typesupport_fastrtps_c.c
[21.738s] -- Installing: /home/erum/ros2_workspace/install/new_interfaces/lib/python3.12/site-packages/new_interfaces/new_interfaces_s__rosidl_typesupport_fastrtps_c.so
[21.738s] -- Installing: /home/erum/ros2_workspace/install/new_interfaces/lib/python3.12/site-packages/new_interfaces/new_interfaces_s__rosidl_typesupport_c.so
[21.738s] -- Installing: /home/erum/ros2_workspace/install/new_interfaces/lib/python3.12/site-packages/new_interfaces/msg
[21.738s] -- Installing: /home/erum/ros2_workspace/install/new_interfaces/lib/python3.12/site-packages/new_interfaces/msg/_iot_sensor.py
[21.738s] -- Installing: /home/erum/ros2_workspace/install/new_interfaces/lib/python3.12/site-packages/new_interfaces/msg/__init__.py
[21.739s] -- Installing: /home/erum/ros2_workspace/install/new_interfaces/lib/python3.12/site-packages/new_interfaces/msg/_iot_sensor_s.c
[21.739s] -- Installing: /home/erum/ros2_workspace/install/new_interfaces/lib/python3.12/site-packages/new_interfaces/new_interfaces_s__rosidl_typesupport_introspection_c.so
[21.837s] Listing '/home/erum/ros2_workspace/install/new_interfaces/lib/python3.12/site-packages/new_interfaces'...
[21.838s] Compiling '/home/erum/ros2_workspace/install/new_interfaces/lib/python3.12/site-packages/new_interfaces/__init__.py'...
[21.838s] Listing '/home/erum/ros2_workspace/install/new_interfaces/lib/python3.12/site-packages/new_interfaces/msg'...
[21.838s] Compiling '/home/erum/ros2_workspace/install/new_interfaces/lib/python3.12/site-packages/new_interfaces/msg/__init__.py'...
[21.838s] Compiling '/home/erum/ros2_workspace/install/new_interfaces/lib/python3.12/site-packages/new_interfaces/msg/_iot_sensor.py'...
[21.838s] Listing '/home/erum/ros2_workspace/install/new_interfaces/lib/python3.12/site-packages/new_interfaces/srv'...
[21.838s] Compiling '/home/erum/ros2_workspace/install/new_interfaces/lib/python3.12/site-packages/new_interfaces/srv/__init__.py'...
[21.838s] Compiling '/home/erum/ros2_workspace/install/new_interfaces/lib/python3.12/site-packages/new_interfaces/srv/_add_two_ints.py'...
[21.838s] Compiling '/home/erum/ros2_workspace/install/new_interfaces/lib/python3.12/site-packages/new_interfaces/srv/_rectangle_area.py'...
[21.844s] -- Installing: /home/erum/ros2_workspace/install/new_interfaces/lib/python3.12/site-packages/new_interfaces/new_interfaces_s__rosidl_typesupport_fastrtps_c.so
[21.844s] -- Set non-toolchain portion of runtime path of "/home/erum/ros2_workspace/install/new_interfaces/lib/python3.12/site-packages/new_interfaces/new_interfaces_s__rosidl_typesupport_fastrtps_c.so" to ""
[21.844s] -- Installing: /home/erum/ros2_workspace/install/new_interfaces/lib/python3.12/site-packages/new_interfaces/new_interfaces_s__rosidl_typesupport_introspection_c.so
[21.844s] -- Set non-toolchain portion of runtime path of "/home/erum/ros2_workspace/install/new_interfaces/lib/python3.12/site-packages/new_interfaces/new_interfaces_s__rosidl_typesupport_introspection_c.so" to ""
[21.844s] -- Installing: /home/erum/ros2_workspace/install/new_interfaces/lib/python3.12/site-packages/new_interfaces/new_interfaces_s__rosidl_typesupport_c.so
[21.846s] -- Set non-toolchain portion of runtime path of "/home/erum/ros2_workspace/install/new_interfaces/lib/python3.12/site-packages/new_interfaces/new_interfaces_s__rosidl_typesupport_c.so" to ""
[21.846s] -- Installing: /home/erum/ros2_workspace/install/new_interfaces/lib/libnew_interfaces__rosidl_generator_py.so
[21.846s] -- Set non-toolchain portion of runtime path of "/home/erum/ros2_workspace/install/new_interfaces/lib/libnew_interfaces__rosidl_generator_py.so" to ""
[21.847s] -- Installing: /home/erum/ros2_workspace/install/new_interfaces/share/new_interfaces/msg/IOTSensor.idl
[21.847s] -- Installing: /home/erum/ros2_workspace/install/new_interfaces/share/new_interfaces/srv/AddTwoInts.idl
[21.847s] -- Installing: /home/erum/ros2_workspace/install/new_interfaces/share/new_interfaces/srv/RectangleArea.idl
[21.847s] -- Installing: /home/erum/ros2_workspace/install/new_interfaces/share/new_interfaces/msg/IOTSensor.msg
[21.847s] -- Installing: /home/erum/ros2_workspace/install/new_interfaces/share/new_interfaces/srv/AddTwoInts.srv
[21.847s] -- Installing: /home/erum/ros2_workspace/install/new_interfaces/share/new_interfaces/srv/RectangleArea.srv
[21.847s] -- Installing: /home/erum/ros2_workspace/install/new_interfaces/share/ament_index/resource_index/package_run_dependencies/new_interfaces
[21.847s] -- Installing: /home/erum/ros2_workspace/install/new_interfaces/share/ament_index/resource_index/parent_prefix_path/new_interfaces
[21.847s] -- Installing: /home/erum/ros2_workspace/install/new_interfaces/share/new_interfaces/environment/ament_prefix_path.sh
[21.848s] -- Installing: /home/erum/ros2_workspace/install/new_interfaces/share/new_interfaces/environment/ament_prefix_path.dsv
[21.853s] -- Installing: /home/erum/ros2_workspace/install/new_interfaces/share/new_interfaces/environment/path.sh
[21.853s] -- Installing: /home/erum/ros2_workspace/install/new_interfaces/share/new_interfaces/environment/path.dsv
[21.853s] -- Installing: /home/erum/ros2_workspace/install/new_interfaces/share/new_interfaces/local_setup.bash
[21.853s] -- Installing: /home/erum/ros2_workspace/install/new_interfaces/share/new_interfaces/local_setup.sh
[21.853s] -- Installing: /home/erum/ros2_workspace/install/new_interfaces/share/new_interfaces/local_setup.zsh
[21.853s] -- Installing: /home/erum/ros2_workspace/install/new_interfaces/share/new_interfaces/local_setup.dsv
[21.853s] -- Installing: /home/erum/ros2_workspace/install/new_interfaces/share/new_interfaces/package.dsv
[21.860s] -- Installing: /home/erum/ros2_workspace/install/new_interfaces/share/ament_index/resource_index/packages/new_interfaces
[21.861s] -- Installing: /home/erum/ros2_workspace/install/new_interfaces/share/new_interfaces/cmake/export_new_interfaces__rosidl_generator_cExport.cmake
[21.861s] -- Installing: /home/erum/ros2_workspace/install/new_interfaces/share/new_interfaces/cmake/export_new_interfaces__rosidl_generator_cExport-noconfig.cmake
[21.861s] -- Installing: /home/erum/ros2_workspace/install/new_interfaces/share/new_interfaces/cmake/export_new_interfaces__rosidl_typesupport_fastrtps_cExport.cmake
[21.863s] -- Installing: /home/erum/ros2_workspace/install/new_interfaces/share/new_interfaces/cmake/export_new_interfaces__rosidl_typesupport_fastrtps_cExport-noconfig.cmake
[21.863s] -- Installing: /home/erum/ros2_workspace/install/new_interfaces/share/new_interfaces/cmake/new_interfaces__rosidl_typesupport_introspection_cExport.cmake
[21.864s] -- Installing: /home/erum/ros2_workspace/install/new_interfaces/share/new_interfaces/cmake/new_interfaces__rosidl_typesupport_introspection_cExport-noconfig.cmake
[21.865s] -- Installing: /home/erum/ros2_workspace/install/new_interfaces/share/new_interfaces/cmake/new_interfaces__rosidl_typesupport_cExport.cmake
[21.866s] -- Installing: /home/erum/ros2_workspace/install/new_interfaces/share/new_interfaces/cmake/new_interfaces__rosidl_typesupport_cExport-noconfig.cmake
[21.866s] -- Installing: /home/erum/ros2_workspace/install/new_interfaces/share/new_interfaces/cmake/export_new_interfaces__rosidl_generator_cppExport.cmake
[21.866s] -- Installing: /home/erum/ros2_workspace/install/new_interfaces/share/new_interfaces/cmake/export_new_interfaces__rosidl_typesupport_fastrtps_cppExport.cmake
[21.870s] -- Installing: /home/erum/ros2_workspace/install/new_interfaces/share/new_interfaces/cmake/export_new_interfaces__rosidl_typesupport_fastrtps_cppExport-noconfig.cmake
[21.870s] -- Installing: /home/erum/ros2_workspace/install/new_interfaces/share/new_interfaces/cmake/new_interfaces__rosidl_typesupport_introspection_cppExport.cmake
[21.870s] -- Installing: /home/erum/ros2_workspace/install/new_interfaces/share/new_interfaces/cmake/new_interfaces__rosidl_typesupport_introspection_cppExport-noconfig.cmake
[21.870s] -- Installing: /home/erum/ros2_workspace/install/new_interfaces/share/new_interfaces/cmake/new_interfaces__rosidl_typesupport_cppExport.cmake
[21.870s] -- Installing: /home/erum/ros2_workspace/install/new_interfaces/share/new_interfaces/cmake/new_interfaces__rosidl_typesupport_cppExport-noconfig.cmake
[21.870s] -- Installing: /home/erum/ros2_workspace/install/new_interfaces/share/new_interfaces/cmake/export_new_interfaces__rosidl_generator_pyExport.cmake
[21.870s] -- Installing: /home/erum/ros2_workspace/install/new_interfaces/share/new_interfaces/cmake/export_new_interfaces__rosidl_generator_pyExport-noconfig.cmake
[21.870s] -- Installing: /home/erum/ros2_workspace/install/new_interfaces/share/new_interfaces/cmake/rosidl_cmake-extras.cmake
[21.870s] -- Installing: /home/erum/ros2_workspace/install/new_interfaces/share/new_interfaces/cmake/ament_cmake_export_dependencies-extras.cmake
[21.872s] -- Installing: /home/erum/ros2_workspace/install/new_interfaces/share/new_interfaces/cmake/ament_cmake_export_include_directories-extras.cmake
[21.872s] -- Installing: /home/erum/ros2_workspace/install/new_interfaces/share/new_interfaces/cmake/ament_cmake_export_libraries-extras.cmake
[21.872s] -- Installing: /home/erum/ros2_workspace/install/new_interfaces/share/new_interfaces/cmake/ament_cmake_export_targets-extras.cmake
[21.875s] -- Installing: /home/erum/ros2_workspace/install/new_interfaces/share/new_interfaces/cmake/rosidl_cmake_export_typesupport_targets-extras.cmake
[21.875s] -- Installing: /home/erum/ros2_workspace/install/new_interfaces/share/new_interfaces/cmake/rosidl_cmake_export_typesupport_libraries-extras.cmake
[21.875s] -- Installing: /home/erum/ros2_workspace/install/new_interfaces/share/new_interfaces/cmake/new_interfacesConfig.cmake
[21.875s] -- Installing: /home/erum/ros2_workspace/install/new_interfaces/share/new_interfaces/cmake/new_interfacesConfig-version.cmake
[21.875s] -- Installing: /home/erum/ros2_workspace/install/new_interfaces/share/new_interfaces/package.xml
[21.880s] Invoked command in '/home/erum/ros2_workspace/build/new_interfaces' returned '0': CMAKE_PREFIX_PATH=${CMAKE_PREFIX_PATH}:/home/erum/install/my_first_pkg:/opt/ros/jazzy DEBUGINFOD_URLS=https://debuginfod.ubuntu.com /usr/bin/cmake --install /home/erum/ros2_workspace/build/new_interfaces
