[1.940s] Invoking command in '/home/erum/ros2_workspace/src/my_first_pkg': DEBUGINFOD_URLS=https://debuginfod.ubuntu.com PYTHONPATH=/home/erum/ros2_workspace/src/build/my_first_pkg/prefix_override:/usr/lib/python3/dist-packages/colcon_core/task/python/colcon_distutils_commands:/home/erum/ros2_workspace/src/install/my_first_pkg/lib/python3.12/site-packages:${PYTHONPATH} /usr/bin/python3 -W ignore:setup.py install is deprecated -W ignore:easy_install command is deprecated setup.py egg_info --egg-base ../build/my_first_pkg build --build-base /home/erum/ros2_workspace/src/build/my_first_pkg/build install --record /home/erum/ros2_workspace/src/build/my_first_pkg/install.log --single-version-externally-managed install_data
[3.244s] running egg_info
[3.255s] creating ../build/my_first_pkg/my_first_pkg.egg-info
[3.297s] writing ../build/my_first_pkg/my_first_pkg.egg-info/PKG-INFO
[3.298s] writing dependency_links to ../build/my_first_pkg/my_first_pkg.egg-info/dependency_links.txt
[3.300s] writing entry points to ../build/my_first_pkg/my_first_pkg.egg-info/entry_points.txt
[3.300s] writing requirements to ../build/my_first_pkg/my_first_pkg.egg-info/requires.txt
[3.302s] writing top-level names to ../build/my_first_pkg/my_first_pkg.egg-info/top_level.txt
[3.302s] writing manifest file '../build/my_first_pkg/my_first_pkg.egg-info/SOURCES.txt'
[3.450s] reading manifest file '../build/my_first_pkg/my_first_pkg.egg-info/SOURCES.txt'
[3.452s] writing manifest file '../build/my_first_pkg/my_first_pkg.egg-info/SOURCES.txt'
[3.455s] running build
[3.455s] running build_py
[3.455s] creating /home/erum/ros2_workspace/src/build/my_first_pkg/build
[3.455s] creating /home/erum/ros2_workspace/src/build/my_first_pkg/build/lib
[3.455s] creating /home/erum/ros2_workspace/src/build/my_first_pkg/build/lib/my_first_pkg
[3.455s] copying my_first_pkg/minimal_subscriber.py -> /home/erum/ros2_workspace/src/build/my_first_pkg/build/lib/my_first_pkg
[3.456s] copying my_first_pkg/__init__.py -> /home/erum/ros2_workspace/src/build/my_first_pkg/build/lib/my_first_pkg
[3.457s] copying my_first_pkg/minimal_publisher.py -> /home/erum/ros2_workspace/src/build/my_first_pkg/build/lib/my_first_pkg
[3.458s] running install
[3.471s] running install_lib
[3.579s] creating /home/erum/ros2_workspace/src/install/my_first_pkg/lib/python3.12/site-packages/my_first_pkg
[3.580s] copying /home/erum/ros2_workspace/src/build/my_first_pkg/build/lib/my_first_pkg/minimal_subscriber.py -> /home/erum/ros2_workspace/src/install/my_first_pkg/lib/python3.12/site-packages/my_first_pkg
[3.581s] copying /home/erum/ros2_workspace/src/build/my_first_pkg/build/lib/my_first_pkg/__init__.py -> /home/erum/ros2_workspace/src/install/my_first_pkg/lib/python3.12/site-packages/my_first_pkg
[3.586s] copying /home/erum/ros2_workspace/src/build/my_first_pkg/build/lib/my_first_pkg/minimal_publisher.py -> /home/erum/ros2_workspace/src/install/my_first_pkg/lib/python3.12/site-packages/my_first_pkg
[3.586s] byte-compiling /home/erum/ros2_workspace/src/install/my_first_pkg/lib/python3.12/site-packages/my_first_pkg/minimal_subscriber.py to minimal_subscriber.cpython-312.pyc
[3.590s] byte-compiling /home/erum/ros2_workspace/src/install/my_first_pkg/lib/python3.12/site-packages/my_first_pkg/__init__.py to __init__.cpython-312.pyc
[3.590s] byte-compiling /home/erum/ros2_workspace/src/install/my_first_pkg/lib/python3.12/site-packages/my_first_pkg/minimal_publisher.py to minimal_publisher.cpython-312.pyc
[3.601s] running install_data
[3.601s] creating /home/erum/ros2_workspace/src/install/my_first_pkg/share/ament_index
[3.601s] creating /home/erum/ros2_workspace/src/install/my_first_pkg/share/ament_index/resource_index
[3.601s] creating /home/erum/ros2_workspace/src/install/my_first_pkg/share/ament_index/resource_index/packages
[3.601s] copying resource/my_first_pkg -> /home/erum/ros2_workspace/src/install/my_first_pkg/share/ament_index/resource_index/packages
[3.602s] copying package.xml -> /home/erum/ros2_workspace/src/install/my_first_pkg/share/my_first_pkg
[3.604s] running install_egg_info
[3.692s] Copying ../build/my_first_pkg/my_first_pkg.egg-info to /home/erum/ros2_workspace/src/install/my_first_pkg/lib/python3.12/site-packages/my_first_pkg-0.0.0-py3.12.egg-info
[3.693s] running install_scripts
[4.051s] Installing minimal_publisher script to /home/erum/ros2_workspace/src/install/my_first_pkg/lib/my_first_pkg
[4.052s] Installing minimal_subscriber script to /home/erum/ros2_workspace/src/install/my_first_pkg/lib/my_first_pkg
[4.052s] writing list of installed files to '/home/erum/ros2_workspace/src/build/my_first_pkg/install.log'
[4.108s] Invoked command in '/home/erum/ros2_workspace/src/my_first_pkg' returned '0': DEBUGINFOD_URLS=https://debuginfod.ubuntu.com PYTHONPATH=/home/erum/ros2_workspace/src/build/my_first_pkg/prefix_override:/usr/lib/python3/dist-packages/colcon_core/task/python/colcon_distutils_commands:/home/erum/ros2_workspace/src/install/my_first_pkg/lib/python3.12/site-packages:${PYTHONPATH} /usr/bin/python3 -W ignore:setup.py install is deprecated -W ignore:easy_install command is deprecated setup.py egg_info --egg-base ../build/my_first_pkg build --build-base /home/erum/ros2_workspace/src/build/my_first_pkg/build install --record /home/erum/ros2_workspace/src/build/my_first_pkg/install.log --single-version-externally-managed install_data
