[1.587s] Invoking command in '/home/erum/ros2_workspace/src/my_first_pkg': DEBUGINFOD_URLS=https://debuginfod.ubuntu.com PYTHONPATH=/home/erum/ros2_workspace/build/my_first_pkg/prefix_override:/usr/lib/python3/dist-packages/colcon_core/task/python/colcon_distutils_commands:/home/erum/ros2_workspace/install/my_first_pkg/lib/python3.12/site-packages:${PYTHONPATH} /usr/bin/python3 -W ignore:setup.py install is deprecated -W ignore:easy_install command is deprecated setup.py egg_info --egg-base ../../build/my_first_pkg build --build-base /home/erum/ros2_workspace/build/my_first_pkg/build install --record /home/erum/ros2_workspace/build/my_first_pkg/install.log --single-version-externally-managed install_data
[2.015s] running egg_info
[2.052s] writing ../../build/my_first_pkg/my_first_pkg.egg-info/PKG-INFO
[2.054s] writing dependency_links to ../../build/my_first_pkg/my_first_pkg.egg-info/dependency_links.txt
[2.055s] writing entry points to ../../build/my_first_pkg/my_first_pkg.egg-info/entry_points.txt
[2.056s] writing requirements to ../../build/my_first_pkg/my_first_pkg.egg-info/requires.txt
[2.058s] writing top-level names to ../../build/my_first_pkg/my_first_pkg.egg-info/top_level.txt
[2.121s] reading manifest file '../../build/my_first_pkg/my_first_pkg.egg-info/SOURCES.txt'
[2.123s] writing manifest file '../../build/my_first_pkg/my_first_pkg.egg-info/SOURCES.txt'
[2.124s] running build
[2.125s] running build_py
[2.126s] running install
[2.135s] running install_lib
[2.161s] running install_data
[2.162s] running install_egg_info
[2.214s] removing '/home/erum/ros2_workspace/install/my_first_pkg/lib/python3.12/site-packages/my_first_pkg-0.0.0-py3.12.egg-info' (and everything under it)
[2.224s] Copying ../../build/my_first_pkg/my_first_pkg.egg-info to /home/erum/ros2_workspace/install/my_first_pkg/lib/python3.12/site-packages/my_first_pkg-0.0.0-py3.12.egg-info
[2.231s] running install_scripts
[2.603s] Installing minimal_publisher script to /home/erum/ros2_workspace/install/my_first_pkg/lib/my_first_pkg
[2.603s] Installing minimal_subscriber script to /home/erum/ros2_workspace/install/my_first_pkg/lib/my_first_pkg
[2.606s] writing list of installed files to '/home/erum/ros2_workspace/build/my_first_pkg/install.log'
[2.651s] Invoked command in '/home/erum/ros2_workspace/src/my_first_pkg' returned '0': DEBUGINFOD_URLS=https://debuginfod.ubuntu.com PYTHONPATH=/home/erum/ros2_workspace/build/my_first_pkg/prefix_override:/usr/lib/python3/dist-packages/colcon_core/task/python/colcon_distutils_commands:/home/erum/ros2_workspace/install/my_first_pkg/lib/python3.12/site-packages:${PYTHONPATH} /usr/bin/python3 -W ignore:setup.py install is deprecated -W ignore:easy_install command is deprecated setup.py egg_info --egg-base ../../build/my_first_pkg build --build-base /home/erum/ros2_workspace/build/my_first_pkg/build install --record /home/erum/ros2_workspace/build/my_first_pkg/install.log --single-version-externally-managed install_data
