running egg_info
creating ../../build/Erum_pde4430/Erum_pde4430.egg-info
writing ../../build/Erum_pde4430/Erum_pde4430.egg-info/PKG-INFO
writing dependency_links to ../../build/Erum_pde4430/Erum_pde4430.egg-info/dependency_links.txt
writing entry points to ../../build/Erum_pde4430/Erum_pde4430.egg-info/entry_points.txt
writing requirements to ../../build/Erum_pde4430/Erum_pde4430.egg-info/requires.txt
writing top-level names to ../../build/Erum_pde4430/Erum_pde4430.egg-info/top_level.txt
writing manifest file '../../build/Erum_pde4430/Erum_pde4430.egg-info/SOURCES.txt'
reading manifest file '../../build/Erum_pde4430/Erum_pde4430.egg-info/SOURCES.txt'
writing manifest file '../../build/Erum_pde4430/Erum_pde4430.egg-info/SOURCES.txt'
running build
running build_py
creating /home/erum/ros2_workspace/build/Erum_pde4430/build
creating /home/erum/ros2_workspace/build/Erum_pde4430/build/lib
creating /home/erum/ros2_workspace/build/Erum_pde4430/build/lib/Erum_pde4430
copying Erum_pde4430/straightmove.py -> /home/erum/ros2_workspace/build/Erum_pde4430/build/lib/Erum_pde4430
copying Erum_pde4430/__init__.py -> /home/erum/ros2_workspace/build/Erum_pde4430/build/lib/Erum_pde4430
running install
running install_lib
creating /home/erum/ros2_workspace/install/Erum_pde4430/lib/python3.12/site-packages/Erum_pde4430
copying /home/erum/ros2_workspace/build/Erum_pde4430/build/lib/Erum_pde4430/straightmove.py -> /home/erum/ros2_workspace/install/Erum_pde4430/lib/python3.12/site-packages/Erum_pde4430
copying /home/erum/ros2_workspace/build/Erum_pde4430/build/lib/Erum_pde4430/__init__.py -> /home/erum/ros2_workspace/install/Erum_pde4430/lib/python3.12/site-packages/Erum_pde4430
byte-compiling /home/erum/ros2_workspace/install/Erum_pde4430/lib/python3.12/site-packages/Erum_pde4430/straightmove.py to straightmove.cpython-312.pyc
byte-compiling /home/erum/ros2_workspace/install/Erum_pde4430/lib/python3.12/site-packages/Erum_pde4430/__init__.py to __init__.cpython-312.pyc
running install_data
creating /home/erum/ros2_workspace/install/Erum_pde4430/share/ament_index
creating /home/erum/ros2_workspace/install/Erum_pde4430/share/ament_index/resource_index
creating /home/erum/ros2_workspace/install/Erum_pde4430/share/ament_index/resource_index/packages
copying resource/Erum_pde4430 -> /home/erum/ros2_workspace/install/Erum_pde4430/share/ament_index/resource_index/packages
copying package.xml -> /home/erum/ros2_workspace/install/Erum_pde4430/share/Erum_pde4430
running install_egg_info
Copying ../../build/Erum_pde4430/Erum_pde4430.egg-info to /home/erum/ros2_workspace/install/Erum_pde4430/lib/python3.12/site-packages/Erum_pde4430-0.0.0-py3.12.egg-info
running install_scripts
Installing straightmove script to /home/erum/ros2_workspace/install/Erum_pde4430/lib/Erum_pde4430
writing list of installed files to '/home/erum/ros2_workspace/build/Erum_pde4430/install.log'
