[1.064s] Invoking command in '/home/erum/ros2_workspace/src/Erum_pde4430': DEBUGINFOD_URLS=https://debuginfod.ubuntu.com PYTHONPATH=/home/erum/ros2_workspace/build/Erum_pde4430/prefix_override:/usr/lib/python3/dist-packages/colcon_core/task/python/colcon_distutils_commands:/home/erum/ros2_workspace/install/Erum_pde4430/lib/python3.12/site-packages:${PYTHONPATH} /usr/bin/python3 -W ignore:setup.py install is deprecated -W ignore:easy_install command is deprecated setup.py egg_info --egg-base ../../build/Erum_pde4430 build --build-base /home/erum/ros2_workspace/build/Erum_pde4430/build install --record /home/erum/ros2_workspace/build/Erum_pde4430/install.log --single-version-externally-managed install_data
[1.263s] running egg_info
[1.264s] creating ../../build/Erum_pde4430/Erum_pde4430.egg-info
[1.277s] writing ../../build/Erum_pde4430/Erum_pde4430.egg-info/PKG-INFO
[1.277s] writing dependency_links to ../../build/Erum_pde4430/Erum_pde4430.egg-info/dependency_links.txt
[1.278s] writing entry points to ../../build/Erum_pde4430/Erum_pde4430.egg-info/entry_points.txt
[1.278s] writing requirements to ../../build/Erum_pde4430/Erum_pde4430.egg-info/requires.txt
[1.278s] writing top-level names to ../../build/Erum_pde4430/Erum_pde4430.egg-info/top_level.txt
[1.279s] writing manifest file '../../build/Erum_pde4430/Erum_pde4430.egg-info/SOURCES.txt'
[1.303s] reading manifest file '../../build/Erum_pde4430/Erum_pde4430.egg-info/SOURCES.txt'
[1.305s] writing manifest file '../../build/Erum_pde4430/Erum_pde4430.egg-info/SOURCES.txt'
[1.305s] running build
[1.305s] running build_py
[1.306s] creating /home/erum/ros2_workspace/build/Erum_pde4430/build
[1.306s] creating /home/erum/ros2_workspace/build/Erum_pde4430/build/lib
[1.307s] creating /home/erum/ros2_workspace/build/Erum_pde4430/build/lib/Erum_pde4430
[1.308s] copying Erum_pde4430/straightmove.py -> /home/erum/ros2_workspace/build/Erum_pde4430/build/lib/Erum_pde4430
[1.309s] copying Erum_pde4430/__init__.py -> /home/erum/ros2_workspace/build/Erum_pde4430/build/lib/Erum_pde4430
[1.310s] running install
[1.319s] running install_lib
[1.335s] creating /home/erum/ros2_workspace/install/Erum_pde4430/lib/python3.12/site-packages/Erum_pde4430
[1.335s] copying /home/erum/ros2_workspace/build/Erum_pde4430/build/lib/Erum_pde4430/straightmove.py -> /home/erum/ros2_workspace/install/Erum_pde4430/lib/python3.12/site-packages/Erum_pde4430
[1.335s] copying /home/erum/ros2_workspace/build/Erum_pde4430/build/lib/Erum_pde4430/__init__.py -> /home/erum/ros2_workspace/install/Erum_pde4430/lib/python3.12/site-packages/Erum_pde4430
[1.339s] byte-compiling /home/erum/ros2_workspace/install/Erum_pde4430/lib/python3.12/site-packages/Erum_pde4430/straightmove.py to straightmove.cpython-312.pyc
[1.339s] byte-compiling /home/erum/ros2_workspace/install/Erum_pde4430/lib/python3.12/site-packages/Erum_pde4430/__init__.py to __init__.cpython-312.pyc
[1.339s] running install_data
[1.339s] creating /home/erum/ros2_workspace/install/Erum_pde4430/share/ament_index
[1.341s] creating /home/erum/ros2_workspace/install/Erum_pde4430/share/ament_index/resource_index
[1.341s] creating /home/erum/ros2_workspace/install/Erum_pde4430/share/ament_index/resource_index/packages
[1.341s] copying resource/Erum_pde4430 -> /home/erum/ros2_workspace/install/Erum_pde4430/share/ament_index/resource_index/packages
[1.341s] copying package.xml -> /home/erum/ros2_workspace/install/Erum_pde4430/share/Erum_pde4430
[1.341s] running install_egg_info
[1.362s] Copying ../../build/Erum_pde4430/Erum_pde4430.egg-info to /home/erum/ros2_workspace/install/Erum_pde4430/lib/python3.12/site-packages/Erum_pde4430-0.0.0-py3.12.egg-info
[1.365s] running install_scripts
[1.465s] Installing straightmove script to /home/erum/ros2_workspace/install/Erum_pde4430/lib/Erum_pde4430
[1.465s] writing list of installed files to '/home/erum/ros2_workspace/build/Erum_pde4430/install.log'
[1.490s] Invoked command in '/home/erum/ros2_workspace/src/Erum_pde4430' returned '0': DEBUGINFOD_URLS=https://debuginfod.ubuntu.com PYTHONPATH=/home/erum/ros2_workspace/build/Erum_pde4430/prefix_override:/usr/lib/python3/dist-packages/colcon_core/task/python/colcon_distutils_commands:/home/erum/ros2_workspace/install/Erum_pde4430/lib/python3.12/site-packages:${PYTHONPATH} /usr/bin/python3 -W ignore:setup.py install is deprecated -W ignore:easy_install command is deprecated setup.py egg_info --egg-base ../../build/Erum_pde4430 build --build-base /home/erum/ros2_workspace/build/Erum_pde4430/build install --record /home/erum/ros2_workspace/build/Erum_pde4430/install.log --single-version-externally-managed install_data
