[0.025s] Invoking command in '/home/erum/ros2_workspace/build/my_xacro_robot': CMAKE_PREFIX_PATH=${CMAKE_PREFIX_PATH}:/opt/ros/jazzy DEBUGINFOD_URLS=https://debuginfod.ubuntu.com /usr/bin/cmake /home/erum/ros2_workspace/src/my_xacro_robot -DCMAKE_INSTALL_PREFIX=/home/erum/ros2_workspace/install/my_xacro_robot
[0.053s] -- Found ament_cmake: 2.5.4 (/opt/ros/jazzy/share/ament_cmake/cmake)
[0.392s] -- Found rclcpp: 28.1.12 (/opt/ros/jazzy/share/rclcpp/cmake)
[0.463s] -- Found rosidl_generator_c: 4.6.6 (/opt/ros/jazzy/share/rosidl_generator_c/cmake)
[0.476s] -- Found rosidl_generator_cpp: 4.6.6 (/opt/ros/jazzy/share/rosidl_generator_cpp/cmake)
[0.496s] -- Using all available rosidl_typesupport_c: rosidl_typesupport_fastrtps_c;rosidl_typesupport_introspection_c
[0.523s] -- Using all available rosidl_typesupport_cpp: rosidl_typesupport_fastrtps_cpp;rosidl_typesupport_introspection_cpp
[0.619s] -- Found rmw_implementation_cmake: 7.3.2 (/opt/ros/jazzy/share/rmw_implementation_cmake/cmake)
[0.621s] -- Found rmw_cyclonedds_cpp: 2.2.3 (/opt/ros/jazzy/share/rmw_cyclonedds_cpp/cmake)
[0.652s] -- Using RMW implementation 'rmw_cyclonedds_cpp' as default
[0.733s] -- Found urdf: 2.10.0 (/opt/ros/jazzy/share/urdf/cmake)
[0.744s] -- Found TinyXML2 via Config file: /usr/lib/x86_64-linux-gnu/cmake/tinyxml2
[0.750s] -- Found xacro: 2.1.1 (/opt/ros/jazzy/share/xacro/cmake)
[0.775s] [31mCMake Error at CMakeLists.txt:9 (find_package):
[0.775s]   By not providing "Findrviz.cmake" in CMAKE_MODULE_PATH this project has
[0.776s]   asked CMake to find a package configuration file provided by "rviz", but
[0.776s]   CMake did not find one.
[0.776s] 
[0.776s]   Could not find a package configuration file provided by "rviz" with any of
[0.776s]   the following names:
[0.776s] 
[0.776s]     rvizConfig.cmake
[0.777s]     rviz-config.cmake
[0.777s] 
[0.777s]   Add the installation prefix of "rviz" to CMAKE_PREFIX_PATH or set
[0.777s]   "rviz_DIR" to a directory containing one of the above files.  If "rviz"
[0.777s]   provides a separate development package or SDK, be sure it has been
[0.777s]   installed.
[0.777s] 
[0.777s] [0m
[0.777s] -- Configuring incomplete, errors occurred!
[0.791s] Invoked command in '/home/erum/ros2_workspace/build/my_xacro_robot' returned '1': CMAKE_PREFIX_PATH=${CMAKE_PREFIX_PATH}:/opt/ros/jazzy DEBUGINFOD_URLS=https://debuginfod.ubuntu.com /usr/bin/cmake /home/erum/ros2_workspace/src/my_xacro_robot -DCMAKE_INSTALL_PREFIX=/home/erum/ros2_workspace/install/my_xacro_robot
