/home/erum/ros2_workspace/install/Erum_pde4430/lib/python3.12/site-packages/Erum_pde4430/4bots.py
/home/erum/ros2_workspace/install/Erum_pde4430/lib/python3.12/site-packages/Erum_pde4430/figure8_move.py
/home/erum/ros2_workspace/install/Erum_pde4430/lib/python3.12/site-packages/Erum_pde4430/userinput.py
/home/erum/ros2_workspace/install/Erum_pde4430/lib/python3.12/site-packages/Erum_pde4430/straightmove.py
/home/erum/ros2_workspace/install/Erum_pde4430/lib/python3.12/site-packages/Erum_pde4430/__init__.py
/home/erum/ros2_workspace/install/Erum_pde4430/lib/python3.12/site-packages/Erum_pde4430/roomba_cleaner.py
/home/erum/ros2_workspace/install/Erum_pde4430/lib/python3.12/site-packages/Erum_pde4430/circular_move.py
/home/erum/ros2_workspace/install/Erum_pde4430/lib/python3.12/site-packages/Erum_pde4430/__pycache__/4bots.cpython-312.pyc
/home/erum/ros2_workspace/install/Erum_pde4430/lib/python3.12/site-packages/Erum_pde4430/__pycache__/figure8_move.cpython-312.pyc
/home/erum/ros2_workspace/install/Erum_pde4430/lib/python3.12/site-packages/Erum_pde4430/__pycache__/userinput.cpython-312.pyc
/home/erum/ros2_workspace/install/Erum_pde4430/lib/python3.12/site-packages/Erum_pde4430/__pycache__/straightmove.cpython-312.pyc
/home/erum/ros2_workspace/install/Erum_pde4430/lib/python3.12/site-packages/Erum_pde4430/__pycache__/__init__.cpython-312.pyc
/home/erum/ros2_workspace/install/Erum_pde4430/lib/python3.12/site-packages/Erum_pde4430/__pycache__/roomba_cleaner.cpython-312.pyc
/home/erum/ros2_workspace/install/Erum_pde4430/lib/python3.12/site-packages/Erum_pde4430/__pycache__/circular_move.cpython-312.pyc
/home/erum/ros2_workspace/install/Erum_pde4430/share/ament_index/resource_index/packages/Erum_pde4430
/home/erum/ros2_workspace/install/Erum_pde4430/share/Erum_pde4430/package.xml
/home/erum/ros2_workspace/install/Erum_pde4430/lib/python3.12/site-packages/Erum_pde4430-0.0.0-py3.12.egg-info/SOURCES.txt
/home/erum/ros2_workspace/install/Erum_pde4430/lib/python3.12/site-packages/Erum_pde4430-0.0.0-py3.12.egg-info/top_level.txt
/home/erum/ros2_workspace/install/Erum_pde4430/lib/python3.12/site-packages/Erum_pde4430-0.0.0-py3.12.egg-info/zip-safe
/home/erum/ros2_workspace/install/Erum_pde4430/lib/python3.12/site-packages/Erum_pde4430-0.0.0-py3.12.egg-info/entry_points.txt
/home/erum/ros2_workspace/install/Erum_pde4430/lib/python3.12/site-packages/Erum_pde4430-0.0.0-py3.12.egg-info/requires.txt
/home/erum/ros2_workspace/install/Erum_pde4430/lib/python3.12/site-packages/Erum_pde4430-0.0.0-py3.12.egg-info/dependency_links.txt
/home/erum/ros2_workspace/install/Erum_pde4430/lib/python3.12/site-packages/Erum_pde4430-0.0.0-py3.12.egg-info/PKG-INFO
/home/erum/ros2_workspace/install/Erum_pde4430/lib/Erum_pde4430/4bots
/home/erum/ros2_workspace/install/Erum_pde4430/lib/Erum_pde4430/circular_move
/home/erum/ros2_workspace/install/Erum_pde4430/lib/Erum_pde4430/figure8_move
/home/erum/ros2_workspace/install/Erum_pde4430/lib/Erum_pde4430/roomba_cleaner
/home/erum/ros2_workspace/install/Erum_pde4430/lib/Erum_pde4430/straightmove
/home/erum/ros2_workspace/install/Erum_pde4430/lib/Erum_pde4430/userinput
