[0.052s] Invoking command in '/home/erum/ros2_workspace/build/new_interfaces': CMAKE_PREFIX_PATH=${CMAKE_PREFIX_PATH}:/home/erum/ros2_workspace/install/add_two_ints_pkg:/home/erum/ros2_workspace/install/my_first_pkg:/home/erum/ros2_workspace/install/Erum_pde4430:/opt/ros/jazzy DEBUGINFOD_URLS=https://debuginfod.ubuntu.com /usr/bin/cmake --build /home/erum/ros2_workspace/build/new_interfaces -- -j2 -l2
[0.860s] [  2%] Built target new_interfaces__rosidl_generator_type_description
[1.630s] [  2%] Built target ament_cmake_python_copy_new_interfaces
[1.787s] [  4%] Built target new_interfaces__cpp
[2.024s] [ 22%] Built target new_interfaces__rosidl_generator_c
[3.026s] running egg_info
[3.092s] writing new_interfaces.egg-info/PKG-INFO
[3.095s] writing dependency_links to new_interfaces.egg-info/dependency_links.txt
[3.096s] writing top-level names to new_interfaces.egg-info/top_level.txt
[3.324s] reading manifest file 'new_interfaces.egg-info/SOURCES.txt'
[3.328s] writing manifest file 'new_interfaces.egg-info/SOURCES.txt'
[3.530s] [ 22%] Built target ament_cmake_python_build_new_interfaces_egg
[3.903s] [ 31%] Built target new_interfaces__rosidl_typesupport_cpp
[4.269s] [ 40%] Built target new_interfaces__rosidl_typesupport_fastrtps_c
[4.490s] [ 50%] Built target new_interfaces__rosidl_typesupport_introspection_c
[4.727s] [ 59%] Built target new_interfaces__rosidl_typesupport_c
[4.966s] [ 68%] Built target new_interfaces__rosidl_typesupport_fastrtps_cpp
[5.138s] [ 77%] Built target new_interfaces__rosidl_typesupport_introspection_cpp
[5.291s] [ 77%] Built target new_interfaces
[5.446s] [ 79%] Built target new_interfaces__py
[5.668s] [ 86%] Built target new_interfaces__rosidl_generator_py
[5.797s] [ 90%] Built target new_interfaces_s__rosidl_typesupport_fastrtps_c
[6.001s] [ 95%] Built target new_interfaces_s__rosidl_typesupport_introspection_c
[6.154s] [100%] Built target new_interfaces_s__rosidl_typesupport_c
[6.185s] Invoked command in '/home/erum/ros2_workspace/build/new_interfaces' returned '0': CMAKE_PREFIX_PATH=${CMAKE_PREFIX_PATH}:/home/erum/ros2_workspace/install/add_two_ints_pkg:/home/erum/ros2_workspace/install/my_first_pkg:/home/erum/ros2_workspace/install/Erum_pde4430:/opt/ros/jazzy DEBUGINFOD_URLS=https://debuginfod.ubuntu.com /usr/bin/cmake --build /home/erum/ros2_workspace/build/new_interfaces -- -j2 -l2
[6.209s] Invoking command in '/home/erum/ros2_workspace/build/new_interfaces': CMAKE_PREFIX_PATH=${CMAKE_PREFIX_PATH}:/home/erum/ros2_workspace/install/add_two_ints_pkg:/home/erum/ros2_workspace/install/my_first_pkg:/home/erum/ros2_workspace/install/Erum_pde4430:/opt/ros/jazzy DEBUGINFOD_URLS=https://debuginfod.ubuntu.com /usr/bin/cmake --install /home/erum/ros2_workspace/build/new_interfaces
[6.238s] -- Install configuration: ""
[6.248s] -- Up-to-date: /home/erum/ros2_workspace/install/new_interfaces/share/ament_index/resource_index/rosidl_interfaces/new_interfaces
[6.248s] -- Up-to-date: /home/erum/ros2_workspace/install/new_interfaces/share/new_interfaces/msg/IOTSensor.json
[6.248s] -- Up-to-date: /home/erum/ros2_workspace/install/new_interfaces/share/new_interfaces/srv/AddTwoInts.json
[6.248s] -- Up-to-date: /home/erum/ros2_workspace/install/new_interfaces/include/new_interfaces/new_interfaces
[6.248s] -- Up-to-date: /home/erum/ros2_workspace/install/new_interfaces/include/new_interfaces/new_interfaces/srv
[6.248s] -- Up-to-date: /home/erum/ros2_workspace/install/new_interfaces/include/new_interfaces/new_interfaces/srv/add_two_ints.h
[6.253s] -- Up-to-date: /home/erum/ros2_workspace/install/new_interfaces/include/new_interfaces/new_interfaces/srv/detail
[6.253s] -- Up-to-date: /home/erum/ros2_workspace/install/new_interfaces/include/new_interfaces/new_interfaces/srv/detail/add_two_ints__functions.h
[6.253s] -- Up-to-date: /home/erum/ros2_workspace/install/new_interfaces/include/new_interfaces/new_interfaces/srv/detail/add_two_ints__description.c
[6.254s] -- Up-to-date: /home/erum/ros2_workspace/install/new_interfaces/include/new_interfaces/new_interfaces/srv/detail/add_two_ints__functions.c
[6.254s] -- Up-to-date: /home/erum/ros2_workspace/install/new_interfaces/include/new_interfaces/new_interfaces/srv/detail/add_two_ints__type_support.h
[6.254s] -- Up-to-date: /home/erum/ros2_workspace/install/new_interfaces/include/new_interfaces/new_interfaces/srv/detail/add_two_ints__struct.h
[6.265s] -- Installing: /home/erum/ros2_workspace/install/new_interfaces/include/new_interfaces/new_interfaces/srv/detail/add_two_ints__type_support.c
[6.265s] -- Up-to-date: /home/erum/ros2_workspace/install/new_interfaces/include/new_interfaces/new_interfaces/msg
[6.265s] -- Up-to-date: /home/erum/ros2_workspace/install/new_interfaces/include/new_interfaces/new_interfaces/msg/rosidl_generator_c__visibility_control.h
[6.265s] -- Up-to-date: /home/erum/ros2_workspace/install/new_interfaces/include/new_interfaces/new_interfaces/msg/iot_sensor.h
[6.265s] -- Up-to-date: /home/erum/ros2_workspace/install/new_interfaces/include/new_interfaces/new_interfaces/msg/detail
[6.265s] -- Up-to-date: /home/erum/ros2_workspace/install/new_interfaces/include/new_interfaces/new_interfaces/msg/detail/iot_sensor__functions.c
[6.265s] -- Up-to-date: /home/erum/ros2_workspace/install/new_interfaces/include/new_interfaces/new_interfaces/msg/detail/iot_sensor__type_support.h
[6.266s] -- Up-to-date: /home/erum/ros2_workspace/install/new_interfaces/include/new_interfaces/new_interfaces/msg/detail/iot_sensor__struct.h
[6.266s] -- Installing: /home/erum/ros2_workspace/install/new_interfaces/include/new_interfaces/new_interfaces/msg/detail/iot_sensor__type_support.c
[6.267s] -- Up-to-date: /home/erum/ros2_workspace/install/new_interfaces/include/new_interfaces/new_interfaces/msg/detail/iot_sensor__description.c
[6.267s] -- Up-to-date: /home/erum/ros2_workspace/install/new_interfaces/include/new_interfaces/new_interfaces/msg/detail/iot_sensor__functions.h
[6.267s] -- Up-to-date: /home/erum/ros2_workspace/install/new_interfaces/share/new_interfaces/environment/library_path.sh
[6.267s] -- Up-to-date: /home/erum/ros2_workspace/install/new_interfaces/share/new_interfaces/environment/library_path.dsv
[6.267s] -- Up-to-date: /home/erum/ros2_workspace/install/new_interfaces/lib/libnew_interfaces__rosidl_generator_c.so
[6.268s] -- Up-to-date: /home/erum/ros2_workspace/install/new_interfaces/include/new_interfaces/new_interfaces
[6.268s] -- Up-to-date: /home/erum/ros2_workspace/install/new_interfaces/include/new_interfaces/new_interfaces/srv
[6.268s] -- Up-to-date: /home/erum/ros2_workspace/install/new_interfaces/include/new_interfaces/new_interfaces/srv/detail
[6.271s] -- Up-to-date: /home/erum/ros2_workspace/install/new_interfaces/include/new_interfaces/new_interfaces/srv/detail/add_two_ints__rosidl_typesupport_fastrtps_c.h
[6.271s] -- Up-to-date: /home/erum/ros2_workspace/install/new_interfaces/include/new_interfaces/new_interfaces/msg
[6.271s] -- Up-to-date: /home/erum/ros2_workspace/install/new_interfaces/include/new_interfaces/new_interfaces/msg/rosidl_typesupport_fastrtps_c__visibility_control.h
[6.271s] -- Up-to-date: /home/erum/ros2_workspace/install/new_interfaces/include/new_interfaces/new_interfaces/msg/detail
[6.275s] -- Up-to-date: /home/erum/ros2_workspace/install/new_interfaces/include/new_interfaces/new_interfaces/msg/detail/iot_sensor__rosidl_typesupport_fastrtps_c.h
[6.275s] -- Up-to-date: /home/erum/ros2_workspace/install/new_interfaces/lib/libnew_interfaces__rosidl_typesupport_fastrtps_c.so
[6.275s] -- Up-to-date: /home/erum/ros2_workspace/install/new_interfaces/include/new_interfaces/new_interfaces
[6.275s] -- Up-to-date: /home/erum/ros2_workspace/install/new_interfaces/include/new_interfaces/new_interfaces/srv
[6.275s] -- Up-to-date: /home/erum/ros2_workspace/install/new_interfaces/include/new_interfaces/new_interfaces/srv/detail
[6.275s] -- Up-to-date: /home/erum/ros2_workspace/install/new_interfaces/include/new_interfaces/new_interfaces/srv/detail/add_two_ints__rosidl_typesupport_introspection_c.h
[6.275s] -- Installing: /home/erum/ros2_workspace/install/new_interfaces/include/new_interfaces/new_interfaces/srv/detail/add_two_ints__type_support.c
[6.276s] -- Up-to-date: /home/erum/ros2_workspace/install/new_interfaces/include/new_interfaces/new_interfaces/msg
[6.276s] -- Up-to-date: /home/erum/ros2_workspace/install/new_interfaces/include/new_interfaces/new_interfaces/msg/rosidl_typesupport_introspection_c__visibility_control.h
[6.276s] -- Up-to-date: /home/erum/ros2_workspace/install/new_interfaces/include/new_interfaces/new_interfaces/msg/detail
[6.290s] -- Up-to-date: /home/erum/ros2_workspace/install/new_interfaces/include/new_interfaces/new_interfaces/msg/detail/iot_sensor__rosidl_typesupport_introspection_c.h
[6.290s] -- Installing: /home/erum/ros2_workspace/install/new_interfaces/include/new_interfaces/new_interfaces/msg/detail/iot_sensor__type_support.c
[6.291s] -- Up-to-date: /home/erum/ros2_workspace/install/new_interfaces/lib/libnew_interfaces__rosidl_typesupport_introspection_c.so
[6.291s] -- Up-to-date: /home/erum/ros2_workspace/install/new_interfaces/lib/libnew_interfaces__rosidl_typesupport_c.so
[6.291s] -- Up-to-date: /home/erum/ros2_workspace/install/new_interfaces/include/new_interfaces/new_interfaces
[6.291s] -- Up-to-date: /home/erum/ros2_workspace/install/new_interfaces/include/new_interfaces/new_interfaces/srv
[6.295s] -- Up-to-date: /home/erum/ros2_workspace/install/new_interfaces/include/new_interfaces/new_interfaces/srv/add_two_ints.hpp
[6.295s] -- Up-to-date: /home/erum/ros2_workspace/install/new_interfaces/include/new_interfaces/new_interfaces/srv/detail
[6.305s] -- Up-to-date: /home/erum/ros2_workspace/install/new_interfaces/include/new_interfaces/new_interfaces/srv/detail/add_two_ints__struct.hpp
[6.305s] -- Up-to-date: /home/erum/ros2_workspace/install/new_interfaces/include/new_interfaces/new_interfaces/srv/detail/add_two_ints__type_support.hpp
[6.306s] -- Up-to-date: /home/erum/ros2_workspace/install/new_interfaces/include/new_interfaces/new_interfaces/srv/detail/add_two_ints__traits.hpp
[6.306s] -- Up-to-date: /home/erum/ros2_workspace/install/new_interfaces/include/new_interfaces/new_interfaces/srv/detail/add_two_ints__builder.hpp
[6.306s] -- Up-to-date: /home/erum/ros2_workspace/install/new_interfaces/include/new_interfaces/new_interfaces/msg
[6.306s] -- Up-to-date: /home/erum/ros2_workspace/install/new_interfaces/include/new_interfaces/new_interfaces/msg/iot_sensor.hpp
[6.306s] -- Up-to-date: /home/erum/ros2_workspace/install/new_interfaces/include/new_interfaces/new_interfaces/msg/rosidl_generator_cpp__visibility_control.hpp
[6.306s] -- Up-to-date: /home/erum/ros2_workspace/install/new_interfaces/include/new_interfaces/new_interfaces/msg/detail
[6.306s] -- Up-to-date: /home/erum/ros2_workspace/install/new_interfaces/include/new_interfaces/new_interfaces/msg/detail/iot_sensor__builder.hpp
[6.306s] -- Up-to-date: /home/erum/ros2_workspace/install/new_interfaces/include/new_interfaces/new_interfaces/msg/detail/iot_sensor__type_support.hpp
[6.306s] -- Up-to-date: /home/erum/ros2_workspace/install/new_interfaces/include/new_interfaces/new_interfaces/msg/detail/iot_sensor__struct.hpp
[6.306s] -- Up-to-date: /home/erum/ros2_workspace/install/new_interfaces/include/new_interfaces/new_interfaces/msg/detail/iot_sensor__traits.hpp
[6.306s] -- Up-to-date: /home/erum/ros2_workspace/install/new_interfaces/include/new_interfaces/new_interfaces
[6.307s] -- Up-to-date: /home/erum/ros2_workspace/install/new_interfaces/include/new_interfaces/new_interfaces/srv
[6.307s] -- Up-to-date: /home/erum/ros2_workspace/install/new_interfaces/include/new_interfaces/new_interfaces/srv/detail
[6.307s] -- Up-to-date: /home/erum/ros2_workspace/install/new_interfaces/include/new_interfaces/new_interfaces/srv/detail/add_two_ints__rosidl_typesupport_fastrtps_cpp.hpp
[6.315s] -- Up-to-date: /home/erum/ros2_workspace/install/new_interfaces/include/new_interfaces/new_interfaces/srv/detail/dds_fastrtps
[6.315s] -- Up-to-date: /home/erum/ros2_workspace/install/new_interfaces/include/new_interfaces/new_interfaces/msg
[6.315s] -- Up-to-date: /home/erum/ros2_workspace/install/new_interfaces/include/new_interfaces/new_interfaces/msg/detail
[6.315s] -- Up-to-date: /home/erum/ros2_workspace/install/new_interfaces/include/new_interfaces/new_interfaces/msg/detail/dds_fastrtps
[6.315s] -- Up-to-date: /home/erum/ros2_workspace/install/new_interfaces/include/new_interfaces/new_interfaces/msg/detail/iot_sensor__rosidl_typesupport_fastrtps_cpp.hpp
[6.315s] -- Up-to-date: /home/erum/ros2_workspace/install/new_interfaces/include/new_interfaces/new_interfaces/msg/rosidl_typesupport_fastrtps_cpp__visibility_control.h
[6.316s] -- Up-to-date: /home/erum/ros2_workspace/install/new_interfaces/lib/libnew_interfaces__rosidl_typesupport_fastrtps_cpp.so
[6.316s] -- Up-to-date: /home/erum/ros2_workspace/install/new_interfaces/include/new_interfaces/new_interfaces
[6.316s] -- Up-to-date: /home/erum/ros2_workspace/install/new_interfaces/include/new_interfaces/new_interfaces/srv
[6.316s] -- Up-to-date: /home/erum/ros2_workspace/install/new_interfaces/include/new_interfaces/new_interfaces/srv/detail
[6.316s] -- Up-to-date: /home/erum/ros2_workspace/install/new_interfaces/include/new_interfaces/new_interfaces/srv/detail/add_two_ints__type_support.cpp
[6.316s] -- Up-to-date: /home/erum/ros2_workspace/install/new_interfaces/include/new_interfaces/new_interfaces/srv/detail/add_two_ints__rosidl_typesupport_introspection_cpp.hpp
[6.316s] -- Up-to-date: /home/erum/ros2_workspace/install/new_interfaces/include/new_interfaces/new_interfaces/msg
[6.316s] -- Up-to-date: /home/erum/ros2_workspace/install/new_interfaces/include/new_interfaces/new_interfaces/msg/detail
[6.316s] -- Up-to-date: /home/erum/ros2_workspace/install/new_interfaces/include/new_interfaces/new_interfaces/msg/detail/iot_sensor__type_support.cpp
[6.316s] -- Up-to-date: /home/erum/ros2_workspace/install/new_interfaces/include/new_interfaces/new_interfaces/msg/detail/iot_sensor__rosidl_typesupport_introspection_cpp.hpp
[6.316s] -- Up-to-date: /home/erum/ros2_workspace/install/new_interfaces/lib/libnew_interfaces__rosidl_typesupport_introspection_cpp.so
[6.316s] -- Up-to-date: /home/erum/ros2_workspace/install/new_interfaces/lib/libnew_interfaces__rosidl_typesupport_cpp.so
[6.316s] -- Up-to-date: /home/erum/ros2_workspace/install/new_interfaces/share/new_interfaces/environment/pythonpath.sh
[6.317s] -- Up-to-date: /home/erum/ros2_workspace/install/new_interfaces/share/new_interfaces/environment/pythonpath.dsv
[6.317s] -- Up-to-date: /home/erum/ros2_workspace/install/new_interfaces/lib/python3.12/site-packages/new_interfaces-0.0.0-py3.12.egg-info
[6.317s] -- Installing: /home/erum/ros2_workspace/install/new_interfaces/lib/python3.12/site-packages/new_interfaces-0.0.0-py3.12.egg-info/SOURCES.txt
[6.323s] -- Installing: /home/erum/ros2_workspace/install/new_interfaces/lib/python3.12/site-packages/new_interfaces-0.0.0-py3.12.egg-info/top_level.txt
[6.323s] -- Installing: /home/erum/ros2_workspace/install/new_interfaces/lib/python3.12/site-packages/new_interfaces-0.0.0-py3.12.egg-info/dependency_links.txt
[6.323s] -- Installing: /home/erum/ros2_workspace/install/new_interfaces/lib/python3.12/site-packages/new_interfaces-0.0.0-py3.12.egg-info/PKG-INFO
[6.323s] -- Up-to-date: /home/erum/ros2_workspace/install/new_interfaces/lib/python3.12/site-packages/new_interfaces
[6.323s] -- Up-to-date: /home/erum/ros2_workspace/install/new_interfaces/lib/python3.12/site-packages/new_interfaces/_new_interfaces_s.ep.rosidl_typesupport_c.c
[6.324s] -- Up-to-date: /home/erum/ros2_workspace/install/new_interfaces/lib/python3.12/site-packages/new_interfaces/srv
[6.324s] -- Up-to-date: /home/erum/ros2_workspace/install/new_interfaces/lib/python3.12/site-packages/new_interfaces/srv/_add_two_ints_s.c
[6.324s] -- Up-to-date: /home/erum/ros2_workspace/install/new_interfaces/lib/python3.12/site-packages/new_interfaces/srv/__init__.py
[6.324s] -- Up-to-date: /home/erum/ros2_workspace/install/new_interfaces/lib/python3.12/site-packages/new_interfaces/srv/_add_two_ints.py
[6.324s] -- Up-to-date: /home/erum/ros2_workspace/install/new_interfaces/lib/python3.12/site-packages/new_interfaces/__init__.py
[6.324s] -- Up-to-date: /home/erum/ros2_workspace/install/new_interfaces/lib/python3.12/site-packages/new_interfaces/_new_interfaces_s.ep.rosidl_typesupport_introspection_c.c
[6.324s] -- Up-to-date: /home/erum/ros2_workspace/install/new_interfaces/lib/python3.12/site-packages/new_interfaces/_new_interfaces_s.ep.rosidl_typesupport_fastrtps_c.c
[6.324s] -- Up-to-date: /home/erum/ros2_workspace/install/new_interfaces/lib/python3.12/site-packages/new_interfaces/new_interfaces_s__rosidl_typesupport_fastrtps_c.so
[6.324s] -- Up-to-date: /home/erum/ros2_workspace/install/new_interfaces/lib/python3.12/site-packages/new_interfaces/new_interfaces_s__rosidl_typesupport_c.so
[6.324s] -- Up-to-date: /home/erum/ros2_workspace/install/new_interfaces/lib/python3.12/site-packages/new_interfaces/msg
[6.324s] -- Up-to-date: /home/erum/ros2_workspace/install/new_interfaces/lib/python3.12/site-packages/new_interfaces/msg/_iot_sensor.py
[6.324s] -- Up-to-date: /home/erum/ros2_workspace/install/new_interfaces/lib/python3.12/site-packages/new_interfaces/msg/__init__.py
[6.325s] -- Up-to-date: /home/erum/ros2_workspace/install/new_interfaces/lib/python3.12/site-packages/new_interfaces/msg/_iot_sensor_s.c
[6.325s] -- Up-to-date: /home/erum/ros2_workspace/install/new_interfaces/lib/python3.12/site-packages/new_interfaces/new_interfaces_s__rosidl_typesupport_introspection_c.so
[6.488s] Listing '/home/erum/ros2_workspace/install/new_interfaces/lib/python3.12/site-packages/new_interfaces'...
[6.490s] Listing '/home/erum/ros2_workspace/install/new_interfaces/lib/python3.12/site-packages/new_interfaces/msg'...
[6.490s] Listing '/home/erum/ros2_workspace/install/new_interfaces/lib/python3.12/site-packages/new_interfaces/srv'...
[6.539s] -- Up-to-date: /home/erum/ros2_workspace/install/new_interfaces/lib/python3.12/site-packages/new_interfaces/new_interfaces_s__rosidl_typesupport_fastrtps_c.so
[6.544s] -- Up-to-date: /home/erum/ros2_workspace/install/new_interfaces/lib/python3.12/site-packages/new_interfaces/new_interfaces_s__rosidl_typesupport_introspection_c.so
[6.550s] -- Up-to-date: /home/erum/ros2_workspace/install/new_interfaces/lib/python3.12/site-packages/new_interfaces/new_interfaces_s__rosidl_typesupport_c.so
[6.550s] -- Up-to-date: /home/erum/ros2_workspace/install/new_interfaces/lib/libnew_interfaces__rosidl_generator_py.so
[6.555s] -- Up-to-date: /home/erum/ros2_workspace/install/new_interfaces/share/new_interfaces/msg/IOTSensor.idl
[6.555s] -- Up-to-date: /home/erum/ros2_workspace/install/new_interfaces/share/new_interfaces/srv/AddTwoInts.idl
[6.555s] -- Up-to-date: /home/erum/ros2_workspace/install/new_interfaces/share/new_interfaces/msg/IOTSensor.msg
[6.560s] -- Up-to-date: /home/erum/ros2_workspace/install/new_interfaces/share/new_interfaces/srv/AddTwoInts.srv
[6.560s] -- Up-to-date: /home/erum/ros2_workspace/install/new_interfaces/share/ament_index/resource_index/package_run_dependencies/new_interfaces
[6.561s] -- Up-to-date: /home/erum/ros2_workspace/install/new_interfaces/share/ament_index/resource_index/parent_prefix_path/new_interfaces
[6.561s] -- Up-to-date: /home/erum/ros2_workspace/install/new_interfaces/share/new_interfaces/environment/ament_prefix_path.sh
[6.561s] -- Up-to-date: /home/erum/ros2_workspace/install/new_interfaces/share/new_interfaces/environment/ament_prefix_path.dsv
[6.562s] -- Up-to-date: /home/erum/ros2_workspace/install/new_interfaces/share/new_interfaces/environment/path.sh
[6.562s] -- Up-to-date: /home/erum/ros2_workspace/install/new_interfaces/share/new_interfaces/environment/path.dsv
[6.562s] -- Up-to-date: /home/erum/ros2_workspace/install/new_interfaces/share/new_interfaces/local_setup.bash
[6.562s] -- Up-to-date: /home/erum/ros2_workspace/install/new_interfaces/share/new_interfaces/local_setup.sh
[6.562s] -- Up-to-date: /home/erum/ros2_workspace/install/new_interfaces/share/new_interfaces/local_setup.zsh
[6.563s] -- Up-to-date: /home/erum/ros2_workspace/install/new_interfaces/share/new_interfaces/local_setup.dsv
[6.563s] -- Installing: /home/erum/ros2_workspace/install/new_interfaces/share/new_interfaces/package.dsv
[6.569s] -- Up-to-date: /home/erum/ros2_workspace/install/new_interfaces/share/ament_index/resource_index/packages/new_interfaces
[6.583s] -- Up-to-date: /home/erum/ros2_workspace/install/new_interfaces/share/new_interfaces/cmake/export_new_interfaces__rosidl_generator_cExport.cmake
[6.583s] -- Up-to-date: /home/erum/ros2_workspace/install/new_interfaces/share/new_interfaces/cmake/export_new_interfaces__rosidl_generator_cExport-noconfig.cmake
[6.583s] -- Up-to-date: /home/erum/ros2_workspace/install/new_interfaces/share/new_interfaces/cmake/export_new_interfaces__rosidl_typesupport_fastrtps_cExport.cmake
[6.584s] -- Up-to-date: /home/erum/ros2_workspace/install/new_interfaces/share/new_interfaces/cmake/export_new_interfaces__rosidl_typesupport_fastrtps_cExport-noconfig.cmake
[6.585s] -- Up-to-date: /home/erum/ros2_workspace/install/new_interfaces/share/new_interfaces/cmake/new_interfaces__rosidl_typesupport_introspection_cExport.cmake
[6.585s] -- Up-to-date: /home/erum/ros2_workspace/install/new_interfaces/share/new_interfaces/cmake/new_interfaces__rosidl_typesupport_introspection_cExport-noconfig.cmake
[6.587s] -- Up-to-date: /home/erum/ros2_workspace/install/new_interfaces/share/new_interfaces/cmake/new_interfaces__rosidl_typesupport_cExport.cmake
[6.588s] -- Up-to-date: /home/erum/ros2_workspace/install/new_interfaces/share/new_interfaces/cmake/new_interfaces__rosidl_typesupport_cExport-noconfig.cmake
[6.588s] -- Up-to-date: /home/erum/ros2_workspace/install/new_interfaces/share/new_interfaces/cmake/export_new_interfaces__rosidl_generator_cppExport.cmake
[6.597s] -- Up-to-date: /home/erum/ros2_workspace/install/new_interfaces/share/new_interfaces/cmake/export_new_interfaces__rosidl_typesupport_fastrtps_cppExport.cmake
[6.597s] -- Up-to-date: /home/erum/ros2_workspace/install/new_interfaces/share/new_interfaces/cmake/export_new_interfaces__rosidl_typesupport_fastrtps_cppExport-noconfig.cmake
[6.599s] -- Up-to-date: /home/erum/ros2_workspace/install/new_interfaces/share/new_interfaces/cmake/new_interfaces__rosidl_typesupport_introspection_cppExport.cmake
[6.601s] -- Up-to-date: /home/erum/ros2_workspace/install/new_interfaces/share/new_interfaces/cmake/new_interfaces__rosidl_typesupport_introspection_cppExport-noconfig.cmake
[6.601s] -- Up-to-date: /home/erum/ros2_workspace/install/new_interfaces/share/new_interfaces/cmake/new_interfaces__rosidl_typesupport_cppExport.cmake
[6.611s] -- Up-to-date: /home/erum/ros2_workspace/install/new_interfaces/share/new_interfaces/cmake/new_interfaces__rosidl_typesupport_cppExport-noconfig.cmake
[6.611s] -- Up-to-date: /home/erum/ros2_workspace/install/new_interfaces/share/new_interfaces/cmake/export_new_interfaces__rosidl_generator_pyExport.cmake
[6.611s] -- Up-to-date: /home/erum/ros2_workspace/install/new_interfaces/share/new_interfaces/cmake/export_new_interfaces__rosidl_generator_pyExport-noconfig.cmake
[6.611s] -- Up-to-date: /home/erum/ros2_workspace/install/new_interfaces/share/new_interfaces/cmake/rosidl_cmake-extras.cmake
[6.611s] -- Up-to-date: /home/erum/ros2_workspace/install/new_interfaces/share/new_interfaces/cmake/ament_cmake_export_dependencies-extras.cmake
[6.611s] -- Up-to-date: /home/erum/ros2_workspace/install/new_interfaces/share/new_interfaces/cmake/ament_cmake_export_include_directories-extras.cmake
[6.612s] -- Up-to-date: /home/erum/ros2_workspace/install/new_interfaces/share/new_interfaces/cmake/ament_cmake_export_libraries-extras.cmake
[6.612s] -- Up-to-date: /home/erum/ros2_workspace/install/new_interfaces/share/new_interfaces/cmake/ament_cmake_export_targets-extras.cmake
[6.612s] -- Up-to-date: /home/erum/ros2_workspace/install/new_interfaces/share/new_interfaces/cmake/rosidl_cmake_export_typesupport_targets-extras.cmake
[6.612s] -- Up-to-date: /home/erum/ros2_workspace/install/new_interfaces/share/new_interfaces/cmake/rosidl_cmake_export_typesupport_libraries-extras.cmake
[6.612s] -- Up-to-date: /home/erum/ros2_workspace/install/new_interfaces/share/new_interfaces/cmake/new_interfacesConfig.cmake
[6.612s] -- Up-to-date: /home/erum/ros2_workspace/install/new_interfaces/share/new_interfaces/cmake/new_interfacesConfig-version.cmake
[6.612s] -- Up-to-date: /home/erum/ros2_workspace/install/new_interfaces/share/new_interfaces/package.xml
[6.654s] Invoked command in '/home/erum/ros2_workspace/build/new_interfaces' returned '0': CMAKE_PREFIX_PATH=${CMAKE_PREFIX_PATH}:/home/erum/ros2_workspace/install/add_two_ints_pkg:/home/erum/ros2_workspace/install/my_first_pkg:/home/erum/ros2_workspace/install/Erum_pde4430:/opt/ros/jazzy DEBUGINFOD_URLS=https://debuginfod.ubuntu.com /usr/bin/cmake --install /home/erum/ros2_workspace/build/new_interfaces
