[6.902s] Invoking command in '/home/erum/ros2_workspace/src/rect_area_pkg': DEBUGINFOD_URLS=https://debuginfod.ubuntu.com PYTHONPATH=/home/erum/ros2_workspace/build/rect_area_pkg/prefix_override:/usr/lib/python3/dist-packages/colcon_core/task/python/colcon_distutils_commands:/home/erum/ros2_workspace/install/rect_area_pkg/lib/python3.12/site-packages:${PYTHONPATH} /usr/bin/python3 -W ignore:setup.py install is deprecated -W ignore:easy_install command is deprecated setup.py egg_info --egg-base ../../build/rect_area_pkg build --build-base /home/erum/ros2_workspace/build/rect_area_pkg/build install --record /home/erum/ros2_workspace/build/rect_area_pkg/install.log --single-version-externally-managed install_data
[8.553s] running egg_info
[8.624s] writing ../../build/rect_area_pkg/rect_area_pkg.egg-info/PKG-INFO
[8.627s] writing dependency_links to ../../build/rect_area_pkg/rect_area_pkg.egg-info/dependency_links.txt
[8.628s] writing entry points to ../../build/rect_area_pkg/rect_area_pkg.egg-info/entry_points.txt
[8.631s] writing requirements to ../../build/rect_area_pkg/rect_area_pkg.egg-info/requires.txt
[8.633s] writing top-level names to ../../build/rect_area_pkg/rect_area_pkg.egg-info/top_level.txt
[8.787s] reading manifest file '../../build/rect_area_pkg/rect_area_pkg.egg-info/SOURCES.txt'
[8.787s] writing manifest file '../../build/rect_area_pkg/rect_area_pkg.egg-info/SOURCES.txt'
[8.791s] running build
[8.799s] running build_py
[8.799s] running install
[8.839s] running install_lib
[8.951s] running install_data
[8.954s] running install_egg_info
[9.146s] removing '/home/erum/ros2_workspace/install/rect_area_pkg/lib/python3.12/site-packages/rect_area_pkg-0.0.0-py3.12.egg-info' (and everything under it)
[9.180s] Copying ../../build/rect_area_pkg/rect_area_pkg.egg-info to /home/erum/ros2_workspace/install/rect_area_pkg/lib/python3.12/site-packages/rect_area_pkg-0.0.0-py3.12.egg-info
[9.203s] running install_scripts
[10.742s] Installing rect_client script to /home/erum/ros2_workspace/install/rect_area_pkg/lib/rect_area_pkg
[10.748s] Installing rect_server script to /home/erum/ros2_workspace/install/rect_area_pkg/lib/rect_area_pkg
[10.750s] writing list of installed files to '/home/erum/ros2_workspace/build/rect_area_pkg/install.log'
[10.867s] Invoked command in '/home/erum/ros2_workspace/src/rect_area_pkg' returned '0': DEBUGINFOD_URLS=https://debuginfod.ubuntu.com PYTHONPATH=/home/erum/ros2_workspace/build/rect_area_pkg/prefix_override:/usr/lib/python3/dist-packages/colcon_core/task/python/colcon_distutils_commands:/home/erum/ros2_workspace/install/rect_area_pkg/lib/python3.12/site-packages:${PYTHONPATH} /usr/bin/python3 -W ignore:setup.py install is deprecated -W ignore:easy_install command is deprecated setup.py egg_info --egg-base ../../build/rect_area_pkg build --build-base /home/erum/ros2_workspace/build/rect_area_pkg/build install --record /home/erum/ros2_workspace/build/rect_area_pkg/install.log --single-version-externally-managed install_data
