-- The C compiler identification is GNU 13.3.0
-- The CXX compiler identification is GNU 13.3.0
-- Detecting C compiler ABI info
-- Detecting C compiler ABI info - done
-- Check for working C compiler: /usr/bin/cc - skipped
-- Detecting C compile features
-- Detecting C compile features - done
-- Detecting CXX compiler ABI info
-- Detecting CXX compiler ABI info - done
-- Check for working CXX compiler: /usr/bin/c++ - skipped
-- Detecting CXX compile features
-- Detecting CXX compile features - done
-- Found ament_cmake: 2.5.4 (/opt/ros/jazzy/share/ament_cmake/cmake)
-- Found Python3: /usr/bin/python3 (found version "3.12.3") found components: Interpreter 
-- Found rosidl_default_generators: 1.6.0 (/opt/ros/jazzy/share/rosidl_default_generators/cmake)
-- Using all available rosidl_typesupport_c: rosidl_typesupport_fastrtps_c;rosidl_typesupport_introspection_c
-- Using all available rosidl_typesupport_cpp: rosidl_typesupport_fastrtps_cpp;rosidl_typesupport_introspection_cpp
-- Found rosidl_adapter: 4.6.6 (/opt/ros/jazzy/share/rosidl_adapter/cmake)
-- Found ament_cmake_ros: 0.12.0 (/opt/ros/jazzy/share/ament_cmake_ros/cmake)
-- Using all available rosidl_typesupport_c: rosidl_typesupport_fastrtps_c;rosidl_typesupport_introspection_c
-- Using all available rosidl_typesupport_cpp: rosidl_typesupport_fastrtps_cpp;rosidl_typesupport_introspection_cpp
-- Found python_cmake_module: 0.11.1 (/opt/ros/jazzy/share/python_cmake_module/cmake)
-- Found PythonExtra: /usr/bin/python3  
-- Found Python3: /usr/bin/python3 (found version "3.12.3") found components: Interpreter Development NumPy Development.Module Development.Embed 
-- Found ament_lint_auto: 0.17.3 (/opt/ros/jazzy/share/ament_lint_auto/cmake)
-- Added test 'flake8' to check Python code syntax and style conventions
-- Configured 'flake8' exclude dirs and/or files: 
-- Added test 'lint_cmake' to check CMake code style
-- Added test 'pep257' to check Python code against some of the docstring style conventions in PEP 257
-- Added test 'xmllint' to check XML markup files
-- Configuring done (9.1s)
-- Generating done (0.3s)
-- Build files have been written to: /home/erum/ros2_workspace/build/new_interfaces
[  1%] [34m[1mGenerating type hashes for ROS interfaces[0m
[  1%] Built target new_interfaces__rosidl_generator_type_description
[  1%] Built target ament_cmake_python_copy_new_interfaces
[  3%] [34m[1mGenerating C code for ROS interfaces[0m
[  5%] [32mBuilding C object CMakeFiles/new_interfaces__rosidl_generator_c.dir/rosidl_generator_c/new_interfaces/msg/detail/iot_sensor__description.c.o[0m
[  7%] [32mBuilding C object CMakeFiles/new_interfaces__rosidl_generator_c.dir/rosidl_generator_c/new_interfaces/msg/detail/iot_sensor__functions.c.o[0m
[  9%] [32mBuilding C object CMakeFiles/new_interfaces__rosidl_generator_c.dir/rosidl_generator_c/new_interfaces/msg/detail/iot_sensor__type_support.c.o[0m
[ 11%] [32mBuilding C object CMakeFiles/new_interfaces__rosidl_generator_c.dir/rosidl_generator_c/new_interfaces/srv/detail/add_two_ints__description.c.o[0m
[ 12%] [32mBuilding C object CMakeFiles/new_interfaces__rosidl_generator_c.dir/rosidl_generator_c/new_interfaces/srv/detail/add_two_ints__functions.c.o[0m
[ 14%] [32mBuilding C object CMakeFiles/new_interfaces__rosidl_generator_c.dir/rosidl_generator_c/new_interfaces/srv/detail/add_two_ints__type_support.c.o[0m
[ 16%] [32mBuilding C object CMakeFiles/new_interfaces__rosidl_generator_c.dir/rosidl_generator_c/new_interfaces/srv/detail/rectangle_area__description.c.o[0m
[ 18%] [32mBuilding C object CMakeFiles/new_interfaces__rosidl_generator_c.dir/rosidl_generator_c/new_interfaces/srv/detail/rectangle_area__functions.c.o[0m
[ 20%] [32mBuilding C object CMakeFiles/new_interfaces__rosidl_generator_c.dir/rosidl_generator_c/new_interfaces/srv/detail/rectangle_area__type_support.c.o[0m
[ 22%] [32m[1mLinking C shared library libnew_interfaces__rosidl_generator_c.so[0m
[ 22%] Built target new_interfaces__rosidl_generator_c
[ 24%] [34m[1mGenerating C++ code for ROS interfaces[0m
[ 24%] Built target new_interfaces__cpp
running egg_info
creating new_interfaces.egg-info
writing new_interfaces.egg-info/PKG-INFO
writing dependency_links to new_interfaces.egg-info/dependency_links.txt
writing top-level names to new_interfaces.egg-info/top_level.txt
writing manifest file 'new_interfaces.egg-info/SOURCES.txt'
reading manifest file 'new_interfaces.egg-info/SOURCES.txt'
writing manifest file 'new_interfaces.egg-info/SOURCES.txt'
[ 24%] Built target ament_cmake_python_build_new_interfaces_egg
[ 25%] [34m[1mGenerating C introspection for ROS interfaces[0m
[ 27%] [32mBuilding C object CMakeFiles/new_interfaces__rosidl_typesupport_introspection_c.dir/rosidl_typesupport_introspection_c/new_interfaces/msg/detail/iot_sensor__type_support.c.o[0m
[ 29%] [32mBuilding C object CMakeFiles/new_interfaces__rosidl_typesupport_introspection_c.dir/rosidl_typesupport_introspection_c/new_interfaces/srv/detail/add_two_ints__type_support.c.o[0m
[ 31%] [32mBuilding C object CMakeFiles/new_interfaces__rosidl_typesupport_introspection_c.dir/rosidl_typesupport_introspection_c/new_interfaces/srv/detail/rectangle_area__type_support.c.o[0m
[ 33%] [32m[1mLinking C shared library libnew_interfaces__rosidl_typesupport_introspection_c.so[0m
[ 33%] Built target new_interfaces__rosidl_typesupport_introspection_c
[ 35%] [34m[1mGenerating C type support dispatch for ROS interfaces[0m
[ 37%] [32mBuilding CXX object CMakeFiles/new_interfaces__rosidl_typesupport_c.dir/rosidl_typesupport_c/new_interfaces/msg/iot_sensor__type_support.cpp.o[0m
[ 38%] [32mBuilding CXX object CMakeFiles/new_interfaces__rosidl_typesupport_c.dir/rosidl_typesupport_c/new_interfaces/srv/add_two_ints__type_support.cpp.o[0m
[ 40%] [32mBuilding CXX object CMakeFiles/new_interfaces__rosidl_typesupport_c.dir/rosidl_typesupport_c/new_interfaces/srv/rectangle_area__type_support.cpp.o[0m
[ 42%] [32m[1mLinking CXX shared library libnew_interfaces__rosidl_typesupport_c.so[0m
[ 42%] Built target new_interfaces__rosidl_typesupport_c
[ 44%] [34m[1mGenerating C++ type support for eProsima Fast-RTPS[0m
[ 46%] [32mBuilding CXX object CMakeFiles/new_interfaces__rosidl_typesupport_fastrtps_cpp.dir/rosidl_typesupport_fastrtps_cpp/new_interfaces/msg/detail/dds_fastrtps/iot_sensor__type_support.cpp.o[0m
[ 48%] [32mBuilding CXX object CMakeFiles/new_interfaces__rosidl_typesupport_fastrtps_cpp.dir/rosidl_typesupport_fastrtps_cpp/new_interfaces/srv/detail/dds_fastrtps/add_two_ints__type_support.cpp.o[0m
[ 50%] [32mBuilding CXX object CMakeFiles/new_interfaces__rosidl_typesupport_fastrtps_cpp.dir/rosidl_typesupport_fastrtps_cpp/new_interfaces/srv/detail/dds_fastrtps/rectangle_area__type_support.cpp.o[0m
[ 51%] [32m[1mLinking CXX shared library libnew_interfaces__rosidl_typesupport_fastrtps_cpp.so[0m
[ 51%] Built target new_interfaces__rosidl_typesupport_fastrtps_cpp
[ 53%] [34m[1mGenerating C++ introspection for ROS interfaces[0m
[ 55%] [32mBuilding CXX object CMakeFiles/new_interfaces__rosidl_typesupport_introspection_cpp.dir/rosidl_typesupport_introspection_cpp/new_interfaces/msg/detail/iot_sensor__type_support.cpp.o[0m
[ 57%] [32mBuilding CXX object CMakeFiles/new_interfaces__rosidl_typesupport_introspection_cpp.dir/rosidl_typesupport_introspection_cpp/new_interfaces/srv/detail/add_two_ints__type_support.cpp.o[0m
[ 59%] [32mBuilding CXX object CMakeFiles/new_interfaces__rosidl_typesupport_introspection_cpp.dir/rosidl_typesupport_introspection_cpp/new_interfaces/srv/detail/rectangle_area__type_support.cpp.o[0m
[ 61%] [32m[1mLinking CXX shared library libnew_interfaces__rosidl_typesupport_introspection_cpp.so[0m
[ 61%] Built target new_interfaces__rosidl_typesupport_introspection_cpp
[ 62%] [34m[1mGenerating C++ type support dispatch for ROS interfaces[0m
[ 64%] [32mBuilding CXX object CMakeFiles/new_interfaces__rosidl_typesupport_cpp.dir/rosidl_typesupport_cpp/new_interfaces/msg/iot_sensor__type_support.cpp.o[0m
[ 66%] [32mBuilding CXX object CMakeFiles/new_interfaces__rosidl_typesupport_cpp.dir/rosidl_typesupport_cpp/new_interfaces/srv/add_two_ints__type_support.cpp.o[0m
[ 68%] [32mBuilding CXX object CMakeFiles/new_interfaces__rosidl_typesupport_cpp.dir/rosidl_typesupport_cpp/new_interfaces/srv/rectangle_area__type_support.cpp.o[0m
[ 70%] [32m[1mLinking CXX shared library libnew_interfaces__rosidl_typesupport_cpp.so[0m
[ 70%] Built target new_interfaces__rosidl_typesupport_cpp
[ 72%] [34m[1mGenerating C type support for eProsima Fast-RTPS[0m
[ 74%] [32mBuilding CXX object CMakeFiles/new_interfaces__rosidl_typesupport_fastrtps_c.dir/rosidl_typesupport_fastrtps_c/new_interfaces/msg/detail/iot_sensor__type_support_c.cpp.o[0m
[ 75%] [32mBuilding CXX object CMakeFiles/new_interfaces__rosidl_typesupport_fastrtps_c.dir/rosidl_typesupport_fastrtps_c/new_interfaces/srv/detail/add_two_ints__type_support_c.cpp.o[0m
[ 77%] [32mBuilding CXX object CMakeFiles/new_interfaces__rosidl_typesupport_fastrtps_c.dir/rosidl_typesupport_fastrtps_c/new_interfaces/srv/detail/rectangle_area__type_support_c.cpp.o[0m
[ 79%] [32m[1mLinking CXX shared library libnew_interfaces__rosidl_typesupport_fastrtps_c.so[0m
[ 79%] Built target new_interfaces__rosidl_typesupport_fastrtps_c
[ 79%] Built target new_interfaces
[ 81%] [34m[1mGenerating Python code for ROS interfaces[0m
[ 81%] Built target new_interfaces__py
[ 83%] [32mBuilding C object CMakeFiles/new_interfaces__rosidl_generator_py.dir/rosidl_generator_py/new_interfaces/msg/_iot_sensor_s.c.o[0m
[ 85%] [32mBuilding C object CMakeFiles/new_interfaces__rosidl_generator_py.dir/rosidl_generator_py/new_interfaces/srv/_add_two_ints_s.c.o[0m
[ 87%] [32mBuilding C object CMakeFiles/new_interfaces__rosidl_generator_py.dir/rosidl_generator_py/new_interfaces/srv/_rectangle_area_s.c.o[0m
[ 88%] [32m[1mLinking C shared library libnew_interfaces__rosidl_generator_py.so[0m
[ 88%] Built target new_interfaces__rosidl_generator_py
[ 90%] [32mBuilding C object CMakeFiles/new_interfaces_s__rosidl_typesupport_fastrtps_c.dir/rosidl_generator_py/new_interfaces/_new_interfaces_s.ep.rosidl_typesupport_fastrtps_c.c.o[0m
[ 92%] [32m[1mLinking C shared module rosidl_generator_py/new_interfaces/new_interfaces_s__rosidl_typesupport_fastrtps_c.so[0m
[ 92%] Built target new_interfaces_s__rosidl_typesupport_fastrtps_c
[ 94%] [32mBuilding C object CMakeFiles/new_interfaces_s__rosidl_typesupport_introspection_c.dir/rosidl_generator_py/new_interfaces/_new_interfaces_s.ep.rosidl_typesupport_introspection_c.c.o[0m
[ 96%] [32m[1mLinking C shared module rosidl_generator_py/new_interfaces/new_interfaces_s__rosidl_typesupport_introspection_c.so[0m
[ 96%] Built target new_interfaces_s__rosidl_typesupport_introspection_c
[ 98%] [32mBuilding C object CMakeFiles/new_interfaces_s__rosidl_typesupport_c.dir/rosidl_generator_py/new_interfaces/_new_interfaces_s.ep.rosidl_typesupport_c.c.o[0m
[100%] [32m[1mLinking C shared module rosidl_generator_py/new_interfaces/new_interfaces_s__rosidl_typesupport_c.so[0m
[100%] Built target new_interfaces_s__rosidl_typesupport_c
-- Install configuration: ""
-- Installing: /home/erum/ros2_workspace/install/new_interfaces/share/ament_index/resource_index/rosidl_interfaces/new_interfaces
-- Installing: /home/erum/ros2_workspace/install/new_interfaces/share/new_interfaces/msg/IOTSensor.json
-- Installing: /home/erum/ros2_workspace/install/new_interfaces/share/new_interfaces/srv/AddTwoInts.json
-- Installing: /home/erum/ros2_workspace/install/new_interfaces/share/new_interfaces/srv/RectangleArea.json
-- Installing: /home/erum/ros2_workspace/install/new_interfaces/include/new_interfaces/new_interfaces
-- Installing: /home/erum/ros2_workspace/install/new_interfaces/include/new_interfaces/new_interfaces/srv
-- Installing: /home/erum/ros2_workspace/install/new_interfaces/include/new_interfaces/new_interfaces/srv/add_two_ints.h
-- Installing: /home/erum/ros2_workspace/install/new_interfaces/include/new_interfaces/new_interfaces/srv/detail
-- Installing: /home/erum/ros2_workspace/install/new_interfaces/include/new_interfaces/new_interfaces/srv/detail/rectangle_area__description.c
-- Installing: /home/erum/ros2_workspace/install/new_interfaces/include/new_interfaces/new_interfaces/srv/detail/add_two_ints__functions.h
-- Installing: /home/erum/ros2_workspace/install/new_interfaces/include/new_interfaces/new_interfaces/srv/detail/add_two_ints__description.c
-- Installing: /home/erum/ros2_workspace/install/new_interfaces/include/new_interfaces/new_interfaces/srv/detail/rectangle_area__struct.h
-- Installing: /home/erum/ros2_workspace/install/new_interfaces/include/new_interfaces/new_interfaces/srv/detail/add_two_ints__functions.c
-- Installing: /home/erum/ros2_workspace/install/new_interfaces/include/new_interfaces/new_interfaces/srv/detail/rectangle_area__functions.h
-- Installing: /home/erum/ros2_workspace/install/new_interfaces/include/new_interfaces/new_interfaces/srv/detail/rectangle_area__functions.c
-- Installing: /home/erum/ros2_workspace/install/new_interfaces/include/new_interfaces/new_interfaces/srv/detail/rectangle_area__type_support.h
-- Installing: /home/erum/ros2_workspace/install/new_interfaces/include/new_interfaces/new_interfaces/srv/detail/rectangle_area__type_support.c
-- Installing: /home/erum/ros2_workspace/install/new_interfaces/include/new_interfaces/new_interfaces/srv/detail/add_two_ints__type_support.h
-- Installing: /home/erum/ros2_workspace/install/new_interfaces/include/new_interfaces/new_interfaces/srv/detail/add_two_ints__struct.h
-- Installing: /home/erum/ros2_workspace/install/new_interfaces/include/new_interfaces/new_interfaces/srv/detail/add_two_ints__type_support.c
-- Installing: /home/erum/ros2_workspace/install/new_interfaces/include/new_interfaces/new_interfaces/srv/rectangle_area.h
-- Installing: /home/erum/ros2_workspace/install/new_interfaces/include/new_interfaces/new_interfaces/msg
-- Installing: /home/erum/ros2_workspace/install/new_interfaces/include/new_interfaces/new_interfaces/msg/rosidl_generator_c__visibility_control.h
-- Installing: /home/erum/ros2_workspace/install/new_interfaces/include/new_interfaces/new_interfaces/msg/iot_sensor.h
-- Installing: /home/erum/ros2_workspace/install/new_interfaces/include/new_interfaces/new_interfaces/msg/detail
-- Installing: /home/erum/ros2_workspace/install/new_interfaces/include/new_interfaces/new_interfaces/msg/detail/iot_sensor__functions.c
-- Installing: /home/erum/ros2_workspace/install/new_interfaces/include/new_interfaces/new_interfaces/msg/detail/iot_sensor__type_support.h
-- Installing: /home/erum/ros2_workspace/install/new_interfaces/include/new_interfaces/new_interfaces/msg/detail/iot_sensor__struct.h
-- Installing: /home/erum/ros2_workspace/install/new_interfaces/include/new_interfaces/new_interfaces/msg/detail/iot_sensor__type_support.c
-- Installing: /home/erum/ros2_workspace/install/new_interfaces/include/new_interfaces/new_interfaces/msg/detail/iot_sensor__description.c
-- Installing: /home/erum/ros2_workspace/install/new_interfaces/include/new_interfaces/new_interfaces/msg/detail/iot_sensor__functions.h
-- Installing: /home/erum/ros2_workspace/install/new_interfaces/share/new_interfaces/environment/library_path.sh
-- Installing: /home/erum/ros2_workspace/install/new_interfaces/share/new_interfaces/environment/library_path.dsv
-- Installing: /home/erum/ros2_workspace/install/new_interfaces/lib/libnew_interfaces__rosidl_generator_c.so
-- Set non-toolchain portion of runtime path of "/home/erum/ros2_workspace/install/new_interfaces/lib/libnew_interfaces__rosidl_generator_c.so" to ""
-- Up-to-date: /home/erum/ros2_workspace/install/new_interfaces/include/new_interfaces/new_interfaces
-- Up-to-date: /home/erum/ros2_workspace/install/new_interfaces/include/new_interfaces/new_interfaces/srv
-- Up-to-date: /home/erum/ros2_workspace/install/new_interfaces/include/new_interfaces/new_interfaces/srv/detail
-- Installing: /home/erum/ros2_workspace/install/new_interfaces/include/new_interfaces/new_interfaces/srv/detail/rectangle_area__rosidl_typesupport_fastrtps_c.h
-- Installing: /home/erum/ros2_workspace/install/new_interfaces/include/new_interfaces/new_interfaces/srv/detail/add_two_ints__rosidl_typesupport_fastrtps_c.h
-- Up-to-date: /home/erum/ros2_workspace/install/new_interfaces/include/new_interfaces/new_interfaces/msg
-- Installing: /home/erum/ros2_workspace/install/new_interfaces/include/new_interfaces/new_interfaces/msg/rosidl_typesupport_fastrtps_c__visibility_control.h
-- Up-to-date: /home/erum/ros2_workspace/install/new_interfaces/include/new_interfaces/new_interfaces/msg/detail
-- Installing: /home/erum/ros2_workspace/install/new_interfaces/include/new_interfaces/new_interfaces/msg/detail/iot_sensor__rosidl_typesupport_fastrtps_c.h
-- Installing: /home/erum/ros2_workspace/install/new_interfaces/lib/libnew_interfaces__rosidl_typesupport_fastrtps_c.so
-- Set non-toolchain portion of runtime path of "/home/erum/ros2_workspace/install/new_interfaces/lib/libnew_interfaces__rosidl_typesupport_fastrtps_c.so" to ""
-- Up-to-date: /home/erum/ros2_workspace/install/new_interfaces/include/new_interfaces/new_interfaces
-- Up-to-date: /home/erum/ros2_workspace/install/new_interfaces/include/new_interfaces/new_interfaces/srv
-- Up-to-date: /home/erum/ros2_workspace/install/new_interfaces/include/new_interfaces/new_interfaces/srv/detail
-- Installing: /home/erum/ros2_workspace/install/new_interfaces/include/new_interfaces/new_interfaces/srv/detail/rectangle_area__rosidl_typesupport_introspection_c.h
-- Installing: /home/erum/ros2_workspace/install/new_interfaces/include/new_interfaces/new_interfaces/srv/detail/rectangle_area__type_support.c
-- Installing: /home/erum/ros2_workspace/install/new_interfaces/include/new_interfaces/new_interfaces/srv/detail/add_two_ints__rosidl_typesupport_introspection_c.h
-- Installing: /home/erum/ros2_workspace/install/new_interfaces/include/new_interfaces/new_interfaces/srv/detail/add_two_ints__type_support.c
-- Up-to-date: /home/erum/ros2_workspace/install/new_interfaces/include/new_interfaces/new_interfaces/msg
-- Installing: /home/erum/ros2_workspace/install/new_interfaces/include/new_interfaces/new_interfaces/msg/rosidl_typesupport_introspection_c__visibility_control.h
-- Up-to-date: /home/erum/ros2_workspace/install/new_interfaces/include/new_interfaces/new_interfaces/msg/detail
-- Installing: /home/erum/ros2_workspace/install/new_interfaces/include/new_interfaces/new_interfaces/msg/detail/iot_sensor__rosidl_typesupport_introspection_c.h
-- Installing: /home/erum/ros2_workspace/install/new_interfaces/include/new_interfaces/new_interfaces/msg/detail/iot_sensor__type_support.c
-- Installing: /home/erum/ros2_workspace/install/new_interfaces/lib/libnew_interfaces__rosidl_typesupport_introspection_c.so
-- Set non-toolchain portion of runtime path of "/home/erum/ros2_workspace/install/new_interfaces/lib/libnew_interfaces__rosidl_typesupport_introspection_c.so" to ""
-- Installing: /home/erum/ros2_workspace/install/new_interfaces/lib/libnew_interfaces__rosidl_typesupport_c.so
-- Set non-toolchain portion of runtime path of "/home/erum/ros2_workspace/install/new_interfaces/lib/libnew_interfaces__rosidl_typesupport_c.so" to ""
-- Up-to-date: /home/erum/ros2_workspace/install/new_interfaces/include/new_interfaces/new_interfaces
-- Up-to-date: /home/erum/ros2_workspace/install/new_interfaces/include/new_interfaces/new_interfaces/srv
-- Installing: /home/erum/ros2_workspace/install/new_interfaces/include/new_interfaces/new_interfaces/srv/rectangle_area.hpp
-- Installing: /home/erum/ros2_workspace/install/new_interfaces/include/new_interfaces/new_interfaces/srv/add_two_ints.hpp
-- Up-to-date: /home/erum/ros2_workspace/install/new_interfaces/include/new_interfaces/new_interfaces/srv/detail
-- Installing: /home/erum/ros2_workspace/install/new_interfaces/include/new_interfaces/new_interfaces/srv/detail/add_two_ints__struct.hpp
-- Installing: /home/erum/ros2_workspace/install/new_interfaces/include/new_interfaces/new_interfaces/srv/detail/rectangle_area__traits.hpp
-- Installing: /home/erum/ros2_workspace/install/new_interfaces/include/new_interfaces/new_interfaces/srv/detail/rectangle_area__struct.hpp
-- Installing: /home/erum/ros2_workspace/install/new_interfaces/include/new_interfaces/new_interfaces/srv/detail/add_two_ints__type_support.hpp
-- Installing: /home/erum/ros2_workspace/install/new_interfaces/include/new_interfaces/new_interfaces/srv/detail/rectangle_area__builder.hpp
-- Installing: /home/erum/ros2_workspace/install/new_interfaces/include/new_interfaces/new_interfaces/srv/detail/add_two_ints__traits.hpp
-- Installing: /home/erum/ros2_workspace/install/new_interfaces/include/new_interfaces/new_interfaces/srv/detail/add_two_ints__builder.hpp
-- Installing: /home/erum/ros2_workspace/install/new_interfaces/include/new_interfaces/new_interfaces/srv/detail/rectangle_area__type_support.hpp
-- Up-to-date: /home/erum/ros2_workspace/install/new_interfaces/include/new_interfaces/new_interfaces/msg
-- Installing: /home/erum/ros2_workspace/install/new_interfaces/include/new_interfaces/new_interfaces/msg/iot_sensor.hpp
-- Installing: /home/erum/ros2_workspace/install/new_interfaces/include/new_interfaces/new_interfaces/msg/rosidl_generator_cpp__visibility_control.hpp
-- Up-to-date: /home/erum/ros2_workspace/install/new_interfaces/include/new_interfaces/new_interfaces/msg/detail
-- Installing: /home/erum/ros2_workspace/install/new_interfaces/include/new_interfaces/new_interfaces/msg/detail/iot_sensor__builder.hpp
-- Installing: /home/erum/ros2_workspace/install/new_interfaces/include/new_interfaces/new_interfaces/msg/detail/iot_sensor__type_support.hpp
-- Installing: /home/erum/ros2_workspace/install/new_interfaces/include/new_interfaces/new_interfaces/msg/detail/iot_sensor__struct.hpp
-- Installing: /home/erum/ros2_workspace/install/new_interfaces/include/new_interfaces/new_interfaces/msg/detail/iot_sensor__traits.hpp
-- Up-to-date: /home/erum/ros2_workspace/install/new_interfaces/include/new_interfaces/new_interfaces
-- Up-to-date: /home/erum/ros2_workspace/install/new_interfaces/include/new_interfaces/new_interfaces/srv
-- Up-to-date: /home/erum/ros2_workspace/install/new_interfaces/include/new_interfaces/new_interfaces/srv/detail
-- Installing: /home/erum/ros2_workspace/install/new_interfaces/include/new_interfaces/new_interfaces/srv/detail/add_two_ints__rosidl_typesupport_fastrtps_cpp.hpp
-- Installing: /home/erum/ros2_workspace/install/new_interfaces/include/new_interfaces/new_interfaces/srv/detail/dds_fastrtps
-- Installing: /home/erum/ros2_workspace/install/new_interfaces/include/new_interfaces/new_interfaces/srv/detail/rectangle_area__rosidl_typesupport_fastrtps_cpp.hpp
-- Up-to-date: /home/erum/ros2_workspace/install/new_interfaces/include/new_interfaces/new_interfaces/msg
-- Up-to-date: /home/erum/ros2_workspace/install/new_interfaces/include/new_interfaces/new_interfaces/msg/detail
-- Installing: /home/erum/ros2_workspace/install/new_interfaces/include/new_interfaces/new_interfaces/msg/detail/dds_fastrtps
-- Installing: /home/erum/ros2_workspace/install/new_interfaces/include/new_interfaces/new_interfaces/msg/detail/iot_sensor__rosidl_typesupport_fastrtps_cpp.hpp
-- Installing: /home/erum/ros2_workspace/install/new_interfaces/include/new_interfaces/new_interfaces/msg/rosidl_typesupport_fastrtps_cpp__visibility_control.h
-- Installing: /home/erum/ros2_workspace/install/new_interfaces/lib/libnew_interfaces__rosidl_typesupport_fastrtps_cpp.so
-- Set non-toolchain portion of runtime path of "/home/erum/ros2_workspace/install/new_interfaces/lib/libnew_interfaces__rosidl_typesupport_fastrtps_cpp.so" to ""
-- Up-to-date: /home/erum/ros2_workspace/install/new_interfaces/include/new_interfaces/new_interfaces
-- Up-to-date: /home/erum/ros2_workspace/install/new_interfaces/include/new_interfaces/new_interfaces/srv
-- Up-to-date: /home/erum/ros2_workspace/install/new_interfaces/include/new_interfaces/new_interfaces/srv/detail
-- Installing: /home/erum/ros2_workspace/install/new_interfaces/include/new_interfaces/new_interfaces/srv/detail/rectangle_area__rosidl_typesupport_introspection_cpp.hpp
-- Installing: /home/erum/ros2_workspace/install/new_interfaces/include/new_interfaces/new_interfaces/srv/detail/add_two_ints__type_support.cpp
-- Installing: /home/erum/ros2_workspace/install/new_interfaces/include/new_interfaces/new_interfaces/srv/detail/rectangle_area__type_support.cpp
-- Installing: /home/erum/ros2_workspace/install/new_interfaces/include/new_interfaces/new_interfaces/srv/detail/add_two_ints__rosidl_typesupport_introspection_cpp.hpp
-- Up-to-date: /home/erum/ros2_workspace/install/new_interfaces/include/new_interfaces/new_interfaces/msg
-- Up-to-date: /home/erum/ros2_workspace/install/new_interfaces/include/new_interfaces/new_interfaces/msg/detail
-- Installing: /home/erum/ros2_workspace/install/new_interfaces/include/new_interfaces/new_interfaces/msg/detail/iot_sensor__type_support.cpp
-- Installing: /home/erum/ros2_workspace/install/new_interfaces/include/new_interfaces/new_interfaces/msg/detail/iot_sensor__rosidl_typesupport_introspection_cpp.hpp
-- Installing: /home/erum/ros2_workspace/install/new_interfaces/lib/libnew_interfaces__rosidl_typesupport_introspection_cpp.so
-- Set non-toolchain portion of runtime path of "/home/erum/ros2_workspace/install/new_interfaces/lib/libnew_interfaces__rosidl_typesupport_introspection_cpp.so" to ""
-- Installing: /home/erum/ros2_workspace/install/new_interfaces/lib/libnew_interfaces__rosidl_typesupport_cpp.so
-- Set non-toolchain portion of runtime path of "/home/erum/ros2_workspace/install/new_interfaces/lib/libnew_interfaces__rosidl_typesupport_cpp.so" to ""
-- Installing: /home/erum/ros2_workspace/install/new_interfaces/share/new_interfaces/environment/pythonpath.sh
-- Installing: /home/erum/ros2_workspace/install/new_interfaces/share/new_interfaces/environment/pythonpath.dsv
-- Installing: /home/erum/ros2_workspace/install/new_interfaces/lib/python3.12/site-packages/new_interfaces-0.0.0-py3.12.egg-info
-- Installing: /home/erum/ros2_workspace/install/new_interfaces/lib/python3.12/site-packages/new_interfaces-0.0.0-py3.12.egg-info/SOURCES.txt
-- Installing: /home/erum/ros2_workspace/install/new_interfaces/lib/python3.12/site-packages/new_interfaces-0.0.0-py3.12.egg-info/top_level.txt
-- Installing: /home/erum/ros2_workspace/install/new_interfaces/lib/python3.12/site-packages/new_interfaces-0.0.0-py3.12.egg-info/dependency_links.txt
-- Installing: /home/erum/ros2_workspace/install/new_interfaces/lib/python3.12/site-packages/new_interfaces-0.0.0-py3.12.egg-info/PKG-INFO
-- Installing: /home/erum/ros2_workspace/install/new_interfaces/lib/python3.12/site-packages/new_interfaces
-- Installing: /home/erum/ros2_workspace/install/new_interfaces/lib/python3.12/site-packages/new_interfaces/_new_interfaces_s.ep.rosidl_typesupport_c.c
-- Installing: /home/erum/ros2_workspace/install/new_interfaces/lib/python3.12/site-packages/new_interfaces/srv
-- Installing: /home/erum/ros2_workspace/install/new_interfaces/lib/python3.12/site-packages/new_interfaces/srv/_rectangle_area_s.c
-- Installing: /home/erum/ros2_workspace/install/new_interfaces/lib/python3.12/site-packages/new_interfaces/srv/_add_two_ints_s.c
-- Installing: /home/erum/ros2_workspace/install/new_interfaces/lib/python3.12/site-packages/new_interfaces/srv/__init__.py
-- Installing: /home/erum/ros2_workspace/install/new_interfaces/lib/python3.12/site-packages/new_interfaces/srv/_add_two_ints.py
-- Installing: /home/erum/ros2_workspace/install/new_interfaces/lib/python3.12/site-packages/new_interfaces/srv/_rectangle_area.py
-- Installing: /home/erum/ros2_workspace/install/new_interfaces/lib/python3.12/site-packages/new_interfaces/__init__.py
-- Installing: /home/erum/ros2_workspace/install/new_interfaces/lib/python3.12/site-packages/new_interfaces/_new_interfaces_s.ep.rosidl_typesupport_introspection_c.c
-- Installing: /home/erum/ros2_workspace/install/new_interfaces/lib/python3.12/site-packages/new_interfaces/_new_interfaces_s.ep.rosidl_typesupport_fastrtps_c.c
-- Installing: /home/erum/ros2_workspace/install/new_interfaces/lib/python3.12/site-packages/new_interfaces/new_interfaces_s__rosidl_typesupport_fastrtps_c.so
-- Installing: /home/erum/ros2_workspace/install/new_interfaces/lib/python3.12/site-packages/new_interfaces/new_interfaces_s__rosidl_typesupport_c.so
-- Installing: /home/erum/ros2_workspace/install/new_interfaces/lib/python3.12/site-packages/new_interfaces/msg
-- Installing: /home/erum/ros2_workspace/install/new_interfaces/lib/python3.12/site-packages/new_interfaces/msg/_iot_sensor.py
-- Installing: /home/erum/ros2_workspace/install/new_interfaces/lib/python3.12/site-packages/new_interfaces/msg/__init__.py
-- Installing: /home/erum/ros2_workspace/install/new_interfaces/lib/python3.12/site-packages/new_interfaces/msg/_iot_sensor_s.c
-- Installing: /home/erum/ros2_workspace/install/new_interfaces/lib/python3.12/site-packages/new_interfaces/new_interfaces_s__rosidl_typesupport_introspection_c.so
Listing '/home/erum/ros2_workspace/install/new_interfaces/lib/python3.12/site-packages/new_interfaces'...
Compiling '/home/erum/ros2_workspace/install/new_interfaces/lib/python3.12/site-packages/new_interfaces/__init__.py'...
Listing '/home/erum/ros2_workspace/install/new_interfaces/lib/python3.12/site-packages/new_interfaces/msg'...
Compiling '/home/erum/ros2_workspace/install/new_interfaces/lib/python3.12/site-packages/new_interfaces/msg/__init__.py'...
Compiling '/home/erum/ros2_workspace/install/new_interfaces/lib/python3.12/site-packages/new_interfaces/msg/_iot_sensor.py'...
Listing '/home/erum/ros2_workspace/install/new_interfaces/lib/python3.12/site-packages/new_interfaces/srv'...
Compiling '/home/erum/ros2_workspace/install/new_interfaces/lib/python3.12/site-packages/new_interfaces/srv/__init__.py'...
Compiling '/home/erum/ros2_workspace/install/new_interfaces/lib/python3.12/site-packages/new_interfaces/srv/_add_two_ints.py'...
Compiling '/home/erum/ros2_workspace/install/new_interfaces/lib/python3.12/site-packages/new_interfaces/srv/_rectangle_area.py'...
-- Installing: /home/erum/ros2_workspace/install/new_interfaces/lib/python3.12/site-packages/new_interfaces/new_interfaces_s__rosidl_typesupport_fastrtps_c.so
-- Set non-toolchain portion of runtime path of "/home/erum/ros2_workspace/install/new_interfaces/lib/python3.12/site-packages/new_interfaces/new_interfaces_s__rosidl_typesupport_fastrtps_c.so" to ""
-- Installing: /home/erum/ros2_workspace/install/new_interfaces/lib/python3.12/site-packages/new_interfaces/new_interfaces_s__rosidl_typesupport_introspection_c.so
-- Set non-toolchain portion of runtime path of "/home/erum/ros2_workspace/install/new_interfaces/lib/python3.12/site-packages/new_interfaces/new_interfaces_s__rosidl_typesupport_introspection_c.so" to ""
-- Installing: /home/erum/ros2_workspace/install/new_interfaces/lib/python3.12/site-packages/new_interfaces/new_interfaces_s__rosidl_typesupport_c.so
-- Set non-toolchain portion of runtime path of "/home/erum/ros2_workspace/install/new_interfaces/lib/python3.12/site-packages/new_interfaces/new_interfaces_s__rosidl_typesupport_c.so" to ""
-- Installing: /home/erum/ros2_workspace/install/new_interfaces/lib/libnew_interfaces__rosidl_generator_py.so
-- Set non-toolchain portion of runtime path of "/home/erum/ros2_workspace/install/new_interfaces/lib/libnew_interfaces__rosidl_generator_py.so" to ""
-- Installing: /home/erum/ros2_workspace/install/new_interfaces/share/new_interfaces/msg/IOTSensor.idl
-- Installing: /home/erum/ros2_workspace/install/new_interfaces/share/new_interfaces/srv/AddTwoInts.idl
-- Installing: /home/erum/ros2_workspace/install/new_interfaces/share/new_interfaces/srv/RectangleArea.idl
-- Installing: /home/erum/ros2_workspace/install/new_interfaces/share/new_interfaces/msg/IOTSensor.msg
-- Installing: /home/erum/ros2_workspace/install/new_interfaces/share/new_interfaces/srv/AddTwoInts.srv
-- Installing: /home/erum/ros2_workspace/install/new_interfaces/share/new_interfaces/srv/RectangleArea.srv
-- Installing: /home/erum/ros2_workspace/install/new_interfaces/share/ament_index/resource_index/package_run_dependencies/new_interfaces
-- Installing: /home/erum/ros2_workspace/install/new_interfaces/share/ament_index/resource_index/parent_prefix_path/new_interfaces
-- Installing: /home/erum/ros2_workspace/install/new_interfaces/share/new_interfaces/environment/ament_prefix_path.sh
-- Installing: /home/erum/ros2_workspace/install/new_interfaces/share/new_interfaces/environment/ament_prefix_path.dsv
-- Installing: /home/erum/ros2_workspace/install/new_interfaces/share/new_interfaces/environment/path.sh
-- Installing: /home/erum/ros2_workspace/install/new_interfaces/share/new_interfaces/environment/path.dsv
-- Installing: /home/erum/ros2_workspace/install/new_interfaces/share/new_interfaces/local_setup.bash
-- Installing: /home/erum/ros2_workspace/install/new_interfaces/share/new_interfaces/local_setup.sh
-- Installing: /home/erum/ros2_workspace/install/new_interfaces/share/new_interfaces/local_setup.zsh
-- Installing: /home/erum/ros2_workspace/install/new_interfaces/share/new_interfaces/local_setup.dsv
-- Installing: /home/erum/ros2_workspace/install/new_interfaces/share/new_interfaces/package.dsv
-- Installing: /home/erum/ros2_workspace/install/new_interfaces/share/ament_index/resource_index/packages/new_interfaces
-- Installing: /home/erum/ros2_workspace/install/new_interfaces/share/new_interfaces/cmake/export_new_interfaces__rosidl_generator_cExport.cmake
-- Installing: /home/erum/ros2_workspace/install/new_interfaces/share/new_interfaces/cmake/export_new_interfaces__rosidl_generator_cExport-noconfig.cmake
-- Installing: /home/erum/ros2_workspace/install/new_interfaces/share/new_interfaces/cmake/export_new_interfaces__rosidl_typesupport_fastrtps_cExport.cmake
-- Installing: /home/erum/ros2_workspace/install/new_interfaces/share/new_interfaces/cmake/export_new_interfaces__rosidl_typesupport_fastrtps_cExport-noconfig.cmake
-- Installing: /home/erum/ros2_workspace/install/new_interfaces/share/new_interfaces/cmake/new_interfaces__rosidl_typesupport_introspection_cExport.cmake
-- Installing: /home/erum/ros2_workspace/install/new_interfaces/share/new_interfaces/cmake/new_interfaces__rosidl_typesupport_introspection_cExport-noconfig.cmake
-- Installing: /home/erum/ros2_workspace/install/new_interfaces/share/new_interfaces/cmake/new_interfaces__rosidl_typesupport_cExport.cmake
-- Installing: /home/erum/ros2_workspace/install/new_interfaces/share/new_interfaces/cmake/new_interfaces__rosidl_typesupport_cExport-noconfig.cmake
-- Installing: /home/erum/ros2_workspace/install/new_interfaces/share/new_interfaces/cmake/export_new_interfaces__rosidl_generator_cppExport.cmake
-- Installing: /home/erum/ros2_workspace/install/new_interfaces/share/new_interfaces/cmake/export_new_interfaces__rosidl_typesupport_fastrtps_cppExport.cmake
-- Installing: /home/erum/ros2_workspace/install/new_interfaces/share/new_interfaces/cmake/export_new_interfaces__rosidl_typesupport_fastrtps_cppExport-noconfig.cmake
-- Installing: /home/erum/ros2_workspace/install/new_interfaces/share/new_interfaces/cmake/new_interfaces__rosidl_typesupport_introspection_cppExport.cmake
-- Installing: /home/erum/ros2_workspace/install/new_interfaces/share/new_interfaces/cmake/new_interfaces__rosidl_typesupport_introspection_cppExport-noconfig.cmake
-- Installing: /home/erum/ros2_workspace/install/new_interfaces/share/new_interfaces/cmake/new_interfaces__rosidl_typesupport_cppExport.cmake
-- Installing: /home/erum/ros2_workspace/install/new_interfaces/share/new_interfaces/cmake/new_interfaces__rosidl_typesupport_cppExport-noconfig.cmake
-- Installing: /home/erum/ros2_workspace/install/new_interfaces/share/new_interfaces/cmake/export_new_interfaces__rosidl_generator_pyExport.cmake
-- Installing: /home/erum/ros2_workspace/install/new_interfaces/share/new_interfaces/cmake/export_new_interfaces__rosidl_generator_pyExport-noconfig.cmake
-- Installing: /home/erum/ros2_workspace/install/new_interfaces/share/new_interfaces/cmake/rosidl_cmake-extras.cmake
-- Installing: /home/erum/ros2_workspace/install/new_interfaces/share/new_interfaces/cmake/ament_cmake_export_dependencies-extras.cmake
-- Installing: /home/erum/ros2_workspace/install/new_interfaces/share/new_interfaces/cmake/ament_cmake_export_include_directories-extras.cmake
-- Installing: /home/erum/ros2_workspace/install/new_interfaces/share/new_interfaces/cmake/ament_cmake_export_libraries-extras.cmake
-- Installing: /home/erum/ros2_workspace/install/new_interfaces/share/new_interfaces/cmake/ament_cmake_export_targets-extras.cmake
-- Installing: /home/erum/ros2_workspace/install/new_interfaces/share/new_interfaces/cmake/rosidl_cmake_export_typesupport_targets-extras.cmake
-- Installing: /home/erum/ros2_workspace/install/new_interfaces/share/new_interfaces/cmake/rosidl_cmake_export_typesupport_libraries-extras.cmake
-- Installing: /home/erum/ros2_workspace/install/new_interfaces/share/new_interfaces/cmake/new_interfacesConfig.cmake
-- Installing: /home/erum/ros2_workspace/install/new_interfaces/share/new_interfaces/cmake/new_interfacesConfig-version.cmake
-- Installing: /home/erum/ros2_workspace/install/new_interfaces/share/new_interfaces/package.xml
