[4.614s] Invoking command in '/home/erum/ros2_workspace/src/rect_area_pkg': DEBUGINFOD_URLS=https://debuginfod.ubuntu.com PYTHONPATH=/home/erum/ros2_workspace/build/rect_area_pkg/prefix_override:/usr/lib/python3/dist-packages/colcon_core/task/python/colcon_distutils_commands:/home/erum/ros2_workspace/install/rect_area_pkg/lib/python3.12/site-packages:${PYTHONPATH} /usr/bin/python3 -W ignore:setup.py install is deprecated -W ignore:easy_install command is deprecated setup.py egg_info --egg-base ../../build/rect_area_pkg build --build-base /home/erum/ros2_workspace/build/rect_area_pkg/build install --record /home/erum/ros2_workspace/build/rect_area_pkg/install.log --single-version-externally-managed install_data
[5.095s] running egg_info
[5.131s] writing ../../build/rect_area_pkg/rect_area_pkg.egg-info/PKG-INFO
[5.132s] writing dependency_links to ../../build/rect_area_pkg/rect_area_pkg.egg-info/dependency_links.txt
[5.133s] writing entry points to ../../build/rect_area_pkg/rect_area_pkg.egg-info/entry_points.txt
[5.135s] writing requirements to ../../build/rect_area_pkg/rect_area_pkg.egg-info/requires.txt
[5.136s] writing top-level names to ../../build/rect_area_pkg/rect_area_pkg.egg-info/top_level.txt
[5.210s] reading manifest file '../../build/rect_area_pkg/rect_area_pkg.egg-info/SOURCES.txt'
[5.213s] writing manifest file '../../build/rect_area_pkg/rect_area_pkg.egg-info/SOURCES.txt'
[5.213s] running build
[5.214s] running build_py
[5.215s] running install
[5.223s] running install_lib
[5.261s] running install_data
[5.261s] running install_egg_info
[5.292s] removing '/home/erum/ros2_workspace/install/rect_area_pkg/lib/python3.12/site-packages/rect_area_pkg-0.0.0-py3.12.egg-info' (and everything under it)
[5.301s] Copying ../../build/rect_area_pkg/rect_area_pkg.egg-info to /home/erum/ros2_workspace/install/rect_area_pkg/lib/python3.12/site-packages/rect_area_pkg-0.0.0-py3.12.egg-info
[5.307s] running install_scripts
[5.570s] Installing rect_client script to /home/erum/ros2_workspace/install/rect_area_pkg/lib/rect_area_pkg
[5.574s] Installing rect_server script to /home/erum/ros2_workspace/install/rect_area_pkg/lib/rect_area_pkg
[5.576s] writing list of installed files to '/home/erum/ros2_workspace/build/rect_area_pkg/install.log'
[5.615s] Invoked command in '/home/erum/ros2_workspace/src/rect_area_pkg' returned '0': DEBUGINFOD_URLS=https://debuginfod.ubuntu.com PYTHONPATH=/home/erum/ros2_workspace/build/rect_area_pkg/prefix_override:/usr/lib/python3/dist-packages/colcon_core/task/python/colcon_distutils_commands:/home/erum/ros2_workspace/install/rect_area_pkg/lib/python3.12/site-packages:${PYTHONPATH} /usr/bin/python3 -W ignore:setup.py install is deprecated -W ignore:easy_install command is deprecated setup.py egg_info --egg-base ../../build/rect_area_pkg build --build-base /home/erum/ros2_workspace/build/rect_area_pkg/build install --record /home/erum/ros2_workspace/build/rect_area_pkg/install.log --single-version-externally-managed install_data
