[4.526s] Invoking command in '/home/erum/ros2_workspace/src/Erum_pde4430': DEBUGINFOD_URLS=https://debuginfod.ubuntu.com PYTHONPATH=/home/erum/ros2_workspace/build/Erum_pde4430/prefix_override:/usr/lib/python3/dist-packages/colcon_core/task/python/colcon_distutils_commands:/home/erum/ros2_workspace/install/Erum_pde4430/lib/python3.12/site-packages:${PYTHONPATH} /usr/bin/python3 -W ignore:setup.py install is deprecated -W ignore:easy_install command is deprecated setup.py egg_info --egg-base ../../build/Erum_pde4430 build --build-base /home/erum/ros2_workspace/build/Erum_pde4430/build install --record /home/erum/ros2_workspace/build/Erum_pde4430/install.log --single-version-externally-managed install_data
[6.220s] running egg_info
[6.233s] creating ../../build/Erum_pde4430/Erum_pde4430.egg-info
[6.347s] writing ../../build/Erum_pde4430/Erum_pde4430.egg-info/PKG-INFO
[6.348s] writing dependency_links to ../../build/Erum_pde4430/Erum_pde4430.egg-info/dependency_links.txt
[6.350s] writing entry points to ../../build/Erum_pde4430/Erum_pde4430.egg-info/entry_points.txt
[6.351s] writing requirements to ../../build/Erum_pde4430/Erum_pde4430.egg-info/requires.txt
[6.354s] writing top-level names to ../../build/Erum_pde4430/Erum_pde4430.egg-info/top_level.txt
[6.361s] writing manifest file '../../build/Erum_pde4430/Erum_pde4430.egg-info/SOURCES.txt'
[6.577s] reading manifest file '../../build/Erum_pde4430/Erum_pde4430.egg-info/SOURCES.txt'
[6.581s] writing manifest file '../../build/Erum_pde4430/Erum_pde4430.egg-info/SOURCES.txt'
[6.582s] running build
[6.584s] running build_py
[6.584s] creating /home/erum/ros2_workspace/build/Erum_pde4430/build
[6.585s] creating /home/erum/ros2_workspace/build/Erum_pde4430/build/lib
[6.585s] creating /home/erum/ros2_workspace/build/Erum_pde4430/build/lib/Erum_pde4430
[6.588s] copying Erum_pde4430/straightmove.py -> /home/erum/ros2_workspace/build/Erum_pde4430/build/lib/Erum_pde4430
[6.588s] copying Erum_pde4430/__init__.py -> /home/erum/ros2_workspace/build/Erum_pde4430/build/lib/Erum_pde4430
[6.588s] running install
[6.602s] running install_lib
[6.653s] creating /home/erum/ros2_workspace/install/Erum_pde4430/lib/python3.12/site-packages/Erum_pde4430
[6.654s] copying /home/erum/ros2_workspace/build/Erum_pde4430/build/lib/Erum_pde4430/straightmove.py -> /home/erum/ros2_workspace/install/Erum_pde4430/lib/python3.12/site-packages/Erum_pde4430
[6.654s] copying /home/erum/ros2_workspace/build/Erum_pde4430/build/lib/Erum_pde4430/__init__.py -> /home/erum/ros2_workspace/install/Erum_pde4430/lib/python3.12/site-packages/Erum_pde4430
[6.654s] byte-compiling /home/erum/ros2_workspace/install/Erum_pde4430/lib/python3.12/site-packages/Erum_pde4430/straightmove.py to straightmove.cpython-312.pyc
[6.654s] byte-compiling /home/erum/ros2_workspace/install/Erum_pde4430/lib/python3.12/site-packages/Erum_pde4430/__init__.py to __init__.cpython-312.pyc
[6.658s] running install_data
[6.658s] creating /home/erum/ros2_workspace/install/Erum_pde4430/share/ament_index
[6.658s] creating /home/erum/ros2_workspace/install/Erum_pde4430/share/ament_index/resource_index
[6.662s] creating /home/erum/ros2_workspace/install/Erum_pde4430/share/ament_index/resource_index/packages
[6.662s] copying resource/Erum_pde4430 -> /home/erum/ros2_workspace/install/Erum_pde4430/share/ament_index/resource_index/packages
[6.662s] copying package.xml -> /home/erum/ros2_workspace/install/Erum_pde4430/share/Erum_pde4430
[6.662s] running install_egg_info
[6.817s] Copying ../../build/Erum_pde4430/Erum_pde4430.egg-info to /home/erum/ros2_workspace/install/Erum_pde4430/lib/python3.12/site-packages/Erum_pde4430-0.0.0-py3.12.egg-info
[6.824s] running install_scripts
[7.374s] Installing straightmove script to /home/erum/ros2_workspace/install/Erum_pde4430/lib/Erum_pde4430
[7.377s] writing list of installed files to '/home/erum/ros2_workspace/build/Erum_pde4430/install.log'
[7.434s] Invoked command in '/home/erum/ros2_workspace/src/Erum_pde4430' returned '0': DEBUGINFOD_URLS=https://debuginfod.ubuntu.com PYTHONPATH=/home/erum/ros2_workspace/build/Erum_pde4430/prefix_override:/usr/lib/python3/dist-packages/colcon_core/task/python/colcon_distutils_commands:/home/erum/ros2_workspace/install/Erum_pde4430/lib/python3.12/site-packages:${PYTHONPATH} /usr/bin/python3 -W ignore:setup.py install is deprecated -W ignore:easy_install command is deprecated setup.py egg_info --egg-base ../../build/Erum_pde4430 build --build-base /home/erum/ros2_workspace/build/Erum_pde4430/build install --record /home/erum/ros2_workspace/build/Erum_pde4430/install.log --single-version-externally-managed install_data
