[0.042s] Invoking command in '/home/erum/ros2_workspace/build/new_interfaces': CMAKE_PREFIX_PATH=${CMAKE_PREFIX_PATH}:/home/erum/ros2_workspace/install/add_two_ints_pkg:/home/erum/ros2_workspace/install/my_first_pkg:/home/erum/ros2_workspace/install/Erum_pde4430:/opt/ros/jazzy DEBUGINFOD_URLS=https://debuginfod.ubuntu.com /usr/bin/cmake --build /home/erum/ros2_workspace/build/new_interfaces -- -j2 -l2
[0.965s] [  2%] Built target new_interfaces__rosidl_generator_type_description
[1.451s] [  2%] Built target ament_cmake_python_copy_new_interfaces
[1.606s] [  4%] Built target new_interfaces__cpp
[1.835s] [ 22%] Built target new_interfaces__rosidl_generator_c
[2.392s] running egg_info
[2.415s] writing new_interfaces.egg-info/PKG-INFO
[2.416s] writing dependency_links to new_interfaces.egg-info/dependency_links.txt
[2.417s] writing top-level names to new_interfaces.egg-info/top_level.txt
[2.495s] reading manifest file 'new_interfaces.egg-info/SOURCES.txt'
[2.495s] writing manifest file 'new_interfaces.egg-info/SOURCES.txt'
[2.537s] [ 22%] Built target ament_cmake_python_build_new_interfaces_egg
[2.573s] [ 31%] Built target new_interfaces__rosidl_typesupport_cpp
[2.627s] [ 40%] Built target new_interfaces__rosidl_typesupport_fastrtps_c
[2.659s] [ 50%] Built target new_interfaces__rosidl_typesupport_introspection_c
[2.700s] [ 59%] Built target new_interfaces__rosidl_typesupport_c
[2.744s] [ 68%] Built target new_interfaces__rosidl_typesupport_fastrtps_cpp
[2.795s] [ 77%] Built target new_interfaces__rosidl_typesupport_introspection_cpp
[2.830s] [ 77%] Built target new_interfaces
[2.866s] [ 79%] Built target new_interfaces__py
[2.921s] [ 86%] Built target new_interfaces__rosidl_generator_py
[2.955s] [ 90%] Built target new_interfaces_s__rosidl_typesupport_fastrtps_c
[3.038s] [ 95%] Built target new_interfaces_s__rosidl_typesupport_introspection_c
[3.080s] [100%] Built target new_interfaces_s__rosidl_typesupport_c
[3.119s] Invoked command in '/home/erum/ros2_workspace/build/new_interfaces' returned '0': CMAKE_PREFIX_PATH=${CMAKE_PREFIX_PATH}:/home/erum/ros2_workspace/install/add_two_ints_pkg:/home/erum/ros2_workspace/install/my_first_pkg:/home/erum/ros2_workspace/install/Erum_pde4430:/opt/ros/jazzy DEBUGINFOD_URLS=https://debuginfod.ubuntu.com /usr/bin/cmake --build /home/erum/ros2_workspace/build/new_interfaces -- -j2 -l2
[3.140s] Invoking command in '/home/erum/ros2_workspace/build/new_interfaces': CMAKE_PREFIX_PATH=${CMAKE_PREFIX_PATH}:/home/erum/ros2_workspace/install/add_two_ints_pkg:/home/erum/ros2_workspace/install/my_first_pkg:/home/erum/ros2_workspace/install/Erum_pde4430:/opt/ros/jazzy DEBUGINFOD_URLS=https://debuginfod.ubuntu.com /usr/bin/cmake --install /home/erum/ros2_workspace/build/new_interfaces
[3.155s] -- Install configuration: ""
[3.155s] -- Up-to-date: /home/erum/ros2_workspace/install/new_interfaces/share/ament_index/resource_index/rosidl_interfaces/new_interfaces
[3.155s] -- Up-to-date: /home/erum/ros2_workspace/install/new_interfaces/share/new_interfaces/msg/IOTSensor.json
[3.155s] -- Up-to-date: /home/erum/ros2_workspace/install/new_interfaces/share/new_interfaces/srv/AddTwoInts.json
[3.157s] -- Up-to-date: /home/erum/ros2_workspace/install/new_interfaces/include/new_interfaces/new_interfaces
[3.157s] -- Up-to-date: /home/erum/ros2_workspace/install/new_interfaces/include/new_interfaces/new_interfaces/srv
[3.157s] -- Up-to-date: /home/erum/ros2_workspace/install/new_interfaces/include/new_interfaces/new_interfaces/srv/add_two_ints.h
[3.157s] -- Up-to-date: /home/erum/ros2_workspace/install/new_interfaces/include/new_interfaces/new_interfaces/srv/detail
[3.157s] -- Up-to-date: /home/erum/ros2_workspace/install/new_interfaces/include/new_interfaces/new_interfaces/srv/detail/add_two_ints__functions.h
[3.158s] -- Up-to-date: /home/erum/ros2_workspace/install/new_interfaces/include/new_interfaces/new_interfaces/srv/detail/add_two_ints__description.c
[3.158s] -- Up-to-date: /home/erum/ros2_workspace/install/new_interfaces/include/new_interfaces/new_interfaces/srv/detail/add_two_ints__functions.c
[3.158s] -- Up-to-date: /home/erum/ros2_workspace/install/new_interfaces/include/new_interfaces/new_interfaces/srv/detail/add_two_ints__type_support.h
[3.158s] -- Up-to-date: /home/erum/ros2_workspace/install/new_interfaces/include/new_interfaces/new_interfaces/srv/detail/add_two_ints__struct.h
[3.158s] -- Installing: /home/erum/ros2_workspace/install/new_interfaces/include/new_interfaces/new_interfaces/srv/detail/add_two_ints__type_support.c
[3.158s] -- Up-to-date: /home/erum/ros2_workspace/install/new_interfaces/include/new_interfaces/new_interfaces/msg
[3.158s] -- Up-to-date: /home/erum/ros2_workspace/install/new_interfaces/include/new_interfaces/new_interfaces/msg/rosidl_generator_c__visibility_control.h
[3.158s] -- Up-to-date: /home/erum/ros2_workspace/install/new_interfaces/include/new_interfaces/new_interfaces/msg/iot_sensor.h
[3.158s] -- Up-to-date: /home/erum/ros2_workspace/install/new_interfaces/include/new_interfaces/new_interfaces/msg/detail
[3.158s] -- Up-to-date: /home/erum/ros2_workspace/install/new_interfaces/include/new_interfaces/new_interfaces/msg/detail/iot_sensor__functions.c
[3.163s] -- Up-to-date: /home/erum/ros2_workspace/install/new_interfaces/include/new_interfaces/new_interfaces/msg/detail/iot_sensor__type_support.h
[3.163s] -- Up-to-date: /home/erum/ros2_workspace/install/new_interfaces/include/new_interfaces/new_interfaces/msg/detail/iot_sensor__struct.h
[3.163s] -- Installing: /home/erum/ros2_workspace/install/new_interfaces/include/new_interfaces/new_interfaces/msg/detail/iot_sensor__type_support.c
[3.163s] -- Up-to-date: /home/erum/ros2_workspace/install/new_interfaces/include/new_interfaces/new_interfaces/msg/detail/iot_sensor__description.c
[3.163s] -- Up-to-date: /home/erum/ros2_workspace/install/new_interfaces/include/new_interfaces/new_interfaces/msg/detail/iot_sensor__functions.h
[3.163s] -- Up-to-date: /home/erum/ros2_workspace/install/new_interfaces/share/new_interfaces/environment/library_path.sh
[3.163s] -- Up-to-date: /home/erum/ros2_workspace/install/new_interfaces/share/new_interfaces/environment/library_path.dsv
[3.163s] -- Up-to-date: /home/erum/ros2_workspace/install/new_interfaces/lib/libnew_interfaces__rosidl_generator_c.so
[3.163s] -- Up-to-date: /home/erum/ros2_workspace/install/new_interfaces/include/new_interfaces/new_interfaces
[3.163s] -- Up-to-date: /home/erum/ros2_workspace/install/new_interfaces/include/new_interfaces/new_interfaces/srv
[3.163s] -- Up-to-date: /home/erum/ros2_workspace/install/new_interfaces/include/new_interfaces/new_interfaces/srv/detail
[3.165s] -- Up-to-date: /home/erum/ros2_workspace/install/new_interfaces/include/new_interfaces/new_interfaces/srv/detail/add_two_ints__rosidl_typesupport_fastrtps_c.h
[3.165s] -- Up-to-date: /home/erum/ros2_workspace/install/new_interfaces/include/new_interfaces/new_interfaces/msg
[3.165s] -- Up-to-date: /home/erum/ros2_workspace/install/new_interfaces/include/new_interfaces/new_interfaces/msg/rosidl_typesupport_fastrtps_c__visibility_control.h
[3.165s] -- Up-to-date: /home/erum/ros2_workspace/install/new_interfaces/include/new_interfaces/new_interfaces/msg/detail
[3.165s] -- Up-to-date: /home/erum/ros2_workspace/install/new_interfaces/include/new_interfaces/new_interfaces/msg/detail/iot_sensor__rosidl_typesupport_fastrtps_c.h
[3.165s] -- Up-to-date: /home/erum/ros2_workspace/install/new_interfaces/lib/libnew_interfaces__rosidl_typesupport_fastrtps_c.so
[3.168s] -- Up-to-date: /home/erum/ros2_workspace/install/new_interfaces/include/new_interfaces/new_interfaces
[3.168s] -- Up-to-date: /home/erum/ros2_workspace/install/new_interfaces/include/new_interfaces/new_interfaces/srv
[3.168s] -- Up-to-date: /home/erum/ros2_workspace/install/new_interfaces/include/new_interfaces/new_interfaces/srv/detail
[3.169s] -- Up-to-date: /home/erum/ros2_workspace/install/new_interfaces/include/new_interfaces/new_interfaces/srv/detail/add_two_ints__rosidl_typesupport_introspection_c.h
[3.169s] -- Installing: /home/erum/ros2_workspace/install/new_interfaces/include/new_interfaces/new_interfaces/srv/detail/add_two_ints__type_support.c
[3.170s] -- Up-to-date: /home/erum/ros2_workspace/install/new_interfaces/include/new_interfaces/new_interfaces/msg
[3.170s] -- Up-to-date: /home/erum/ros2_workspace/install/new_interfaces/include/new_interfaces/new_interfaces/msg/rosidl_typesupport_introspection_c__visibility_control.h
[3.170s] -- Up-to-date: /home/erum/ros2_workspace/install/new_interfaces/include/new_interfaces/new_interfaces/msg/detail
[3.170s] -- Up-to-date: /home/erum/ros2_workspace/install/new_interfaces/include/new_interfaces/new_interfaces/msg/detail/iot_sensor__rosidl_typesupport_introspection_c.h
[3.170s] -- Installing: /home/erum/ros2_workspace/install/new_interfaces/include/new_interfaces/new_interfaces/msg/detail/iot_sensor__type_support.c
[3.170s] -- Up-to-date: /home/erum/ros2_workspace/install/new_interfaces/lib/libnew_interfaces__rosidl_typesupport_introspection_c.so
[3.170s] -- Up-to-date: /home/erum/ros2_workspace/install/new_interfaces/lib/libnew_interfaces__rosidl_typesupport_c.so
[3.170s] -- Up-to-date: /home/erum/ros2_workspace/install/new_interfaces/include/new_interfaces/new_interfaces
[3.171s] -- Up-to-date: /home/erum/ros2_workspace/install/new_interfaces/include/new_interfaces/new_interfaces/srv
[3.171s] -- Up-to-date: /home/erum/ros2_workspace/install/new_interfaces/include/new_interfaces/new_interfaces/srv/add_two_ints.hpp
[3.171s] -- Up-to-date: /home/erum/ros2_workspace/install/new_interfaces/include/new_interfaces/new_interfaces/srv/detail
[3.171s] -- Up-to-date: /home/erum/ros2_workspace/install/new_interfaces/include/new_interfaces/new_interfaces/srv/detail/add_two_ints__struct.hpp
[3.171s] -- Up-to-date: /home/erum/ros2_workspace/install/new_interfaces/include/new_interfaces/new_interfaces/srv/detail/add_two_ints__type_support.hpp
[3.171s] -- Up-to-date: /home/erum/ros2_workspace/install/new_interfaces/include/new_interfaces/new_interfaces/srv/detail/add_two_ints__traits.hpp
[3.174s] -- Up-to-date: /home/erum/ros2_workspace/install/new_interfaces/include/new_interfaces/new_interfaces/srv/detail/add_two_ints__builder.hpp
[3.175s] -- Up-to-date: /home/erum/ros2_workspace/install/new_interfaces/include/new_interfaces/new_interfaces/msg
[3.175s] -- Up-to-date: /home/erum/ros2_workspace/install/new_interfaces/include/new_interfaces/new_interfaces/msg/iot_sensor.hpp
[3.175s] -- Up-to-date: /home/erum/ros2_workspace/install/new_interfaces/include/new_interfaces/new_interfaces/msg/rosidl_generator_cpp__visibility_control.hpp
[3.175s] -- Up-to-date: /home/erum/ros2_workspace/install/new_interfaces/include/new_interfaces/new_interfaces/msg/detail
[3.175s] -- Up-to-date: /home/erum/ros2_workspace/install/new_interfaces/include/new_interfaces/new_interfaces/msg/detail/iot_sensor__builder.hpp
[3.175s] -- Up-to-date: /home/erum/ros2_workspace/install/new_interfaces/include/new_interfaces/new_interfaces/msg/detail/iot_sensor__type_support.hpp
[3.175s] -- Up-to-date: /home/erum/ros2_workspace/install/new_interfaces/include/new_interfaces/new_interfaces/msg/detail/iot_sensor__struct.hpp
[3.175s] -- Up-to-date: /home/erum/ros2_workspace/install/new_interfaces/include/new_interfaces/new_interfaces/msg/detail/iot_sensor__traits.hpp
[3.175s] -- Up-to-date: /home/erum/ros2_workspace/install/new_interfaces/include/new_interfaces/new_interfaces
[3.175s] -- Up-to-date: /home/erum/ros2_workspace/install/new_interfaces/include/new_interfaces/new_interfaces/srv
[3.175s] -- Up-to-date: /home/erum/ros2_workspace/install/new_interfaces/include/new_interfaces/new_interfaces/srv/detail
[3.175s] -- Up-to-date: /home/erum/ros2_workspace/install/new_interfaces/include/new_interfaces/new_interfaces/srv/detail/add_two_ints__rosidl_typesupport_fastrtps_cpp.hpp
[3.182s] -- Up-to-date: /home/erum/ros2_workspace/install/new_interfaces/include/new_interfaces/new_interfaces/srv/detail/dds_fastrtps
[3.182s] -- Up-to-date: /home/erum/ros2_workspace/install/new_interfaces/include/new_interfaces/new_interfaces/msg
[3.182s] -- Up-to-date: /home/erum/ros2_workspace/install/new_interfaces/include/new_interfaces/new_interfaces/msg/detail
[3.182s] -- Up-to-date: /home/erum/ros2_workspace/install/new_interfaces/include/new_interfaces/new_interfaces/msg/detail/dds_fastrtps
[3.182s] -- Up-to-date: /home/erum/ros2_workspace/install/new_interfaces/include/new_interfaces/new_interfaces/msg/detail/iot_sensor__rosidl_typesupport_fastrtps_cpp.hpp
[3.182s] -- Up-to-date: /home/erum/ros2_workspace/install/new_interfaces/include/new_interfaces/new_interfaces/msg/rosidl_typesupport_fastrtps_cpp__visibility_control.h
[3.182s] -- Up-to-date: /home/erum/ros2_workspace/install/new_interfaces/lib/libnew_interfaces__rosidl_typesupport_fastrtps_cpp.so
[3.182s] -- Up-to-date: /home/erum/ros2_workspace/install/new_interfaces/include/new_interfaces/new_interfaces
[3.182s] -- Up-to-date: /home/erum/ros2_workspace/install/new_interfaces/include/new_interfaces/new_interfaces/srv
[3.182s] -- Up-to-date: /home/erum/ros2_workspace/install/new_interfaces/include/new_interfaces/new_interfaces/srv/detail
[3.182s] -- Up-to-date: /home/erum/ros2_workspace/install/new_interfaces/include/new_interfaces/new_interfaces/srv/detail/add_two_ints__type_support.cpp
[3.183s] -- Up-to-date: /home/erum/ros2_workspace/install/new_interfaces/include/new_interfaces/new_interfaces/srv/detail/add_two_ints__rosidl_typesupport_introspection_cpp.hpp
[3.183s] -- Up-to-date: /home/erum/ros2_workspace/install/new_interfaces/include/new_interfaces/new_interfaces/msg
[3.183s] -- Up-to-date: /home/erum/ros2_workspace/install/new_interfaces/include/new_interfaces/new_interfaces/msg/detail
[3.183s] -- Up-to-date: /home/erum/ros2_workspace/install/new_interfaces/include/new_interfaces/new_interfaces/msg/detail/iot_sensor__type_support.cpp
[3.183s] -- Up-to-date: /home/erum/ros2_workspace/install/new_interfaces/include/new_interfaces/new_interfaces/msg/detail/iot_sensor__rosidl_typesupport_introspection_cpp.hpp
[3.183s] -- Up-to-date: /home/erum/ros2_workspace/install/new_interfaces/lib/libnew_interfaces__rosidl_typesupport_introspection_cpp.so
[3.187s] -- Up-to-date: /home/erum/ros2_workspace/install/new_interfaces/lib/libnew_interfaces__rosidl_typesupport_cpp.so
[3.191s] -- Up-to-date: /home/erum/ros2_workspace/install/new_interfaces/share/new_interfaces/environment/pythonpath.sh
[3.191s] -- Up-to-date: /home/erum/ros2_workspace/install/new_interfaces/share/new_interfaces/environment/pythonpath.dsv
[3.191s] -- Up-to-date: /home/erum/ros2_workspace/install/new_interfaces/lib/python3.12/site-packages/new_interfaces-0.0.0-py3.12.egg-info
[3.191s] -- Installing: /home/erum/ros2_workspace/install/new_interfaces/lib/python3.12/site-packages/new_interfaces-0.0.0-py3.12.egg-info/SOURCES.txt
[3.191s] -- Installing: /home/erum/ros2_workspace/install/new_interfaces/lib/python3.12/site-packages/new_interfaces-0.0.0-py3.12.egg-info/top_level.txt
[3.195s] -- Installing: /home/erum/ros2_workspace/install/new_interfaces/lib/python3.12/site-packages/new_interfaces-0.0.0-py3.12.egg-info/dependency_links.txt
[3.195s] -- Installing: /home/erum/ros2_workspace/install/new_interfaces/lib/python3.12/site-packages/new_interfaces-0.0.0-py3.12.egg-info/PKG-INFO
[3.195s] -- Up-to-date: /home/erum/ros2_workspace/install/new_interfaces/lib/python3.12/site-packages/new_interfaces
[3.195s] -- Up-to-date: /home/erum/ros2_workspace/install/new_interfaces/lib/python3.12/site-packages/new_interfaces/_new_interfaces_s.ep.rosidl_typesupport_c.c
[3.195s] -- Up-to-date: /home/erum/ros2_workspace/install/new_interfaces/lib/python3.12/site-packages/new_interfaces/srv
[3.195s] -- Up-to-date: /home/erum/ros2_workspace/install/new_interfaces/lib/python3.12/site-packages/new_interfaces/srv/_add_two_ints_s.c
[3.195s] -- Up-to-date: /home/erum/ros2_workspace/install/new_interfaces/lib/python3.12/site-packages/new_interfaces/srv/__init__.py
[3.195s] -- Up-to-date: /home/erum/ros2_workspace/install/new_interfaces/lib/python3.12/site-packages/new_interfaces/srv/_add_two_ints.py
[3.195s] -- Up-to-date: /home/erum/ros2_workspace/install/new_interfaces/lib/python3.12/site-packages/new_interfaces/__init__.py
[3.195s] -- Up-to-date: /home/erum/ros2_workspace/install/new_interfaces/lib/python3.12/site-packages/new_interfaces/_new_interfaces_s.ep.rosidl_typesupport_introspection_c.c
[3.195s] -- Up-to-date: /home/erum/ros2_workspace/install/new_interfaces/lib/python3.12/site-packages/new_interfaces/_new_interfaces_s.ep.rosidl_typesupport_fastrtps_c.c
[3.195s] -- Up-to-date: /home/erum/ros2_workspace/install/new_interfaces/lib/python3.12/site-packages/new_interfaces/new_interfaces_s__rosidl_typesupport_fastrtps_c.so
[3.196s] -- Up-to-date: /home/erum/ros2_workspace/install/new_interfaces/lib/python3.12/site-packages/new_interfaces/new_interfaces_s__rosidl_typesupport_c.so
[3.196s] -- Up-to-date: /home/erum/ros2_workspace/install/new_interfaces/lib/python3.12/site-packages/new_interfaces/msg
[3.196s] -- Up-to-date: /home/erum/ros2_workspace/install/new_interfaces/lib/python3.12/site-packages/new_interfaces/msg/_iot_sensor.py
[3.196s] -- Up-to-date: /home/erum/ros2_workspace/install/new_interfaces/lib/python3.12/site-packages/new_interfaces/msg/__init__.py
[3.196s] -- Up-to-date: /home/erum/ros2_workspace/install/new_interfaces/lib/python3.12/site-packages/new_interfaces/msg/_iot_sensor_s.c
[3.196s] -- Up-to-date: /home/erum/ros2_workspace/install/new_interfaces/lib/python3.12/site-packages/new_interfaces/new_interfaces_s__rosidl_typesupport_introspection_c.so
[3.265s] Listing '/home/erum/ros2_workspace/install/new_interfaces/lib/python3.12/site-packages/new_interfaces'...
[3.265s] Listing '/home/erum/ros2_workspace/install/new_interfaces/lib/python3.12/site-packages/new_interfaces/msg'...
[3.265s] Listing '/home/erum/ros2_workspace/install/new_interfaces/lib/python3.12/site-packages/new_interfaces/srv'...
[3.273s] -- Up-to-date: /home/erum/ros2_workspace/install/new_interfaces/lib/python3.12/site-packages/new_interfaces/new_interfaces_s__rosidl_typesupport_fastrtps_c.so
[3.274s] -- Up-to-date: /home/erum/ros2_workspace/install/new_interfaces/lib/python3.12/site-packages/new_interfaces/new_interfaces_s__rosidl_typesupport_introspection_c.so
[3.274s] -- Up-to-date: /home/erum/ros2_workspace/install/new_interfaces/lib/python3.12/site-packages/new_interfaces/new_interfaces_s__rosidl_typesupport_c.so
[3.275s] -- Up-to-date: /home/erum/ros2_workspace/install/new_interfaces/lib/libnew_interfaces__rosidl_generator_py.so
[3.277s] -- Up-to-date: /home/erum/ros2_workspace/install/new_interfaces/share/new_interfaces/msg/IOTSensor.idl
[3.281s] -- Up-to-date: /home/erum/ros2_workspace/install/new_interfaces/share/new_interfaces/srv/AddTwoInts.idl
[3.281s] -- Up-to-date: /home/erum/ros2_workspace/install/new_interfaces/share/new_interfaces/msg/IOTSensor.msg
[3.281s] -- Up-to-date: /home/erum/ros2_workspace/install/new_interfaces/share/new_interfaces/srv/AddTwoInts.srv
[3.281s] -- Up-to-date: /home/erum/ros2_workspace/install/new_interfaces/share/ament_index/resource_index/package_run_dependencies/new_interfaces
[3.282s] -- Up-to-date: /home/erum/ros2_workspace/install/new_interfaces/share/ament_index/resource_index/parent_prefix_path/new_interfaces
[3.282s] -- Up-to-date: /home/erum/ros2_workspace/install/new_interfaces/share/new_interfaces/environment/ament_prefix_path.sh
[3.282s] -- Up-to-date: /home/erum/ros2_workspace/install/new_interfaces/share/new_interfaces/environment/ament_prefix_path.dsv
[3.282s] -- Up-to-date: /home/erum/ros2_workspace/install/new_interfaces/share/new_interfaces/environment/path.sh
[3.282s] -- Up-to-date: /home/erum/ros2_workspace/install/new_interfaces/share/new_interfaces/environment/path.dsv
[3.282s] -- Up-to-date: /home/erum/ros2_workspace/install/new_interfaces/share/new_interfaces/local_setup.bash
[3.282s] -- Up-to-date: /home/erum/ros2_workspace/install/new_interfaces/share/new_interfaces/local_setup.sh
[3.282s] -- Up-to-date: /home/erum/ros2_workspace/install/new_interfaces/share/new_interfaces/local_setup.zsh
[3.282s] -- Up-to-date: /home/erum/ros2_workspace/install/new_interfaces/share/new_interfaces/local_setup.dsv
[3.282s] -- Installing: /home/erum/ros2_workspace/install/new_interfaces/share/new_interfaces/package.dsv
[3.282s] -- Up-to-date: /home/erum/ros2_workspace/install/new_interfaces/share/ament_index/resource_index/packages/new_interfaces
[3.282s] -- Up-to-date: /home/erum/ros2_workspace/install/new_interfaces/share/new_interfaces/cmake/export_new_interfaces__rosidl_generator_cExport.cmake
[3.285s] -- Up-to-date: /home/erum/ros2_workspace/install/new_interfaces/share/new_interfaces/cmake/export_new_interfaces__rosidl_generator_cExport-noconfig.cmake
[3.287s] -- Up-to-date: /home/erum/ros2_workspace/install/new_interfaces/share/new_interfaces/cmake/export_new_interfaces__rosidl_typesupport_fastrtps_cExport.cmake
[3.287s] -- Up-to-date: /home/erum/ros2_workspace/install/new_interfaces/share/new_interfaces/cmake/export_new_interfaces__rosidl_typesupport_fastrtps_cExport-noconfig.cmake
[3.288s] -- Up-to-date: /home/erum/ros2_workspace/install/new_interfaces/share/new_interfaces/cmake/new_interfaces__rosidl_typesupport_introspection_cExport.cmake
[3.288s] -- Up-to-date: /home/erum/ros2_workspace/install/new_interfaces/share/new_interfaces/cmake/new_interfaces__rosidl_typesupport_introspection_cExport-noconfig.cmake
[3.288s] -- Up-to-date: /home/erum/ros2_workspace/install/new_interfaces/share/new_interfaces/cmake/new_interfaces__rosidl_typesupport_cExport.cmake
[3.288s] -- Up-to-date: /home/erum/ros2_workspace/install/new_interfaces/share/new_interfaces/cmake/new_interfaces__rosidl_typesupport_cExport-noconfig.cmake
[3.288s] -- Up-to-date: /home/erum/ros2_workspace/install/new_interfaces/share/new_interfaces/cmake/export_new_interfaces__rosidl_generator_cppExport.cmake
[3.288s] -- Up-to-date: /home/erum/ros2_workspace/install/new_interfaces/share/new_interfaces/cmake/export_new_interfaces__rosidl_typesupport_fastrtps_cppExport.cmake
[3.288s] -- Up-to-date: /home/erum/ros2_workspace/install/new_interfaces/share/new_interfaces/cmake/export_new_interfaces__rosidl_typesupport_fastrtps_cppExport-noconfig.cmake
[3.288s] -- Up-to-date: /home/erum/ros2_workspace/install/new_interfaces/share/new_interfaces/cmake/new_interfaces__rosidl_typesupport_introspection_cppExport.cmake
[3.288s] -- Up-to-date: /home/erum/ros2_workspace/install/new_interfaces/share/new_interfaces/cmake/new_interfaces__rosidl_typesupport_introspection_cppExport-noconfig.cmake
[3.288s] -- Up-to-date: /home/erum/ros2_workspace/install/new_interfaces/share/new_interfaces/cmake/new_interfaces__rosidl_typesupport_cppExport.cmake
[3.288s] -- Up-to-date: /home/erum/ros2_workspace/install/new_interfaces/share/new_interfaces/cmake/new_interfaces__rosidl_typesupport_cppExport-noconfig.cmake
[3.288s] -- Up-to-date: /home/erum/ros2_workspace/install/new_interfaces/share/new_interfaces/cmake/export_new_interfaces__rosidl_generator_pyExport.cmake
[3.288s] -- Up-to-date: /home/erum/ros2_workspace/install/new_interfaces/share/new_interfaces/cmake/export_new_interfaces__rosidl_generator_pyExport-noconfig.cmake
[3.289s] -- Up-to-date: /home/erum/ros2_workspace/install/new_interfaces/share/new_interfaces/cmake/rosidl_cmake-extras.cmake
[3.289s] -- Up-to-date: /home/erum/ros2_workspace/install/new_interfaces/share/new_interfaces/cmake/ament_cmake_export_dependencies-extras.cmake
[3.289s] -- Up-to-date: /home/erum/ros2_workspace/install/new_interfaces/share/new_interfaces/cmake/ament_cmake_export_include_directories-extras.cmake
[3.289s] -- Up-to-date: /home/erum/ros2_workspace/install/new_interfaces/share/new_interfaces/cmake/ament_cmake_export_libraries-extras.cmake
[3.289s] -- Up-to-date: /home/erum/ros2_workspace/install/new_interfaces/share/new_interfaces/cmake/ament_cmake_export_targets-extras.cmake
[3.289s] -- Up-to-date: /home/erum/ros2_workspace/install/new_interfaces/share/new_interfaces/cmake/rosidl_cmake_export_typesupport_targets-extras.cmake
[3.289s] -- Up-to-date: /home/erum/ros2_workspace/install/new_interfaces/share/new_interfaces/cmake/rosidl_cmake_export_typesupport_libraries-extras.cmake
[3.289s] -- Up-to-date: /home/erum/ros2_workspace/install/new_interfaces/share/new_interfaces/cmake/new_interfacesConfig.cmake
[3.289s] -- Up-to-date: /home/erum/ros2_workspace/install/new_interfaces/share/new_interfaces/cmake/new_interfacesConfig-version.cmake
[3.289s] -- Up-to-date: /home/erum/ros2_workspace/install/new_interfaces/share/new_interfaces/package.xml
[3.295s] Invoked command in '/home/erum/ros2_workspace/build/new_interfaces' returned '0': CMAKE_PREFIX_PATH=${CMAKE_PREFIX_PATH}:/home/erum/ros2_workspace/install/add_two_ints_pkg:/home/erum/ros2_workspace/install/my_first_pkg:/home/erum/ros2_workspace/install/Erum_pde4430:/opt/ros/jazzy DEBUGINFOD_URLS=https://debuginfod.ubuntu.com /usr/bin/cmake --install /home/erum/ros2_workspace/build/new_interfaces
