[0.044s] Invoking command in '/home/erum/ros2_workspace/src/build/new_interfaces': CMAKE_PREFIX_PATH=${CMAKE_PREFIX_PATH}:/home/erum/install/my_first_pkg:/opt/ros/jazzy DEBUGINFOD_URLS=https://debuginfod.ubuntu.com /usr/bin/cmake /home/erum/ros2_workspace/src/new_interfaces -DCMAKE_INSTALL_PREFIX=/home/erum/ros2_workspace/src/install/new_interfaces
[0.514s] -- The C compiler identification is GNU 13.3.0
[0.775s] -- The CXX compiler identification is GNU 13.3.0
[0.853s] -- Detecting C compiler ABI info
[1.244s] -- Detecting C compiler ABI info - done
[1.259s] -- Check for working C compiler: /usr/bin/cc - skipped
[1.259s] -- Detecting C compile features
[1.260s] -- Detecting C compile features - done
[1.279s] -- Detecting CXX compiler ABI info
[1.561s] -- Detecting CXX compiler ABI info - done
[1.580s] -- Check for working CXX compiler: /usr/bin/c++ - skipped
[1.583s] -- Detecting CXX compile features
[1.583s] -- Detecting CXX compile features - done
[1.611s] -- Found ament_cmake: 2.5.4 (/opt/ros/jazzy/share/ament_cmake/cmake)
[1.898s] -- Found Python3: /usr/bin/python3 (found version "3.12.3") found components: Interpreter 
[2.163s] -- Found rosidl_default_generators: 1.6.0 (/opt/ros/jazzy/share/rosidl_default_generators/cmake)
[2.199s] -- Using all available rosidl_typesupport_c: rosidl_typesupport_fastrtps_c;rosidl_typesupport_introspection_c
[2.416s] -- Using all available rosidl_typesupport_cpp: rosidl_typesupport_fastrtps_cpp;rosidl_typesupport_introspection_cpp
[2.575s] -- Found rosidl_adapter: 4.6.6 (/opt/ros/jazzy/share/rosidl_adapter/cmake)
[4.181s] -- Found ament_cmake_ros: 0.12.0 (/opt/ros/jazzy/share/ament_cmake_ros/cmake)
[5.797s] -- Using all available rosidl_typesupport_c: rosidl_typesupport_fastrtps_c;rosidl_typesupport_introspection_c
[7.162s] -- Using all available rosidl_typesupport_cpp: rosidl_typesupport_fastrtps_cpp;rosidl_typesupport_introspection_cpp
[7.175s] -- Found python_cmake_module: 0.11.1 (/opt/ros/jazzy/share/python_cmake_module/cmake)
[7.513s] -- Found PythonExtra: /usr/bin/python3  
[8.650s] -- Found Python3: /usr/bin/python3 (found version "3.12.3") found components: Interpreter Development NumPy Development.Module Development.Embed 
[8.804s] -- Found ament_lint_auto: 0.17.3 (/opt/ros/jazzy/share/ament_lint_auto/cmake)
[8.949s] -- Added test 'flake8' to check Python code syntax and style conventions
[8.949s] -- Configured 'flake8' exclude dirs and/or files: 
[8.952s] -- Added test 'lint_cmake' to check CMake code style
[8.956s] -- Added test 'pep257' to check Python code against some of the docstring style conventions in PEP 257
[8.971s] -- Added test 'xmllint' to check XML markup files
[8.975s] -- Configuring done (8.8s)
[9.138s] -- Generating done (0.1s)
[9.171s] -- Build files have been written to: /home/erum/ros2_workspace/src/build/new_interfaces
[9.189s] Invoked command in '/home/erum/ros2_workspace/src/build/new_interfaces' returned '0': CMAKE_PREFIX_PATH=${CMAKE_PREFIX_PATH}:/home/erum/install/my_first_pkg:/opt/ros/jazzy DEBUGINFOD_URLS=https://debuginfod.ubuntu.com /usr/bin/cmake /home/erum/ros2_workspace/src/new_interfaces -DCMAKE_INSTALL_PREFIX=/home/erum/ros2_workspace/src/install/new_interfaces
[9.190s] Invoking command in '/home/erum/ros2_workspace/src/build/new_interfaces': CMAKE_PREFIX_PATH=${CMAKE_PREFIX_PATH}:/home/erum/install/my_first_pkg:/opt/ros/jazzy DEBUGINFOD_URLS=https://debuginfod.ubuntu.com /usr/bin/cmake --build /home/erum/ros2_workspace/src/build/new_interfaces -- -j2 -l2
[9.415s] [  1%] [34m[1mGenerating type hashes for ROS interfaces[0m
[10.590s] [  1%] Built target new_interfaces__rosidl_generator_type_description
[10.788s] [  1%] Built target ament_cmake_python_copy_new_interfaces
[10.912s] [  3%] [34m[1mGenerating C++ code for ROS interfaces[0m
[12.408s] [  3%] Built target new_interfaces__cpp
[12.454s] [  5%] [34m[1mGenerating C code for ROS interfaces[0m
[14.646s] [  7%] [32mBuilding C object CMakeFiles/new_interfaces__rosidl_generator_c.dir/rosidl_generator_c/new_interfaces/msg/detail/iot_sensor__description.c.o[0m
[14.899s] [  9%] [32mBuilding C object CMakeFiles/new_interfaces__rosidl_generator_c.dir/rosidl_generator_c/new_interfaces/msg/detail/iot_sensor__functions.c.o[0m
[15.128s] [ 11%] [32mBuilding C object CMakeFiles/new_interfaces__rosidl_generator_c.dir/rosidl_generator_c/new_interfaces/msg/detail/iot_sensor__type_support.c.o[0m
[15.201s] [ 12%] [32mBuilding C object CMakeFiles/new_interfaces__rosidl_generator_c.dir/rosidl_generator_c/new_interfaces/srv/detail/add_two_ints__description.c.o[0m
[15.301s] [ 14%] [32mBuilding C object CMakeFiles/new_interfaces__rosidl_generator_c.dir/rosidl_generator_c/new_interfaces/srv/detail/add_two_ints__functions.c.o[0m
[15.373s] [ 16%] [32mBuilding C object CMakeFiles/new_interfaces__rosidl_generator_c.dir/rosidl_generator_c/new_interfaces/srv/detail/add_two_ints__type_support.c.o[0m
[15.415s] [ 18%] [32mBuilding C object CMakeFiles/new_interfaces__rosidl_generator_c.dir/rosidl_generator_c/new_interfaces/srv/detail/rectangle_area__description.c.o[0m
[15.474s] [ 20%] [32mBuilding C object CMakeFiles/new_interfaces__rosidl_generator_c.dir/rosidl_generator_c/new_interfaces/srv/detail/rectangle_area__functions.c.o[0m
[15.610s] [ 22%] [32mBuilding C object CMakeFiles/new_interfaces__rosidl_generator_c.dir/rosidl_generator_c/new_interfaces/srv/detail/rectangle_area__type_support.c.o[0m
[15.683s] [ 24%] [32m[1mLinking C shared library libnew_interfaces__rosidl_generator_c.so[0m
[15.787s] [ 24%] Built target new_interfaces__rosidl_generator_c
[16.196s] running egg_info
[16.197s] creating new_interfaces.egg-info
[16.221s] writing new_interfaces.egg-info/PKG-INFO
[16.221s] writing dependency_links to new_interfaces.egg-info/dependency_links.txt
[16.221s] writing top-level names to new_interfaces.egg-info/top_level.txt
[16.222s] writing manifest file 'new_interfaces.egg-info/SOURCES.txt'
[16.286s] reading manifest file 'new_interfaces.egg-info/SOURCES.txt'
[16.286s] writing manifest file 'new_interfaces.egg-info/SOURCES.txt'
[16.343s] [ 24%] Built target ament_cmake_python_build_new_interfaces_egg
[16.365s] [ 25%] [34m[1mGenerating C++ type support dispatch for ROS interfaces[0m
[17.328s] [ 27%] [32mBuilding CXX object CMakeFiles/new_interfaces__rosidl_typesupport_cpp.dir/rosidl_typesupport_cpp/new_interfaces/msg/iot_sensor__type_support.cpp.o[0m
[18.722s] [ 29%] [32mBuilding CXX object CMakeFiles/new_interfaces__rosidl_typesupport_cpp.dir/rosidl_typesupport_cpp/new_interfaces/srv/add_two_ints__type_support.cpp.o[0m
[19.369s] [ 31%] [32mBuilding CXX object CMakeFiles/new_interfaces__rosidl_typesupport_cpp.dir/rosidl_typesupport_cpp/new_interfaces/srv/rectangle_area__type_support.cpp.o[0m
[19.701s] [ 33%] [32m[1mLinking CXX shared library libnew_interfaces__rosidl_typesupport_cpp.so[0m
[19.772s] [ 33%] Built target new_interfaces__rosidl_typesupport_cpp
[19.783s] [ 35%] [34m[1mGenerating C type support for eProsima Fast-RTPS[0m
[20.166s] [ 37%] [32mBuilding CXX object CMakeFiles/new_interfaces__rosidl_typesupport_fastrtps_c.dir/rosidl_typesupport_fastrtps_c/new_interfaces/msg/detail/iot_sensor__type_support_c.cpp.o[0m
[20.832s] [ 38%] [32mBuilding CXX object CMakeFiles/new_interfaces__rosidl_typesupport_fastrtps_c.dir/rosidl_typesupport_fastrtps_c/new_interfaces/srv/detail/add_two_ints__type_support_c.cpp.o[0m
[21.373s] [ 40%] [32mBuilding CXX object CMakeFiles/new_interfaces__rosidl_typesupport_fastrtps_c.dir/rosidl_typesupport_fastrtps_c/new_interfaces/srv/detail/rectangle_area__type_support_c.cpp.o[0m
[21.719s] [ 42%] [32m[1mLinking CXX shared library libnew_interfaces__rosidl_typesupport_fastrtps_c.so[0m
[21.825s] [ 42%] Built target new_interfaces__rosidl_typesupport_fastrtps_c
[21.836s] [ 44%] [34m[1mGenerating C introspection for ROS interfaces[0m
[22.322s] [ 46%] [32mBuilding C object CMakeFiles/new_interfaces__rosidl_typesupport_introspection_c.dir/rosidl_typesupport_introspection_c/new_interfaces/msg/detail/iot_sensor__type_support.c.o[0m
[22.398s] [ 48%] [32mBuilding C object CMakeFiles/new_interfaces__rosidl_typesupport_introspection_c.dir/rosidl_typesupport_introspection_c/new_interfaces/srv/detail/add_two_ints__type_support.c.o[0m
[22.481s] [ 50%] [32mBuilding C object CMakeFiles/new_interfaces__rosidl_typesupport_introspection_c.dir/rosidl_typesupport_introspection_c/new_interfaces/srv/detail/rectangle_area__type_support.c.o[0m
[22.527s] [ 51%] [32m[1mLinking C shared library libnew_interfaces__rosidl_typesupport_introspection_c.so[0m
[22.615s] [ 51%] Built target new_interfaces__rosidl_typesupport_introspection_c
[22.634s] [ 53%] [34m[1mGenerating C type support dispatch for ROS interfaces[0m
[22.989s] [ 55%] [32mBuilding CXX object CMakeFiles/new_interfaces__rosidl_typesupport_c.dir/rosidl_typesupport_c/new_interfaces/msg/iot_sensor__type_support.cpp.o[0m
[23.058s] [ 57%] [32mBuilding CXX object CMakeFiles/new_interfaces__rosidl_typesupport_c.dir/rosidl_typesupport_c/new_interfaces/srv/add_two_ints__type_support.cpp.o[0m
[23.150s] [ 59%] [32mBuilding CXX object CMakeFiles/new_interfaces__rosidl_typesupport_c.dir/rosidl_typesupport_c/new_interfaces/srv/rectangle_area__type_support.cpp.o[0m
[23.227s] [ 61%] [32m[1mLinking CXX shared library libnew_interfaces__rosidl_typesupport_c.so[0m
[23.303s] [ 61%] Built target new_interfaces__rosidl_typesupport_c
[23.330s] [ 62%] [34m[1mGenerating C++ type support for eProsima Fast-RTPS[0m
[23.974s] [ 64%] [32mBuilding CXX object CMakeFiles/new_interfaces__rosidl_typesupport_fastrtps_cpp.dir/rosidl_typesupport_fastrtps_cpp/new_interfaces/msg/detail/dds_fastrtps/iot_sensor__type_support.cpp.o[0m
[24.381s] [ 66%] [32mBuilding CXX object CMakeFiles/new_interfaces__rosidl_typesupport_fastrtps_cpp.dir/rosidl_typesupport_fastrtps_cpp/new_interfaces/srv/detail/dds_fastrtps/add_two_ints__type_support.cpp.o[0m
[24.913s] [ 68%] [32mBuilding CXX object CMakeFiles/new_interfaces__rosidl_typesupport_fastrtps_cpp.dir/rosidl_typesupport_fastrtps_cpp/new_interfaces/srv/detail/dds_fastrtps/rectangle_area__type_support.cpp.o[0m
[25.581s] [ 70%] [32m[1mLinking CXX shared library libnew_interfaces__rosidl_typesupport_fastrtps_cpp.so[0m
[25.661s] [ 70%] Built target new_interfaces__rosidl_typesupport_fastrtps_cpp
[25.701s] [ 72%] [34m[1mGenerating C++ introspection for ROS interfaces[0m
[26.031s] [ 74%] [32mBuilding CXX object CMakeFiles/new_interfaces__rosidl_typesupport_introspection_cpp.dir/rosidl_typesupport_introspection_cpp/new_interfaces/msg/detail/iot_sensor__type_support.cpp.o[0m
[26.291s] [ 75%] [32mBuilding CXX object CMakeFiles/new_interfaces__rosidl_typesupport_introspection_cpp.dir/rosidl_typesupport_introspection_cpp/new_interfaces/srv/detail/add_two_ints__type_support.cpp.o[0m
[26.619s] [ 77%] [32mBuilding CXX object CMakeFiles/new_interfaces__rosidl_typesupport_introspection_cpp.dir/rosidl_typesupport_introspection_cpp/new_interfaces/srv/detail/rectangle_area__type_support.cpp.o[0m
[26.949s] [ 79%] [32m[1mLinking CXX shared library libnew_interfaces__rosidl_typesupport_introspection_cpp.so[0m
[27.034s] [ 79%] Built target new_interfaces__rosidl_typesupport_introspection_cpp
[27.055s] [ 79%] Built target new_interfaces
[27.082s] [ 81%] [34m[1mGenerating Python code for ROS interfaces[0m
[27.583s] [ 81%] Built target new_interfaces__py
[27.612s] [ 83%] [32mBuilding C object CMakeFiles/new_interfaces__rosidl_generator_py.dir/rosidl_generator_py/new_interfaces/msg/_iot_sensor_s.c.o[0m
[27.973s] [ 85%] [32mBuilding C object CMakeFiles/new_interfaces__rosidl_generator_py.dir/rosidl_generator_py/new_interfaces/srv/_add_two_ints_s.c.o[0m
[28.217s] [ 87%] [32mBuilding C object CMakeFiles/new_interfaces__rosidl_generator_py.dir/rosidl_generator_py/new_interfaces/srv/_rectangle_area_s.c.o[0m
[28.533s] [ 88%] [32m[1mLinking C shared library libnew_interfaces__rosidl_generator_py.so[0m
[28.661s] [ 88%] Built target new_interfaces__rosidl_generator_py
[28.732s] [ 90%] [32mBuilding C object CMakeFiles/new_interfaces_s__rosidl_typesupport_fastrtps_c.dir/rosidl_generator_py/new_interfaces/_new_interfaces_s.ep.rosidl_typesupport_fastrtps_c.c.o[0m
[29.103s] [ 92%] [32m[1mLinking C shared module rosidl_generator_py/new_interfaces/new_interfaces_s__rosidl_typesupport_fastrtps_c.so[0m
[29.232s] [ 92%] Built target new_interfaces_s__rosidl_typesupport_fastrtps_c
[29.335s] [ 94%] [32mBuilding C object CMakeFiles/new_interfaces_s__rosidl_typesupport_introspection_c.dir/rosidl_generator_py/new_interfaces/_new_interfaces_s.ep.rosidl_typesupport_introspection_c.c.o[0m
[29.700s] [ 96%] [32m[1mLinking C shared module rosidl_generator_py/new_interfaces/new_interfaces_s__rosidl_typesupport_introspection_c.so[0m
[29.795s] [ 96%] Built target new_interfaces_s__rosidl_typesupport_introspection_c
[29.820s] [ 98%] [32mBuilding C object CMakeFiles/new_interfaces_s__rosidl_typesupport_c.dir/rosidl_generator_py/new_interfaces/_new_interfaces_s.ep.rosidl_typesupport_c.c.o[0m
[29.957s] [100%] [32m[1mLinking C shared module rosidl_generator_py/new_interfaces/new_interfaces_s__rosidl_typesupport_c.so[0m
[30.020s] [100%] Built target new_interfaces_s__rosidl_typesupport_c
[30.040s] Invoked command in '/home/erum/ros2_workspace/src/build/new_interfaces' returned '0': CMAKE_PREFIX_PATH=${CMAKE_PREFIX_PATH}:/home/erum/install/my_first_pkg:/opt/ros/jazzy DEBUGINFOD_URLS=https://debuginfod.ubuntu.com /usr/bin/cmake --build /home/erum/ros2_workspace/src/build/new_interfaces -- -j2 -l2
[30.043s] Invoking command in '/home/erum/ros2_workspace/src/build/new_interfaces': CMAKE_PREFIX_PATH=${CMAKE_PREFIX_PATH}:/home/erum/install/my_first_pkg:/opt/ros/jazzy DEBUGINFOD_URLS=https://debuginfod.ubuntu.com /usr/bin/cmake --install /home/erum/ros2_workspace/src/build/new_interfaces
[30.057s] -- Install configuration: ""
[30.057s] -- Installing: /home/erum/ros2_workspace/src/install/new_interfaces/share/ament_index/resource_index/rosidl_interfaces/new_interfaces
[30.059s] -- Installing: /home/erum/ros2_workspace/src/install/new_interfaces/share/new_interfaces/msg/IOTSensor.json
[30.059s] -- Installing: /home/erum/ros2_workspace/src/install/new_interfaces/share/new_interfaces/srv/AddTwoInts.json
[30.059s] -- Installing: /home/erum/ros2_workspace/src/install/new_interfaces/share/new_interfaces/srv/RectangleArea.json
[30.059s] -- Installing: /home/erum/ros2_workspace/src/install/new_interfaces/include/new_interfaces/new_interfaces
[30.059s] -- Installing: /home/erum/ros2_workspace/src/install/new_interfaces/include/new_interfaces/new_interfaces/srv
[30.059s] -- Installing: /home/erum/ros2_workspace/src/install/new_interfaces/include/new_interfaces/new_interfaces/srv/add_two_ints.h
[30.059s] -- Installing: /home/erum/ros2_workspace/src/install/new_interfaces/include/new_interfaces/new_interfaces/srv/detail
[30.060s] -- Installing: /home/erum/ros2_workspace/src/install/new_interfaces/include/new_interfaces/new_interfaces/srv/detail/rectangle_area__description.c
[30.060s] -- Installing: /home/erum/ros2_workspace/src/install/new_interfaces/include/new_interfaces/new_interfaces/srv/detail/add_two_ints__functions.h
[30.060s] -- Installing: /home/erum/ros2_workspace/src/install/new_interfaces/include/new_interfaces/new_interfaces/srv/detail/add_two_ints__description.c
[30.060s] -- Installing: /home/erum/ros2_workspace/src/install/new_interfaces/include/new_interfaces/new_interfaces/srv/detail/rectangle_area__struct.h
[30.060s] -- Installing: /home/erum/ros2_workspace/src/install/new_interfaces/include/new_interfaces/new_interfaces/srv/detail/add_two_ints__functions.c
[30.061s] -- Installing: /home/erum/ros2_workspace/src/install/new_interfaces/include/new_interfaces/new_interfaces/srv/detail/rectangle_area__functions.h
[30.061s] -- Installing: /home/erum/ros2_workspace/src/install/new_interfaces/include/new_interfaces/new_interfaces/srv/detail/rectangle_area__functions.c
[30.061s] -- Installing: /home/erum/ros2_workspace/src/install/new_interfaces/include/new_interfaces/new_interfaces/srv/detail/rectangle_area__type_support.h
[30.061s] -- Installing: /home/erum/ros2_workspace/src/install/new_interfaces/include/new_interfaces/new_interfaces/srv/detail/rectangle_area__type_support.c
[30.062s] -- Installing: /home/erum/ros2_workspace/src/install/new_interfaces/include/new_interfaces/new_interfaces/srv/detail/add_two_ints__type_support.h
[30.062s] -- Installing: /home/erum/ros2_workspace/src/install/new_interfaces/include/new_interfaces/new_interfaces/srv/detail/add_two_ints__struct.h
[30.062s] -- Installing: /home/erum/ros2_workspace/src/install/new_interfaces/include/new_interfaces/new_interfaces/srv/detail/add_two_ints__type_support.c
[30.062s] -- Installing: /home/erum/ros2_workspace/src/install/new_interfaces/include/new_interfaces/new_interfaces/srv/rectangle_area.h
[30.063s] -- Installing: /home/erum/ros2_workspace/src/install/new_interfaces/include/new_interfaces/new_interfaces/msg
[30.063s] -- Installing: /home/erum/ros2_workspace/src/install/new_interfaces/include/new_interfaces/new_interfaces/msg/rosidl_generator_c__visibility_control.h
[30.063s] -- Installing: /home/erum/ros2_workspace/src/install/new_interfaces/include/new_interfaces/new_interfaces/msg/iot_sensor.h
[30.064s] -- Installing: /home/erum/ros2_workspace/src/install/new_interfaces/include/new_interfaces/new_interfaces/msg/detail
[30.064s] -- Installing: /home/erum/ros2_workspace/src/install/new_interfaces/include/new_interfaces/new_interfaces/msg/detail/iot_sensor__functions.c
[30.064s] -- Installing: /home/erum/ros2_workspace/src/install/new_interfaces/include/new_interfaces/new_interfaces/msg/detail/iot_sensor__type_support.h
[30.064s] -- Installing: /home/erum/ros2_workspace/src/install/new_interfaces/include/new_interfaces/new_interfaces/msg/detail/iot_sensor__struct.h
[30.064s] -- Installing: /home/erum/ros2_workspace/src/install/new_interfaces/include/new_interfaces/new_interfaces/msg/detail/iot_sensor__type_support.c
[30.064s] -- Installing: /home/erum/ros2_workspace/src/install/new_interfaces/include/new_interfaces/new_interfaces/msg/detail/iot_sensor__description.c
[30.064s] -- Installing: /home/erum/ros2_workspace/src/install/new_interfaces/include/new_interfaces/new_interfaces/msg/detail/iot_sensor__functions.h
[30.064s] -- Installing: /home/erum/ros2_workspace/src/install/new_interfaces/share/new_interfaces/environment/library_path.sh
[30.064s] -- Installing: /home/erum/ros2_workspace/src/install/new_interfaces/share/new_interfaces/environment/library_path.dsv
[30.065s] -- Installing: /home/erum/ros2_workspace/src/install/new_interfaces/lib/libnew_interfaces__rosidl_generator_c.so
[30.067s] -- Set non-toolchain portion of runtime path of "/home/erum/ros2_workspace/src/install/new_interfaces/lib/libnew_interfaces__rosidl_generator_c.so" to ""
[30.068s] -- Up-to-date: /home/erum/ros2_workspace/src/install/new_interfaces/include/new_interfaces/new_interfaces
[30.068s] -- Up-to-date: /home/erum/ros2_workspace/src/install/new_interfaces/include/new_interfaces/new_interfaces/srv
[30.068s] -- Up-to-date: /home/erum/ros2_workspace/src/install/new_interfaces/include/new_interfaces/new_interfaces/srv/detail
[30.068s] -- Installing: /home/erum/ros2_workspace/src/install/new_interfaces/include/new_interfaces/new_interfaces/srv/detail/rectangle_area__rosidl_typesupport_fastrtps_c.h
[30.068s] -- Installing: /home/erum/ros2_workspace/src/install/new_interfaces/include/new_interfaces/new_interfaces/srv/detail/add_two_ints__rosidl_typesupport_fastrtps_c.h
[30.068s] -- Up-to-date: /home/erum/ros2_workspace/src/install/new_interfaces/include/new_interfaces/new_interfaces/msg
[30.068s] -- Installing: /home/erum/ros2_workspace/src/install/new_interfaces/include/new_interfaces/new_interfaces/msg/rosidl_typesupport_fastrtps_c__visibility_control.h
[30.070s] -- Up-to-date: /home/erum/ros2_workspace/src/install/new_interfaces/include/new_interfaces/new_interfaces/msg/detail
[30.070s] -- Installing: /home/erum/ros2_workspace/src/install/new_interfaces/include/new_interfaces/new_interfaces/msg/detail/iot_sensor__rosidl_typesupport_fastrtps_c.h
[30.070s] -- Installing: /home/erum/ros2_workspace/src/install/new_interfaces/lib/libnew_interfaces__rosidl_typesupport_fastrtps_c.so
[30.070s] -- Set non-toolchain portion of runtime path of "/home/erum/ros2_workspace/src/install/new_interfaces/lib/libnew_interfaces__rosidl_typesupport_fastrtps_c.so" to ""
[30.070s] -- Up-to-date: /home/erum/ros2_workspace/src/install/new_interfaces/include/new_interfaces/new_interfaces
[30.070s] -- Up-to-date: /home/erum/ros2_workspace/src/install/new_interfaces/include/new_interfaces/new_interfaces/srv
[30.071s] -- Up-to-date: /home/erum/ros2_workspace/src/install/new_interfaces/include/new_interfaces/new_interfaces/srv/detail
[30.071s] -- Installing: /home/erum/ros2_workspace/src/install/new_interfaces/include/new_interfaces/new_interfaces/srv/detail/rectangle_area__rosidl_typesupport_introspection_c.h
[30.071s] -- Installing: /home/erum/ros2_workspace/src/install/new_interfaces/include/new_interfaces/new_interfaces/srv/detail/rectangle_area__type_support.c
[30.071s] -- Installing: /home/erum/ros2_workspace/src/install/new_interfaces/include/new_interfaces/new_interfaces/srv/detail/add_two_ints__rosidl_typesupport_introspection_c.h
[30.071s] -- Installing: /home/erum/ros2_workspace/src/install/new_interfaces/include/new_interfaces/new_interfaces/srv/detail/add_two_ints__type_support.c
[30.071s] -- Up-to-date: /home/erum/ros2_workspace/src/install/new_interfaces/include/new_interfaces/new_interfaces/msg
[30.071s] -- Installing: /home/erum/ros2_workspace/src/install/new_interfaces/include/new_interfaces/new_interfaces/msg/rosidl_typesupport_introspection_c__visibility_control.h
[30.071s] -- Up-to-date: /home/erum/ros2_workspace/src/install/new_interfaces/include/new_interfaces/new_interfaces/msg/detail
[30.071s] -- Installing: /home/erum/ros2_workspace/src/install/new_interfaces/include/new_interfaces/new_interfaces/msg/detail/iot_sensor__rosidl_typesupport_introspection_c.h
[30.071s] -- Installing: /home/erum/ros2_workspace/src/install/new_interfaces/include/new_interfaces/new_interfaces/msg/detail/iot_sensor__type_support.c
[30.072s] -- Installing: /home/erum/ros2_workspace/src/install/new_interfaces/lib/libnew_interfaces__rosidl_typesupport_introspection_c.so
[30.072s] -- Set non-toolchain portion of runtime path of "/home/erum/ros2_workspace/src/install/new_interfaces/lib/libnew_interfaces__rosidl_typesupport_introspection_c.so" to ""
[30.072s] -- Installing: /home/erum/ros2_workspace/src/install/new_interfaces/lib/libnew_interfaces__rosidl_typesupport_c.so
[30.073s] -- Set non-toolchain portion of runtime path of "/home/erum/ros2_workspace/src/install/new_interfaces/lib/libnew_interfaces__rosidl_typesupport_c.so" to ""
[30.074s] -- Up-to-date: /home/erum/ros2_workspace/src/install/new_interfaces/include/new_interfaces/new_interfaces
[30.074s] -- Up-to-date: /home/erum/ros2_workspace/src/install/new_interfaces/include/new_interfaces/new_interfaces/srv
[30.074s] -- Installing: /home/erum/ros2_workspace/src/install/new_interfaces/include/new_interfaces/new_interfaces/srv/rectangle_area.hpp
[30.074s] -- Installing: /home/erum/ros2_workspace/src/install/new_interfaces/include/new_interfaces/new_interfaces/srv/add_two_ints.hpp
[30.074s] -- Up-to-date: /home/erum/ros2_workspace/src/install/new_interfaces/include/new_interfaces/new_interfaces/srv/detail
[30.074s] -- Installing: /home/erum/ros2_workspace/src/install/new_interfaces/include/new_interfaces/new_interfaces/srv/detail/add_two_ints__struct.hpp
[30.074s] -- Installing: /home/erum/ros2_workspace/src/install/new_interfaces/include/new_interfaces/new_interfaces/srv/detail/rectangle_area__traits.hpp
[30.074s] -- Installing: /home/erum/ros2_workspace/src/install/new_interfaces/include/new_interfaces/new_interfaces/srv/detail/rectangle_area__struct.hpp
[30.074s] -- Installing: /home/erum/ros2_workspace/src/install/new_interfaces/include/new_interfaces/new_interfaces/srv/detail/add_two_ints__type_support.hpp
[30.075s] -- Installing: /home/erum/ros2_workspace/src/install/new_interfaces/include/new_interfaces/new_interfaces/srv/detail/rectangle_area__builder.hpp
[30.075s] -- Installing: /home/erum/ros2_workspace/src/install/new_interfaces/include/new_interfaces/new_interfaces/srv/detail/add_two_ints__traits.hpp
[30.075s] -- Installing: /home/erum/ros2_workspace/src/install/new_interfaces/include/new_interfaces/new_interfaces/srv/detail/add_two_ints__builder.hpp
[30.075s] -- Installing: /home/erum/ros2_workspace/src/install/new_interfaces/include/new_interfaces/new_interfaces/srv/detail/rectangle_area__type_support.hpp
[30.075s] -- Up-to-date: /home/erum/ros2_workspace/src/install/new_interfaces/include/new_interfaces/new_interfaces/msg
[30.075s] -- Installing: /home/erum/ros2_workspace/src/install/new_interfaces/include/new_interfaces/new_interfaces/msg/iot_sensor.hpp
[30.075s] -- Installing: /home/erum/ros2_workspace/src/install/new_interfaces/include/new_interfaces/new_interfaces/msg/rosidl_generator_cpp__visibility_control.hpp
[30.076s] -- Up-to-date: /home/erum/ros2_workspace/src/install/new_interfaces/include/new_interfaces/new_interfaces/msg/detail
[30.076s] -- Installing: /home/erum/ros2_workspace/src/install/new_interfaces/include/new_interfaces/new_interfaces/msg/detail/iot_sensor__builder.hpp
[30.076s] -- Installing: /home/erum/ros2_workspace/src/install/new_interfaces/include/new_interfaces/new_interfaces/msg/detail/iot_sensor__type_support.hpp
[30.077s] -- Installing: /home/erum/ros2_workspace/src/install/new_interfaces/include/new_interfaces/new_interfaces/msg/detail/iot_sensor__struct.hpp
[30.078s] -- Installing: /home/erum/ros2_workspace/src/install/new_interfaces/include/new_interfaces/new_interfaces/msg/detail/iot_sensor__traits.hpp
[30.079s] -- Up-to-date: /home/erum/ros2_workspace/src/install/new_interfaces/include/new_interfaces/new_interfaces
[30.079s] -- Up-to-date: /home/erum/ros2_workspace/src/install/new_interfaces/include/new_interfaces/new_interfaces/srv
[30.079s] -- Up-to-date: /home/erum/ros2_workspace/src/install/new_interfaces/include/new_interfaces/new_interfaces/srv/detail
[30.079s] -- Installing: /home/erum/ros2_workspace/src/install/new_interfaces/include/new_interfaces/new_interfaces/srv/detail/add_two_ints__rosidl_typesupport_fastrtps_cpp.hpp
[30.079s] -- Installing: /home/erum/ros2_workspace/src/install/new_interfaces/include/new_interfaces/new_interfaces/srv/detail/dds_fastrtps
[30.079s] -- Installing: /home/erum/ros2_workspace/src/install/new_interfaces/include/new_interfaces/new_interfaces/srv/detail/rectangle_area__rosidl_typesupport_fastrtps_cpp.hpp
[30.079s] -- Up-to-date: /home/erum/ros2_workspace/src/install/new_interfaces/include/new_interfaces/new_interfaces/msg
[30.080s] -- Up-to-date: /home/erum/ros2_workspace/src/install/new_interfaces/include/new_interfaces/new_interfaces/msg/detail
[30.080s] -- Installing: /home/erum/ros2_workspace/src/install/new_interfaces/include/new_interfaces/new_interfaces/msg/detail/dds_fastrtps
[30.080s] -- Installing: /home/erum/ros2_workspace/src/install/new_interfaces/include/new_interfaces/new_interfaces/msg/detail/iot_sensor__rosidl_typesupport_fastrtps_cpp.hpp
[30.080s] -- Installing: /home/erum/ros2_workspace/src/install/new_interfaces/include/new_interfaces/new_interfaces/msg/rosidl_typesupport_fastrtps_cpp__visibility_control.h
[30.080s] -- Installing: /home/erum/ros2_workspace/src/install/new_interfaces/lib/libnew_interfaces__rosidl_typesupport_fastrtps_cpp.so
[30.081s] -- Set non-toolchain portion of runtime path of "/home/erum/ros2_workspace/src/install/new_interfaces/lib/libnew_interfaces__rosidl_typesupport_fastrtps_cpp.so" to ""
[30.081s] -- Up-to-date: /home/erum/ros2_workspace/src/install/new_interfaces/include/new_interfaces/new_interfaces
[30.081s] -- Up-to-date: /home/erum/ros2_workspace/src/install/new_interfaces/include/new_interfaces/new_interfaces/srv
[30.083s] -- Up-to-date: /home/erum/ros2_workspace/src/install/new_interfaces/include/new_interfaces/new_interfaces/srv/detail
[30.084s] -- Installing: /home/erum/ros2_workspace/src/install/new_interfaces/include/new_interfaces/new_interfaces/srv/detail/rectangle_area__rosidl_typesupport_introspection_cpp.hpp
[30.084s] -- Installing: /home/erum/ros2_workspace/src/install/new_interfaces/include/new_interfaces/new_interfaces/srv/detail/add_two_ints__type_support.cpp
[30.084s] -- Installing: /home/erum/ros2_workspace/src/install/new_interfaces/include/new_interfaces/new_interfaces/srv/detail/rectangle_area__type_support.cpp
[30.084s] -- Installing: /home/erum/ros2_workspace/src/install/new_interfaces/include/new_interfaces/new_interfaces/srv/detail/add_two_ints__rosidl_typesupport_introspection_cpp.hpp
[30.084s] -- Up-to-date: /home/erum/ros2_workspace/src/install/new_interfaces/include/new_interfaces/new_interfaces/msg
[30.084s] -- Up-to-date: /home/erum/ros2_workspace/src/install/new_interfaces/include/new_interfaces/new_interfaces/msg/detail
[30.084s] -- Installing: /home/erum/ros2_workspace/src/install/new_interfaces/include/new_interfaces/new_interfaces/msg/detail/iot_sensor__type_support.cpp
[30.084s] -- Installing: /home/erum/ros2_workspace/src/install/new_interfaces/include/new_interfaces/new_interfaces/msg/detail/iot_sensor__rosidl_typesupport_introspection_cpp.hpp
[30.084s] -- Installing: /home/erum/ros2_workspace/src/install/new_interfaces/lib/libnew_interfaces__rosidl_typesupport_introspection_cpp.so
[30.085s] -- Set non-toolchain portion of runtime path of "/home/erum/ros2_workspace/src/install/new_interfaces/lib/libnew_interfaces__rosidl_typesupport_introspection_cpp.so" to ""
[30.085s] -- Installing: /home/erum/ros2_workspace/src/install/new_interfaces/lib/libnew_interfaces__rosidl_typesupport_cpp.so
[30.086s] -- Set non-toolchain portion of runtime path of "/home/erum/ros2_workspace/src/install/new_interfaces/lib/libnew_interfaces__rosidl_typesupport_cpp.so" to ""
[30.086s] -- Installing: /home/erum/ros2_workspace/src/install/new_interfaces/share/new_interfaces/environment/pythonpath.sh
[30.086s] -- Installing: /home/erum/ros2_workspace/src/install/new_interfaces/share/new_interfaces/environment/pythonpath.dsv
[30.086s] -- Installing: /home/erum/ros2_workspace/src/install/new_interfaces/lib/python3.12/site-packages/new_interfaces-0.0.0-py3.12.egg-info
[30.087s] -- Installing: /home/erum/ros2_workspace/src/install/new_interfaces/lib/python3.12/site-packages/new_interfaces-0.0.0-py3.12.egg-info/SOURCES.txt
[30.087s] -- Installing: /home/erum/ros2_workspace/src/install/new_interfaces/lib/python3.12/site-packages/new_interfaces-0.0.0-py3.12.egg-info/top_level.txt
[30.087s] -- Installing: /home/erum/ros2_workspace/src/install/new_interfaces/lib/python3.12/site-packages/new_interfaces-0.0.0-py3.12.egg-info/dependency_links.txt
[30.087s] -- Installing: /home/erum/ros2_workspace/src/install/new_interfaces/lib/python3.12/site-packages/new_interfaces-0.0.0-py3.12.egg-info/PKG-INFO
[30.087s] -- Installing: /home/erum/ros2_workspace/src/install/new_interfaces/lib/python3.12/site-packages/new_interfaces
[30.087s] -- Installing: /home/erum/ros2_workspace/src/install/new_interfaces/lib/python3.12/site-packages/new_interfaces/_new_interfaces_s.ep.rosidl_typesupport_c.c
[30.087s] -- Installing: /home/erum/ros2_workspace/src/install/new_interfaces/lib/python3.12/site-packages/new_interfaces/srv
[30.088s] -- Installing: /home/erum/ros2_workspace/src/install/new_interfaces/lib/python3.12/site-packages/new_interfaces/srv/_rectangle_area_s.c
[30.088s] -- Installing: /home/erum/ros2_workspace/src/install/new_interfaces/lib/python3.12/site-packages/new_interfaces/srv/_add_two_ints_s.c
[30.088s] -- Installing: /home/erum/ros2_workspace/src/install/new_interfaces/lib/python3.12/site-packages/new_interfaces/srv/__init__.py
[30.088s] -- Installing: /home/erum/ros2_workspace/src/install/new_interfaces/lib/python3.12/site-packages/new_interfaces/srv/_add_two_ints.py
[30.088s] -- Installing: /home/erum/ros2_workspace/src/install/new_interfaces/lib/python3.12/site-packages/new_interfaces/srv/_rectangle_area.py
[30.089s] -- Installing: /home/erum/ros2_workspace/src/install/new_interfaces/lib/python3.12/site-packages/new_interfaces/__init__.py
[30.089s] -- Installing: /home/erum/ros2_workspace/src/install/new_interfaces/lib/python3.12/site-packages/new_interfaces/_new_interfaces_s.ep.rosidl_typesupport_introspection_c.c
[30.089s] -- Installing: /home/erum/ros2_workspace/src/install/new_interfaces/lib/python3.12/site-packages/new_interfaces/_new_interfaces_s.ep.rosidl_typesupport_fastrtps_c.c
[30.090s] -- Installing: /home/erum/ros2_workspace/src/install/new_interfaces/lib/python3.12/site-packages/new_interfaces/new_interfaces_s__rosidl_typesupport_fastrtps_c.so
[30.090s] -- Installing: /home/erum/ros2_workspace/src/install/new_interfaces/lib/python3.12/site-packages/new_interfaces/new_interfaces_s__rosidl_typesupport_c.so
[30.090s] -- Installing: /home/erum/ros2_workspace/src/install/new_interfaces/lib/python3.12/site-packages/new_interfaces/msg
[30.090s] -- Installing: /home/erum/ros2_workspace/src/install/new_interfaces/lib/python3.12/site-packages/new_interfaces/msg/_iot_sensor.py
[30.091s] -- Installing: /home/erum/ros2_workspace/src/install/new_interfaces/lib/python3.12/site-packages/new_interfaces/msg/__init__.py
[30.091s] -- Installing: /home/erum/ros2_workspace/src/install/new_interfaces/lib/python3.12/site-packages/new_interfaces/msg/_iot_sensor_s.c
[30.092s] -- Installing: /home/erum/ros2_workspace/src/install/new_interfaces/lib/python3.12/site-packages/new_interfaces/new_interfaces_s__rosidl_typesupport_introspection_c.so
[30.135s] Listing '/home/erum/ros2_workspace/src/install/new_interfaces/lib/python3.12/site-packages/new_interfaces'...
[30.137s] Compiling '/home/erum/ros2_workspace/src/install/new_interfaces/lib/python3.12/site-packages/new_interfaces/__init__.py'...
[30.137s] Listing '/home/erum/ros2_workspace/src/install/new_interfaces/lib/python3.12/site-packages/new_interfaces/msg'...
[30.138s] Compiling '/home/erum/ros2_workspace/src/install/new_interfaces/lib/python3.12/site-packages/new_interfaces/msg/__init__.py'...
[30.138s] Compiling '/home/erum/ros2_workspace/src/install/new_interfaces/lib/python3.12/site-packages/new_interfaces/msg/_iot_sensor.py'...
[30.138s] Listing '/home/erum/ros2_workspace/src/install/new_interfaces/lib/python3.12/site-packages/new_interfaces/srv'...
[30.138s] Compiling '/home/erum/ros2_workspace/src/install/new_interfaces/lib/python3.12/site-packages/new_interfaces/srv/__init__.py'...
[30.138s] Compiling '/home/erum/ros2_workspace/src/install/new_interfaces/lib/python3.12/site-packages/new_interfaces/srv/_add_two_ints.py'...
[30.138s] Compiling '/home/erum/ros2_workspace/src/install/new_interfaces/lib/python3.12/site-packages/new_interfaces/srv/_rectangle_area.py'...
[30.142s] -- Installing: /home/erum/ros2_workspace/src/install/new_interfaces/lib/python3.12/site-packages/new_interfaces/new_interfaces_s__rosidl_typesupport_fastrtps_c.so
[30.142s] -- Set non-toolchain portion of runtime path of "/home/erum/ros2_workspace/src/install/new_interfaces/lib/python3.12/site-packages/new_interfaces/new_interfaces_s__rosidl_typesupport_fastrtps_c.so" to ""
[30.143s] -- Installing: /home/erum/ros2_workspace/src/install/new_interfaces/lib/python3.12/site-packages/new_interfaces/new_interfaces_s__rosidl_typesupport_introspection_c.so
[30.143s] -- Set non-toolchain portion of runtime path of "/home/erum/ros2_workspace/src/install/new_interfaces/lib/python3.12/site-packages/new_interfaces/new_interfaces_s__rosidl_typesupport_introspection_c.so" to ""
[30.144s] -- Installing: /home/erum/ros2_workspace/src/install/new_interfaces/lib/python3.12/site-packages/new_interfaces/new_interfaces_s__rosidl_typesupport_c.so
[30.144s] -- Set non-toolchain portion of runtime path of "/home/erum/ros2_workspace/src/install/new_interfaces/lib/python3.12/site-packages/new_interfaces/new_interfaces_s__rosidl_typesupport_c.so" to ""
[30.144s] -- Installing: /home/erum/ros2_workspace/src/install/new_interfaces/lib/libnew_interfaces__rosidl_generator_py.so
[30.144s] -- Set non-toolchain portion of runtime path of "/home/erum/ros2_workspace/src/install/new_interfaces/lib/libnew_interfaces__rosidl_generator_py.so" to ""
[30.145s] -- Installing: /home/erum/ros2_workspace/src/install/new_interfaces/share/new_interfaces/msg/IOTSensor.idl
[30.145s] -- Installing: /home/erum/ros2_workspace/src/install/new_interfaces/share/new_interfaces/srv/AddTwoInts.idl
[30.145s] -- Installing: /home/erum/ros2_workspace/src/install/new_interfaces/share/new_interfaces/srv/RectangleArea.idl
[30.145s] -- Installing: /home/erum/ros2_workspace/src/install/new_interfaces/share/new_interfaces/msg/IOTSensor.msg
[30.146s] -- Installing: /home/erum/ros2_workspace/src/install/new_interfaces/share/new_interfaces/srv/AddTwoInts.srv
[30.146s] -- Installing: /home/erum/ros2_workspace/src/install/new_interfaces/share/new_interfaces/srv/RectangleArea.srv
[30.146s] -- Installing: /home/erum/ros2_workspace/src/install/new_interfaces/share/ament_index/resource_index/package_run_dependencies/new_interfaces
[30.146s] -- Installing: /home/erum/ros2_workspace/src/install/new_interfaces/share/ament_index/resource_index/parent_prefix_path/new_interfaces
[30.147s] -- Installing: /home/erum/ros2_workspace/src/install/new_interfaces/share/new_interfaces/environment/ament_prefix_path.sh
[30.147s] -- Installing: /home/erum/ros2_workspace/src/install/new_interfaces/share/new_interfaces/environment/ament_prefix_path.dsv
[30.147s] -- Installing: /home/erum/ros2_workspace/src/install/new_interfaces/share/new_interfaces/environment/path.sh
[30.147s] -- Installing: /home/erum/ros2_workspace/src/install/new_interfaces/share/new_interfaces/environment/path.dsv
[30.147s] -- Installing: /home/erum/ros2_workspace/src/install/new_interfaces/share/new_interfaces/local_setup.bash
[30.148s] -- Installing: /home/erum/ros2_workspace/src/install/new_interfaces/share/new_interfaces/local_setup.sh
[30.148s] -- Installing: /home/erum/ros2_workspace/src/install/new_interfaces/share/new_interfaces/local_setup.zsh
[30.148s] -- Installing: /home/erum/ros2_workspace/src/install/new_interfaces/share/new_interfaces/local_setup.dsv
[30.148s] -- Installing: /home/erum/ros2_workspace/src/install/new_interfaces/share/new_interfaces/package.dsv
[30.149s] -- Installing: /home/erum/ros2_workspace/src/install/new_interfaces/share/ament_index/resource_index/packages/new_interfaces
[30.149s] -- Installing: /home/erum/ros2_workspace/src/install/new_interfaces/share/new_interfaces/cmake/export_new_interfaces__rosidl_generator_cExport.cmake
[30.149s] -- Installing: /home/erum/ros2_workspace/src/install/new_interfaces/share/new_interfaces/cmake/export_new_interfaces__rosidl_generator_cExport-noconfig.cmake
[30.149s] -- Installing: /home/erum/ros2_workspace/src/install/new_interfaces/share/new_interfaces/cmake/export_new_interfaces__rosidl_typesupport_fastrtps_cExport.cmake
[30.149s] -- Installing: /home/erum/ros2_workspace/src/install/new_interfaces/share/new_interfaces/cmake/export_new_interfaces__rosidl_typesupport_fastrtps_cExport-noconfig.cmake
[30.150s] -- Installing: /home/erum/ros2_workspace/src/install/new_interfaces/share/new_interfaces/cmake/new_interfaces__rosidl_typesupport_introspection_cExport.cmake
[30.150s] -- Installing: /home/erum/ros2_workspace/src/install/new_interfaces/share/new_interfaces/cmake/new_interfaces__rosidl_typesupport_introspection_cExport-noconfig.cmake
[30.150s] -- Installing: /home/erum/ros2_workspace/src/install/new_interfaces/share/new_interfaces/cmake/new_interfaces__rosidl_typesupport_cExport.cmake
[30.151s] -- Installing: /home/erum/ros2_workspace/src/install/new_interfaces/share/new_interfaces/cmake/new_interfaces__rosidl_typesupport_cExport-noconfig.cmake
[30.151s] -- Installing: /home/erum/ros2_workspace/src/install/new_interfaces/share/new_interfaces/cmake/export_new_interfaces__rosidl_generator_cppExport.cmake
[30.152s] -- Installing: /home/erum/ros2_workspace/src/install/new_interfaces/share/new_interfaces/cmake/export_new_interfaces__rosidl_typesupport_fastrtps_cppExport.cmake
[30.152s] -- Installing: /home/erum/ros2_workspace/src/install/new_interfaces/share/new_interfaces/cmake/export_new_interfaces__rosidl_typesupport_fastrtps_cppExport-noconfig.cmake
[30.152s] -- Installing: /home/erum/ros2_workspace/src/install/new_interfaces/share/new_interfaces/cmake/new_interfaces__rosidl_typesupport_introspection_cppExport.cmake
[30.152s] -- Installing: /home/erum/ros2_workspace/src/install/new_interfaces/share/new_interfaces/cmake/new_interfaces__rosidl_typesupport_introspection_cppExport-noconfig.cmake
[30.152s] -- Installing: /home/erum/ros2_workspace/src/install/new_interfaces/share/new_interfaces/cmake/new_interfaces__rosidl_typesupport_cppExport.cmake
[30.153s] -- Installing: /home/erum/ros2_workspace/src/install/new_interfaces/share/new_interfaces/cmake/new_interfaces__rosidl_typesupport_cppExport-noconfig.cmake
[30.153s] -- Installing: /home/erum/ros2_workspace/src/install/new_interfaces/share/new_interfaces/cmake/export_new_interfaces__rosidl_generator_pyExport.cmake
[30.153s] -- Installing: /home/erum/ros2_workspace/src/install/new_interfaces/share/new_interfaces/cmake/export_new_interfaces__rosidl_generator_pyExport-noconfig.cmake
[30.154s] -- Installing: /home/erum/ros2_workspace/src/install/new_interfaces/share/new_interfaces/cmake/rosidl_cmake-extras.cmake
[30.154s] -- Installing: /home/erum/ros2_workspace/src/install/new_interfaces/share/new_interfaces/cmake/ament_cmake_export_dependencies-extras.cmake
[30.154s] -- Installing: /home/erum/ros2_workspace/src/install/new_interfaces/share/new_interfaces/cmake/ament_cmake_export_include_directories-extras.cmake
[30.154s] -- Installing: /home/erum/ros2_workspace/src/install/new_interfaces/share/new_interfaces/cmake/ament_cmake_export_libraries-extras.cmake
[30.154s] -- Installing: /home/erum/ros2_workspace/src/install/new_interfaces/share/new_interfaces/cmake/ament_cmake_export_targets-extras.cmake
[30.155s] -- Installing: /home/erum/ros2_workspace/src/install/new_interfaces/share/new_interfaces/cmake/rosidl_cmake_export_typesupport_targets-extras.cmake
[30.155s] -- Installing: /home/erum/ros2_workspace/src/install/new_interfaces/share/new_interfaces/cmake/rosidl_cmake_export_typesupport_libraries-extras.cmake
[30.155s] -- Installing: /home/erum/ros2_workspace/src/install/new_interfaces/share/new_interfaces/cmake/new_interfacesConfig.cmake
[30.155s] -- Installing: /home/erum/ros2_workspace/src/install/new_interfaces/share/new_interfaces/cmake/new_interfacesConfig-version.cmake
[30.156s] -- Installing: /home/erum/ros2_workspace/src/install/new_interfaces/share/new_interfaces/package.xml
[30.157s] Invoked command in '/home/erum/ros2_workspace/src/build/new_interfaces' returned '0': CMAKE_PREFIX_PATH=${CMAKE_PREFIX_PATH}:/home/erum/install/my_first_pkg:/opt/ros/jazzy DEBUGINFOD_URLS=https://debuginfod.ubuntu.com /usr/bin/cmake --install /home/erum/ros2_workspace/src/build/new_interfaces
