[2.519s] Invoking command in '/home/erum/ros2/ros2_ws/src/my_first_pkg': DEBUGINFOD_URLS=https://debuginfod.ubuntu.com PYTHONPATH=/home/erum/ros2/ros2_ws/build/my_first_pkg/prefix_override:/usr/lib/python3/dist-packages/colcon_core/task/python/colcon_distutils_commands:/home/erum/ros2/ros2_ws/install/my_first_pkg/lib/python3.12/site-packages:${PYTHONPATH} /usr/bin/python3 -W ignore:setup.py install is deprecated -W ignore:easy_install command is deprecated setup.py egg_info --egg-base ../../build/my_first_pkg build --build-base /home/erum/ros2/ros2_ws/build/my_first_pkg/build install --record /home/erum/ros2/ros2_ws/build/my_first_pkg/install.log --single-version-externally-managed install_data
[2.843s] running egg_info
[2.865s] writing ../../build/my_first_pkg/my_first_pkg.egg-info/PKG-INFO
[2.868s] writing dependency_links to ../../build/my_first_pkg/my_first_pkg.egg-info/dependency_links.txt
[2.868s] writing entry points to ../../build/my_first_pkg/my_first_pkg.egg-info/entry_points.txt
[2.868s] writing requirements to ../../build/my_first_pkg/my_first_pkg.egg-info/requires.txt
[2.868s] writing top-level names to ../../build/my_first_pkg/my_first_pkg.egg-info/top_level.txt
[2.920s] reading manifest file '../../build/my_first_pkg/my_first_pkg.egg-info/SOURCES.txt'
[2.922s] writing manifest file '../../build/my_first_pkg/my_first_pkg.egg-info/SOURCES.txt'
[2.922s] running build
[2.924s] running build_py
[2.926s] copying my_first_pkg/minimal_publisher.py -> /home/erum/ros2/ros2_ws/build/my_first_pkg/build/lib/my_first_pkg
[2.928s] running install
[2.936s] running install_lib
[2.963s] copying /home/erum/ros2/ros2_ws/build/my_first_pkg/build/lib/my_first_pkg/minimal_publisher.py -> /home/erum/ros2/ros2_ws/install/my_first_pkg/lib/python3.12/site-packages/my_first_pkg
[2.967s] byte-compiling /home/erum/ros2/ros2_ws/install/my_first_pkg/lib/python3.12/site-packages/my_first_pkg/minimal_publisher.py to minimal_publisher.cpython-312.pyc
[2.968s] running install_data
[2.974s] running install_egg_info
[2.997s] removing '/home/erum/ros2/ros2_ws/install/my_first_pkg/lib/python3.12/site-packages/my_first_pkg-0.0.0-py3.12.egg-info' (and everything under it)
[2.998s] Copying ../../build/my_first_pkg/my_first_pkg.egg-info to /home/erum/ros2/ros2_ws/install/my_first_pkg/lib/python3.12/site-packages/my_first_pkg-0.0.0-py3.12.egg-info
[3.001s] running install_scripts
[3.176s] Installing minimal_publisher script to /home/erum/ros2/ros2_ws/install/my_first_pkg/lib/my_first_pkg
[3.177s] Installing minimal_subscriber script to /home/erum/ros2/ros2_ws/install/my_first_pkg/lib/my_first_pkg
[3.178s] writing list of installed files to '/home/erum/ros2/ros2_ws/build/my_first_pkg/install.log'
[3.213s] Invoked command in '/home/erum/ros2/ros2_ws/src/my_first_pkg' returned '0': DEBUGINFOD_URLS=https://debuginfod.ubuntu.com PYTHONPATH=/home/erum/ros2/ros2_ws/build/my_first_pkg/prefix_override:/usr/lib/python3/dist-packages/colcon_core/task/python/colcon_distutils_commands:/home/erum/ros2/ros2_ws/install/my_first_pkg/lib/python3.12/site-packages:${PYTHONPATH} /usr/bin/python3 -W ignore:setup.py install is deprecated -W ignore:easy_install command is deprecated setup.py egg_info --egg-base ../../build/my_first_pkg build --build-base /home/erum/ros2/ros2_ws/build/my_first_pkg/build install --record /home/erum/ros2/ros2_ws/build/my_first_pkg/install.log --single-version-externally-managed install_data
