[3.683s] DEBUG:colcon:Command line arguments: ['/usr/bin/colcon', 'build']
[3.698s] DEBUG:colcon:Parsed command line arguments: Namespace(log_base=None, log_level=None, verb_name='build', build_base='build', install_base='install', merge_install=False, symlink_install=False, test_result_base=None, continue_on_error=False, executor='parallel', parallel_workers=2, event_handlers=None, ignore_user_meta=False, metas=['./colcon.meta'], base_paths=['.'], packages_ignore=None, packages_ignore_regex=None, paths=None, packages_up_to=None, packages_up_to_regex=None, packages_above=None, packages_above_and_dependencies=None, packages_above_depth=None, packages_select_by_dep=None, packages_skip_by_dep=None, packages_skip_up_to=None, packages_select_build_failed=False, packages_skip_build_finished=False, packages_select_test_failures=False, packages_skip_test_passed=False, packages_select=None, packages_skip=None, packages_select_regex=None, packages_skip_regex=None, packages_start=None, packages_end=None, allow_overriding=[], cmake_args=None, cmake_target=None, cmake_target_skip_unavailable=False, cmake_clean_cache=False, cmake_clean_first=False, cmake_force_configure=False, ament_cmake_args=None, catkin_cmake_args=None, catkin_skip_building_tests=False, mixin_files=None, mixin=None, verb_parser=<colcon_mixin.mixin.mixin_argument.MixinArgumentDecorator object at 0x7598d4d77aa0>, verb_extension=<colcon_core.verb.build.BuildVerb object at 0x7598d4ec4080>, main=<bound method BuildVerb.main of <colcon_core.verb.build.BuildVerb object at 0x7598d4ec4080>>, mixin_verb=('build',))
[5.035s] Level 1:colcon.colcon_core.package_discovery:discover_packages(colcon_meta) check parameters
[5.035s] Level 1:colcon.colcon_core.package_discovery:discover_packages(recursive) check parameters
[5.035s] Level 1:colcon.colcon_core.package_discovery:discover_packages(ignore) check parameters
[5.035s] Level 1:colcon.colcon_core.package_discovery:discover_packages(path) check parameters
[5.035s] Level 1:colcon.colcon_core.package_discovery:discover_packages(colcon_meta) discover
[5.035s] Level 1:colcon.colcon_core.package_discovery:discover_packages(recursive) discover
[5.035s] INFO:colcon.colcon_core.package_discovery:Crawling recursively for packages in '/home/erum/ros2/ros2_ws'
[5.036s] Level 1:colcon.colcon_core.package_identification:_identify(.) by extensions ['ignore', 'ignore_ament_install']
[5.036s] Level 1:colcon.colcon_core.package_identification:_identify(.) by extension 'ignore'
[5.036s] Level 1:colcon.colcon_core.package_identification:_identify(.) by extension 'ignore_ament_install'
[5.036s] Level 1:colcon.colcon_core.package_identification:_identify(.) by extensions ['colcon_pkg']
[5.036s] Level 1:colcon.colcon_core.package_identification:_identify(.) by extension 'colcon_pkg'
[5.049s] Level 1:colcon.colcon_core.package_identification:_identify(.) by extensions ['colcon_meta']
[5.049s] Level 1:colcon.colcon_core.package_identification:_identify(.) by extension 'colcon_meta'
[5.049s] Level 1:colcon.colcon_core.package_identification:_identify(.) by extensions ['ros']
[5.049s] Level 1:colcon.colcon_core.package_identification:_identify(.) by extension 'ros'
[5.510s] Level 1:colcon.colcon_core.package_identification:_identify(.) by extensions ['cmake', 'python']
[5.522s] Level 1:colcon.colcon_core.package_identification:_identify(.) by extension 'cmake'
[5.523s] Level 1:colcon.colcon_core.package_identification:_identify(.) by extension 'python'
[5.523s] Level 1:colcon.colcon_core.package_identification:_identify(.) by extensions ['python_setup_py']
[5.523s] Level 1:colcon.colcon_core.package_identification:_identify(.) by extension 'python_setup_py'
[5.523s] Level 1:colcon.colcon_core.package_identification:_identify(build) by extensions ['ignore', 'ignore_ament_install']
[5.527s] Level 1:colcon.colcon_core.package_identification:_identify(build) by extension 'ignore'
[5.532s] Level 1:colcon.colcon_core.package_identification:_identify(build) ignored
[5.536s] Level 1:colcon.colcon_core.package_identification:_identify(install) by extensions ['ignore', 'ignore_ament_install']
[5.536s] Level 1:colcon.colcon_core.package_identification:_identify(install) by extension 'ignore'
[5.536s] Level 1:colcon.colcon_core.package_identification:_identify(install) ignored
[5.536s] Level 1:colcon.colcon_core.package_identification:_identify(log) by extensions ['ignore', 'ignore_ament_install']
[5.546s] Level 1:colcon.colcon_core.package_identification:_identify(log) by extension 'ignore'
[5.546s] Level 1:colcon.colcon_core.package_identification:_identify(log) ignored
[5.546s] Level 1:colcon.colcon_core.package_identification:_identify(src) by extensions ['ignore', 'ignore_ament_install']
[5.546s] Level 1:colcon.colcon_core.package_identification:_identify(src) by extension 'ignore'
[5.546s] Level 1:colcon.colcon_core.package_identification:_identify(src) by extension 'ignore_ament_install'
[5.547s] Level 1:colcon.colcon_core.package_identification:_identify(src) by extensions ['colcon_pkg']
[5.547s] Level 1:colcon.colcon_core.package_identification:_identify(src) by extension 'colcon_pkg'
[5.547s] Level 1:colcon.colcon_core.package_identification:_identify(src) by extensions ['colcon_meta']
[5.547s] Level 1:colcon.colcon_core.package_identification:_identify(src) by extension 'colcon_meta'
[5.547s] Level 1:colcon.colcon_core.package_identification:_identify(src) by extensions ['ros']
[5.547s] Level 1:colcon.colcon_core.package_identification:_identify(src) by extension 'ros'
[5.547s] Level 1:colcon.colcon_core.package_identification:_identify(src) by extensions ['cmake', 'python']
[5.547s] Level 1:colcon.colcon_core.package_identification:_identify(src) by extension 'cmake'
[5.547s] Level 1:colcon.colcon_core.package_identification:_identify(src) by extension 'python'
[5.558s] Level 1:colcon.colcon_core.package_identification:_identify(src) by extensions ['python_setup_py']
[5.560s] Level 1:colcon.colcon_core.package_identification:_identify(src) by extension 'python_setup_py'
[5.560s] Level 1:colcon.colcon_core.package_identification:_identify(src/my_first_pkg) by extensions ['ignore', 'ignore_ament_install']
[5.560s] Level 1:colcon.colcon_core.package_identification:_identify(src/my_first_pkg) by extension 'ignore'
[5.560s] Level 1:colcon.colcon_core.package_identification:_identify(src/my_first_pkg) by extension 'ignore_ament_install'
[5.561s] Level 1:colcon.colcon_core.package_identification:_identify(src/my_first_pkg) by extensions ['colcon_pkg']
[5.561s] Level 1:colcon.colcon_core.package_identification:_identify(src/my_first_pkg) by extension 'colcon_pkg'
[5.561s] Level 1:colcon.colcon_core.package_identification:_identify(src/my_first_pkg) by extensions ['colcon_meta']
[5.561s] Level 1:colcon.colcon_core.package_identification:_identify(src/my_first_pkg) by extension 'colcon_meta'
[5.561s] Level 1:colcon.colcon_core.package_identification:_identify(src/my_first_pkg) by extensions ['ros']
[5.561s] Level 1:colcon.colcon_core.package_identification:_identify(src/my_first_pkg) by extension 'ros'
[5.682s] DEBUG:colcon.colcon_core.package_identification:Package 'src/my_first_pkg' with type 'ros.ament_python' and name 'my_first_pkg'
[5.682s] Level 1:colcon.colcon_core.package_discovery:discover_packages(recursive) using defaults
[5.693s] Level 1:colcon.colcon_core.package_discovery:discover_packages(ignore) discover
[5.693s] Level 1:colcon.colcon_core.package_discovery:discover_packages(ignore) using defaults
[5.693s] Level 1:colcon.colcon_core.package_discovery:discover_packages(path) discover
[5.693s] Level 1:colcon.colcon_core.package_discovery:discover_packages(path) using defaults
[6.456s] Level 1:colcon.colcon_core.package_discovery:discover_packages(prefix_path) check parameters
[6.456s] Level 1:colcon.colcon_core.package_discovery:discover_packages(prefix_path) discover
[6.672s] DEBUG:colcon.colcon_installed_package_information.package_discovery:Found 285 installed packages in /opt/ros/jazzy
[6.734s] Level 1:colcon.colcon_core.package_discovery:discover_packages(prefix_path) using defaults
[8.771s] Level 5:colcon.colcon_core.verb:set package 'my_first_pkg' build argument 'cmake_args' from command line to 'None'
[8.774s] Level 5:colcon.colcon_core.verb:set package 'my_first_pkg' build argument 'cmake_target' from command line to 'None'
[8.774s] Level 5:colcon.colcon_core.verb:set package 'my_first_pkg' build argument 'cmake_target_skip_unavailable' from command line to 'False'
[8.776s] Level 5:colcon.colcon_core.verb:set package 'my_first_pkg' build argument 'cmake_clean_cache' from command line to 'False'
[8.776s] Level 5:colcon.colcon_core.verb:set package 'my_first_pkg' build argument 'cmake_clean_first' from command line to 'False'
[8.776s] Level 5:colcon.colcon_core.verb:set package 'my_first_pkg' build argument 'cmake_force_configure' from command line to 'False'
[8.776s] Level 5:colcon.colcon_core.verb:set package 'my_first_pkg' build argument 'ament_cmake_args' from command line to 'None'
[8.776s] Level 5:colcon.colcon_core.verb:set package 'my_first_pkg' build argument 'catkin_cmake_args' from command line to 'None'
[8.776s] Level 5:colcon.colcon_core.verb:set package 'my_first_pkg' build argument 'catkin_skip_building_tests' from command line to 'False'
[8.776s] DEBUG:colcon.colcon_core.verb:Building package 'my_first_pkg' with the following arguments: {'ament_cmake_args': None, 'build_base': '/home/erum/ros2/ros2_ws/build/my_first_pkg', 'catkin_cmake_args': None, 'catkin_skip_building_tests': False, 'cmake_args': None, 'cmake_clean_cache': False, 'cmake_clean_first': False, 'cmake_force_configure': False, 'cmake_target': None, 'cmake_target_skip_unavailable': False, 'install_base': '/home/erum/ros2/ros2_ws/install/my_first_pkg', 'merge_install': False, 'path': '/home/erum/ros2/ros2_ws/src/my_first_pkg', 'symlink_install': False, 'test_result_base': None}
[8.776s] INFO:colcon.colcon_core.executor:Executing jobs using 'parallel' executor
[8.786s] DEBUG:colcon.colcon_parallel_executor.executor.parallel:run_until_complete
[8.789s] INFO:colcon.colcon_ros.task.ament_python.build:Building ROS package in '/home/erum/ros2/ros2_ws/src/my_first_pkg' with build type 'ament_python'
[8.789s] Level 1:colcon.colcon_core.shell:create_environment_hook('my_first_pkg', 'ament_prefix_path')
[8.831s] INFO:colcon.colcon_core.plugin_system:Skipping extension 'colcon_core.shell.bat': Not used on non-Windows systems
[8.832s] INFO:colcon.colcon_core.shell:Creating environment hook '/home/erum/ros2/ros2_ws/install/my_first_pkg/share/my_first_pkg/hook/ament_prefix_path.ps1'
[8.854s] INFO:colcon.colcon_core.shell:Creating environment descriptor '/home/erum/ros2/ros2_ws/install/my_first_pkg/share/my_first_pkg/hook/ament_prefix_path.dsv'
[8.867s] INFO:colcon.colcon_core.shell:Creating environment hook '/home/erum/ros2/ros2_ws/install/my_first_pkg/share/my_first_pkg/hook/ament_prefix_path.sh'
[8.890s] INFO:colcon.colcon_core.shell:Skip shell extension 'powershell' for command environment: Not usable outside of PowerShell
[8.890s] DEBUG:colcon.colcon_core.shell:Skip shell extension 'dsv' for command environment
[13.359s] INFO:colcon.colcon_core.task.python.build:Building Python package in '/home/erum/ros2/ros2_ws/src/my_first_pkg'
[13.359s] INFO:colcon.colcon_core.shell:Skip shell extension 'powershell' for command environment: Not usable outside of PowerShell
[13.359s] DEBUG:colcon.colcon_core.shell:Skip shell extension 'dsv' for command environment
[24.858s] DEBUG:colcon.colcon_core.event_handler.log_command:Invoking command in '/home/erum/ros2/ros2_ws/src/my_first_pkg': DEBUGINFOD_URLS=https://debuginfod.ubuntu.com PYTHONPATH=/home/erum/ros2/ros2_ws/build/my_first_pkg/prefix_override:/usr/lib/python3/dist-packages/colcon_core/task/python/colcon_distutils_commands:/home/erum/ros2/ros2_ws/install/my_first_pkg/lib/python3.12/site-packages:${PYTHONPATH} /usr/bin/python3 -W ignore:setup.py install is deprecated -W ignore:easy_install command is deprecated setup.py egg_info --egg-base ../../build/my_first_pkg build --build-base /home/erum/ros2/ros2_ws/build/my_first_pkg/build install --record /home/erum/ros2/ros2_ws/build/my_first_pkg/install.log --single-version-externally-managed install_data
[27.200s] DEBUG:colcon.colcon_core.event_handler.log_command:Invoked command in '/home/erum/ros2/ros2_ws/src/my_first_pkg' returned '0': DEBUGINFOD_URLS=https://debuginfod.ubuntu.com PYTHONPATH=/home/erum/ros2/ros2_ws/build/my_first_pkg/prefix_override:/usr/lib/python3/dist-packages/colcon_core/task/python/colcon_distutils_commands:/home/erum/ros2/ros2_ws/install/my_first_pkg/lib/python3.12/site-packages:${PYTHONPATH} /usr/bin/python3 -W ignore:setup.py install is deprecated -W ignore:easy_install command is deprecated setup.py egg_info --egg-base ../../build/my_first_pkg build --build-base /home/erum/ros2/ros2_ws/build/my_first_pkg/build install --record /home/erum/ros2/ros2_ws/build/my_first_pkg/install.log --single-version-externally-managed install_data
[27.226s] Level 1:colcon.colcon_core.environment:checking '/home/erum/ros2/ros2_ws/install/my_first_pkg' for CMake module files
[27.231s] Level 1:colcon.colcon_core.environment:checking '/home/erum/ros2/ros2_ws/install/my_first_pkg' for CMake config files
[27.236s] Level 1:colcon.colcon_core.environment:checking '/home/erum/ros2/ros2_ws/install/my_first_pkg/lib'
[27.237s] Level 1:colcon.colcon_core.environment:checking '/home/erum/ros2/ros2_ws/install/my_first_pkg/bin'
[27.237s] Level 1:colcon.colcon_core.environment:checking '/home/erum/ros2/ros2_ws/install/my_first_pkg/lib/pkgconfig/my_first_pkg.pc'
[27.238s] Level 1:colcon.colcon_core.environment:checking '/home/erum/ros2/ros2_ws/install/my_first_pkg/lib/python3.12/site-packages'
[27.239s] Level 1:colcon.colcon_core.shell:create_environment_hook('my_first_pkg', 'pythonpath')
[27.239s] INFO:colcon.colcon_core.shell:Creating environment hook '/home/erum/ros2/ros2_ws/install/my_first_pkg/share/my_first_pkg/hook/pythonpath.ps1'
[27.241s] INFO:colcon.colcon_core.shell:Creating environment descriptor '/home/erum/ros2/ros2_ws/install/my_first_pkg/share/my_first_pkg/hook/pythonpath.dsv'
[27.244s] INFO:colcon.colcon_core.shell:Creating environment hook '/home/erum/ros2/ros2_ws/install/my_first_pkg/share/my_first_pkg/hook/pythonpath.sh'
[27.246s] Level 1:colcon.colcon_core.environment:checking '/home/erum/ros2/ros2_ws/install/my_first_pkg/bin'
[27.246s] Level 1:colcon.colcon_core.environment:create_environment_scripts_only(my_first_pkg)
[27.246s] INFO:colcon.colcon_core.shell:Creating package script '/home/erum/ros2/ros2_ws/install/my_first_pkg/share/my_first_pkg/package.ps1'
[27.251s] INFO:colcon.colcon_core.shell:Creating package descriptor '/home/erum/ros2/ros2_ws/install/my_first_pkg/share/my_first_pkg/package.dsv'
[27.254s] INFO:colcon.colcon_core.shell:Creating package script '/home/erum/ros2/ros2_ws/install/my_first_pkg/share/my_first_pkg/package.sh'
[27.257s] INFO:colcon.colcon_core.shell:Creating package script '/home/erum/ros2/ros2_ws/install/my_first_pkg/share/my_first_pkg/package.bash'
[27.261s] INFO:colcon.colcon_core.shell:Creating package script '/home/erum/ros2/ros2_ws/install/my_first_pkg/share/my_first_pkg/package.zsh'
[27.264s] Level 1:colcon.colcon_core.environment:create_file_with_runtime_dependencies(/home/erum/ros2/ros2_ws/install/my_first_pkg/share/colcon-core/packages/my_first_pkg)
[27.266s] DEBUG:colcon.colcon_parallel_executor.executor.parallel:closing loop
[27.266s] DEBUG:colcon.colcon_parallel_executor.executor.parallel:loop closed
[27.266s] DEBUG:colcon.colcon_parallel_executor.executor.parallel:run_until_complete finished with '0'
[27.266s] DEBUG:colcon.colcon_core.event_reactor:joining thread
[27.348s] INFO:colcon.colcon_core.plugin_system:Skipping extension 'colcon_notification.desktop_notification.terminal_notifier': Not used on non-Darwin systems
[27.348s] INFO:colcon.colcon_core.plugin_system:Skipping extension 'colcon_notification.desktop_notification.win32': Not used on non-Windows systems
[27.348s] INFO:colcon.colcon_notification.desktop_notification:Sending desktop notification using 'notify2'
[28.254s] DEBUG:colcon.colcon_core.event_reactor:joined thread
[28.256s] INFO:colcon.colcon_core.shell:Creating prefix script '/home/erum/ros2/ros2_ws/install/local_setup.ps1'
[28.260s] INFO:colcon.colcon_core.shell:Creating prefix util module '/home/erum/ros2/ros2_ws/install/_local_setup_util_ps1.py'
[28.263s] INFO:colcon.colcon_core.shell:Creating prefix chain script '/home/erum/ros2/ros2_ws/install/setup.ps1'
[28.266s] INFO:colcon.colcon_core.shell:Creating prefix script '/home/erum/ros2/ros2_ws/install/local_setup.sh'
[28.268s] INFO:colcon.colcon_core.shell:Creating prefix util module '/home/erum/ros2/ros2_ws/install/_local_setup_util_sh.py'
[28.269s] INFO:colcon.colcon_core.shell:Creating prefix chain script '/home/erum/ros2/ros2_ws/install/setup.sh'
[28.272s] INFO:colcon.colcon_core.shell:Creating prefix script '/home/erum/ros2/ros2_ws/install/local_setup.bash'
[28.274s] INFO:colcon.colcon_core.shell:Creating prefix chain script '/home/erum/ros2/ros2_ws/install/setup.bash'
[28.277s] INFO:colcon.colcon_core.shell:Creating prefix script '/home/erum/ros2/ros2_ws/install/local_setup.zsh'
[28.278s] INFO:colcon.colcon_core.shell:Creating prefix chain script '/home/erum/ros2/ros2_ws/install/setup.zsh'
