[0.016s] Invoking command in '/home/erum/ros2_workspace/build/ball_bot_description': CMAKE_PREFIX_PATH=${CMAKE_PREFIX_PATH}:/home/erum/ros2_workspace/install/rect_area_pkg:/home/erum/ros2_workspace/install/add_two_ints_pkg:/home/erum/ros2_workspace/install/my_first_pkg:/home/erum/ros2_workspace/install/Erum_pde4430:/home/erum/install/my_first_pkg:/opt/ros/jazzy DEBUGINFOD_URLS=https://debuginfod.ubuntu.com /usr/bin/cmake --build /home/erum/ros2_workspace/build/ball_bot_description -- -j2 -l2
[0.047s] -- Found ament_cmake: 2.5.4 (/opt/ros/jazzy/share/ament_cmake/cmake)
[0.380s] -- Configuring done (0.3s)
[0.386s] -- Generating done (0.0s)
[0.390s] -- Build files have been written to: /home/erum/ros2_workspace/build/ball_bot_description
[0.418s] Invoked command in '/home/erum/ros2_workspace/build/ball_bot_description' returned '0': CMAKE_PREFIX_PATH=${CMAKE_PREFIX_PATH}:/home/erum/ros2_workspace/install/rect_area_pkg:/home/erum/ros2_workspace/install/add_two_ints_pkg:/home/erum/ros2_workspace/install/my_first_pkg:/home/erum/ros2_workspace/install/Erum_pde4430:/home/erum/install/my_first_pkg:/opt/ros/jazzy DEBUGINFOD_URLS=https://debuginfod.ubuntu.com /usr/bin/cmake --build /home/erum/ros2_workspace/build/ball_bot_description -- -j2 -l2
[0.432s] Invoking command in '/home/erum/ros2_workspace/build/ball_bot_description': CMAKE_PREFIX_PATH=${CMAKE_PREFIX_PATH}:/home/erum/ros2_workspace/install/rect_area_pkg:/home/erum/ros2_workspace/install/add_two_ints_pkg:/home/erum/ros2_workspace/install/my_first_pkg:/home/erum/ros2_workspace/install/Erum_pde4430:/home/erum/install/my_first_pkg:/opt/ros/jazzy DEBUGINFOD_URLS=https://debuginfod.ubuntu.com /usr/bin/cmake --install /home/erum/ros2_workspace/build/ball_bot_description
[0.441s] -- Install configuration: ""
[0.442s] -- Up-to-date: /home/erum/ros2_workspace/install/ball_bot_description/share/ball_bot_description/urdf
[0.443s] -- Up-to-date: /home/erum/ros2_workspace/install/ball_bot_description/share/ball_bot_description/urdf/ball_bot.urdf
[0.443s] -- Up-to-date: /home/erum/ros2_workspace/install/ball_bot_description/share/ball_bot_description/meshes
[0.443s] -- Up-to-date: /home/erum/ros2_workspace/install/ball_bot_description/share/ament_index/resource_index/package_run_dependencies/ball_bot_description
[0.443s] -- Installing: /home/erum/ros2_workspace/install/ball_bot_description/share/ament_index/resource_index/parent_prefix_path/ball_bot_description
[0.443s] -- Up-to-date: /home/erum/ros2_workspace/install/ball_bot_description/share/ball_bot_description/environment/ament_prefix_path.sh
[0.443s] -- Up-to-date: /home/erum/ros2_workspace/install/ball_bot_description/share/ball_bot_description/environment/ament_prefix_path.dsv
[0.443s] -- Up-to-date: /home/erum/ros2_workspace/install/ball_bot_description/share/ball_bot_description/environment/path.sh
[0.443s] -- Up-to-date: /home/erum/ros2_workspace/install/ball_bot_description/share/ball_bot_description/environment/path.dsv
[0.443s] -- Up-to-date: /home/erum/ros2_workspace/install/ball_bot_description/share/ball_bot_description/local_setup.bash
[0.443s] -- Up-to-date: /home/erum/ros2_workspace/install/ball_bot_description/share/ball_bot_description/local_setup.sh
[0.443s] -- Up-to-date: /home/erum/ros2_workspace/install/ball_bot_description/share/ball_bot_description/local_setup.zsh
[0.443s] -- Up-to-date: /home/erum/ros2_workspace/install/ball_bot_description/share/ball_bot_description/local_setup.dsv
[0.444s] -- Installing: /home/erum/ros2_workspace/install/ball_bot_description/share/ball_bot_description/package.dsv
[0.445s] -- Up-to-date: /home/erum/ros2_workspace/install/ball_bot_description/share/ament_index/resource_index/packages/ball_bot_description
[0.445s] -- Up-to-date: /home/erum/ros2_workspace/install/ball_bot_description/share/ball_bot_description/cmake/ball_bot_descriptionConfig.cmake
[0.445s] -- Up-to-date: /home/erum/ros2_workspace/install/ball_bot_description/share/ball_bot_description/cmake/ball_bot_descriptionConfig-version.cmake
[0.445s] -- Up-to-date: /home/erum/ros2_workspace/install/ball_bot_description/share/ball_bot_description/package.xml
[0.451s] Invoked command in '/home/erum/ros2_workspace/build/ball_bot_description' returned '0': CMAKE_PREFIX_PATH=${CMAKE_PREFIX_PATH}:/home/erum/ros2_workspace/install/rect_area_pkg:/home/erum/ros2_workspace/install/add_two_ints_pkg:/home/erum/ros2_workspace/install/my_first_pkg:/home/erum/ros2_workspace/install/Erum_pde4430:/home/erum/install/my_first_pkg:/opt/ros/jazzy DEBUGINFOD_URLS=https://debuginfod.ubuntu.com /usr/bin/cmake --install /home/erum/ros2_workspace/build/ball_bot_description
