[0.085s] Invoking command in '/home/erum/ros2_workspace/build/my_robot_description': CMAKE_PREFIX_PATH=${CMAKE_PREFIX_PATH}:/home/erum/install/my_first_pkg:/opt/ros/jazzy DEBUGINFOD_URLS=https://debuginfod.ubuntu.com /usr/bin/cmake /home/erum/ros2_workspace/src/my_robot_description -DCMAKE_INSTALL_PREFIX=/home/erum/ros2_workspace/install/my_robot_description
[1.645s] -- The C compiler identification is GNU 13.3.0
[3.180s] -- The CXX compiler identification is GNU 13.3.0
[3.509s] -- Detecting C compiler ABI info
[4.965s] -- Detecting C compiler ABI info - done
[5.043s] -- Check for working C compiler: /usr/bin/cc - skipped
[5.052s] -- Detecting C compile features
[5.052s] -- Detecting C compile features - done
[5.134s] -- Detecting CXX compiler ABI info
[5.739s] -- Detecting CXX compiler ABI info - done
[5.803s] -- Check for working CXX compiler: /usr/bin/c++ - skipped
[5.805s] -- Detecting CXX compile features
[5.808s] -- Detecting CXX compile features - done
[6.056s] -- Found ament_cmake: 2.5.4 (/opt/ros/jazzy/share/ament_cmake/cmake)
[7.455s] -- Found Python3: /usr/bin/python3 (found version "3.12.3") found components: Interpreter 
[8.263s] -- Configuring done (8.1s)
[8.282s] -- Generating done (0.0s)
[8.297s] -- Build files have been written to: /home/erum/ros2_workspace/build/my_robot_description
[8.315s] Invoked command in '/home/erum/ros2_workspace/build/my_robot_description' returned '0': CMAKE_PREFIX_PATH=${CMAKE_PREFIX_PATH}:/home/erum/install/my_first_pkg:/opt/ros/jazzy DEBUGINFOD_URLS=https://debuginfod.ubuntu.com /usr/bin/cmake /home/erum/ros2_workspace/src/my_robot_description -DCMAKE_INSTALL_PREFIX=/home/erum/ros2_workspace/install/my_robot_description
[8.315s] Invoking command in '/home/erum/ros2_workspace/build/my_robot_description': CMAKE_PREFIX_PATH=${CMAKE_PREFIX_PATH}:/home/erum/install/my_first_pkg:/opt/ros/jazzy DEBUGINFOD_URLS=https://debuginfod.ubuntu.com /usr/bin/cmake --build /home/erum/ros2_workspace/build/my_robot_description -- -j2 -l2
[8.407s] Invoked command in '/home/erum/ros2_workspace/build/my_robot_description' returned '0': CMAKE_PREFIX_PATH=${CMAKE_PREFIX_PATH}:/home/erum/install/my_first_pkg:/opt/ros/jazzy DEBUGINFOD_URLS=https://debuginfod.ubuntu.com /usr/bin/cmake --build /home/erum/ros2_workspace/build/my_robot_description -- -j2 -l2
[8.410s] Invoking command in '/home/erum/ros2_workspace/build/my_robot_description': CMAKE_PREFIX_PATH=${CMAKE_PREFIX_PATH}:/home/erum/install/my_first_pkg:/opt/ros/jazzy DEBUGINFOD_URLS=https://debuginfod.ubuntu.com /usr/bin/cmake --install /home/erum/ros2_workspace/build/my_robot_description
[8.438s] -- Install configuration: ""
[8.438s] -- Installing: /home/erum/ros2_workspace/install/my_robot_description/share/my_robot_description//urdf
[8.440s] -- Installing: /home/erum/ros2_workspace/install/my_robot_description/share/my_robot_description//urdf/my_robot.urdf.xacro
[8.444s] -- Installing: /home/erum/ros2_workspace/install/my_robot_description/share/my_robot_description//urdf/common_properties.xacro
[8.446s] -- Installing: /home/erum/ros2_workspace/install/my_robot_description/share/my_robot_description//urdf/mobile_base.xacro
[8.446s] -- Installing: /home/erum/ros2_workspace/install/my_robot_description/share/my_robot_description//launch
[8.450s] -- Installing: /home/erum/ros2_workspace/install/my_robot_description/share/my_robot_description//launch/display.launch.xml
[8.452s] -- Installing: /home/erum/ros2_workspace/install/my_robot_description/share/my_robot_description//launch/display.launch.py
[8.452s] -- Installing: /home/erum/ros2_workspace/install/my_robot_description/share/my_robot_description//rviz
[8.452s] -- Installing: /home/erum/ros2_workspace/install/my_robot_description/share/my_robot_description//rviz/urdf_config.rviz
[8.455s] -- Installing: /home/erum/ros2_workspace/install/my_robot_description/share/ament_index/resource_index/package_run_dependencies/my_robot_description
[8.457s] -- Installing: /home/erum/ros2_workspace/install/my_robot_description/share/ament_index/resource_index/parent_prefix_path/my_robot_description
[8.459s] -- Installing: /home/erum/ros2_workspace/install/my_robot_description/share/my_robot_description/environment/ament_prefix_path.sh
[8.459s] -- Installing: /home/erum/ros2_workspace/install/my_robot_description/share/my_robot_description/environment/ament_prefix_path.dsv
[8.463s] -- Installing: /home/erum/ros2_workspace/install/my_robot_description/share/my_robot_description/environment/path.sh
[8.463s] -- Installing: /home/erum/ros2_workspace/install/my_robot_description/share/my_robot_description/environment/path.dsv
[8.463s] -- Installing: /home/erum/ros2_workspace/install/my_robot_description/share/my_robot_description/local_setup.bash
[8.465s] -- Installing: /home/erum/ros2_workspace/install/my_robot_description/share/my_robot_description/local_setup.sh
[8.465s] -- Installing: /home/erum/ros2_workspace/install/my_robot_description/share/my_robot_description/local_setup.zsh
[8.467s] -- Installing: /home/erum/ros2_workspace/install/my_robot_description/share/my_robot_description/local_setup.dsv
[8.468s] -- Installing: /home/erum/ros2_workspace/install/my_robot_description/share/my_robot_description/package.dsv
[8.473s] -- Installing: /home/erum/ros2_workspace/install/my_robot_description/share/ament_index/resource_index/packages/my_robot_description
[8.473s] -- Installing: /home/erum/ros2_workspace/install/my_robot_description/share/my_robot_description/cmake/my_robot_descriptionConfig.cmake
[8.476s] -- Installing: /home/erum/ros2_workspace/install/my_robot_description/share/my_robot_description/cmake/my_robot_descriptionConfig-version.cmake
[8.476s] -- Installing: /home/erum/ros2_workspace/install/my_robot_description/share/my_robot_description/package.xml
[8.483s] Invoked command in '/home/erum/ros2_workspace/build/my_robot_description' returned '0': CMAKE_PREFIX_PATH=${CMAKE_PREFIX_PATH}:/home/erum/install/my_first_pkg:/opt/ros/jazzy DEBUGINFOD_URLS=https://debuginfod.ubuntu.com /usr/bin/cmake --install /home/erum/ros2_workspace/build/my_robot_description
