[0.027s] Invoking command in '/home/erum/ros2_workspace/build/my_xacro_robot': CMAKE_PREFIX_PATH=${CMAKE_PREFIX_PATH}:/opt/ros/jazzy DEBUGINFOD_URLS=https://debuginfod.ubuntu.com /usr/bin/cmake /home/erum/ros2_workspace/src/my_xacro_robot -DCMAKE_INSTALL_PREFIX=/home/erum/ros2_workspace/install/my_xacro_robot
[0.144s] -- The C compiler identification is GNU 13.3.0
[0.274s] -- The CXX compiler identification is GNU 13.3.0
[0.302s] -- Detecting C compiler ABI info
[0.517s] -- Detecting C compiler ABI info - done
[0.528s] -- Check for working C compiler: /usr/bin/cc - skipped
[0.529s] -- Detecting C compile features
[0.530s] -- Detecting C compile features - done
[0.553s] -- Detecting CXX compiler ABI info
[0.772s] -- Detecting CXX compiler ABI info - done
[0.783s] -- Check for working CXX compiler: /usr/bin/c++ - skipped
[0.784s] -- Detecting CXX compile features
[0.784s] -- Detecting CXX compile features - done
[0.791s] -- Found ament_cmake: 2.5.4 (/opt/ros/jazzy/share/ament_cmake/cmake)
[1.025s] -- Found Python3: /usr/bin/python3 (found version "3.12.3") found components: Interpreter 
[1.266s] -- Found rclcpp: 28.1.12 (/opt/ros/jazzy/share/rclcpp/cmake)
[1.416s] -- Found rosidl_generator_c: 4.6.6 (/opt/ros/jazzy/share/rosidl_generator_c/cmake)
[1.458s] -- Found rosidl_generator_cpp: 4.6.6 (/opt/ros/jazzy/share/rosidl_generator_cpp/cmake)
[1.516s] -- Using all available rosidl_typesupport_c: rosidl_typesupport_fastrtps_c;rosidl_typesupport_introspection_c
[1.574s] -- Using all available rosidl_typesupport_cpp: rosidl_typesupport_fastrtps_cpp;rosidl_typesupport_introspection_cpp
[1.833s] -- Found rmw_implementation_cmake: 7.3.2 (/opt/ros/jazzy/share/rmw_implementation_cmake/cmake)
[1.855s] -- Found rmw_cyclonedds_cpp: 2.2.3 (/opt/ros/jazzy/share/rmw_cyclonedds_cpp/cmake)
[2.031s] -- Using RMW implementation 'rmw_cyclonedds_cpp' as default
[2.314s] -- Found urdf: 2.10.0 (/opt/ros/jazzy/share/urdf/cmake)
[2.439s] -- Found TinyXML2 via Config file: /usr/lib/x86_64-linux-gnu/cmake/tinyxml2
[2.487s] -- Found xacro: 2.1.1 (/opt/ros/jazzy/share/xacro/cmake)
[2.501s] [31mCMake Error at CMakeLists.txt:9 (find_package):
[2.501s]   By not providing "Findrviz.cmake" in CMAKE_MODULE_PATH this project has
[2.501s]   asked CMake to find a package configuration file provided by "rviz", but
[2.501s]   CMake did not find one.
[2.502s] 
[2.502s]   Could not find a package configuration file provided by "rviz" with any of
[2.502s]   the following names:
[2.502s] 
[2.502s]     rvizConfig.cmake
[2.502s]     rviz-config.cmake
[2.502s] 
[2.502s]   Add the installation prefix of "rviz" to CMAKE_PREFIX_PATH or set
[2.502s]   "rviz_DIR" to a directory containing one of the above files.  If "rviz"
[2.502s]   provides a separate development package or SDK, be sure it has been
[2.502s]   installed.
[2.502s] 
[2.502s] [0m
[2.503s] -- Configuring incomplete, errors occurred!
[2.514s] Invoked command in '/home/erum/ros2_workspace/build/my_xacro_robot' returned '1': CMAKE_PREFIX_PATH=${CMAKE_PREFIX_PATH}:/opt/ros/jazzy DEBUGINFOD_URLS=https://debuginfod.ubuntu.com /usr/bin/cmake /home/erum/ros2_workspace/src/my_xacro_robot -DCMAKE_INSTALL_PREFIX=/home/erum/ros2_workspace/install/my_xacro_robot
