[5.730s] Invoking command in '/home/erum/ros2_workspace/src/Erum_pde4430': DEBUGINFOD_URLS=https://debuginfod.ubuntu.com PYTHONPATH=/home/erum/ros2_workspace/build/Erum_pde4430/prefix_override:/usr/lib/python3/dist-packages/colcon_core/task/python/colcon_distutils_commands:/home/erum/ros2_workspace/install/Erum_pde4430/lib/python3.12/site-packages:${PYTHONPATH} /usr/bin/python3 -W ignore:setup.py install is deprecated -W ignore:easy_install command is deprecated setup.py egg_info --egg-base ../../build/Erum_pde4430 build --build-base /home/erum/ros2_workspace/build/Erum_pde4430/build install --record /home/erum/ros2_workspace/build/Erum_pde4430/install.log --single-version-externally-managed install_data
[7.478s] running egg_info
[7.478s] creating ../../build/Erum_pde4430/Erum_pde4430.egg-info
[7.613s] writing ../../build/Erum_pde4430/Erum_pde4430.egg-info/PKG-INFO
[7.613s] writing dependency_links to ../../build/Erum_pde4430/Erum_pde4430.egg-info/dependency_links.txt
[7.619s] writing entry points to ../../build/Erum_pde4430/Erum_pde4430.egg-info/entry_points.txt
[7.619s] writing requirements to ../../build/Erum_pde4430/Erum_pde4430.egg-info/requires.txt
[7.619s] writing top-level names to ../../build/Erum_pde4430/Erum_pde4430.egg-info/top_level.txt
[7.626s] writing manifest file '../../build/Erum_pde4430/Erum_pde4430.egg-info/SOURCES.txt'
[7.884s] reading manifest file '../../build/Erum_pde4430/Erum_pde4430.egg-info/SOURCES.txt'
[7.891s] writing manifest file '../../build/Erum_pde4430/Erum_pde4430.egg-info/SOURCES.txt'
[7.891s] running build
[7.891s] running build_py
[7.892s] creating /home/erum/ros2_workspace/build/Erum_pde4430/build
[7.892s] creating /home/erum/ros2_workspace/build/Erum_pde4430/build/lib
[7.896s] creating /home/erum/ros2_workspace/build/Erum_pde4430/build/lib/Erum_pde4430
[7.896s] copying Erum_pde4430/figure8_move.py -> /home/erum/ros2_workspace/build/Erum_pde4430/build/lib/Erum_pde4430
[7.896s] copying Erum_pde4430/straightmove.py -> /home/erum/ros2_workspace/build/Erum_pde4430/build/lib/Erum_pde4430
[7.900s] copying Erum_pde4430/__init__.py -> /home/erum/ros2_workspace/build/Erum_pde4430/build/lib/Erum_pde4430
[7.900s] copying Erum_pde4430/roomba_cleaner.py -> /home/erum/ros2_workspace/build/Erum_pde4430/build/lib/Erum_pde4430
[7.901s] copying Erum_pde4430/circular_move.py -> /home/erum/ros2_workspace/build/Erum_pde4430/build/lib/Erum_pde4430
[7.905s] running install
[7.920s] running install_lib
[7.978s] creating /home/erum/ros2_workspace/install/Erum_pde4430/lib/python3.12/site-packages/Erum_pde4430
[7.978s] copying /home/erum/ros2_workspace/build/Erum_pde4430/build/lib/Erum_pde4430/figure8_move.py -> /home/erum/ros2_workspace/install/Erum_pde4430/lib/python3.12/site-packages/Erum_pde4430
[7.979s] copying /home/erum/ros2_workspace/build/Erum_pde4430/build/lib/Erum_pde4430/straightmove.py -> /home/erum/ros2_workspace/install/Erum_pde4430/lib/python3.12/site-packages/Erum_pde4430
[7.979s] copying /home/erum/ros2_workspace/build/Erum_pde4430/build/lib/Erum_pde4430/__init__.py -> /home/erum/ros2_workspace/install/Erum_pde4430/lib/python3.12/site-packages/Erum_pde4430
[7.979s] copying /home/erum/ros2_workspace/build/Erum_pde4430/build/lib/Erum_pde4430/roomba_cleaner.py -> /home/erum/ros2_workspace/install/Erum_pde4430/lib/python3.12/site-packages/Erum_pde4430
[7.979s] copying /home/erum/ros2_workspace/build/Erum_pde4430/build/lib/Erum_pde4430/circular_move.py -> /home/erum/ros2_workspace/install/Erum_pde4430/lib/python3.12/site-packages/Erum_pde4430
[7.980s] byte-compiling /home/erum/ros2_workspace/install/Erum_pde4430/lib/python3.12/site-packages/Erum_pde4430/figure8_move.py to figure8_move.cpython-312.pyc
[7.981s] byte-compiling /home/erum/ros2_workspace/install/Erum_pde4430/lib/python3.12/site-packages/Erum_pde4430/straightmove.py to straightmove.cpython-312.pyc
[7.984s] byte-compiling /home/erum/ros2_workspace/install/Erum_pde4430/lib/python3.12/site-packages/Erum_pde4430/__init__.py to __init__.cpython-312.pyc
[7.984s] byte-compiling /home/erum/ros2_workspace/install/Erum_pde4430/lib/python3.12/site-packages/Erum_pde4430/roomba_cleaner.py to roomba_cleaner.cpython-312.pyc
[7.984s] byte-compiling /home/erum/ros2_workspace/install/Erum_pde4430/lib/python3.12/site-packages/Erum_pde4430/circular_move.py to circular_move.cpython-312.pyc
[7.986s] running install_data
[7.986s] creating /home/erum/ros2_workspace/install/Erum_pde4430/share/ament_index
[7.986s] creating /home/erum/ros2_workspace/install/Erum_pde4430/share/ament_index/resource_index
[7.986s] creating /home/erum/ros2_workspace/install/Erum_pde4430/share/ament_index/resource_index/packages
[7.986s] copying resource/Erum_pde4430 -> /home/erum/ros2_workspace/install/Erum_pde4430/share/ament_index/resource_index/packages
[7.987s] copying package.xml -> /home/erum/ros2_workspace/install/Erum_pde4430/share/Erum_pde4430
[7.987s] running install_egg_info
[8.017s] Copying ../../build/Erum_pde4430/Erum_pde4430.egg-info to /home/erum/ros2_workspace/install/Erum_pde4430/lib/python3.12/site-packages/Erum_pde4430-0.0.0-py3.12.egg-info
[8.023s] running install_scripts
[8.279s] Installing circular_move script to /home/erum/ros2_workspace/install/Erum_pde4430/lib/Erum_pde4430
[8.279s] Installing figure8_move script to /home/erum/ros2_workspace/install/Erum_pde4430/lib/Erum_pde4430
[8.281s] Installing roomba_cleaner script to /home/erum/ros2_workspace/install/Erum_pde4430/lib/Erum_pde4430
[8.281s] Installing straightmove script to /home/erum/ros2_workspace/install/Erum_pde4430/lib/Erum_pde4430
[8.281s] writing list of installed files to '/home/erum/ros2_workspace/build/Erum_pde4430/install.log'
[8.352s] Invoked command in '/home/erum/ros2_workspace/src/Erum_pde4430' returned '0': DEBUGINFOD_URLS=https://debuginfod.ubuntu.com PYTHONPATH=/home/erum/ros2_workspace/build/Erum_pde4430/prefix_override:/usr/lib/python3/dist-packages/colcon_core/task/python/colcon_distutils_commands:/home/erum/ros2_workspace/install/Erum_pde4430/lib/python3.12/site-packages:${PYTHONPATH} /usr/bin/python3 -W ignore:setup.py install is deprecated -W ignore:easy_install command is deprecated setup.py egg_info --egg-base ../../build/Erum_pde4430 build --build-base /home/erum/ros2_workspace/build/Erum_pde4430/build install --record /home/erum/ros2_workspace/build/Erum_pde4430/install.log --single-version-externally-managed install_data
