running egg_info
creating ../build/rect_area_pkg/rect_area_pkg.egg-info
writing ../build/rect_area_pkg/rect_area_pkg.egg-info/PKG-INFO
writing dependency_links to ../build/rect_area_pkg/rect_area_pkg.egg-info/dependency_links.txt
writing entry points to ../build/rect_area_pkg/rect_area_pkg.egg-info/entry_points.txt
writing requirements to ../build/rect_area_pkg/rect_area_pkg.egg-info/requires.txt
writing top-level names to ../build/rect_area_pkg/rect_area_pkg.egg-info/top_level.txt
writing manifest file '../build/rect_area_pkg/rect_area_pkg.egg-info/SOURCES.txt'
reading manifest file '../build/rect_area_pkg/rect_area_pkg.egg-info/SOURCES.txt'
writing manifest file '../build/rect_area_pkg/rect_area_pkg.egg-info/SOURCES.txt'
running build
running build_py
creating /home/erum/ros2_workspace/src/build/rect_area_pkg/build
creating /home/erum/ros2_workspace/src/build/rect_area_pkg/build/lib
creating /home/erum/ros2_workspace/src/build/rect_area_pkg/build/lib/rect_area_pkg
copying rect_area_pkg/rect_client.py -> /home/erum/ros2_workspace/src/build/rect_area_pkg/build/lib/rect_area_pkg
copying rect_area_pkg/rect_server.py -> /home/erum/ros2_workspace/src/build/rect_area_pkg/build/lib/rect_area_pkg
copying rect_area_pkg/__init__.py -> /home/erum/ros2_workspace/src/build/rect_area_pkg/build/lib/rect_area_pkg
running install
running install_lib
creating /home/erum/ros2_workspace/src/install/rect_area_pkg/lib/python3.12/site-packages/rect_area_pkg
copying /home/erum/ros2_workspace/src/build/rect_area_pkg/build/lib/rect_area_pkg/rect_client.py -> /home/erum/ros2_workspace/src/install/rect_area_pkg/lib/python3.12/site-packages/rect_area_pkg
copying /home/erum/ros2_workspace/src/build/rect_area_pkg/build/lib/rect_area_pkg/rect_server.py -> /home/erum/ros2_workspace/src/install/rect_area_pkg/lib/python3.12/site-packages/rect_area_pkg
copying /home/erum/ros2_workspace/src/build/rect_area_pkg/build/lib/rect_area_pkg/__init__.py -> /home/erum/ros2_workspace/src/install/rect_area_pkg/lib/python3.12/site-packages/rect_area_pkg
byte-compiling /home/erum/ros2_workspace/src/install/rect_area_pkg/lib/python3.12/site-packages/rect_area_pkg/rect_client.py to rect_client.cpython-312.pyc
byte-compiling /home/erum/ros2_workspace/src/install/rect_area_pkg/lib/python3.12/site-packages/rect_area_pkg/rect_server.py to rect_server.cpython-312.pyc
byte-compiling /home/erum/ros2_workspace/src/install/rect_area_pkg/lib/python3.12/site-packages/rect_area_pkg/__init__.py to __init__.cpython-312.pyc
running install_data
creating /home/erum/ros2_workspace/src/install/rect_area_pkg/share/ament_index
creating /home/erum/ros2_workspace/src/install/rect_area_pkg/share/ament_index/resource_index
creating /home/erum/ros2_workspace/src/install/rect_area_pkg/share/ament_index/resource_index/packages
copying resource/rect_area_pkg -> /home/erum/ros2_workspace/src/install/rect_area_pkg/share/ament_index/resource_index/packages
copying package.xml -> /home/erum/ros2_workspace/src/install/rect_area_pkg/share/rect_area_pkg
running install_egg_info
Copying ../build/rect_area_pkg/rect_area_pkg.egg-info to /home/erum/ros2_workspace/src/install/rect_area_pkg/lib/python3.12/site-packages/rect_area_pkg-0.0.0-py3.12.egg-info
running install_scripts
Installing rect_client script to /home/erum/ros2_workspace/src/install/rect_area_pkg/lib/rect_area_pkg
Installing rect_server script to /home/erum/ros2_workspace/src/install/rect_area_pkg/lib/rect_area_pkg
writing list of installed files to '/home/erum/ros2_workspace/src/build/rect_area_pkg/install.log'
