[2.633s] Invoking command in '/home/erum/ros2_workspace/src/rect_area_pkg': DEBUGINFOD_URLS=https://debuginfod.ubuntu.com PYTHONPATH=/home/erum/ros2_workspace/src/build/rect_area_pkg/prefix_override:/usr/lib/python3/dist-packages/colcon_core/task/python/colcon_distutils_commands:/home/erum/ros2_workspace/src/install/rect_area_pkg/lib/python3.12/site-packages:${PYTHONPATH} /usr/bin/python3 -W ignore:setup.py install is deprecated -W ignore:easy_install command is deprecated setup.py egg_info --egg-base ../build/rect_area_pkg build --build-base /home/erum/ros2_workspace/src/build/rect_area_pkg/build install --record /home/erum/ros2_workspace/src/build/rect_area_pkg/install.log --single-version-externally-managed install_data
[3.193s] running egg_info
[3.193s] creating ../build/rect_area_pkg/rect_area_pkg.egg-info
[3.227s] writing ../build/rect_area_pkg/rect_area_pkg.egg-info/PKG-INFO
[3.228s] writing dependency_links to ../build/rect_area_pkg/rect_area_pkg.egg-info/dependency_links.txt
[3.231s] writing entry points to ../build/rect_area_pkg/rect_area_pkg.egg-info/entry_points.txt
[3.231s] writing requirements to ../build/rect_area_pkg/rect_area_pkg.egg-info/requires.txt
[3.231s] writing top-level names to ../build/rect_area_pkg/rect_area_pkg.egg-info/top_level.txt
[3.231s] writing manifest file '../build/rect_area_pkg/rect_area_pkg.egg-info/SOURCES.txt'
[3.272s] reading manifest file '../build/rect_area_pkg/rect_area_pkg.egg-info/SOURCES.txt'
[3.273s] writing manifest file '../build/rect_area_pkg/rect_area_pkg.egg-info/SOURCES.txt'
[3.273s] running build
[3.274s] running build_py
[3.274s] creating /home/erum/ros2_workspace/src/build/rect_area_pkg/build
[3.274s] creating /home/erum/ros2_workspace/src/build/rect_area_pkg/build/lib
[3.274s] creating /home/erum/ros2_workspace/src/build/rect_area_pkg/build/lib/rect_area_pkg
[3.274s] copying rect_area_pkg/rect_client.py -> /home/erum/ros2_workspace/src/build/rect_area_pkg/build/lib/rect_area_pkg
[3.275s] copying rect_area_pkg/rect_server.py -> /home/erum/ros2_workspace/src/build/rect_area_pkg/build/lib/rect_area_pkg
[3.277s] copying rect_area_pkg/__init__.py -> /home/erum/ros2_workspace/src/build/rect_area_pkg/build/lib/rect_area_pkg
[3.277s] running install
[3.285s] running install_lib
[3.319s] creating /home/erum/ros2_workspace/src/install/rect_area_pkg/lib/python3.12/site-packages/rect_area_pkg
[3.319s] copying /home/erum/ros2_workspace/src/build/rect_area_pkg/build/lib/rect_area_pkg/rect_client.py -> /home/erum/ros2_workspace/src/install/rect_area_pkg/lib/python3.12/site-packages/rect_area_pkg
[3.322s] copying /home/erum/ros2_workspace/src/build/rect_area_pkg/build/lib/rect_area_pkg/rect_server.py -> /home/erum/ros2_workspace/src/install/rect_area_pkg/lib/python3.12/site-packages/rect_area_pkg
[3.322s] copying /home/erum/ros2_workspace/src/build/rect_area_pkg/build/lib/rect_area_pkg/__init__.py -> /home/erum/ros2_workspace/src/install/rect_area_pkg/lib/python3.12/site-packages/rect_area_pkg
[3.322s] byte-compiling /home/erum/ros2_workspace/src/install/rect_area_pkg/lib/python3.12/site-packages/rect_area_pkg/rect_client.py to rect_client.cpython-312.pyc
[3.322s] byte-compiling /home/erum/ros2_workspace/src/install/rect_area_pkg/lib/python3.12/site-packages/rect_area_pkg/rect_server.py to rect_server.cpython-312.pyc
[3.323s] byte-compiling /home/erum/ros2_workspace/src/install/rect_area_pkg/lib/python3.12/site-packages/rect_area_pkg/__init__.py to __init__.cpython-312.pyc
[3.326s] running install_data
[3.326s] creating /home/erum/ros2_workspace/src/install/rect_area_pkg/share/ament_index
[3.326s] creating /home/erum/ros2_workspace/src/install/rect_area_pkg/share/ament_index/resource_index
[3.326s] creating /home/erum/ros2_workspace/src/install/rect_area_pkg/share/ament_index/resource_index/packages
[3.326s] copying resource/rect_area_pkg -> /home/erum/ros2_workspace/src/install/rect_area_pkg/share/ament_index/resource_index/packages
[3.326s] copying package.xml -> /home/erum/ros2_workspace/src/install/rect_area_pkg/share/rect_area_pkg
[3.326s] running install_egg_info
[3.367s] Copying ../build/rect_area_pkg/rect_area_pkg.egg-info to /home/erum/ros2_workspace/src/install/rect_area_pkg/lib/python3.12/site-packages/rect_area_pkg-0.0.0-py3.12.egg-info
[3.368s] running install_scripts
[3.513s] Installing rect_client script to /home/erum/ros2_workspace/src/install/rect_area_pkg/lib/rect_area_pkg
[3.515s] Installing rect_server script to /home/erum/ros2_workspace/src/install/rect_area_pkg/lib/rect_area_pkg
[3.516s] writing list of installed files to '/home/erum/ros2_workspace/src/build/rect_area_pkg/install.log'
[3.595s] Invoked command in '/home/erum/ros2_workspace/src/rect_area_pkg' returned '0': DEBUGINFOD_URLS=https://debuginfod.ubuntu.com PYTHONPATH=/home/erum/ros2_workspace/src/build/rect_area_pkg/prefix_override:/usr/lib/python3/dist-packages/colcon_core/task/python/colcon_distutils_commands:/home/erum/ros2_workspace/src/install/rect_area_pkg/lib/python3.12/site-packages:${PYTHONPATH} /usr/bin/python3 -W ignore:setup.py install is deprecated -W ignore:easy_install command is deprecated setup.py egg_info --egg-base ../build/rect_area_pkg build --build-base /home/erum/ros2_workspace/src/build/rect_area_pkg/build install --record /home/erum/ros2_workspace/src/build/rect_area_pkg/install.log --single-version-externally-managed install_data
