[0.034s] Invoking command in '/home/erum/ros2_workspace/src/build/my_robot_description': CMAKE_PREFIX_PATH=/home/erum/ros2_workspace/install/new_interfaces:/home/erum/ros2_workspace/install/my_robot_bringup:/home/erum/ros2_workspace/install/my_robot_description:/home/erum/ros2_workspace/install/rect_area_pkg:/home/erum/ros2_workspace/install/add_two_ints_pkg:/home/erum/ros2_workspace/install/my_first_pkg:/home/erum/ros2_workspace/install/Erum_pde4430:/opt/ros/jazzy:/home/erum/ros2_workspace/install/mobile_robot:/home/erum/ros2_workspace/install/gazebo_differential_drive_robot:/opt/ros/jazzy/opt/gz_sim_vendor:/opt/ros/jazzy/opt/gz_sensors_vendor:/opt/ros/jazzy/opt/gz_physics_vendor:/opt/ros/jazzy/opt/sdformat_vendor:/opt/ros/jazzy/opt/gz_gui_vendor:/opt/ros/jazzy/opt/gz_transport_vendor:/opt/ros/jazzy/opt/gz_rendering_vendor:/opt/ros/jazzy/opt/gz_plugin_vendor:/opt/ros/jazzy/opt/gz_fuel_tools_vendor:/opt/ros/jazzy/opt/gz_msgs_vendor:/opt/ros/jazzy/opt/gz_common_vendor:/opt/ros/jazzy/opt/gz_math_vendor:/opt/ros/jazzy/opt/gz_utils_vendor:/opt/ros/jazzy/opt/gz_tools_vendor:/opt/ros/jazzy/opt/gz_ogre_next_vendor:/opt/ros/jazzy/opt/gz_dartsim_vendor:/opt/ros/jazzy/opt/gz_cmake_vendor DEBUGINFOD_URLS=https://debuginfod.ubuntu.com /usr/bin/cmake --build /home/erum/ros2_workspace/src/build/my_robot_description -- -j2 -l2
[0.261s] Invoked command in '/home/erum/ros2_workspace/src/build/my_robot_description' returned '0': CMAKE_PREFIX_PATH=/home/erum/ros2_workspace/install/new_interfaces:/home/erum/ros2_workspace/install/my_robot_bringup:/home/erum/ros2_workspace/install/my_robot_description:/home/erum/ros2_workspace/install/rect_area_pkg:/home/erum/ros2_workspace/install/add_two_ints_pkg:/home/erum/ros2_workspace/install/my_first_pkg:/home/erum/ros2_workspace/install/Erum_pde4430:/opt/ros/jazzy:/home/erum/ros2_workspace/install/mobile_robot:/home/erum/ros2_workspace/install/gazebo_differential_drive_robot:/opt/ros/jazzy/opt/gz_sim_vendor:/opt/ros/jazzy/opt/gz_sensors_vendor:/opt/ros/jazzy/opt/gz_physics_vendor:/opt/ros/jazzy/opt/sdformat_vendor:/opt/ros/jazzy/opt/gz_gui_vendor:/opt/ros/jazzy/opt/gz_transport_vendor:/opt/ros/jazzy/opt/gz_rendering_vendor:/opt/ros/jazzy/opt/gz_plugin_vendor:/opt/ros/jazzy/opt/gz_fuel_tools_vendor:/opt/ros/jazzy/opt/gz_msgs_vendor:/opt/ros/jazzy/opt/gz_common_vendor:/opt/ros/jazzy/opt/gz_math_vendor:/opt/ros/jazzy/opt/gz_utils_vendor:/opt/ros/jazzy/opt/gz_tools_vendor:/opt/ros/jazzy/opt/gz_ogre_next_vendor:/opt/ros/jazzy/opt/gz_dartsim_vendor:/opt/ros/jazzy/opt/gz_cmake_vendor DEBUGINFOD_URLS=https://debuginfod.ubuntu.com /usr/bin/cmake --build /home/erum/ros2_workspace/src/build/my_robot_description -- -j2 -l2
[0.284s] Invoking command in '/home/erum/ros2_workspace/src/build/my_robot_description': CMAKE_PREFIX_PATH=/home/erum/ros2_workspace/install/new_interfaces:/home/erum/ros2_workspace/install/my_robot_bringup:/home/erum/ros2_workspace/install/my_robot_description:/home/erum/ros2_workspace/install/rect_area_pkg:/home/erum/ros2_workspace/install/add_two_ints_pkg:/home/erum/ros2_workspace/install/my_first_pkg:/home/erum/ros2_workspace/install/Erum_pde4430:/opt/ros/jazzy:/home/erum/ros2_workspace/install/mobile_robot:/home/erum/ros2_workspace/install/gazebo_differential_drive_robot:/opt/ros/jazzy/opt/gz_sim_vendor:/opt/ros/jazzy/opt/gz_sensors_vendor:/opt/ros/jazzy/opt/gz_physics_vendor:/opt/ros/jazzy/opt/sdformat_vendor:/opt/ros/jazzy/opt/gz_gui_vendor:/opt/ros/jazzy/opt/gz_transport_vendor:/opt/ros/jazzy/opt/gz_rendering_vendor:/opt/ros/jazzy/opt/gz_plugin_vendor:/opt/ros/jazzy/opt/gz_fuel_tools_vendor:/opt/ros/jazzy/opt/gz_msgs_vendor:/opt/ros/jazzy/opt/gz_common_vendor:/opt/ros/jazzy/opt/gz_math_vendor:/opt/ros/jazzy/opt/gz_utils_vendor:/opt/ros/jazzy/opt/gz_tools_vendor:/opt/ros/jazzy/opt/gz_ogre_next_vendor:/opt/ros/jazzy/opt/gz_dartsim_vendor:/opt/ros/jazzy/opt/gz_cmake_vendor DEBUGINFOD_URLS=https://debuginfod.ubuntu.com /usr/bin/cmake --install /home/erum/ros2_workspace/src/build/my_robot_description
[0.330s] -- Install configuration: ""
[0.339s] -- Up-to-date: /home/erum/ros2_workspace/src/install/my_robot_description/share/my_robot_description//urdf
[0.339s] -- Up-to-date: /home/erum/ros2_workspace/src/install/my_robot_description/share/my_robot_description//urdf/mobile_base.ros2_controller.xacro
[0.339s] -- Up-to-date: /home/erum/ros2_workspace/src/install/my_robot_description/share/my_robot_description//urdf/my_robot.urdf.xacro
[0.339s] -- Up-to-date: /home/erum/ros2_workspace/src/install/my_robot_description/share/my_robot_description//urdf/common_properties.xacro
[0.339s] -- Up-to-date: /home/erum/ros2_workspace/src/install/my_robot_description/share/my_robot_description//urdf/mobile_base.xacro
[0.339s] -- Up-to-date: /home/erum/ros2_workspace/src/install/my_robot_description/share/my_robot_description//launch
[0.339s] -- Up-to-date: /home/erum/ros2_workspace/src/install/my_robot_description/share/my_robot_description//launch/gazebo.launch.py
[0.339s] -- Up-to-date: /home/erum/ros2_workspace/src/install/my_robot_description/share/my_robot_description//launch/display.launch.xml
[0.339s] -- Up-to-date: /home/erum/ros2_workspace/src/install/my_robot_description/share/my_robot_description//launch/display.launch.py
[0.339s] -- Up-to-date: /home/erum/ros2_workspace/src/install/my_robot_description/share/my_robot_description//rviz
[0.339s] -- Up-to-date: /home/erum/ros2_workspace/src/install/my_robot_description/share/my_robot_description//rviz/urdf_config.rviz
[0.339s] -- Up-to-date: /home/erum/ros2_workspace/src/install/my_robot_description/share/ament_index/resource_index/package_run_dependencies/my_robot_description
[0.339s] -- Up-to-date: /home/erum/ros2_workspace/src/install/my_robot_description/share/ament_index/resource_index/parent_prefix_path/my_robot_description
[0.339s] -- Up-to-date: /home/erum/ros2_workspace/src/install/my_robot_description/share/my_robot_description/environment/ament_prefix_path.sh
[0.339s] -- Up-to-date: /home/erum/ros2_workspace/src/install/my_robot_description/share/my_robot_description/environment/ament_prefix_path.dsv
[0.339s] -- Up-to-date: /home/erum/ros2_workspace/src/install/my_robot_description/share/my_robot_description/environment/path.sh
[0.339s] -- Up-to-date: /home/erum/ros2_workspace/src/install/my_robot_description/share/my_robot_description/environment/path.dsv
[0.339s] -- Up-to-date: /home/erum/ros2_workspace/src/install/my_robot_description/share/my_robot_description/local_setup.bash
[0.340s] -- Up-to-date: /home/erum/ros2_workspace/src/install/my_robot_description/share/my_robot_description/local_setup.sh
[0.340s] -- Up-to-date: /home/erum/ros2_workspace/src/install/my_robot_description/share/my_robot_description/local_setup.zsh
[0.340s] -- Up-to-date: /home/erum/ros2_workspace/src/install/my_robot_description/share/my_robot_description/local_setup.dsv
[0.346s] -- Up-to-date: /home/erum/ros2_workspace/src/install/my_robot_description/share/my_robot_description/package.dsv
[0.346s] -- Up-to-date: /home/erum/ros2_workspace/src/install/my_robot_description/share/ament_index/resource_index/packages/my_robot_description
[0.346s] -- Up-to-date: /home/erum/ros2_workspace/src/install/my_robot_description/share/my_robot_description/cmake/my_robot_descriptionConfig.cmake
[0.346s] -- Up-to-date: /home/erum/ros2_workspace/src/install/my_robot_description/share/my_robot_description/cmake/my_robot_descriptionConfig-version.cmake
[0.346s] -- Up-to-date: /home/erum/ros2_workspace/src/install/my_robot_description/share/my_robot_description/package.xml
[0.351s] Invoked command in '/home/erum/ros2_workspace/src/build/my_robot_description' returned '0': CMAKE_PREFIX_PATH=/home/erum/ros2_workspace/install/new_interfaces:/home/erum/ros2_workspace/install/my_robot_bringup:/home/erum/ros2_workspace/install/my_robot_description:/home/erum/ros2_workspace/install/rect_area_pkg:/home/erum/ros2_workspace/install/add_two_ints_pkg:/home/erum/ros2_workspace/install/my_first_pkg:/home/erum/ros2_workspace/install/Erum_pde4430:/opt/ros/jazzy:/home/erum/ros2_workspace/install/mobile_robot:/home/erum/ros2_workspace/install/gazebo_differential_drive_robot:/opt/ros/jazzy/opt/gz_sim_vendor:/opt/ros/jazzy/opt/gz_sensors_vendor:/opt/ros/jazzy/opt/gz_physics_vendor:/opt/ros/jazzy/opt/sdformat_vendor:/opt/ros/jazzy/opt/gz_gui_vendor:/opt/ros/jazzy/opt/gz_transport_vendor:/opt/ros/jazzy/opt/gz_rendering_vendor:/opt/ros/jazzy/opt/gz_plugin_vendor:/opt/ros/jazzy/opt/gz_fuel_tools_vendor:/opt/ros/jazzy/opt/gz_msgs_vendor:/opt/ros/jazzy/opt/gz_common_vendor:/opt/ros/jazzy/opt/gz_math_vendor:/opt/ros/jazzy/opt/gz_utils_vendor:/opt/ros/jazzy/opt/gz_tools_vendor:/opt/ros/jazzy/opt/gz_ogre_next_vendor:/opt/ros/jazzy/opt/gz_dartsim_vendor:/opt/ros/jazzy/opt/gz_cmake_vendor DEBUGINFOD_URLS=https://debuginfod.ubuntu.com /usr/bin/cmake --install /home/erum/ros2_workspace/src/build/my_robot_description
