[0.096s] Invoking command in '/home/erum/ros2_workspace/build/new_interfaces': CMAKE_PREFIX_PATH=${CMAKE_PREFIX_PATH}:/home/erum/ros2_workspace/install/add_two_ints_pkg:/home/erum/ros2_workspace/install/my_first_pkg:/home/erum/ros2_workspace/install/Erum_pde4430:/opt/ros/jazzy DEBUGINFOD_URLS=https://debuginfod.ubuntu.com /usr/bin/cmake --build /home/erum/ros2_workspace/build/new_interfaces -- -j2 -l2
[0.923s] [  2%] Built target new_interfaces__rosidl_generator_type_description
[0.986s] [  2%] Built target ament_cmake_python_copy_new_interfaces
[1.064s] [ 20%] Built target new_interfaces__rosidl_generator_c
[1.108s] [ 22%] Built target new_interfaces__cpp
[2.091s] running egg_info
[2.179s] writing new_interfaces.egg-info/PKG-INFO
[2.184s] writing dependency_links to new_interfaces.egg-info/dependency_links.txt
[2.185s] writing top-level names to new_interfaces.egg-info/top_level.txt
[2.361s] reading manifest file 'new_interfaces.egg-info/SOURCES.txt'
[2.363s] writing manifest file 'new_interfaces.egg-info/SOURCES.txt'
[2.401s] [ 22%] Built target ament_cmake_python_build_new_interfaces_egg
[2.495s] [ 31%] Built target new_interfaces__rosidl_typesupport_fastrtps_c
[2.708s] [ 40%] Built target new_interfaces__rosidl_typesupport_introspection_c
[2.835s] [ 50%] Built target new_interfaces__rosidl_typesupport_c
[3.000s] [ 59%] Built target new_interfaces__rosidl_typesupport_fastrtps_cpp
[3.129s] [ 68%] Built target new_interfaces__rosidl_typesupport_introspection_cpp
[3.675s] [ 77%] Built target new_interfaces__rosidl_typesupport_cpp
[3.894s] [ 77%] Built target new_interfaces
[4.025s] [ 79%] Built target new_interfaces__py
[4.296s] [ 86%] Built target new_interfaces__rosidl_generator_py
[4.431s] [ 90%] Built target new_interfaces_s__rosidl_typesupport_fastrtps_c
[4.547s] [ 95%] Built target new_interfaces_s__rosidl_typesupport_introspection_c
[4.646s] [100%] Built target new_interfaces_s__rosidl_typesupport_c
[4.730s] Invoked command in '/home/erum/ros2_workspace/build/new_interfaces' returned '0': CMAKE_PREFIX_PATH=${CMAKE_PREFIX_PATH}:/home/erum/ros2_workspace/install/add_two_ints_pkg:/home/erum/ros2_workspace/install/my_first_pkg:/home/erum/ros2_workspace/install/Erum_pde4430:/opt/ros/jazzy DEBUGINFOD_URLS=https://debuginfod.ubuntu.com /usr/bin/cmake --build /home/erum/ros2_workspace/build/new_interfaces -- -j2 -l2
[4.811s] Invoking command in '/home/erum/ros2_workspace/build/new_interfaces': CMAKE_PREFIX_PATH=${CMAKE_PREFIX_PATH}:/home/erum/ros2_workspace/install/add_two_ints_pkg:/home/erum/ros2_workspace/install/my_first_pkg:/home/erum/ros2_workspace/install/Erum_pde4430:/opt/ros/jazzy DEBUGINFOD_URLS=https://debuginfod.ubuntu.com /usr/bin/cmake --install /home/erum/ros2_workspace/build/new_interfaces
[4.904s] -- Install configuration: ""
[4.923s] -- Up-to-date: /home/erum/ros2_workspace/install/new_interfaces/share/ament_index/resource_index/rosidl_interfaces/new_interfaces
[4.926s] -- Up-to-date: /home/erum/ros2_workspace/install/new_interfaces/share/new_interfaces/msg/IOTSensor.json
[4.927s] -- Up-to-date: /home/erum/ros2_workspace/install/new_interfaces/share/new_interfaces/srv/AddTwoInts.json
[4.927s] -- Up-to-date: /home/erum/ros2_workspace/install/new_interfaces/include/new_interfaces/new_interfaces
[4.927s] -- Up-to-date: /home/erum/ros2_workspace/install/new_interfaces/include/new_interfaces/new_interfaces/srv
[4.928s] -- Up-to-date: /home/erum/ros2_workspace/install/new_interfaces/include/new_interfaces/new_interfaces/srv/add_two_ints.h
[4.929s] -- Up-to-date: /home/erum/ros2_workspace/install/new_interfaces/include/new_interfaces/new_interfaces/srv/detail
[4.934s] -- Up-to-date: /home/erum/ros2_workspace/install/new_interfaces/include/new_interfaces/new_interfaces/srv/detail/add_two_ints__functions.h
[4.934s] -- Up-to-date: /home/erum/ros2_workspace/install/new_interfaces/include/new_interfaces/new_interfaces/srv/detail/add_two_ints__description.c
[4.934s] -- Up-to-date: /home/erum/ros2_workspace/install/new_interfaces/include/new_interfaces/new_interfaces/srv/detail/add_two_ints__functions.c
[4.934s] -- Up-to-date: /home/erum/ros2_workspace/install/new_interfaces/include/new_interfaces/new_interfaces/srv/detail/add_two_ints__type_support.h
[4.934s] -- Up-to-date: /home/erum/ros2_workspace/install/new_interfaces/include/new_interfaces/new_interfaces/srv/detail/add_two_ints__struct.h
[4.934s] -- Installing: /home/erum/ros2_workspace/install/new_interfaces/include/new_interfaces/new_interfaces/srv/detail/add_two_ints__type_support.c
[4.940s] -- Up-to-date: /home/erum/ros2_workspace/install/new_interfaces/include/new_interfaces/new_interfaces/msg
[4.946s] -- Up-to-date: /home/erum/ros2_workspace/install/new_interfaces/include/new_interfaces/new_interfaces/msg/rosidl_generator_c__visibility_control.h
[4.946s] -- Up-to-date: /home/erum/ros2_workspace/install/new_interfaces/include/new_interfaces/new_interfaces/msg/iot_sensor.h
[4.946s] -- Up-to-date: /home/erum/ros2_workspace/install/new_interfaces/include/new_interfaces/new_interfaces/msg/detail
[4.947s] -- Up-to-date: /home/erum/ros2_workspace/install/new_interfaces/include/new_interfaces/new_interfaces/msg/detail/iot_sensor__functions.c
[4.947s] -- Up-to-date: /home/erum/ros2_workspace/install/new_interfaces/include/new_interfaces/new_interfaces/msg/detail/iot_sensor__type_support.h
[4.947s] -- Up-to-date: /home/erum/ros2_workspace/install/new_interfaces/include/new_interfaces/new_interfaces/msg/detail/iot_sensor__struct.h
[4.947s] -- Installing: /home/erum/ros2_workspace/install/new_interfaces/include/new_interfaces/new_interfaces/msg/detail/iot_sensor__type_support.c
[4.951s] -- Up-to-date: /home/erum/ros2_workspace/install/new_interfaces/include/new_interfaces/new_interfaces/msg/detail/iot_sensor__description.c
[4.952s] -- Up-to-date: /home/erum/ros2_workspace/install/new_interfaces/include/new_interfaces/new_interfaces/msg/detail/iot_sensor__functions.h
[4.955s] -- Up-to-date: /home/erum/ros2_workspace/install/new_interfaces/share/new_interfaces/environment/library_path.sh
[4.955s] -- Up-to-date: /home/erum/ros2_workspace/install/new_interfaces/share/new_interfaces/environment/library_path.dsv
[4.964s] -- Up-to-date: /home/erum/ros2_workspace/install/new_interfaces/lib/libnew_interfaces__rosidl_generator_c.so
[4.968s] -- Up-to-date: /home/erum/ros2_workspace/install/new_interfaces/include/new_interfaces/new_interfaces
[4.968s] -- Up-to-date: /home/erum/ros2_workspace/install/new_interfaces/include/new_interfaces/new_interfaces/srv
[4.968s] -- Up-to-date: /home/erum/ros2_workspace/install/new_interfaces/include/new_interfaces/new_interfaces/srv/detail
[4.969s] -- Up-to-date: /home/erum/ros2_workspace/install/new_interfaces/include/new_interfaces/new_interfaces/srv/detail/add_two_ints__rosidl_typesupport_fastrtps_c.h
[4.969s] -- Up-to-date: /home/erum/ros2_workspace/install/new_interfaces/include/new_interfaces/new_interfaces/msg
[4.969s] -- Up-to-date: /home/erum/ros2_workspace/install/new_interfaces/include/new_interfaces/new_interfaces/msg/rosidl_typesupport_fastrtps_c__visibility_control.h
[4.969s] -- Up-to-date: /home/erum/ros2_workspace/install/new_interfaces/include/new_interfaces/new_interfaces/msg/detail
[4.974s] -- Up-to-date: /home/erum/ros2_workspace/install/new_interfaces/include/new_interfaces/new_interfaces/msg/detail/iot_sensor__rosidl_typesupport_fastrtps_c.h
[4.974s] -- Up-to-date: /home/erum/ros2_workspace/install/new_interfaces/lib/libnew_interfaces__rosidl_typesupport_fastrtps_c.so
[4.974s] -- Up-to-date: /home/erum/ros2_workspace/install/new_interfaces/include/new_interfaces/new_interfaces
[4.974s] -- Up-to-date: /home/erum/ros2_workspace/install/new_interfaces/include/new_interfaces/new_interfaces/srv
[4.974s] -- Up-to-date: /home/erum/ros2_workspace/install/new_interfaces/include/new_interfaces/new_interfaces/srv/detail
[4.974s] -- Up-to-date: /home/erum/ros2_workspace/install/new_interfaces/include/new_interfaces/new_interfaces/srv/detail/add_two_ints__rosidl_typesupport_introspection_c.h
[4.974s] -- Installing: /home/erum/ros2_workspace/install/new_interfaces/include/new_interfaces/new_interfaces/srv/detail/add_two_ints__type_support.c
[4.975s] -- Up-to-date: /home/erum/ros2_workspace/install/new_interfaces/include/new_interfaces/new_interfaces/msg
[4.976s] -- Up-to-date: /home/erum/ros2_workspace/install/new_interfaces/include/new_interfaces/new_interfaces/msg/rosidl_typesupport_introspection_c__visibility_control.h
[4.976s] -- Up-to-date: /home/erum/ros2_workspace/install/new_interfaces/include/new_interfaces/new_interfaces/msg/detail
[4.976s] -- Up-to-date: /home/erum/ros2_workspace/install/new_interfaces/include/new_interfaces/new_interfaces/msg/detail/iot_sensor__rosidl_typesupport_introspection_c.h
[4.976s] -- Installing: /home/erum/ros2_workspace/install/new_interfaces/include/new_interfaces/new_interfaces/msg/detail/iot_sensor__type_support.c
[4.982s] -- Up-to-date: /home/erum/ros2_workspace/install/new_interfaces/lib/libnew_interfaces__rosidl_typesupport_introspection_c.so
[4.983s] -- Up-to-date: /home/erum/ros2_workspace/install/new_interfaces/lib/libnew_interfaces__rosidl_typesupport_c.so
[4.983s] -- Up-to-date: /home/erum/ros2_workspace/install/new_interfaces/include/new_interfaces/new_interfaces
[4.984s] -- Up-to-date: /home/erum/ros2_workspace/install/new_interfaces/include/new_interfaces/new_interfaces/srv
[4.984s] -- Up-to-date: /home/erum/ros2_workspace/install/new_interfaces/include/new_interfaces/new_interfaces/srv/add_two_ints.hpp
[4.984s] -- Up-to-date: /home/erum/ros2_workspace/install/new_interfaces/include/new_interfaces/new_interfaces/srv/detail
[4.984s] -- Up-to-date: /home/erum/ros2_workspace/install/new_interfaces/include/new_interfaces/new_interfaces/srv/detail/add_two_ints__struct.hpp
[4.984s] -- Up-to-date: /home/erum/ros2_workspace/install/new_interfaces/include/new_interfaces/new_interfaces/srv/detail/add_two_ints__type_support.hpp
[4.984s] -- Up-to-date: /home/erum/ros2_workspace/install/new_interfaces/include/new_interfaces/new_interfaces/srv/detail/add_two_ints__traits.hpp
[4.984s] -- Up-to-date: /home/erum/ros2_workspace/install/new_interfaces/include/new_interfaces/new_interfaces/srv/detail/add_two_ints__builder.hpp
[4.984s] -- Up-to-date: /home/erum/ros2_workspace/install/new_interfaces/include/new_interfaces/new_interfaces/msg
[4.984s] -- Up-to-date: /home/erum/ros2_workspace/install/new_interfaces/include/new_interfaces/new_interfaces/msg/iot_sensor.hpp
[4.984s] -- Up-to-date: /home/erum/ros2_workspace/install/new_interfaces/include/new_interfaces/new_interfaces/msg/rosidl_generator_cpp__visibility_control.hpp
[4.991s] -- Up-to-date: /home/erum/ros2_workspace/install/new_interfaces/include/new_interfaces/new_interfaces/msg/detail
[4.991s] -- Up-to-date: /home/erum/ros2_workspace/install/new_interfaces/include/new_interfaces/new_interfaces/msg/detail/iot_sensor__builder.hpp
[4.991s] -- Up-to-date: /home/erum/ros2_workspace/install/new_interfaces/include/new_interfaces/new_interfaces/msg/detail/iot_sensor__type_support.hpp
[4.991s] -- Up-to-date: /home/erum/ros2_workspace/install/new_interfaces/include/new_interfaces/new_interfaces/msg/detail/iot_sensor__struct.hpp
[4.991s] -- Up-to-date: /home/erum/ros2_workspace/install/new_interfaces/include/new_interfaces/new_interfaces/msg/detail/iot_sensor__traits.hpp
[4.994s] -- Up-to-date: /home/erum/ros2_workspace/install/new_interfaces/include/new_interfaces/new_interfaces
[4.994s] -- Up-to-date: /home/erum/ros2_workspace/install/new_interfaces/include/new_interfaces/new_interfaces/srv
[4.994s] -- Up-to-date: /home/erum/ros2_workspace/install/new_interfaces/include/new_interfaces/new_interfaces/srv/detail
[4.994s] -- Up-to-date: /home/erum/ros2_workspace/install/new_interfaces/include/new_interfaces/new_interfaces/srv/detail/add_two_ints__rosidl_typesupport_fastrtps_cpp.hpp
[4.995s] -- Up-to-date: /home/erum/ros2_workspace/install/new_interfaces/include/new_interfaces/new_interfaces/srv/detail/dds_fastrtps
[4.995s] -- Up-to-date: /home/erum/ros2_workspace/install/new_interfaces/include/new_interfaces/new_interfaces/msg
[4.995s] -- Up-to-date: /home/erum/ros2_workspace/install/new_interfaces/include/new_interfaces/new_interfaces/msg/detail
[4.995s] -- Up-to-date: /home/erum/ros2_workspace/install/new_interfaces/include/new_interfaces/new_interfaces/msg/detail/dds_fastrtps
[4.999s] -- Up-to-date: /home/erum/ros2_workspace/install/new_interfaces/include/new_interfaces/new_interfaces/msg/detail/iot_sensor__rosidl_typesupport_fastrtps_cpp.hpp
[4.999s] -- Up-to-date: /home/erum/ros2_workspace/install/new_interfaces/include/new_interfaces/new_interfaces/msg/rosidl_typesupport_fastrtps_cpp__visibility_control.h
[4.999s] -- Up-to-date: /home/erum/ros2_workspace/install/new_interfaces/lib/libnew_interfaces__rosidl_typesupport_fastrtps_cpp.so
[4.999s] -- Up-to-date: /home/erum/ros2_workspace/install/new_interfaces/include/new_interfaces/new_interfaces
[4.999s] -- Up-to-date: /home/erum/ros2_workspace/install/new_interfaces/include/new_interfaces/new_interfaces/srv
[4.999s] -- Up-to-date: /home/erum/ros2_workspace/install/new_interfaces/include/new_interfaces/new_interfaces/srv/detail
[5.007s] -- Up-to-date: /home/erum/ros2_workspace/install/new_interfaces/include/new_interfaces/new_interfaces/srv/detail/add_two_ints__type_support.cpp
[5.007s] -- Up-to-date: /home/erum/ros2_workspace/install/new_interfaces/include/new_interfaces/new_interfaces/srv/detail/add_two_ints__rosidl_typesupport_introspection_cpp.hpp
[5.007s] -- Up-to-date: /home/erum/ros2_workspace/install/new_interfaces/include/new_interfaces/new_interfaces/msg
[5.007s] -- Up-to-date: /home/erum/ros2_workspace/install/new_interfaces/include/new_interfaces/new_interfaces/msg/detail
[5.007s] -- Up-to-date: /home/erum/ros2_workspace/install/new_interfaces/include/new_interfaces/new_interfaces/msg/detail/iot_sensor__type_support.cpp
[5.007s] -- Up-to-date: /home/erum/ros2_workspace/install/new_interfaces/include/new_interfaces/new_interfaces/msg/detail/iot_sensor__rosidl_typesupport_introspection_cpp.hpp
[5.007s] -- Up-to-date: /home/erum/ros2_workspace/install/new_interfaces/lib/libnew_interfaces__rosidl_typesupport_introspection_cpp.so
[5.008s] -- Up-to-date: /home/erum/ros2_workspace/install/new_interfaces/lib/libnew_interfaces__rosidl_typesupport_cpp.so
[5.008s] -- Up-to-date: /home/erum/ros2_workspace/install/new_interfaces/share/new_interfaces/environment/pythonpath.sh
[5.008s] -- Up-to-date: /home/erum/ros2_workspace/install/new_interfaces/share/new_interfaces/environment/pythonpath.dsv
[5.008s] -- Up-to-date: /home/erum/ros2_workspace/install/new_interfaces/lib/python3.12/site-packages/new_interfaces-0.0.0-py3.12.egg-info
[5.008s] -- Installing: /home/erum/ros2_workspace/install/new_interfaces/lib/python3.12/site-packages/new_interfaces-0.0.0-py3.12.egg-info/SOURCES.txt
[5.008s] -- Installing: /home/erum/ros2_workspace/install/new_interfaces/lib/python3.12/site-packages/new_interfaces-0.0.0-py3.12.egg-info/top_level.txt
[5.016s] -- Installing: /home/erum/ros2_workspace/install/new_interfaces/lib/python3.12/site-packages/new_interfaces-0.0.0-py3.12.egg-info/dependency_links.txt
[5.016s] -- Installing: /home/erum/ros2_workspace/install/new_interfaces/lib/python3.12/site-packages/new_interfaces-0.0.0-py3.12.egg-info/PKG-INFO
[5.017s] -- Up-to-date: /home/erum/ros2_workspace/install/new_interfaces/lib/python3.12/site-packages/new_interfaces
[5.017s] -- Up-to-date: /home/erum/ros2_workspace/install/new_interfaces/lib/python3.12/site-packages/new_interfaces/_new_interfaces_s.ep.rosidl_typesupport_c.c
[5.017s] -- Up-to-date: /home/erum/ros2_workspace/install/new_interfaces/lib/python3.12/site-packages/new_interfaces/srv
[5.017s] -- Up-to-date: /home/erum/ros2_workspace/install/new_interfaces/lib/python3.12/site-packages/new_interfaces/srv/_add_two_ints_s.c
[5.018s] -- Up-to-date: /home/erum/ros2_workspace/install/new_interfaces/lib/python3.12/site-packages/new_interfaces/srv/__init__.py
[5.018s] -- Up-to-date: /home/erum/ros2_workspace/install/new_interfaces/lib/python3.12/site-packages/new_interfaces/srv/_add_two_ints.py
[5.018s] -- Up-to-date: /home/erum/ros2_workspace/install/new_interfaces/lib/python3.12/site-packages/new_interfaces/__init__.py
[5.018s] -- Up-to-date: /home/erum/ros2_workspace/install/new_interfaces/lib/python3.12/site-packages/new_interfaces/_new_interfaces_s.ep.rosidl_typesupport_introspection_c.c
[5.018s] -- Up-to-date: /home/erum/ros2_workspace/install/new_interfaces/lib/python3.12/site-packages/new_interfaces/_new_interfaces_s.ep.rosidl_typesupport_fastrtps_c.c
[5.018s] -- Up-to-date: /home/erum/ros2_workspace/install/new_interfaces/lib/python3.12/site-packages/new_interfaces/new_interfaces_s__rosidl_typesupport_fastrtps_c.so
[5.018s] -- Up-to-date: /home/erum/ros2_workspace/install/new_interfaces/lib/python3.12/site-packages/new_interfaces/new_interfaces_s__rosidl_typesupport_c.so
[5.018s] -- Up-to-date: /home/erum/ros2_workspace/install/new_interfaces/lib/python3.12/site-packages/new_interfaces/msg
[5.019s] -- Up-to-date: /home/erum/ros2_workspace/install/new_interfaces/lib/python3.12/site-packages/new_interfaces/msg/_iot_sensor.py
[5.019s] -- Up-to-date: /home/erum/ros2_workspace/install/new_interfaces/lib/python3.12/site-packages/new_interfaces/msg/__init__.py
[5.020s] -- Up-to-date: /home/erum/ros2_workspace/install/new_interfaces/lib/python3.12/site-packages/new_interfaces/msg/_iot_sensor_s.c
[5.020s] -- Up-to-date: /home/erum/ros2_workspace/install/new_interfaces/lib/python3.12/site-packages/new_interfaces/new_interfaces_s__rosidl_typesupport_introspection_c.so
[5.217s] Listing '/home/erum/ros2_workspace/install/new_interfaces/lib/python3.12/site-packages/new_interfaces'...
[5.217s] Listing '/home/erum/ros2_workspace/install/new_interfaces/lib/python3.12/site-packages/new_interfaces/msg'...
[5.217s] Listing '/home/erum/ros2_workspace/install/new_interfaces/lib/python3.12/site-packages/new_interfaces/srv'...
[5.254s] -- Up-to-date: /home/erum/ros2_workspace/install/new_interfaces/lib/python3.12/site-packages/new_interfaces/new_interfaces_s__rosidl_typesupport_fastrtps_c.so
[5.262s] -- Up-to-date: /home/erum/ros2_workspace/install/new_interfaces/lib/python3.12/site-packages/new_interfaces/new_interfaces_s__rosidl_typesupport_introspection_c.so
[5.270s] -- Up-to-date: /home/erum/ros2_workspace/install/new_interfaces/lib/python3.12/site-packages/new_interfaces/new_interfaces_s__rosidl_typesupport_c.so
[5.273s] -- Up-to-date: /home/erum/ros2_workspace/install/new_interfaces/lib/libnew_interfaces__rosidl_generator_py.so
[5.274s] -- Up-to-date: /home/erum/ros2_workspace/install/new_interfaces/share/new_interfaces/msg/IOTSensor.idl
[5.274s] -- Up-to-date: /home/erum/ros2_workspace/install/new_interfaces/share/new_interfaces/srv/AddTwoInts.idl
[5.300s] -- Up-to-date: /home/erum/ros2_workspace/install/new_interfaces/share/new_interfaces/msg/IOTSensor.msg
[5.300s] -- Up-to-date: /home/erum/ros2_workspace/install/new_interfaces/share/new_interfaces/srv/AddTwoInts.srv
[5.300s] -- Up-to-date: /home/erum/ros2_workspace/install/new_interfaces/share/ament_index/resource_index/package_run_dependencies/new_interfaces
[5.300s] -- Up-to-date: /home/erum/ros2_workspace/install/new_interfaces/share/ament_index/resource_index/parent_prefix_path/new_interfaces
[5.300s] -- Up-to-date: /home/erum/ros2_workspace/install/new_interfaces/share/new_interfaces/environment/ament_prefix_path.sh
[5.300s] -- Up-to-date: /home/erum/ros2_workspace/install/new_interfaces/share/new_interfaces/environment/ament_prefix_path.dsv
[5.300s] -- Up-to-date: /home/erum/ros2_workspace/install/new_interfaces/share/new_interfaces/environment/path.sh
[5.300s] -- Up-to-date: /home/erum/ros2_workspace/install/new_interfaces/share/new_interfaces/environment/path.dsv
[5.300s] -- Up-to-date: /home/erum/ros2_workspace/install/new_interfaces/share/new_interfaces/local_setup.bash
[5.300s] -- Up-to-date: /home/erum/ros2_workspace/install/new_interfaces/share/new_interfaces/local_setup.sh
[5.300s] -- Up-to-date: /home/erum/ros2_workspace/install/new_interfaces/share/new_interfaces/local_setup.zsh
[5.301s] -- Up-to-date: /home/erum/ros2_workspace/install/new_interfaces/share/new_interfaces/local_setup.dsv
[5.301s] -- Installing: /home/erum/ros2_workspace/install/new_interfaces/share/new_interfaces/package.dsv
[5.307s] -- Up-to-date: /home/erum/ros2_workspace/install/new_interfaces/share/ament_index/resource_index/packages/new_interfaces
[5.308s] -- Up-to-date: /home/erum/ros2_workspace/install/new_interfaces/share/new_interfaces/cmake/export_new_interfaces__rosidl_generator_cExport.cmake
[5.308s] -- Up-to-date: /home/erum/ros2_workspace/install/new_interfaces/share/new_interfaces/cmake/export_new_interfaces__rosidl_generator_cExport-noconfig.cmake
[5.308s] -- Up-to-date: /home/erum/ros2_workspace/install/new_interfaces/share/new_interfaces/cmake/export_new_interfaces__rosidl_typesupport_fastrtps_cExport.cmake
[5.315s] -- Up-to-date: /home/erum/ros2_workspace/install/new_interfaces/share/new_interfaces/cmake/export_new_interfaces__rosidl_typesupport_fastrtps_cExport-noconfig.cmake
[5.315s] -- Up-to-date: /home/erum/ros2_workspace/install/new_interfaces/share/new_interfaces/cmake/new_interfaces__rosidl_typesupport_introspection_cExport.cmake
[5.315s] -- Up-to-date: /home/erum/ros2_workspace/install/new_interfaces/share/new_interfaces/cmake/new_interfaces__rosidl_typesupport_introspection_cExport-noconfig.cmake
[5.315s] -- Up-to-date: /home/erum/ros2_workspace/install/new_interfaces/share/new_interfaces/cmake/new_interfaces__rosidl_typesupport_cExport.cmake
[5.315s] -- Up-to-date: /home/erum/ros2_workspace/install/new_interfaces/share/new_interfaces/cmake/new_interfaces__rosidl_typesupport_cExport-noconfig.cmake
[5.315s] -- Up-to-date: /home/erum/ros2_workspace/install/new_interfaces/share/new_interfaces/cmake/export_new_interfaces__rosidl_generator_cppExport.cmake
[5.315s] -- Up-to-date: /home/erum/ros2_workspace/install/new_interfaces/share/new_interfaces/cmake/export_new_interfaces__rosidl_typesupport_fastrtps_cppExport.cmake
[5.315s] -- Up-to-date: /home/erum/ros2_workspace/install/new_interfaces/share/new_interfaces/cmake/export_new_interfaces__rosidl_typesupport_fastrtps_cppExport-noconfig.cmake
[5.315s] -- Up-to-date: /home/erum/ros2_workspace/install/new_interfaces/share/new_interfaces/cmake/new_interfaces__rosidl_typesupport_introspection_cppExport.cmake
[5.316s] -- Up-to-date: /home/erum/ros2_workspace/install/new_interfaces/share/new_interfaces/cmake/new_interfaces__rosidl_typesupport_introspection_cppExport-noconfig.cmake
[5.316s] -- Up-to-date: /home/erum/ros2_workspace/install/new_interfaces/share/new_interfaces/cmake/new_interfaces__rosidl_typesupport_cppExport.cmake
[5.320s] -- Up-to-date: /home/erum/ros2_workspace/install/new_interfaces/share/new_interfaces/cmake/new_interfaces__rosidl_typesupport_cppExport-noconfig.cmake
[5.321s] -- Up-to-date: /home/erum/ros2_workspace/install/new_interfaces/share/new_interfaces/cmake/export_new_interfaces__rosidl_generator_pyExport.cmake
[5.321s] -- Up-to-date: /home/erum/ros2_workspace/install/new_interfaces/share/new_interfaces/cmake/export_new_interfaces__rosidl_generator_pyExport-noconfig.cmake
[5.321s] -- Up-to-date: /home/erum/ros2_workspace/install/new_interfaces/share/new_interfaces/cmake/rosidl_cmake-extras.cmake
[5.325s] -- Up-to-date: /home/erum/ros2_workspace/install/new_interfaces/share/new_interfaces/cmake/ament_cmake_export_dependencies-extras.cmake
[5.325s] -- Up-to-date: /home/erum/ros2_workspace/install/new_interfaces/share/new_interfaces/cmake/ament_cmake_export_include_directories-extras.cmake
[5.325s] -- Up-to-date: /home/erum/ros2_workspace/install/new_interfaces/share/new_interfaces/cmake/ament_cmake_export_libraries-extras.cmake
[5.325s] -- Up-to-date: /home/erum/ros2_workspace/install/new_interfaces/share/new_interfaces/cmake/ament_cmake_export_targets-extras.cmake
[5.325s] -- Up-to-date: /home/erum/ros2_workspace/install/new_interfaces/share/new_interfaces/cmake/rosidl_cmake_export_typesupport_targets-extras.cmake
[5.325s] -- Up-to-date: /home/erum/ros2_workspace/install/new_interfaces/share/new_interfaces/cmake/rosidl_cmake_export_typesupport_libraries-extras.cmake
[5.328s] -- Up-to-date: /home/erum/ros2_workspace/install/new_interfaces/share/new_interfaces/cmake/new_interfacesConfig.cmake
[5.329s] -- Up-to-date: /home/erum/ros2_workspace/install/new_interfaces/share/new_interfaces/cmake/new_interfacesConfig-version.cmake
[5.329s] -- Up-to-date: /home/erum/ros2_workspace/install/new_interfaces/share/new_interfaces/package.xml
[5.348s] Invoked command in '/home/erum/ros2_workspace/build/new_interfaces' returned '0': CMAKE_PREFIX_PATH=${CMAKE_PREFIX_PATH}:/home/erum/ros2_workspace/install/add_two_ints_pkg:/home/erum/ros2_workspace/install/my_first_pkg:/home/erum/ros2_workspace/install/Erum_pde4430:/opt/ros/jazzy DEBUGINFOD_URLS=https://debuginfod.ubuntu.com /usr/bin/cmake --install /home/erum/ros2_workspace/build/new_interfaces
