[5.515s] Invoking command in '/home/erum/ros2_workspace/src/Erum_pde4430': DEBUGINFOD_URLS=https://debuginfod.ubuntu.com PYTHONPATH=/home/erum/ros2_workspace/build/Erum_pde4430/prefix_override:/usr/lib/python3/dist-packages/colcon_core/task/python/colcon_distutils_commands:/home/erum/ros2_workspace/install/Erum_pde4430/lib/python3.12/site-packages:${PYTHONPATH} /usr/bin/python3 -W ignore:setup.py install is deprecated -W ignore:easy_install command is deprecated setup.py egg_info --egg-base ../../build/Erum_pde4430 build --build-base /home/erum/ros2_workspace/build/Erum_pde4430/build install --record /home/erum/ros2_workspace/build/Erum_pde4430/install.log --single-version-externally-managed install_data
[7.550s] running egg_info
[7.709s] writing ../../build/Erum_pde4430/Erum_pde4430.egg-info/PKG-INFO
[7.720s] writing dependency_links to ../../build/Erum_pde4430/Erum_pde4430.egg-info/dependency_links.txt
[7.734s] writing entry points to ../../build/Erum_pde4430/Erum_pde4430.egg-info/entry_points.txt
[7.737s] writing requirements to ../../build/Erum_pde4430/Erum_pde4430.egg-info/requires.txt
[7.737s] writing top-level names to ../../build/Erum_pde4430/Erum_pde4430.egg-info/top_level.txt
[8.089s] reading manifest file '../../build/Erum_pde4430/Erum_pde4430.egg-info/SOURCES.txt'
[8.102s] writing manifest file '../../build/Erum_pde4430/Erum_pde4430.egg-info/SOURCES.txt'
[8.108s] running build
[8.109s] running build_py
[8.109s] running install
[8.156s] running install_lib
[8.337s] running install_data
[8.337s] running install_egg_info
[8.548s] removing '/home/erum/ros2_workspace/install/Erum_pde4430/lib/python3.12/site-packages/Erum_pde4430-0.0.0-py3.12.egg-info' (and everything under it)
[8.602s] Copying ../../build/Erum_pde4430/Erum_pde4430.egg-info to /home/erum/ros2_workspace/install/Erum_pde4430/lib/python3.12/site-packages/Erum_pde4430-0.0.0-py3.12.egg-info
[8.623s] running install_scripts
[9.502s] Installing 4bots script to /home/erum/ros2_workspace/install/Erum_pde4430/lib/Erum_pde4430
[9.505s] Installing circular_move script to /home/erum/ros2_workspace/install/Erum_pde4430/lib/Erum_pde4430
[9.506s] Installing figure8_move script to /home/erum/ros2_workspace/install/Erum_pde4430/lib/Erum_pde4430
[9.506s] Installing roomba_cleaner script to /home/erum/ros2_workspace/install/Erum_pde4430/lib/Erum_pde4430
[9.509s] Installing straightmove script to /home/erum/ros2_workspace/install/Erum_pde4430/lib/Erum_pde4430
[9.509s] Installing user_coordinates script to /home/erum/ros2_workspace/install/Erum_pde4430/lib/Erum_pde4430
[9.509s] Installing userinput script to /home/erum/ros2_workspace/install/Erum_pde4430/lib/Erum_pde4430
[9.509s] writing list of installed files to '/home/erum/ros2_workspace/build/Erum_pde4430/install.log'
[9.563s] Invoked command in '/home/erum/ros2_workspace/src/Erum_pde4430' returned '0': DEBUGINFOD_URLS=https://debuginfod.ubuntu.com PYTHONPATH=/home/erum/ros2_workspace/build/Erum_pde4430/prefix_override:/usr/lib/python3/dist-packages/colcon_core/task/python/colcon_distutils_commands:/home/erum/ros2_workspace/install/Erum_pde4430/lib/python3.12/site-packages:${PYTHONPATH} /usr/bin/python3 -W ignore:setup.py install is deprecated -W ignore:easy_install command is deprecated setup.py egg_info --egg-base ../../build/Erum_pde4430 build --build-base /home/erum/ros2_workspace/build/Erum_pde4430/build install --record /home/erum/ros2_workspace/build/Erum_pde4430/install.log --single-version-externally-managed install_data
