[3.158s] Invoking command in '/home/erum/ros2_workspace/build/Erum_pde4430': DEBUGINFOD_URLS=https://debuginfod.ubuntu.com PYTHONPATH=/home/erum/ros2_workspace/build/Erum_pde4430/prefix_override:/usr/lib/python3/dist-packages/colcon_core/task/python/colcon_distutils_commands:/home/erum/ros2_workspace/install/Erum_pde4430/lib/python3.12/site-packages:${PYTHONPATH} /usr/bin/python3 -W ignore:setup.py install is deprecated -W ignore:easy_install command is deprecated setup.py develop --editable --build-directory /home/erum/ros2_workspace/build/Erum_pde4430/build --no-deps symlink_data --force
[3.840s] running develop
[4.461s] running egg_info
[4.596s] writing Erum_pde4430.egg-info/PKG-INFO
[4.605s] writing dependency_links to Erum_pde4430.egg-info/dependency_links.txt
[4.608s] writing entry points to Erum_pde4430.egg-info/entry_points.txt
[4.610s] writing requirements to Erum_pde4430.egg-info/requires.txt
[4.610s] writing top-level names to Erum_pde4430.egg-info/top_level.txt
[4.801s] reading manifest file 'Erum_pde4430.egg-info/SOURCES.txt'
[4.807s] writing manifest file 'Erum_pde4430.egg-info/SOURCES.txt'
[4.894s] running build_ext
[4.895s] Creating /home/erum/ros2_workspace/install/Erum_pde4430/lib/python3.12/site-packages/Erum-pde4430.egg-link (link to .)
[4.897s] Installing circular_move script to /home/erum/ros2_workspace/install/Erum_pde4430/lib/Erum_pde4430
[4.897s] Installing figure8_move script to /home/erum/ros2_workspace/install/Erum_pde4430/lib/Erum_pde4430
[4.899s] Installing straightmove script to /home/erum/ros2_workspace/install/Erum_pde4430/lib/Erum_pde4430
[4.903s] 
[4.904s] Installed /home/erum/ros2_workspace/build/Erum_pde4430
[4.904s] running symlink_data
[4.905s] symbolically linking /home/erum/ros2_workspace/build/Erum_pde4430/resource/Erum_pde4430 -> /home/erum/ros2_workspace/install/Erum_pde4430/share/ament_index/resource_index/packages
[4.907s] symbolically linking /home/erum/ros2_workspace/build/Erum_pde4430/package.xml -> /home/erum/ros2_workspace/install/Erum_pde4430/share/Erum_pde4430
[5.022s] Invoked command in '/home/erum/ros2_workspace/build/Erum_pde4430' returned '0': DEBUGINFOD_URLS=https://debuginfod.ubuntu.com PYTHONPATH=/home/erum/ros2_workspace/build/Erum_pde4430/prefix_override:/usr/lib/python3/dist-packages/colcon_core/task/python/colcon_distutils_commands:/home/erum/ros2_workspace/install/Erum_pde4430/lib/python3.12/site-packages:${PYTHONPATH} /usr/bin/python3 -W ignore:setup.py install is deprecated -W ignore:easy_install command is deprecated setup.py develop --editable --build-directory /home/erum/ros2_workspace/build/Erum_pde4430/build --no-deps symlink_data --force
